#Software: Microsoft Internet Information Services 8.0
#Version: 1.0
#Date: 2020-04-20 14:19:34
#Fields: date time s-ip cs-method cs-uri-stem cs-uri-query s-port cs-username c-ip cs(User-Agent) cs(Referer) sc-status sc-substatus sc-win32-status time-taken
2020-04-20 14:19:34 ::1 GET /usersingup.aspx - 4721 - ::1 Mozilla/5.0+(Windows+NT+10.0;+Win64;+x64)+AppleWebKit/537.36+(KHTML,+like+Gecko)+Chrome/81.0.4044.113+Safari/537.36 - 200 0 0 5676
2020-04-20 14:19:34 ::1 GET /Bootstrap/CSS/bootstrap.min.css - 4721 - ::1 Mozilla/5.0+(Windows+NT+10.0;+Win64;+x64)+AppleWebKit/537.36+(KHTML,+like+Gecko)+Chrome/81.0.4044.113+Safari/537.36 http://localhost:4721/usersingup.aspx 304 0 0 151
2020-04-20 14:19:34 ::1 GET /Fontawesome/css/all.css - 4721 - ::1 Mozilla/5.0+(Windows+NT+10.0;+Win64;+x64)+AppleWebKit/537.36+(KHTML,+like+Gecko)+Chrome/81.0.4044.113+Safari/537.36 http://localhost:4721/usersingup.aspx 304 0 0 263
2020-04-20 14:19:34 ::1 GET /CSS/MYstyleSheet.css - 4721 - ::1 Mozilla/5.0+(Windows+NT+10.0;+Win64;+x64)+AppleWebKit/537.36+(KHTML,+like+Gecko)+Chrome/81.0.4044.113+Safari/537.36 http://localhost:4721/usersingup.aspx 304 0 0 262
2020-04-20 14:19:35 ::1 GET /Datatables/CSS/jquery.dataTables.min.css - 4721 - ::1 Mozilla/5.0+(Windows+NT+10.0;+Win64;+x64)+AppleWebKit/537.36+(KHTML,+like+Gecko)+Chrome/81.0.4044.113+Safari/537.36 http://localhost:4721/usersingup.aspx 304 0 0 455
2020-04-20 14:19:35 ::1 GET /Bootstrap/JS/bootstrap.min.js - 4721 - ::1 Mozilla/5.0+(Windows+NT+10.0;+Win64;+x64)+AppleWebKit/537.36+(KHTML,+like+Gecko)+Chrome/81.0.4044.113+Safari/537.36 http://localhost:4721/usersingup.aspx 304 0 0 770
2020-04-20 14:19:35 ::1 GET /Bootstrap/JS/popper.min.js - 4721 - ::1 Mozilla/5.0+(Windows+NT+10.0;+Win64;+x64)+AppleWebKit/537.36+(KHTML,+like+Gecko)+Chrome/81.0.4044.113+Safari/537.36 http://localhost:4721/usersingup.aspx 304 0 0 780
2020-04-20 14:19:35 ::1 GET /imgs/cartoon-house_6460-139.jpg - 4721 - ::1 Mozilla/5.0+(Windows+NT+10.0;+Win64;+x64)+AppleWebKit/537.36+(KHTML,+like+Gecko)+Chrome/81.0.4044.113+Safari/537.36 http://localhost:4721/usersingup.aspx 304 0 0 146
2020-04-20 14:19:35 ::1 GET /Bootstrap/JS/jquery-3.4.1.slim.min.js - 4721 - ::1 Mozilla/5.0+(Windows+NT+10.0;+Win64;+x64)+AppleWebKit/537.36+(KHTML,+like+Gecko)+Chrome/81.0.4044.113+Safari/537.36 http://localhost:4721/usersingup.aspx 304 0 0 1172
2020-04-20 14:19:35 ::1 GET /imgs/generaluser.png - 4721 - ::1 Mozilla/5.0+(Windows+NT+10.0;+Win64;+x64)+AppleWebKit/537.36+(KHTML,+like+Gecko)+Chrome/81.0.4044.113+Safari/537.36 http://localhost:4721/usersingup.aspx 304 0 0 40
2020-04-20 14:19:37 ::1 GET /favicon.ico - 4721 - ::1 Mozilla/5.0+(Windows+NT+10.0;+Win64;+x64)+AppleWebKit/537.36+(KHTML,+like+Gecko)+Chrome/81.0.4044.113+Safari/537.36 http://localhost:4721/usersingup.aspx 404 0 2 38
2020-04-20 14:19:45 ::1 GET /__browserLink/requestData/60db1d53ac3548b0b95e5ab51b472c16 - 4721 - ::1 Mozilla/5.0+(Windows+NT+10.0;+Win64;+x64)+AppleWebKit/537.36+(KHTML,+like+Gecko)+Chrome/81.0.4044.113+Safari/537.36 http://localhost:4721/usersingup.aspx 200 0 0 536
2020-04-20 14:24:39 ::1 GET /13818cd5e1184932bc3e91fd1418b82f/arterySignalR/ping requestUrl=http%3A%2F%2Flocalhost%3A4721%2Fusersingup.aspx&browserName=Chrome&_=1587392679472 4721 - ::1 Mozilla/5.0+(Windows+NT+10.0;+Win64;+x64)+AppleWebKit/537.36+(KHTML,+like+Gecko)+Chrome/81.0.4044.113+Safari/537.36 http://localhost:4721/usersingup.aspx 404 0 2 165
2020-04-20 14:29:39 ::1 GET /13818cd5e1184932bc3e91fd1418b82f/arterySignalR/ping requestUrl=http%3A%2F%2Flocalhost%3A4721%2Fusersingup.aspx&browserName=Chrome&_=1587392979461 4721 - ::1 Mozilla/5.0+(Windows+NT+10.0;+Win64;+x64)+AppleWebKit/537.36+(KHTML,+like+Gecko)+Chrome/81.0.4044.113+Safari/537.36 http://localhost:4721/usersingup.aspx 404 0 2 5
2020-04-20 14:34:41 ::1 GET /13818cd5e1184932bc3e91fd1418b82f/arterySignalR/ping requestUrl=http%3A%2F%2Flocalhost%3A4721%2Fusersingup.aspx&browserName=Chrome&_=1587393279939 4721 - ::1 Mozilla/5.0+(Windows+NT+10.0;+Win64;+x64)+AppleWebKit/537.36+(KHTML,+like+Gecko)+Chrome/81.0.4044.113+Safari/537.36 http://localhost:4721/usersingup.aspx 404 0 2 1081
2020-04-20 14:35:51 ::1 GET /usersingup.aspx - 4721 - ::1 Mozilla/5.0+(Windows+NT+10.0;+Win64;+x64)+AppleWebKit/537.36+(KHTML,+like+Gecko)+Chrome/81.0.4044.113+Safari/537.36 http://localhost:4721/usersingup.aspx 200 0 0 326
2020-04-20 14:35:53 ::1 GET /__browserLink/requestData/90050aef70754e428afe9d749e7539d3 - 4721 - ::1 Mozilla/5.0+(Windows+NT+10.0;+Win64;+x64)+AppleWebKit/537.36+(KHTML,+like+Gecko)+Chrome/81.0.4044.113+Safari/537.36 http://localhost:4721/usersingup.aspx 200 0 0 124
2020-04-20 14:35:56 ::1 GET /usersingup.aspx - 4721 - ::1 Mozilla/5.0+(Windows+NT+10.0;+Win64;+x64)+AppleWebKit/537.36+(KHTML,+like+Gecko)+Chrome/81.0.4044.113+Safari/537.36 http://localhost:4721/usersingup.aspx 200 0 0 6
2020-04-20 14:35:58 ::1 GET /__browserLink/requestData/3b6798af21434ff686b1b85effede61a - 4721 - ::1 Mozilla/5.0+(Windows+NT+10.0;+Win64;+x64)+AppleWebKit/537.36+(KHTML,+like+Gecko)+Chrome/81.0.4044.113+Safari/537.36 http://localhost:4721/usersingup.aspx 200 0 0 6
2020-04-20 14:36:14 ::1 GET /homepage.aspx - 4721 - ::1 Mozilla/5.0+(Windows+NT+10.0;+Win64;+x64)+AppleWebKit/537.36+(KHTML,+like+Gecko)+Chrome/81.0.4044.113+Safari/537.36 - 200 0 0 93
2020-04-20 14:36:14 ::1 GET /imgs/example+3.jpg - 4721 - ::1 Mozilla/5.0+(Windows+NT+10.0;+Win64;+x64)+AppleWebKit/537.36+(KHTML,+like+Gecko)+Chrome/81.0.4044.113+Safari/537.36 http://localhost:4721/homepage.aspx 304 0 0 2
2020-04-20 14:36:14 ::1 GET /imgs/header.jpg - 4721 - ::1 Mozilla/5.0+(Windows+NT+10.0;+Win64;+x64)+AppleWebKit/537.36+(KHTML,+like+Gecko)+Chrome/81.0.4044.113+Safari/537.36 http://localhost:4721/homepage.aspx 304 0 0 9
2020-04-20 14:36:14 ::1 GET /imgs/search.png - 4721 - ::1 Mozilla/5.0+(Windows+NT+10.0;+Win64;+x64)+AppleWebKit/537.36+(KHTML,+like+Gecko)+Chrome/81.0.4044.113+Safari/537.36 http://localhost:4721/homepage.aspx 304 0 0 19
2020-04-20 14:36:14 ::1 GET /imgs/Witbank-Mall.jpg - 4721 - ::1 Mozilla/5.0+(Windows+NT+10.0;+Win64;+x64)+AppleWebKit/537.36+(KHTML,+like+Gecko)+Chrome/81.0.4044.113+Safari/537.36 http://localhost:4721/homepage.aspx 304 0 0 83
2020-04-20 14:36:14 ::1 GET /imgs/sing+up.png - 4721 - ::1 Mozilla/5.0+(Windows+NT+10.0;+Win64;+x64)+AppleWebKit/537.36+(KHTML,+like+Gecko)+Chrome/81.0.4044.113+Safari/537.36 http://localhost:4721/homepage.aspx 304 0 0 91
2020-04-20 14:36:15 ::1 GET /imgs/kitchen+Header.jpg - 4721 - ::1 Mozilla/5.0+(Windows+NT+10.0;+Win64;+x64)+AppleWebKit/537.36+(KHTML,+like+Gecko)+Chrome/81.0.4044.113+Safari/537.36 http://localhost:4721/homepage.aspx 304 0 0 118
2020-04-20 14:36:16 ::1 GET /__browserLink/requestData/f166fe642b5d45719944187eb8fc08ad - 4721 - ::1 Mozilla/5.0+(Windows+NT+10.0;+Win64;+x64)+AppleWebKit/537.36+(KHTML,+like+Gecko)+Chrome/81.0.4044.113+Safari/537.36 http://localhost:4721/homepage.aspx 200 0 0 7
2020-04-20 14:41:15 ::1 GET /13818cd5e1184932bc3e91fd1418b82f/arterySignalR/ping requestUrl=http%3A%2F%2Flocalhost%3A4721%2Fhomepage.aspx&browserName=Chrome&_=1587393675939 4721 - ::1 Mozilla/5.0+(Windows+NT+10.0;+Win64;+x64)+AppleWebKit/537.36+(KHTML,+like+Gecko)+Chrome/81.0.4044.113+Safari/537.36 http://localhost:4721/homepage.aspx 404 0 2 6
2020-04-20 14:43:49 ::1 GET /homepage.aspx - 4721 - ::1 Mozilla/5.0+(Windows+NT+10.0;+Win64;+x64)+AppleWebKit/537.36+(KHTML,+like+Gecko)+Chrome/81.0.4044.113+Safari/537.36 http://localhost:4721/homepage.aspx 200 0 0 11180
2020-04-20 14:43:49 ::1 GET /imgs/logo.jpeg - 4721 - ::1 Mozilla/5.0+(Windows+NT+10.0;+Win64;+x64)+AppleWebKit/537.36+(KHTML,+like+Gecko)+Chrome/81.0.4044.113+Safari/537.36 http://localhost:4721/homepage.aspx 200 0 0 33
2020-04-20 14:43:50 ::1 GET /__browserLink/requestData/d9b3ba96f67f4d93ada3a0d623b53d48 - 4721 - ::1 Mozilla/5.0+(Windows+NT+10.0;+Win64;+x64)+AppleWebKit/537.36+(KHTML,+like+Gecko)+Chrome/81.0.4044.113+Safari/537.36 http://localhost:4721/homepage.aspx 200 0 0 4
2020-04-20 14:45:45 ::1 GET /homepage.aspx - 4721 - ::1 Mozilla/5.0+(Windows+NT+10.0;+Win64;+x64)+AppleWebKit/537.36+(KHTML,+like+Gecko)+Chrome/81.0.4044.113+Safari/537.36 http://localhost:4721/homepage.aspx 200 0 0 1942
2020-04-20 14:45:45 ::1 GET /imgs/cartoon-house_6460-139.jpeg - 4721 - ::1 Mozilla/5.0+(Windows+NT+10.0;+Win64;+x64)+AppleWebKit/537.36+(KHTML,+like+Gecko)+Chrome/81.0.4044.113+Safari/537.36 http://localhost:4721/homepage.aspx 404 0 2 4
2020-04-20 14:45:46 ::1 GET /__browserLink/requestData/dac92e7bcf3d438ca3dd513c3d6e7d66 - 4721 - ::1 Mozilla/5.0+(Windows+NT+10.0;+Win64;+x64)+AppleWebKit/537.36+(KHTML,+like+Gecko)+Chrome/81.0.4044.113+Safari/537.36 http://localhost:4721/homepage.aspx 200 0 0 35
2020-04-20 14:46:05 ::1 GET /homepage.aspx - 4721 - ::1 Mozilla/5.0+(Windows+NT+10.0;+Win64;+x64)+AppleWebKit/537.36+(KHTML,+like+Gecko)+Chrome/81.0.4044.113+Safari/537.36 http://localhost:4721/homepage.aspx 200 0 0 1922
2020-04-20 14:46:06 ::1 GET /__browserLink/requestData/39ab4a676a8c4e7cb886252d453770ff - 4721 - ::1 Mozilla/5.0+(Windows+NT+10.0;+Win64;+x64)+AppleWebKit/537.36+(KHTML,+like+Gecko)+Chrome/81.0.4044.113+Safari/537.36 http://localhost:4721/homepage.aspx 200 0 0 5
2020-04-20 14:51:07 ::1 GET /13818cd5e1184932bc3e91fd1418b82f/arterySignalR/ping requestUrl=http%3A%2F%2Flocalhost%3A4721%2Fhomepage.aspx&browserName=Chrome&_=1587394266945 4721 - ::1 Mozilla/5.0+(Windows+NT+10.0;+Win64;+x64)+AppleWebKit/537.36+(KHTML,+like+Gecko)+Chrome/81.0.4044.113+Safari/537.36 http://localhost:4721/homepage.aspx 404 0 2 22
2020-04-20 14:51:25 ::1 GET /homepage.aspx - 4721 - ::1 Mozilla/5.0+(Windows+NT+10.0;+Win64;+x64)+AppleWebKit/537.36+(KHTML,+like+Gecko)+Chrome/81.0.4044.113+Safari/537.36 http://localhost:4721/homepage.aspx 200 0 0 1471
2020-04-20 14:51:25 ::1 GET /__browserLink/requestData/e3ff5ed20a1d48b2b1dd2c77107b63c5 - 4721 - ::1 Mozilla/5.0+(Windows+NT+10.0;+Win64;+x64)+AppleWebKit/537.36+(KHTML,+like+Gecko)+Chrome/81.0.4044.113+Safari/537.36 http://localhost:4721/homepage.aspx 200 0 0 6
2020-04-20 14:52:06 ::1 GET /homepage.aspx - 4721 - ::1 Mozilla/5.0+(Windows+NT+10.0;+Win64;+x64)+AppleWebKit/537.36+(KHTML,+like+Gecko)+Chrome/81.0.4044.113+Safari/537.36 http://localhost:4721/homepage.aspx 200 0 0 1629
2020-04-20 14:52:07 ::1 GET /__browserLink/requestData/53cde84e9ed74112b306754e34b57689 - 4721 - ::1 Mozilla/5.0+(Windows+NT+10.0;+Win64;+x64)+AppleWebKit/537.36+(KHTML,+like+Gecko)+Chrome/81.0.4044.113+Safari/537.36 http://localhost:4721/homepage.aspx 200 0 0 6
2020-04-20 14:54:50 ::1 GET /homepage.aspx - 4721 - ::1 Mozilla/5.0+(Windows+NT+10.0;+Win64;+x64)+AppleWebKit/537.36+(KHTML,+like+Gecko)+Chrome/81.0.4044.113+Safari/537.36 http://localhost:4721/homepage.aspx 200 0 0 15
2020-04-20 14:54:52 ::1 GET /__browserLink/requestData/c1fa864ee1d44c399be86b96bc8594b9 - 4721 - ::1 Mozilla/5.0+(Windows+NT+10.0;+Win64;+x64)+AppleWebKit/537.36+(KHTML,+like+Gecko)+Chrome/81.0.4044.113+Safari/537.36 http://localhost:4721/homepage.aspx 200 0 0 5
2020-04-20 14:55:13 ::1 GET /userprofle.aspx - 4721 - ::1 Mozilla/5.0+(Windows+NT+10.0;+Win64;+x64)+AppleWebKit/537.36+(KHTML,+like+Gecko)+Chrome/81.0.4044.113+Safari/537.36 - 404 0 0 161
2020-04-20 14:55:23 ::1 GET /userprofile.aspx - 4721 - ::1 Mozilla/5.0+(Windows+NT+10.0;+Win64;+x64)+AppleWebKit/537.36+(KHTML,+like+Gecko)+Chrome/81.0.4044.113+Safari/537.36 - 200 0 0 197
2020-04-20 14:55:24 ::1 GET /imgs/example4.jpeg - 4721 - ::1 Mozilla/5.0+(Windows+NT+10.0;+Win64;+x64)+AppleWebKit/537.36+(KHTML,+like+Gecko)+Chrome/81.0.4044.113+Safari/537.36 http://localhost:4721/userprofile.aspx 304 0 0 3
2020-04-20 14:55:26 ::1 GET /__browserLink/requestData/910cb8a861c24823bdc948eba7305c99 - 4721 - ::1 Mozilla/5.0+(Windows+NT+10.0;+Win64;+x64)+AppleWebKit/537.36+(KHTML,+like+Gecko)+Chrome/81.0.4044.113+Safari/537.36 http://localhost:4721/userprofile.aspx 200 0 0 8
2020-04-20 15:00:26 ::1 GET /13818cd5e1184932bc3e91fd1418b82f/arterySignalR/ping requestUrl=http%3A%2F%2Flocalhost%3A4721%2Fuserprofile.aspx&browserName=Chrome&_=1587394826009 4721 - ::1 Mozilla/5.0+(Windows+NT+10.0;+Win64;+x64)+AppleWebKit/537.36+(KHTML,+like+Gecko)+Chrome/81.0.4044.113+Safari/537.36 http://localhost:4721/userprofile.aspx 404 0 2 6
2020-04-20 15:00:28 ::1 GET /userprofile.aspx - 4721 - ::1 Mozilla/5.0+(Windows+NT+10.0;+Win64;+x64)+AppleWebKit/537.36+(KHTML,+like+Gecko)+Chrome/81.0.4044.113+Safari/537.36 http://localhost:4721/userprofile.aspx 200 0 0 4902
2020-04-20 15:00:29 ::1 GET /__browserLink/requestData/db6fbf0e5a804b07bbf7fdef121f2886 - 4721 - ::1 Mozilla/5.0+(Windows+NT+10.0;+Win64;+x64)+AppleWebKit/537.36+(KHTML,+like+Gecko)+Chrome/81.0.4044.113+Safari/537.36 http://localhost:4721/userprofile.aspx 200 0 0 23
2020-04-20 15:05:29 ::1 GET /13818cd5e1184932bc3e91fd1418b82f/arterySignalR/ping requestUrl=http%3A%2F%2Flocalhost%3A4721%2Fuserprofile.aspx&browserName=Chrome&_=1587395128945 4721 - ::1 Mozilla/5.0+(Windows+NT+10.0;+Win64;+x64)+AppleWebKit/537.36+(KHTML,+like+Gecko)+Chrome/81.0.4044.113+Safari/537.36 http://localhost:4721/userprofile.aspx 404 0 2 12
2020-04-20 15:10:28 ::1 GET /13818cd5e1184932bc3e91fd1418b82f/arterySignalR/ping requestUrl=http%3A%2F%2Flocalhost%3A4721%2Fuserprofile.aspx&browserName=Chrome&_=1587395428933 4721 - ::1 Mozilla/5.0+(Windows+NT+10.0;+Win64;+x64)+AppleWebKit/537.36+(KHTML,+like+Gecko)+Chrome/81.0.4044.113+Safari/537.36 http://localhost:4721/userprofile.aspx 404 0 2 8
2020-04-20 15:13:27 ::1 GET /homepage.aspx - 4721 - ::1 Mozilla/5.0+(Windows+NT+10.0;+Win64;+x64)+AppleWebKit/537.36+(KHTML,+like+Gecko)+Chrome/81.0.4044.113+Safari/537.36 - 200 0 0 986
2020-04-20 15:13:33 ::1 GET /__browserLink/requestData/11538c42b32548b1b96b98dbeb3ace61 - 4721 - ::1 Mozilla/5.0+(Windows+NT+10.0;+Win64;+x64)+AppleWebKit/537.36+(KHTML,+like+Gecko)+Chrome/81.0.4044.113+Safari/537.36 http://localhost:4721/homepage.aspx 200 0 0 27
2020-04-20 15:18:31 ::1 GET /13818cd5e1184932bc3e91fd1418b82f/arterySignalR/ping requestUrl=http%3A%2F%2Flocalhost%3A4721%2Fhomepage.aspx&browserName=Chrome&_=1587395910778 4721 - ::1 Mozilla/5.0+(Windows+NT+10.0;+Win64;+x64)+AppleWebKit/537.36+(KHTML,+like+Gecko)+Chrome/81.0.4044.113+Safari/537.36 http://localhost:4721/homepage.aspx 404 0 2 12
2020-04-20 15:18:31 ::1 GET /homepage.aspx - 4721 - ::1 Mozilla/5.0+(Windows+NT+10.0;+Win64;+x64)+AppleWebKit/537.36+(KHTML,+like+Gecko)+Chrome/81.0.4044.113+Safari/537.36 http://localhost:4721/homepage.aspx 200 0 0 4985
2020-04-20 15:18:35 ::1 GET /__browserLink/requestData/e7f6ffd47375477a8de68d8d532e6c81 - 4721 - ::1 Mozilla/5.0+(Windows+NT+10.0;+Win64;+x64)+AppleWebKit/537.36+(KHTML,+like+Gecko)+Chrome/81.0.4044.113+Safari/537.36 http://localhost:4721/homepage.aspx 200 0 0 21
2020-04-20 15:18:41 ::1 GET /registerproperty.aspx - 4721 - ::1 Mozilla/5.0+(Windows+NT+10.0;+Win64;+x64)+AppleWebKit/537.36+(KHTML,+like+Gecko)+Chrome/81.0.4044.113+Safari/537.36 - 200 0 0 49
2020-04-20 15:18:42 ::1 GET /__browserLink/requestData/93ab233a149a47c99a17f80fd39920cd - 4721 - ::1 Mozilla/5.0+(Windows+NT+10.0;+Win64;+x64)+AppleWebKit/537.36+(KHTML,+like+Gecko)+Chrome/81.0.4044.113+Safari/537.36 http://localhost:4721/registerproperty.aspx 200 0 0 5
2020-04-20 15:23:43 ::1 GET /13818cd5e1184932bc3e91fd1418b82f/arterySignalR/ping requestUrl=http%3A%2F%2Flocalhost%3A4721%2Fregisterproperty.aspx&browserName=Chrome&_=1587396222940 4721 - ::1 Mozilla/5.0+(Windows+NT+10.0;+Win64;+x64)+AppleWebKit/537.36+(KHTML,+like+Gecko)+Chrome/81.0.4044.113+Safari/537.36 http://localhost:4721/registerproperty.aspx 404 0 2 8
2020-04-20 15:28:43 ::1 GET /13818cd5e1184932bc3e91fd1418b82f/arterySignalR/ping requestUrl=http%3A%2F%2Flocalhost%3A4721%2Fregisterproperty.aspx&browserName=Chrome&_=1587396522945 4721 - ::1 Mozilla/5.0+(Windows+NT+10.0;+Win64;+x64)+AppleWebKit/537.36+(KHTML,+like+Gecko)+Chrome/81.0.4044.113+Safari/537.36 http://localhost:4721/registerproperty.aspx 404 0 2 7
2020-04-20 15:33:43 ::1 GET /13818cd5e1184932bc3e91fd1418b82f/arterySignalR/ping requestUrl=http%3A%2F%2Flocalhost%3A4721%2Fregisterproperty.aspx&browserName=Chrome&_=1587396822935 4721 - ::1 Mozilla/5.0+(Windows+NT+10.0;+Win64;+x64)+AppleWebKit/537.36+(KHTML,+like+Gecko)+Chrome/81.0.4044.113+Safari/537.36 http://localhost:4721/registerproperty.aspx 404 0 2 4
2020-04-20 15:34:59 ::1 GET /registerproperty.aspx - 4721 - ::1 Mozilla/5.0+(Windows+NT+10.0;+Win64;+x64)+AppleWebKit/537.36+(KHTML,+like+Gecko)+Chrome/81.0.4044.113+Safari/537.36 http://localhost:4721/registerproperty.aspx 200 0 0 1145
2020-04-20 15:35:00 ::1 GET /__browserLink/requestData/143ff152312e48539acabffe986f917c - 4721 - ::1 Mozilla/5.0+(Windows+NT+10.0;+Win64;+x64)+AppleWebKit/537.36+(KHTML,+like+Gecko)+Chrome/81.0.4044.113+Safari/537.36 http://localhost:4721/registerproperty.aspx 200 0 0 5
2020-04-20 15:40:00 ::1 GET /13818cd5e1184932bc3e91fd1418b82f/arterySignalR/ping requestUrl=http%3A%2F%2Flocalhost%3A4721%2Fregisterproperty.aspx&browserName=Chrome&_=1587397200938 4721 - ::1 Mozilla/5.0+(Windows+NT+10.0;+Win64;+x64)+AppleWebKit/537.36+(KHTML,+like+Gecko)+Chrome/81.0.4044.113+Safari/537.36 http://localhost:4721/registerproperty.aspx 404 0 2 13
2020-04-20 15:45:01 ::1 GET /13818cd5e1184932bc3e91fd1418b82f/arterySignalR/ping requestUrl=http%3A%2F%2Flocalhost%3A4721%2Fregisterproperty.aspx&browserName=Chrome&_=1587397500942 4721 - ::1 Mozilla/5.0+(Windows+NT+10.0;+Win64;+x64)+AppleWebKit/537.36+(KHTML,+like+Gecko)+Chrome/81.0.4044.113+Safari/537.36 http://localhost:4721/registerproperty.aspx 404 0 2 11
2020-04-20 15:50:00 ::1 GET /13818cd5e1184932bc3e91fd1418b82f/arterySignalR/ping requestUrl=http%3A%2F%2Flocalhost%3A4721%2Fregisterproperty.aspx&browserName=Chrome&_=1587397800933 4721 - ::1 Mozilla/5.0+(Windows+NT+10.0;+Win64;+x64)+AppleWebKit/537.36+(KHTML,+like+Gecko)+Chrome/81.0.4044.113+Safari/537.36 http://localhost:4721/registerproperty.aspx 404 0 2 4
2020-04-20 15:55:01 ::1 GET /13818cd5e1184932bc3e91fd1418b82f/arterySignalR/ping requestUrl=http%3A%2F%2Flocalhost%3A4721%2Fregisterproperty.aspx&browserName=Chrome&_=1587398100938 4721 - ::1 Mozilla/5.0+(Windows+NT+10.0;+Win64;+x64)+AppleWebKit/537.36+(KHTML,+like+Gecko)+Chrome/81.0.4044.113+Safari/537.36 http://localhost:4721/registerproperty.aspx 404 0 2 12
2020-04-20 16:00:00 ::1 GET /13818cd5e1184932bc3e91fd1418b82f/arterySignalR/ping requestUrl=http%3A%2F%2Flocalhost%3A4721%2Fregisterproperty.aspx&browserName=Chrome&_=1587398400937 4721 - ::1 Mozilla/5.0+(Windows+NT+10.0;+Win64;+x64)+AppleWebKit/537.36+(KHTML,+like+Gecko)+Chrome/81.0.4044.113+Safari/537.36 http://localhost:4721/registerproperty.aspx 404 0 2 7
2020-04-20 16:05:01 ::1 GET /13818cd5e1184932bc3e91fd1418b82f/arterySignalR/ping requestUrl=http%3A%2F%2Flocalhost%3A4721%2Fregisterproperty.aspx&browserName=Chrome&_=1587398700936 4721 - ::1 Mozilla/5.0+(Windows+NT+10.0;+Win64;+x64)+AppleWebKit/537.36+(KHTML,+like+Gecko)+Chrome/81.0.4044.113+Safari/537.36 http://localhost:4721/registerproperty.aspx 404 0 2 12
2020-04-20 16:05:21 ::1 GET /registerproperty.aspx - 4721 - ::1 Mozilla/5.0+(Windows+NT+10.0;+Win64;+x64)+AppleWebKit/537.36+(KHTML,+like+Gecko)+Chrome/81.0.4044.113+Safari/537.36 http://localhost:4721/registerproperty.aspx 200 0 0 2608
2020-04-20 16:05:22 ::1 GET /__browserLink/requestData/447d7597cd4b4aeeb847c5e799714157 - 4721 - ::1 Mozilla/5.0+(Windows+NT+10.0;+Win64;+x64)+AppleWebKit/537.36+(KHTML,+like+Gecko)+Chrome/81.0.4044.113+Safari/537.36 http://localhost:4721/registerproperty.aspx 200 0 0 15
2020-04-20 16:06:29 ::1 GET /registerproperty.aspx - 4721 - ::1 Mozilla/5.0+(Windows+NT+10.0;+Win64;+x64)+AppleWebKit/537.36+(KHTML,+like+Gecko)+Chrome/81.0.4044.113+Safari/537.36 http://localhost:4721/registerproperty.aspx 200 0 0 1421
2020-04-20 16:06:30 ::1 GET /__browserLink/requestData/c3b9c0d580634a5c93d441ec3b7e5b5e - 4721 - ::1 Mozilla/5.0+(Windows+NT+10.0;+Win64;+x64)+AppleWebKit/537.36+(KHTML,+like+Gecko)+Chrome/81.0.4044.113+Safari/537.36 http://localhost:4721/registerproperty.aspx 200 0 0 7
2020-04-20 16:11:30 ::1 GET /13818cd5e1184932bc3e91fd1418b82f/arterySignalR/ping requestUrl=http%3A%2F%2Flocalhost%3A4721%2Fregisterproperty.aspx&browserName=Chrome&_=1587399090939 4721 - ::1 Mozilla/5.0+(Windows+NT+10.0;+Win64;+x64)+AppleWebKit/537.36+(KHTML,+like+Gecko)+Chrome/81.0.4044.113+Safari/537.36 http://localhost:4721/registerproperty.aspx 404 0 2 9
2020-04-20 16:16:31 ::1 GET /13818cd5e1184932bc3e91fd1418b82f/arterySignalR/ping requestUrl=http%3A%2F%2Flocalhost%3A4721%2Fregisterproperty.aspx&browserName=Chrome&_=1587399390942 4721 - ::1 Mozilla/5.0+(Windows+NT+10.0;+Win64;+x64)+AppleWebKit/537.36+(KHTML,+like+Gecko)+Chrome/81.0.4044.113+Safari/537.36 http://localhost:4721/registerproperty.aspx 404 0 2 12
2020-04-20 16:21:31 ::1 GET /13818cd5e1184932bc3e91fd1418b82f/arterySignalR/ping requestUrl=http%3A%2F%2Flocalhost%3A4721%2Fregisterproperty.aspx&browserName=Chrome&_=1587399690937 4721 - ::1 Mozilla/5.0+(Windows+NT+10.0;+Win64;+x64)+AppleWebKit/537.36+(KHTML,+like+Gecko)+Chrome/81.0.4044.113+Safari/537.36 http://localhost:4721/registerproperty.aspx 404 0 2 12
2020-04-20 16:26:31 ::1 GET /13818cd5e1184932bc3e91fd1418b82f/arterySignalR/ping requestUrl=http%3A%2F%2Flocalhost%3A4721%2Fregisterproperty.aspx&browserName=Chrome&_=1587399990934 4721 - ::1 Mozilla/5.0+(Windows+NT+10.0;+Win64;+x64)+AppleWebKit/537.36+(KHTML,+like+Gecko)+Chrome/81.0.4044.113+Safari/537.36 http://localhost:4721/registerproperty.aspx 404 0 2 13
2020-04-20 16:31:31 ::1 GET /13818cd5e1184932bc3e91fd1418b82f/arterySignalR/ping requestUrl=http%3A%2F%2Flocalhost%3A4721%2Fregisterproperty.aspx&browserName=Chrome&_=1587400290935 4721 - ::1 Mozilla/5.0+(Windows+NT+10.0;+Win64;+x64)+AppleWebKit/537.36+(KHTML,+like+Gecko)+Chrome/81.0.4044.113+Safari/537.36 http://localhost:4721/registerproperty.aspx 404 0 2 10
2020-04-20 16:33:43 ::1 GET /registerproperty.aspx - 4721 - ::1 Mozilla/5.0+(Windows+NT+10.0;+Win64;+x64)+AppleWebKit/537.36+(KHTML,+like+Gecko)+Chrome/81.0.4044.113+Safari/537.36 http://localhost:4721/registerproperty.aspx 200 0 0 2359
2020-04-20 16:33:44 ::1 GET /__browserLink/requestData/5a06b3412f9e4e8baad30d32d1baa4e5 - 4721 - ::1 Mozilla/5.0+(Windows+NT+10.0;+Win64;+x64)+AppleWebKit/537.36+(KHTML,+like+Gecko)+Chrome/81.0.4044.113+Safari/537.36 http://localhost:4721/registerproperty.aspx 200 0 0 16
2020-04-20 16:38:44 ::1 GET /13818cd5e1184932bc3e91fd1418b82f/arterySignalR/ping requestUrl=http%3A%2F%2Flocalhost%3A4721%2Fregisterproperty.aspx&browserName=Chrome&_=1587400723943 4721 - ::1 Mozilla/5.0+(Windows+NT+10.0;+Win64;+x64)+AppleWebKit/537.36+(KHTML,+like+Gecko)+Chrome/81.0.4044.113+Safari/537.36 http://localhost:4721/registerproperty.aspx 404 0 2 16
2020-04-20 16:43:10 ::1 GET /registerproperty.aspx - 4721 - ::1 Mozilla/5.0+(Windows+NT+10.0;+Win64;+x64)+AppleWebKit/537.36+(KHTML,+like+Gecko)+Chrome/81.0.4044.113+Safari/537.36 http://localhost:4721/registerproperty.aspx 200 0 0 1227
2020-04-20 16:43:11 ::1 GET /__browserLink/requestData/869c16b67fc0431586748b2e6b54dff7 - 4721 - ::1 Mozilla/5.0+(Windows+NT+10.0;+Win64;+x64)+AppleWebKit/537.36+(KHTML,+like+Gecko)+Chrome/81.0.4044.113+Safari/537.36 http://localhost:4721/registerproperty.aspx 200 0 0 6
2020-04-20 16:43:38 ::1 GET /registerproperty.aspx - 4721 - ::1 Mozilla/5.0+(Windows+NT+10.0;+Win64;+x64)+AppleWebKit/537.36+(KHTML,+like+Gecko)+Chrome/81.0.4044.113+Safari/537.36 http://localhost:4721/registerproperty.aspx 500 0 0 2181
2020-04-20 16:44:28 ::1 GET /registerproperty.aspx - 4721 - ::1 Mozilla/5.0+(Windows+NT+10.0;+Win64;+x64)+AppleWebKit/537.36+(KHTML,+like+Gecko)+Chrome/81.0.4044.113+Safari/537.36 http://localhost:4721/registerproperty.aspx 200 0 0 845
2020-04-20 16:44:29 ::1 GET /__browserLink/requestData/a4b19ccf6931465c883c3957a832da6b - 4721 - ::1 Mozilla/5.0+(Windows+NT+10.0;+Win64;+x64)+AppleWebKit/537.36+(KHTML,+like+Gecko)+Chrome/81.0.4044.113+Safari/537.36 http://localhost:4721/registerproperty.aspx 200 0 0 20
2020-04-20 16:45:11 ::1 GET /registerproperty.aspx - 4721 - ::1 Mozilla/5.0+(Windows+NT+10.0;+Win64;+x64)+AppleWebKit/537.36+(KHTML,+like+Gecko)+Chrome/81.0.4044.113+Safari/537.36 http://localhost:4721/registerproperty.aspx 200 0 0 2320
2020-04-20 16:45:11 ::1 GET /__browserLink/requestData/f0d0873058f34a1692c4f33b6a8cbb33 - 4721 - ::1 Mozilla/5.0+(Windows+NT+10.0;+Win64;+x64)+AppleWebKit/537.36+(KHTML,+like+Gecko)+Chrome/81.0.4044.113+Safari/537.36 http://localhost:4721/registerproperty.aspx 200 0 0 11
2020-04-20 16:50:12 ::1 GET /13818cd5e1184932bc3e91fd1418b82f/arterySignalR/ping requestUrl=http%3A%2F%2Flocalhost%3A4721%2Fregisterproperty.aspx&browserName=Chrome&_=1587401411945 4721 - ::1 Mozilla/5.0+(Windows+NT+10.0;+Win64;+x64)+AppleWebKit/537.36+(KHTML,+like+Gecko)+Chrome/81.0.4044.113+Safari/537.36 http://localhost:4721/registerproperty.aspx 404 0 2 13
2020-04-20 16:55:12 ::1 GET /13818cd5e1184932bc3e91fd1418b82f/arterySignalR/ping requestUrl=http%3A%2F%2Flocalhost%3A4721%2Fregisterproperty.aspx&browserName=Chrome&_=1587401711939 4721 - ::1 Mozilla/5.0+(Windows+NT+10.0;+Win64;+x64)+AppleWebKit/537.36+(KHTML,+like+Gecko)+Chrome/81.0.4044.113+Safari/537.36 http://localhost:4721/registerproperty.aspx 404 0 2 14
2020-04-20 17:00:12 ::1 GET /13818cd5e1184932bc3e91fd1418b82f/arterySignalR/ping requestUrl=http%3A%2F%2Flocalhost%3A4721%2Fregisterproperty.aspx&browserName=Chrome&_=1587402011933 4721 - ::1 Mozilla/5.0+(Windows+NT+10.0;+Win64;+x64)+AppleWebKit/537.36+(KHTML,+like+Gecko)+Chrome/81.0.4044.113+Safari/537.36 http://localhost:4721/registerproperty.aspx 404 0 2 11
2020-04-20 17:05:11 ::1 GET /13818cd5e1184932bc3e91fd1418b82f/arterySignalR/ping requestUrl=http%3A%2F%2Flocalhost%3A4721%2Fregisterproperty.aspx&browserName=Chrome&_=1587402311934 4721 - ::1 Mozilla/5.0+(Windows+NT+10.0;+Win64;+x64)+AppleWebKit/537.36+(KHTML,+like+Gecko)+Chrome/81.0.4044.113+Safari/537.36 http://localhost:4721/registerproperty.aspx 404 0 2 13
2020-04-20 17:10:11 ::1 GET /13818cd5e1184932bc3e91fd1418b82f/arterySignalR/ping requestUrl=http%3A%2F%2Flocalhost%3A4721%2Fregisterproperty.aspx&browserName=Chrome&_=1587402611938 4721 - ::1 Mozilla/5.0+(Windows+NT+10.0;+Win64;+x64)+AppleWebKit/537.36+(KHTML,+like+Gecko)+Chrome/81.0.4044.113+Safari/537.36 http://localhost:4721/registerproperty.aspx 404 0 2 12
2020-04-20 17:15:12 ::1 GET /13818cd5e1184932bc3e91fd1418b82f/arterySignalR/ping requestUrl=http%3A%2F%2Flocalhost%3A4721%2Fregisterproperty.aspx&browserName=Chrome&_=1587402911935 4721 - ::1 Mozilla/5.0+(Windows+NT+10.0;+Win64;+x64)+AppleWebKit/537.36+(KHTML,+like+Gecko)+Chrome/81.0.4044.113+Safari/537.36 http://localhost:4721/registerproperty.aspx 404 0 2 12
2020-04-20 17:19:45 ::1 GET /registerproperty.aspx - 4721 - ::1 Mozilla/5.0+(Windows+NT+10.0;+Win64;+x64)+AppleWebKit/537.36+(KHTML,+like+Gecko)+Chrome/81.0.4044.113+Safari/537.36 http://localhost:4721/registerproperty.aspx 200 0 0 1660
2020-04-20 17:19:46 ::1 GET /__browserLink/requestData/83296c77659648cebac9d9869921556c - 4721 - ::1 Mozilla/5.0+(Windows+NT+10.0;+Win64;+x64)+AppleWebKit/537.36+(KHTML,+like+Gecko)+Chrome/81.0.4044.113+Safari/537.36 http://localhost:4721/registerproperty.aspx 200 0 0 6
2020-04-20 17:19:49 ::1 GET /registerproperty.aspx - 4721 - ::1 Mozilla/5.0+(Windows+NT+10.0;+Win64;+x64)+AppleWebKit/537.36+(KHTML,+like+Gecko)+Chrome/81.0.4044.113+Safari/537.36 http://localhost:4721/registerproperty.aspx 200 0 0 9
2020-04-20 17:19:49 ::1 GET /__browserLink/requestData/25af72337c2c4451be0de770b2308c0f - 4721 - ::1 Mozilla/5.0+(Windows+NT+10.0;+Win64;+x64)+AppleWebKit/537.36+(KHTML,+like+Gecko)+Chrome/81.0.4044.113+Safari/537.36 http://localhost:4721/registerproperty.aspx 200 0 0 11
2020-04-20 17:24:50 ::1 GET /13818cd5e1184932bc3e91fd1418b82f/arterySignalR/ping requestUrl=http%3A%2F%2Flocalhost%3A4721%2Fregisterproperty.aspx&browserName=Chrome&_=1587403489946 4721 - ::1 Mozilla/5.0+(Windows+NT+10.0;+Win64;+x64)+AppleWebKit/537.36+(KHTML,+like+Gecko)+Chrome/81.0.4044.113+Safari/537.36 http://localhost:4721/registerproperty.aspx 404 0 2 11
2020-04-20 17:25:05 ::1 GET /registerproperty.aspx - 4721 - ::1 Mozilla/5.0+(Windows+NT+10.0;+Win64;+x64)+AppleWebKit/537.36+(KHTML,+like+Gecko)+Chrome/81.0.4044.113+Safari/537.36 http://localhost:4721/registerproperty.aspx 200 0 0 1321
2020-04-20 17:25:05 ::1 GET /__browserLink/requestData/c11a58759f634d0799c24dc4aeea4460 - 4721 - ::1 Mozilla/5.0+(Windows+NT+10.0;+Win64;+x64)+AppleWebKit/537.36+(KHTML,+like+Gecko)+Chrome/81.0.4044.113+Safari/537.36 http://localhost:4721/registerproperty.aspx 200 0 0 5
2020-04-20 17:30:07 ::1 GET /13818cd5e1184932bc3e91fd1418b82f/arterySignalR/ping requestUrl=http%3A%2F%2Flocalhost%3A4721%2Fregisterproperty.aspx&browserName=Chrome&_=1587403806952 4721 - ::1 Mozilla/5.0+(Windows+NT+10.0;+Win64;+x64)+AppleWebKit/537.36+(KHTML,+like+Gecko)+Chrome/81.0.4044.113+Safari/537.36 http://localhost:4721/registerproperty.aspx 404 0 2 8
2020-04-20 17:34:22 ::1 GET /registerproperty.aspx - 4721 - ::1 Mozilla/5.0+(Windows+NT+10.0;+Win64;+x64)+AppleWebKit/537.36+(KHTML,+like+Gecko)+Chrome/81.0.4044.113+Safari/537.36 http://localhost:4721/registerproperty.aspx 200 0 0 2129
2020-04-20 17:34:23 ::1 GET /__browserLink/requestData/2396048a47394b899cd57a45eb9b9a52 - 4721 - ::1 Mozilla/5.0+(Windows+NT+10.0;+Win64;+x64)+AppleWebKit/537.36+(KHTML,+like+Gecko)+Chrome/81.0.4044.113+Safari/537.36 http://localhost:4721/registerproperty.aspx 200 0 0 11
2020-04-20 17:38:27 ::1 GET /registerproperty.aspx - 4721 - ::1 Mozilla/5.0+(Windows+NT+10.0;+Win64;+x64)+AppleWebKit/537.36+(KHTML,+like+Gecko)+Chrome/81.0.4044.113+Safari/537.36 http://localhost:4721/registerproperty.aspx 200 0 0 2180
2020-04-20 17:38:27 ::1 GET /__browserLink/requestData/1113b511123f4ebf9c6cce5db6049eac - 4721 - ::1 Mozilla/5.0+(Windows+NT+10.0;+Win64;+x64)+AppleWebKit/537.36+(KHTML,+like+Gecko)+Chrome/81.0.4044.113+Safari/537.36 http://localhost:4721/registerproperty.aspx 200 0 0 18
2020-04-20 17:38:30 ::1 POST /registerproperty.aspx - 4721 - ::1 Mozilla/5.0+(Windows+NT+10.0;+Win64;+x64)+AppleWebKit/537.36+(KHTML,+like+Gecko)+Chrome/81.0.4044.113+Safari/537.36 http://localhost:4721/registerproperty.aspx 200 0 0 87
2020-04-20 17:38:30 ::1 GET /__browserLink/requestData/faec536f90e34ad4a4e4d4ff5dc13a88 - 4721 - ::1 Mozilla/5.0+(Windows+NT+10.0;+Win64;+x64)+AppleWebKit/537.36+(KHTML,+like+Gecko)+Chrome/81.0.4044.113+Safari/537.36 http://localhost:4721/registerproperty.aspx 200 0 0 11
2020-04-20 17:38:46 ::1 POST /registerproperty.aspx - 4721 - ::1 Mozilla/5.0+(Windows+NT+10.0;+Win64;+x64)+AppleWebKit/537.36+(KHTML,+like+Gecko)+Chrome/81.0.4044.113+Safari/537.36 http://localhost:4721/registerproperty.aspx 200 0 0 973
2020-04-20 17:38:46 ::1 GET /__browserLink/requestData/15ff9d3812534b94b6b7bcc1ca51a15e - 4721 - ::1 Mozilla/5.0+(Windows+NT+10.0;+Win64;+x64)+AppleWebKit/537.36+(KHTML,+like+Gecko)+Chrome/81.0.4044.113+Safari/537.36 http://localhost:4721/registerproperty.aspx 200 0 0 10
2020-04-20 17:42:05 ::1 POST /registerproperty.aspx - 4721 - ::1 Mozilla/5.0+(Windows+NT+10.0;+Win64;+x64)+AppleWebKit/537.36+(KHTML,+like+Gecko)+Chrome/81.0.4044.113+Safari/537.36 http://localhost:4721/registerproperty.aspx 200 0 0 1322
2020-04-20 17:42:05 ::1 GET /__browserLink/requestData/7013e8078b9f4bf7b575fa34f6fda1d8 - 4721 - ::1 Mozilla/5.0+(Windows+NT+10.0;+Win64;+x64)+AppleWebKit/537.36+(KHTML,+like+Gecko)+Chrome/81.0.4044.113+Safari/537.36 http://localhost:4721/registerproperty.aspx 200 0 0 9
2020-04-20 17:47:07 ::1 GET /13818cd5e1184932bc3e91fd1418b82f/arterySignalR/ping requestUrl=http%3A%2F%2Flocalhost%3A4721%2Fregisterproperty.aspx&browserName=Chrome&_=1587404826950 4721 - ::1 Mozilla/5.0+(Windows+NT+10.0;+Win64;+x64)+AppleWebKit/537.36+(KHTML,+like+Gecko)+Chrome/81.0.4044.113+Safari/537.36 http://localhost:4721/registerproperty.aspx 404 0 2 15
2020-04-20 17:52:06 ::1 GET /13818cd5e1184932bc3e91fd1418b82f/arterySignalR/ping requestUrl=http%3A%2F%2Flocalhost%3A4721%2Fregisterproperty.aspx&browserName=Chrome&_=1587405126936 4721 - ::1 Mozilla/5.0+(Windows+NT+10.0;+Win64;+x64)+AppleWebKit/537.36+(KHTML,+like+Gecko)+Chrome/81.0.4044.113+Safari/537.36 http://localhost:4721/registerproperty.aspx 404 0 2 14
2020-04-20 17:57:06 ::1 GET /13818cd5e1184932bc3e91fd1418b82f/arterySignalR/ping requestUrl=http%3A%2F%2Flocalhost%3A4721%2Fregisterproperty.aspx&browserName=Chrome&_=1587405426938 4721 - ::1 Mozilla/5.0+(Windows+NT+10.0;+Win64;+x64)+AppleWebKit/537.36+(KHTML,+like+Gecko)+Chrome/81.0.4044.113+Safari/537.36 http://localhost:4721/registerproperty.aspx 404 0 2 15
2020-04-20 18:02:06 ::1 GET /13818cd5e1184932bc3e91fd1418b82f/arterySignalR/ping requestUrl=http%3A%2F%2Flocalhost%3A4721%2Fregisterproperty.aspx&browserName=Chrome&_=1587405726939 4721 - ::1 Mozilla/5.0+(Windows+NT+10.0;+Win64;+x64)+AppleWebKit/537.36+(KHTML,+like+Gecko)+Chrome/81.0.4044.113+Safari/537.36 http://localhost:4721/registerproperty.aspx 404 0 2 6
2020-04-20 18:07:06 ::1 GET /13818cd5e1184932bc3e91fd1418b82f/arterySignalR/ping requestUrl=http%3A%2F%2Flocalhost%3A4721%2Fregisterproperty.aspx&browserName=Chrome&_=1587406026936 4721 - ::1 Mozilla/5.0+(Windows+NT+10.0;+Win64;+x64)+AppleWebKit/537.36+(KHTML,+like+Gecko)+Chrome/81.0.4044.113+Safari/537.36 http://localhost:4721/registerproperty.aspx 404 0 2 11
2020-04-20 18:12:06 ::1 GET /13818cd5e1184932bc3e91fd1418b82f/arterySignalR/ping requestUrl=http%3A%2F%2Flocalhost%3A4721%2Fregisterproperty.aspx&browserName=Chrome&_=1587406326933 4721 - ::1 Mozilla/5.0+(Windows+NT+10.0;+Win64;+x64)+AppleWebKit/537.36+(KHTML,+like+Gecko)+Chrome/81.0.4044.113+Safari/537.36 http://localhost:4721/registerproperty.aspx 404 0 2 13
2020-04-20 18:17:06 ::1 GET /13818cd5e1184932bc3e91fd1418b82f/arterySignalR/ping requestUrl=http%3A%2F%2Flocalhost%3A4721%2Fregisterproperty.aspx&browserName=Chrome&_=1587406626937 4721 - ::1 Mozilla/5.0+(Windows+NT+10.0;+Win64;+x64)+AppleWebKit/537.36+(KHTML,+like+Gecko)+Chrome/81.0.4044.113+Safari/537.36 http://localhost:4721/registerproperty.aspx 404 0 2 15
2020-04-20 18:22:06 ::1 GET /13818cd5e1184932bc3e91fd1418b82f/arterySignalR/ping requestUrl=http%3A%2F%2Flocalhost%3A4721%2Fregisterproperty.aspx&browserName=Chrome&_=1587406926934 4721 - ::1 Mozilla/5.0+(Windows+NT+10.0;+Win64;+x64)+AppleWebKit/537.36+(KHTML,+like+Gecko)+Chrome/81.0.4044.113+Safari/537.36 http://localhost:4721/registerproperty.aspx 404 0 2 13
2020-04-20 18:27:07 ::1 GET /13818cd5e1184932bc3e91fd1418b82f/arterySignalR/ping requestUrl=http%3A%2F%2Flocalhost%3A4721%2Fregisterproperty.aspx&browserName=Chrome&_=1587407226936 4721 - ::1 Mozilla/5.0+(Windows+NT+10.0;+Win64;+x64)+AppleWebKit/537.36+(KHTML,+like+Gecko)+Chrome/81.0.4044.113+Safari/537.36 http://localhost:4721/registerproperty.aspx 404 0 2 12
2020-04-20 18:32:06 ::1 GET /13818cd5e1184932bc3e91fd1418b82f/arterySignalR/ping requestUrl=http%3A%2F%2Flocalhost%3A4721%2Fregisterproperty.aspx&browserName=Chrome&_=1587407526936 4721 - ::1 Mozilla/5.0+(Windows+NT+10.0;+Win64;+x64)+AppleWebKit/537.36+(KHTML,+like+Gecko)+Chrome/81.0.4044.113+Safari/537.36 http://localhost:4721/registerproperty.aspx 404 0 2 8
2020-04-20 18:37:07 ::1 GET /13818cd5e1184932bc3e91fd1418b82f/arterySignalR/ping requestUrl=http%3A%2F%2Flocalhost%3A4721%2Fregisterproperty.aspx&browserName=Chrome&_=1587407826933 4721 - ::1 Mozilla/5.0+(Windows+NT+10.0;+Win64;+x64)+AppleWebKit/537.36+(KHTML,+like+Gecko)+Chrome/81.0.4044.113+Safari/537.36 http://localhost:4721/registerproperty.aspx 404 0 2 7
2020-04-20 18:42:06 ::1 GET /13818cd5e1184932bc3e91fd1418b82f/arterySignalR/ping requestUrl=http%3A%2F%2Flocalhost%3A4721%2Fregisterproperty.aspx&browserName=Chrome&_=1587408126932 4721 - ::1 Mozilla/5.0+(Windows+NT+10.0;+Win64;+x64)+AppleWebKit/537.36+(KHTML,+like+Gecko)+Chrome/81.0.4044.113+Safari/537.36 http://localhost:4721/registerproperty.aspx 404 0 2 10
2020-04-20 18:47:07 ::1 GET /13818cd5e1184932bc3e91fd1418b82f/arterySignalR/ping requestUrl=http%3A%2F%2Flocalhost%3A4721%2Fregisterproperty.aspx&browserName=Chrome&_=1587408426937 4721 - ::1 Mozilla/5.0+(Windows+NT+10.0;+Win64;+x64)+AppleWebKit/537.36+(KHTML,+like+Gecko)+Chrome/81.0.4044.113+Safari/537.36 http://localhost:4721/registerproperty.aspx 404 0 2 7
2020-04-20 18:52:06 ::1 GET /13818cd5e1184932bc3e91fd1418b82f/arterySignalR/ping requestUrl=http%3A%2F%2Flocalhost%3A4721%2Fregisterproperty.aspx&browserName=Chrome&_=1587408726931 4721 - ::1 Mozilla/5.0+(Windows+NT+10.0;+Win64;+x64)+AppleWebKit/537.36+(KHTML,+like+Gecko)+Chrome/81.0.4044.113+Safari/537.36 http://localhost:4721/registerproperty.aspx 404 0 2 8
2020-04-20 18:57:06 ::1 GET /13818cd5e1184932bc3e91fd1418b82f/arterySignalR/ping requestUrl=http%3A%2F%2Flocalhost%3A4721%2Fregisterproperty.aspx&browserName=Chrome&_=1587409026932 4721 - ::1 Mozilla/5.0+(Windows+NT+10.0;+Win64;+x64)+AppleWebKit/537.36+(KHTML,+like+Gecko)+Chrome/81.0.4044.113+Safari/537.36 http://localhost:4721/registerproperty.aspx 404 0 2 14
2020-04-20 19:02:07 ::1 GET /13818cd5e1184932bc3e91fd1418b82f/arterySignalR/ping requestUrl=http%3A%2F%2Flocalhost%3A4721%2Fregisterproperty.aspx&browserName=Chrome&_=1587409326941 4721 - ::1 Mozilla/5.0+(Windows+NT+10.0;+Win64;+x64)+AppleWebKit/537.36+(KHTML,+like+Gecko)+Chrome/81.0.4044.113+Safari/537.36 http://localhost:4721/registerproperty.aspx 404 0 2 7
2020-04-20 19:07:06 ::1 GET /13818cd5e1184932bc3e91fd1418b82f/arterySignalR/ping requestUrl=http%3A%2F%2Flocalhost%3A4721%2Fregisterproperty.aspx&browserName=Chrome&_=1587409626932 4721 - ::1 Mozilla/5.0+(Windows+NT+10.0;+Win64;+x64)+AppleWebKit/537.36+(KHTML,+like+Gecko)+Chrome/81.0.4044.113+Safari/537.36 http://localhost:4721/registerproperty.aspx 404 0 2 10
2020-04-20 19:12:06 ::1 GET /13818cd5e1184932bc3e91fd1418b82f/arterySignalR/ping requestUrl=http%3A%2F%2Flocalhost%3A4721%2Fregisterproperty.aspx&browserName=Chrome&_=1587409926935 4721 - ::1 Mozilla/5.0+(Windows+NT+10.0;+Win64;+x64)+AppleWebKit/537.36+(KHTML,+like+Gecko)+Chrome/81.0.4044.113+Safari/537.36 http://localhost:4721/registerproperty.aspx 404 0 2 10
2020-04-20 19:17:06 ::1 GET /13818cd5e1184932bc3e91fd1418b82f/arterySignalR/ping requestUrl=http%3A%2F%2Flocalhost%3A4721%2Fregisterproperty.aspx&browserName=Chrome&_=1587410226933 4721 - ::1 Mozilla/5.0+(Windows+NT+10.0;+Win64;+x64)+AppleWebKit/537.36+(KHTML,+like+Gecko)+Chrome/81.0.4044.113+Safari/537.36 http://localhost:4721/registerproperty.aspx 404 0 2 11
2020-04-20 19:22:06 ::1 GET /13818cd5e1184932bc3e91fd1418b82f/arterySignalR/ping requestUrl=http%3A%2F%2Flocalhost%3A4721%2Fregisterproperty.aspx&browserName=Chrome&_=1587410526937 4721 - ::1 Mozilla/5.0+(Windows+NT+10.0;+Win64;+x64)+AppleWebKit/537.36+(KHTML,+like+Gecko)+Chrome/81.0.4044.113+Safari/537.36 http://localhost:4721/registerproperty.aspx 404 0 2 13
2020-04-20 19:27:06 ::1 GET /13818cd5e1184932bc3e91fd1418b82f/arterySignalR/ping requestUrl=http%3A%2F%2Flocalhost%3A4721%2Fregisterproperty.aspx&browserName=Chrome&_=1587410826935 4721 - ::1 Mozilla/5.0+(Windows+NT+10.0;+Win64;+x64)+AppleWebKit/537.36+(KHTML,+like+Gecko)+Chrome/81.0.4044.113+Safari/537.36 http://localhost:4721/registerproperty.aspx 404 0 2 13
2020-04-20 19:32:07 ::1 GET /13818cd5e1184932bc3e91fd1418b82f/arterySignalR/ping requestUrl=http%3A%2F%2Flocalhost%3A4721%2Fregisterproperty.aspx&browserName=Chrome&_=1587411126946 4721 - ::1 Mozilla/5.0+(Windows+NT+10.0;+Win64;+x64)+AppleWebKit/537.36+(KHTML,+like+Gecko)+Chrome/81.0.4044.113+Safari/537.36 http://localhost:4721/registerproperty.aspx 404 0 2 11
2020-04-20 19:37:06 ::1 GET /13818cd5e1184932bc3e91fd1418b82f/arterySignalR/ping requestUrl=http%3A%2F%2Flocalhost%3A4721%2Fregisterproperty.aspx&browserName=Chrome&_=1587411426937 4721 - ::1 Mozilla/5.0+(Windows+NT+10.0;+Win64;+x64)+AppleWebKit/537.36+(KHTML,+like+Gecko)+Chrome/81.0.4044.113+Safari/537.36 http://localhost:4721/registerproperty.aspx 404 0 2 7
2020-04-20 19:42:06 ::1 GET /13818cd5e1184932bc3e91fd1418b82f/arterySignalR/ping requestUrl=http%3A%2F%2Flocalhost%3A4721%2Fregisterproperty.aspx&browserName=Chrome&_=1587411726935 4721 - ::1 Mozilla/5.0+(Windows+NT+10.0;+Win64;+x64)+AppleWebKit/537.36+(KHTML,+like+Gecko)+Chrome/81.0.4044.113+Safari/537.36 http://localhost:4721/registerproperty.aspx 404 0 2 5
2020-04-20 19:47:06 ::1 GET /13818cd5e1184932bc3e91fd1418b82f/arterySignalR/ping requestUrl=http%3A%2F%2Flocalhost%3A4721%2Fregisterproperty.aspx&browserName=Chrome&_=1587412026932 4721 - ::1 Mozilla/5.0+(Windows+NT+10.0;+Win64;+x64)+AppleWebKit/537.36+(KHTML,+like+Gecko)+Chrome/81.0.4044.113+Safari/537.36 http://localhost:4721/registerproperty.aspx 404 0 2 9
2020-04-20 19:52:06 ::1 GET /13818cd5e1184932bc3e91fd1418b82f/arterySignalR/ping requestUrl=http%3A%2F%2Flocalhost%3A4721%2Fregisterproperty.aspx&browserName=Chrome&_=1587412326937 4721 - ::1 Mozilla/5.0+(Windows+NT+10.0;+Win64;+x64)+AppleWebKit/537.36+(KHTML,+like+Gecko)+Chrome/81.0.4044.113+Safari/537.36 http://localhost:4721/registerproperty.aspx 404 0 2 12
2020-04-20 19:57:07 ::1 GET /13818cd5e1184932bc3e91fd1418b82f/arterySignalR/ping requestUrl=http%3A%2F%2Flocalhost%3A4721%2Fregisterproperty.aspx&browserName=Chrome&_=1587412626937 4721 - ::1 Mozilla/5.0+(Windows+NT+10.0;+Win64;+x64)+AppleWebKit/537.36+(KHTML,+like+Gecko)+Chrome/81.0.4044.113+Safari/537.36 http://localhost:4721/registerproperty.aspx 404 0 2 11
2020-04-20 20:02:07 ::1 GET /13818cd5e1184932bc3e91fd1418b82f/arterySignalR/ping requestUrl=http%3A%2F%2Flocalhost%3A4721%2Fregisterproperty.aspx&browserName=Chrome&_=1587412926934 4721 - ::1 Mozilla/5.0+(Windows+NT+10.0;+Win64;+x64)+AppleWebKit/537.36+(KHTML,+like+Gecko)+Chrome/81.0.4044.113+Safari/537.36 http://localhost:4721/registerproperty.aspx 404 0 2 11
2020-04-20 20:07:06 ::1 GET /13818cd5e1184932bc3e91fd1418b82f/arterySignalR/ping requestUrl=http%3A%2F%2Flocalhost%3A4721%2Fregisterproperty.aspx&browserName=Chrome&_=1587413226936 4721 - ::1 Mozilla/5.0+(Windows+NT+10.0;+Win64;+x64)+AppleWebKit/537.36+(KHTML,+like+Gecko)+Chrome/81.0.4044.113+Safari/537.36 http://localhost:4721/registerproperty.aspx 404 0 2 8
2020-04-20 20:12:06 ::1 GET /13818cd5e1184932bc3e91fd1418b82f/arterySignalR/ping requestUrl=http%3A%2F%2Flocalhost%3A4721%2Fregisterproperty.aspx&browserName=Chrome&_=1587413526934 4721 - ::1 Mozilla/5.0+(Windows+NT+10.0;+Win64;+x64)+AppleWebKit/537.36+(KHTML,+like+Gecko)+Chrome/81.0.4044.113+Safari/537.36 http://localhost:4721/registerproperty.aspx 404 0 2 10
2020-04-20 20:17:06 ::1 GET /13818cd5e1184932bc3e91fd1418b82f/arterySignalR/ping requestUrl=http%3A%2F%2Flocalhost%3A4721%2Fregisterproperty.aspx&browserName=Chrome&_=1587413826935 4721 - ::1 Mozilla/5.0+(Windows+NT+10.0;+Win64;+x64)+AppleWebKit/537.36+(KHTML,+like+Gecko)+Chrome/81.0.4044.113+Safari/537.36 http://localhost:4721/registerproperty.aspx 404 0 2 12
2020-04-20 20:22:07 ::1 GET /13818cd5e1184932bc3e91fd1418b82f/arterySignalR/ping requestUrl=http%3A%2F%2Flocalhost%3A4721%2Fregisterproperty.aspx&browserName=Chrome&_=1587414126932 4721 - ::1 Mozilla/5.0+(Windows+NT+10.0;+Win64;+x64)+AppleWebKit/537.36+(KHTML,+like+Gecko)+Chrome/81.0.4044.113+Safari/537.36 http://localhost:4721/registerproperty.aspx 404 0 2 13
2020-04-20 20:27:07 ::1 GET /13818cd5e1184932bc3e91fd1418b82f/arterySignalR/ping requestUrl=http%3A%2F%2Flocalhost%3A4721%2Fregisterproperty.aspx&browserName=Chrome&_=1587414426935 4721 - ::1 Mozilla/5.0+(Windows+NT+10.0;+Win64;+x64)+AppleWebKit/537.36+(KHTML,+like+Gecko)+Chrome/81.0.4044.113+Safari/537.36 http://localhost:4721/registerproperty.aspx 404 0 2 11
2020-04-20 20:32:07 ::1 GET /13818cd5e1184932bc3e91fd1418b82f/arterySignalR/ping requestUrl=http%3A%2F%2Flocalhost%3A4721%2Fregisterproperty.aspx&browserName=Chrome&_=1587414726938 4721 - ::1 Mozilla/5.0+(Windows+NT+10.0;+Win64;+x64)+AppleWebKit/537.36+(KHTML,+like+Gecko)+Chrome/81.0.4044.113+Safari/537.36 http://localhost:4721/registerproperty.aspx 404 0 2 32
2020-04-20 20:37:07 ::1 GET /13818cd5e1184932bc3e91fd1418b82f/arterySignalR/ping requestUrl=http%3A%2F%2Flocalhost%3A4721%2Fregisterproperty.aspx&browserName=Chrome&_=1587415026937 4721 - ::1 Mozilla/5.0+(Windows+NT+10.0;+Win64;+x64)+AppleWebKit/537.36+(KHTML,+like+Gecko)+Chrome/81.0.4044.113+Safari/537.36 http://localhost:4721/registerproperty.aspx 404 0 2 6
2020-04-20 20:42:06 ::1 GET /13818cd5e1184932bc3e91fd1418b82f/arterySignalR/ping requestUrl=http%3A%2F%2Flocalhost%3A4721%2Fregisterproperty.aspx&browserName=Chrome&_=1587415326936 4721 - ::1 Mozilla/5.0+(Windows+NT+10.0;+Win64;+x64)+AppleWebKit/537.36+(KHTML,+like+Gecko)+Chrome/81.0.4044.113+Safari/537.36 http://localhost:4721/registerproperty.aspx 404 0 2 5
2020-04-20 20:47:07 ::1 GET /13818cd5e1184932bc3e91fd1418b82f/arterySignalR/ping requestUrl=http%3A%2F%2Flocalhost%3A4721%2Fregisterproperty.aspx&browserName=Chrome&_=1587415626935 4721 - ::1 Mozilla/5.0+(Windows+NT+10.0;+Win64;+x64)+AppleWebKit/537.36+(KHTML,+like+Gecko)+Chrome/81.0.4044.113+Safari/537.36 http://localhost:4721/registerproperty.aspx 404 0 2 12
2020-04-20 20:52:06 ::1 GET /13818cd5e1184932bc3e91fd1418b82f/arterySignalR/ping requestUrl=http%3A%2F%2Flocalhost%3A4721%2Fregisterproperty.aspx&browserName=Chrome&_=1587415926059 4721 - ::1 Mozilla/5.0+(Windows+NT+10.0;+Win64;+x64)+AppleWebKit/537.36+(KHTML,+like+Gecko)+Chrome/81.0.4044.113+Safari/537.36 http://localhost:4721/registerproperty.aspx 404 0 2 11
2020-04-20 20:54:20 ::1 POST /registerproperty.aspx - 4721 - ::1 Mozilla/5.0+(Windows+NT+10.0;+Win64;+x64)+AppleWebKit/537.36+(KHTML,+like+Gecko)+Chrome/81.0.4044.113+Safari/537.36 http://localhost:4721/registerproperty.aspx 200 0 0 64
2020-04-20 20:54:23 ::1 GET /__browserLink/requestData/79a6446f5da24da6b24ecfb22498fb4f - 4721 - ::1 Mozilla/5.0+(Windows+NT+10.0;+Win64;+x64)+AppleWebKit/537.36+(KHTML,+like+Gecko)+Chrome/81.0.4044.113+Safari/537.36 http://localhost:4721/registerproperty.aspx 200 0 0 20
2020-04-20 20:54:24 ::1 POST /registerproperty.aspx - 4721 - ::1 Mozilla/5.0+(Windows+NT+10.0;+Win64;+x64)+AppleWebKit/537.36+(KHTML,+like+Gecko)+Chrome/81.0.4044.113+Safari/537.36 http://localhost:4721/registerproperty.aspx 200 0 0 11
2020-04-20 20:54:24 ::1 GET /__browserLink/requestData/fed14d4bc7e045efa9149229e724b69a - 4721 - ::1 Mozilla/5.0+(Windows+NT+10.0;+Win64;+x64)+AppleWebKit/537.36+(KHTML,+like+Gecko)+Chrome/81.0.4044.113+Safari/537.36 http://localhost:4721/registerproperty.aspx 200 0 0 6
2020-04-20 20:54:26 ::1 POST /registerproperty.aspx - 4721 - ::1 Mozilla/5.0+(Windows+NT+10.0;+Win64;+x64)+AppleWebKit/537.36+(KHTML,+like+Gecko)+Chrome/81.0.4044.113+Safari/537.36 http://localhost:4721/registerproperty.aspx 200 0 0 17
2020-04-20 20:54:27 ::1 GET /__browserLink/requestData/4f25b82250c04c7593b2e540bbd92489 - 4721 - ::1 Mozilla/5.0+(Windows+NT+10.0;+Win64;+x64)+AppleWebKit/537.36+(KHTML,+like+Gecko)+Chrome/81.0.4044.113+Safari/537.36 http://localhost:4721/registerproperty.aspx 200 0 0 7
2020-04-20 20:54:27 ::1 POST /registerproperty.aspx - 4721 - ::1 Mozilla/5.0+(Windows+NT+10.0;+Win64;+x64)+AppleWebKit/537.36+(KHTML,+like+Gecko)+Chrome/81.0.4044.113+Safari/537.36 http://localhost:4721/registerproperty.aspx 200 0 0 34
2020-04-20 20:54:28 ::1 GET /__browserLink/requestData/6aeecbab7051488c80e039699a9bd768 - 4721 - ::1 Mozilla/5.0+(Windows+NT+10.0;+Win64;+x64)+AppleWebKit/537.36+(KHTML,+like+Gecko)+Chrome/81.0.4044.113+Safari/537.36 http://localhost:4721/registerproperty.aspx 200 0 0 6
2020-04-20 20:59:29 ::1 GET /13818cd5e1184932bc3e91fd1418b82f/arterySignalR/ping requestUrl=http%3A%2F%2Flocalhost%3A4721%2Fregisterproperty.aspx&browserName=Chrome&_=1587416368943 4721 - ::1 Mozilla/5.0+(Windows+NT+10.0;+Win64;+x64)+AppleWebKit/537.36+(KHTML,+like+Gecko)+Chrome/81.0.4044.113+Safari/537.36 http://localhost:4721/registerproperty.aspx 404 0 2 12
2020-04-20 21:04:29 ::1 GET /13818cd5e1184932bc3e91fd1418b82f/arterySignalR/ping requestUrl=http%3A%2F%2Flocalhost%3A4721%2Fregisterproperty.aspx&browserName=Chrome&_=1587416668934 4721 - ::1 Mozilla/5.0+(Windows+NT+10.0;+Win64;+x64)+AppleWebKit/537.36+(KHTML,+like+Gecko)+Chrome/81.0.4044.113+Safari/537.36 http://localhost:4721/registerproperty.aspx 404 0 2 12
2020-04-20 21:09:28 ::1 GET /13818cd5e1184932bc3e91fd1418b82f/arterySignalR/ping requestUrl=http%3A%2F%2Flocalhost%3A4721%2Fregisterproperty.aspx&browserName=Chrome&_=1587416968938 4721 - ::1 Mozilla/5.0+(Windows+NT+10.0;+Win64;+x64)+AppleWebKit/537.36+(KHTML,+like+Gecko)+Chrome/81.0.4044.113+Safari/537.36 http://localhost:4721/registerproperty.aspx 404 0 2 8
2020-04-20 21:12:21 ::1 POST /registerproperty.aspx - 4721 - ::1 Mozilla/5.0+(Windows+NT+10.0;+Win64;+x64)+AppleWebKit/537.36+(KHTML,+like+Gecko)+Chrome/81.0.4044.113+Safari/537.36 http://localhost:4721/registerproperty.aspx 200 0 0 7071
2020-04-20 21:12:21 ::1 GET /__browserLink/requestData/e74ff2f72dd54f40a74be05cbab0381b - 4721 - ::1 Mozilla/5.0+(Windows+NT+10.0;+Win64;+x64)+AppleWebKit/537.36+(KHTML,+like+Gecko)+Chrome/81.0.4044.113+Safari/537.36 http://localhost:4721/registerproperty.aspx 200 0 0 9
2020-04-20 21:17:22 ::1 GET /13818cd5e1184932bc3e91fd1418b82f/arterySignalR/ping requestUrl=http%3A%2F%2Flocalhost%3A4721%2Fregisterproperty.aspx&browserName=Chrome&_=1587417441944 4721 - ::1 Mozilla/5.0+(Windows+NT+10.0;+Win64;+x64)+AppleWebKit/537.36+(KHTML,+like+Gecko)+Chrome/81.0.4044.113+Safari/537.36 http://localhost:4721/registerproperty.aspx 404 0 2 14
2020-04-20 21:22:22 ::1 GET /13818cd5e1184932bc3e91fd1418b82f/arterySignalR/ping requestUrl=http%3A%2F%2Flocalhost%3A4721%2Fregisterproperty.aspx&browserName=Chrome&_=1587417741935 4721 - ::1 Mozilla/5.0+(Windows+NT+10.0;+Win64;+x64)+AppleWebKit/537.36+(KHTML,+like+Gecko)+Chrome/81.0.4044.113+Safari/537.36 http://localhost:4721/registerproperty.aspx 404 0 2 9
2020-04-20 21:27:21 ::1 GET /13818cd5e1184932bc3e91fd1418b82f/arterySignalR/ping requestUrl=http%3A%2F%2Flocalhost%3A4721%2Fregisterproperty.aspx&browserName=Chrome&_=1587418041936 4721 - ::1 Mozilla/5.0+(Windows+NT+10.0;+Win64;+x64)+AppleWebKit/537.36+(KHTML,+like+Gecko)+Chrome/81.0.4044.113+Safari/537.36 http://localhost:4721/registerproperty.aspx 404 0 2 15
2020-04-20 21:32:21 ::1 GET /13818cd5e1184932bc3e91fd1418b82f/arterySignalR/ping requestUrl=http%3A%2F%2Flocalhost%3A4721%2Fregisterproperty.aspx&browserName=Chrome&_=1587418341934 4721 - ::1 Mozilla/5.0+(Windows+NT+10.0;+Win64;+x64)+AppleWebKit/537.36+(KHTML,+like+Gecko)+Chrome/81.0.4044.113+Safari/537.36 http://localhost:4721/registerproperty.aspx 404 0 2 12
2020-04-20 21:37:21 ::1 GET /13818cd5e1184932bc3e91fd1418b82f/arterySignalR/ping requestUrl=http%3A%2F%2Flocalhost%3A4721%2Fregisterproperty.aspx&browserName=Chrome&_=1587418641933 4721 - ::1 Mozilla/5.0+(Windows+NT+10.0;+Win64;+x64)+AppleWebKit/537.36+(KHTML,+like+Gecko)+Chrome/81.0.4044.113+Safari/537.36 http://localhost:4721/registerproperty.aspx 404 0 2 13
2020-04-20 21:42:21 ::1 GET /13818cd5e1184932bc3e91fd1418b82f/arterySignalR/ping requestUrl=http%3A%2F%2Flocalhost%3A4721%2Fregisterproperty.aspx&browserName=Chrome&_=1587418941909 4721 - ::1 Mozilla/5.0+(Windows+NT+10.0;+Win64;+x64)+AppleWebKit/537.36+(KHTML,+like+Gecko)+Chrome/81.0.4044.113+Safari/537.36 http://localhost:4721/registerproperty.aspx 404 0 2 5
2020-04-20 21:47:23 ::1 GET /13818cd5e1184932bc3e91fd1418b82f/arterySignalR/ping requestUrl=http%3A%2F%2Flocalhost%3A4721%2Fregisterproperty.aspx&browserName=Chrome&_=1587419241941 4721 - ::1 Mozilla/5.0+(Windows+NT+10.0;+Win64;+x64)+AppleWebKit/537.36+(KHTML,+like+Gecko)+Chrome/81.0.4044.113+Safari/537.36 http://localhost:4721/registerproperty.aspx 404 0 2 11
2020-04-20 21:52:22 ::1 GET /13818cd5e1184932bc3e91fd1418b82f/arterySignalR/ping requestUrl=http%3A%2F%2Flocalhost%3A4721%2Fregisterproperty.aspx&browserName=Chrome&_=1587419541947 4721 - ::1 Mozilla/5.0+(Windows+NT+10.0;+Win64;+x64)+AppleWebKit/537.36+(KHTML,+like+Gecko)+Chrome/81.0.4044.113+Safari/537.36 http://localhost:4721/registerproperty.aspx 404 0 2 88
#Software: Microsoft Internet Information Services 8.0
#Version: 1.0
#Date: 2020-04-20 23:22:22
#Fields: date time s-ip cs-method cs-uri-stem cs-uri-query s-port cs-username c-ip cs(User-Agent) cs(Referer) sc-status sc-substatus sc-win32-status time-taken
2020-04-20 23:22:22 ::1 GET /__browserLink/requestData/e74ff2f72dd54f40a74be05cbab0381b - 4721 - ::1 Mozilla/5.0+(Windows+NT+10.0;+Win64;+x64)+AppleWebKit/537.36+(KHTML,+like+Gecko)+Chrome/81.0.4044.113+Safari/537.36 http://localhost:4721/registerproperty.aspx 404 0 0 505
2020-04-20 23:27:14 ::1 GET /13818cd5e1184932bc3e91fd1418b82f/arterySignalR/ping requestUrl=http%3A%2F%2Flocalhost%3A4721%2Fregisterproperty.aspx&browserName=Chrome&_=1587425234940 4721 - ::1 Mozilla/5.0+(Windows+NT+10.0;+Win64;+x64)+AppleWebKit/537.36+(KHTML,+like+Gecko)+Chrome/81.0.4044.113+Safari/537.36 http://localhost:4721/registerproperty.aspx 404 0 2 12
2020-04-20 23:32:14 ::1 GET /13818cd5e1184932bc3e91fd1418b82f/arterySignalR/ping requestUrl=http%3A%2F%2Flocalhost%3A4721%2Fregisterproperty.aspx&browserName=Chrome&_=1587425534934 4721 - ::1 Mozilla/5.0+(Windows+NT+10.0;+Win64;+x64)+AppleWebKit/537.36+(KHTML,+like+Gecko)+Chrome/81.0.4044.113+Safari/537.36 http://localhost:4721/registerproperty.aspx 404 0 2 13
2020-04-20 23:35:44 ::1 GET /homepage.aspx - 4721 - ::1 Mozilla/5.0+(Windows+NT+10.0;+Win64;+x64)+AppleWebKit/537.36+(KHTML,+like+Gecko)+Chrome/81.0.4044.113+Safari/537.36 http://localhost:4721/registerproperty.aspx 200 0 0 1059
2020-04-20 23:35:48 ::1 GET /__browserLink/requestData/84ec1f3c89f645d0bd05e39162a1641b - 4721 - ::1 Mozilla/5.0+(Windows+NT+10.0;+Win64;+x64)+AppleWebKit/537.36+(KHTML,+like+Gecko)+Chrome/81.0.4044.113+Safari/537.36 http://localhost:4721/homepage.aspx 200 0 0 108
2020-04-20 23:40:46 ::1 GET /13818cd5e1184932bc3e91fd1418b82f/arterySignalR/ping requestUrl=http%3A%2F%2Flocalhost%3A4721%2Fhomepage.aspx&browserName=Chrome&_=1587426045949 4721 - ::1 Mozilla/5.0+(Windows+NT+10.0;+Win64;+x64)+AppleWebKit/537.36+(KHTML,+like+Gecko)+Chrome/81.0.4044.113+Safari/537.36 http://localhost:4721/homepage.aspx 404 0 2 38
2020-04-20 23:45:46 ::1 GET /13818cd5e1184932bc3e91fd1418b82f/arterySignalR/ping requestUrl=http%3A%2F%2Flocalhost%3A4721%2Fhomepage.aspx&browserName=Chrome&_=1587426345934 4721 - ::1 Mozilla/5.0+(Windows+NT+10.0;+Win64;+x64)+AppleWebKit/537.36+(KHTML,+like+Gecko)+Chrome/81.0.4044.113+Safari/537.36 http://localhost:4721/homepage.aspx 404 0 2 97
2020-04-20 23:50:47 ::1 GET /13818cd5e1184932bc3e91fd1418b82f/arterySignalR/ping requestUrl=http%3A%2F%2Flocalhost%3A4721%2Fhomepage.aspx&browserName=Chrome&_=1587426645933 4721 - ::1 Mozilla/5.0+(Windows+NT+10.0;+Win64;+x64)+AppleWebKit/537.36+(KHTML,+like+Gecko)+Chrome/81.0.4044.113+Safari/537.36 http://localhost:4721/homepage.aspx 404 0 2 1199
2020-04-20 23:55:46 ::1 GET /13818cd5e1184932bc3e91fd1418b82f/arterySignalR/ping requestUrl=http%3A%2F%2Flocalhost%3A4721%2Fhomepage.aspx&browserName=Chrome&_=1587426945939 4721 - ::1 Mozilla/5.0+(Windows+NT+10.0;+Win64;+x64)+AppleWebKit/537.36+(KHTML,+like+Gecko)+Chrome/81.0.4044.113+Safari/537.36 http://localhost:4721/homepage.aspx 404 0 2 50
