#Software: Microsoft Internet Information Services 8.0
#Version: 1.0
#Date: 2020-07-07 13:42:58
#Fields: date time s-ip cs-method cs-uri-stem cs-uri-query s-port cs-username c-ip cs(User-Agent) cs(Referer) sc-status sc-substatus sc-win32-status time-taken
2020-07-07 13:42:58 ::1 GET /homepage.aspx - 4721 - ::1 Mozilla/5.0+(Windows+NT+10.0;+Win64;+x64)+AppleWebKit/537.36+(KHTML,+like+Gecko)+Chrome/83.0.4103.116+Safari/537.36 - 200 0 0 21216
2020-07-07 13:42:58 ::1 GET /CSS/MYstyleSheet.css - 4721 - ::1 Mozilla/5.0+(Windows+NT+10.0;+Win64;+x64)+AppleWebKit/537.36+(KHTML,+like+Gecko)+Chrome/83.0.4103.116+Safari/537.36 http://localhost:4721/homepage.aspx 304 0 0 125
2020-07-07 13:42:58 ::1 GET /Fontawesome/css/all.css - 4721 - ::1 Mozilla/5.0+(Windows+NT+10.0;+Win64;+x64)+AppleWebKit/537.36+(KHTML,+like+Gecko)+Chrome/83.0.4103.116+Safari/537.36 http://localhost:4721/homepage.aspx 304 0 0 189
2020-07-07 13:42:58 ::1 GET /Datatables/CSS/jquery.dataTables.min.css - 4721 - ::1 Mozilla/5.0+(Windows+NT+10.0;+Win64;+x64)+AppleWebKit/537.36+(KHTML,+like+Gecko)+Chrome/83.0.4103.116+Safari/537.36 http://localhost:4721/homepage.aspx 304 0 0 203
2020-07-07 13:42:58 ::1 GET /Bootstrap/CSS/bootstrap.min.css - 4721 - ::1 Mozilla/5.0+(Windows+NT+10.0;+Win64;+x64)+AppleWebKit/537.36+(KHTML,+like+Gecko)+Chrome/83.0.4103.116+Safari/537.36 http://localhost:4721/homepage.aspx 304 0 0 265
2020-07-07 13:43:01 ::1 GET /Datatables/JS/jquery.dataTables.min.js - 4721 - ::1 Mozilla/5.0+(Windows+NT+10.0;+Win64;+x64)+AppleWebKit/537.36+(KHTML,+like+Gecko)+Chrome/83.0.4103.116+Safari/537.36 http://localhost:4721/homepage.aspx 200 0 0 1336
2020-07-07 13:43:01 ::1 GET /Bootstrap/JS/popper.min.js - 4721 - ::1 Mozilla/5.0+(Windows+NT+10.0;+Win64;+x64)+AppleWebKit/537.36+(KHTML,+like+Gecko)+Chrome/83.0.4103.116+Safari/537.36 http://localhost:4721/homepage.aspx 200 0 0 1519
2020-07-07 13:43:01 ::1 GET /Bootstrap/JS/bootstrap.min.js - 4721 - ::1 Mozilla/5.0+(Windows+NT+10.0;+Win64;+x64)+AppleWebKit/537.36+(KHTML,+like+Gecko)+Chrome/83.0.4103.116+Safari/537.36 http://localhost:4721/homepage.aspx 200 0 0 1637
2020-07-07 13:43:01 ::1 GET /imgs/cartoon-house_6460-139.jpg - 4721 - ::1 Mozilla/5.0+(Windows+NT+10.0;+Win64;+x64)+AppleWebKit/537.36+(KHTML,+like+Gecko)+Chrome/83.0.4103.116+Safari/537.36 http://localhost:4721/homepage.aspx 200 0 0 165
2020-07-07 13:43:01 ::1 GET /Bootstrap/JS/jquery-3.4.1.slim.min.js - 4721 - ::1 Mozilla/5.0+(Windows+NT+10.0;+Win64;+x64)+AppleWebKit/537.36+(KHTML,+like+Gecko)+Chrome/83.0.4103.116+Safari/537.36 http://localhost:4721/homepage.aspx 200 0 0 2127
2020-07-07 13:43:01 ::1 GET /imgs/example+3.jpg - 4721 - ::1 Mozilla/5.0+(Windows+NT+10.0;+Win64;+x64)+AppleWebKit/537.36+(KHTML,+like+Gecko)+Chrome/83.0.4103.116+Safari/537.36 http://localhost:4721/homepage.aspx 200 0 0 130
2020-07-07 13:43:01 ::1 GET /imgs/search.png - 4721 - ::1 Mozilla/5.0+(Windows+NT+10.0;+Win64;+x64)+AppleWebKit/537.36+(KHTML,+like+Gecko)+Chrome/83.0.4103.116+Safari/537.36 http://localhost:4721/homepage.aspx 200 0 0 117
2020-07-07 13:43:01 ::1 GET /imgs/sing+up.png - 4721 - ::1 Mozilla/5.0+(Windows+NT+10.0;+Win64;+x64)+AppleWebKit/537.36+(KHTML,+like+Gecko)+Chrome/83.0.4103.116+Safari/537.36 http://localhost:4721/homepage.aspx 200 0 0 59
2020-07-07 13:43:02 ::1 GET /imgs/Witbank-Mall.jpg - 4721 - ::1 Mozilla/5.0+(Windows+NT+10.0;+Win64;+x64)+AppleWebKit/537.36+(KHTML,+like+Gecko)+Chrome/83.0.4103.116+Safari/537.36 http://localhost:4721/homepage.aspx 200 0 0 226
2020-07-07 13:43:02 ::1 GET /imgs/kitchen+Header.jpg - 4721 - ::1 Mozilla/5.0+(Windows+NT+10.0;+Win64;+x64)+AppleWebKit/537.36+(KHTML,+like+Gecko)+Chrome/83.0.4103.116+Safari/537.36 http://localhost:4721/homepage.aspx 200 0 0 296
2020-07-07 13:43:03 ::1 GET /imgs/header.jpg - 4721 - ::1 Mozilla/5.0+(Windows+NT+10.0;+Win64;+x64)+AppleWebKit/537.36+(KHTML,+like+Gecko)+Chrome/83.0.4103.116+Safari/537.36 http://localhost:4721/homepage.aspx 200 0 0 1471
2020-07-07 13:43:05 ::1 GET /favicon.ico - 4721 - ::1 Mozilla/5.0+(Windows+NT+10.0;+Win64;+x64)+AppleWebKit/537.36+(KHTML,+like+Gecko)+Chrome/83.0.4103.116+Safari/537.36 http://localhost:4721/homepage.aspx 404 0 2 177
2020-07-07 13:43:15 ::1 GET /__browserLink/requestData/685a5747398f4d75baee16354bcf8cd1 - 4721 - ::1 Mozilla/5.0+(Windows+NT+10.0;+Win64;+x64)+AppleWebKit/537.36+(KHTML,+like+Gecko)+Chrome/83.0.4103.116+Safari/537.36 http://localhost:4721/homepage.aspx 200 0 0 425
2020-07-07 13:43:23 ::1 POST /homepage.aspx - 4721 - ::1 Mozilla/5.0+(Windows+NT+10.0;+Win64;+x64)+AppleWebKit/537.36+(KHTML,+like+Gecko)+Chrome/83.0.4103.116+Safari/537.36 http://localhost:4721/homepage.aspx 302 0 0 249
2020-07-07 13:43:25 ::1 GET /viewproperties.aspx - 4721 - ::1 Mozilla/5.0+(Windows+NT+10.0;+Win64;+x64)+AppleWebKit/537.36+(KHTML,+like+Gecko)+Chrome/83.0.4103.116+Safari/537.36 http://localhost:4721/homepage.aspx 200 0 0 1898
2020-07-07 13:43:25 ::1 GET /imgs/example4.jpeg - 4721 - ::1 Mozilla/5.0+(Windows+NT+10.0;+Win64;+x64)+AppleWebKit/537.36+(KHTML,+like+Gecko)+Chrome/83.0.4103.116+Safari/537.36 http://localhost:4721/viewproperties.aspx 200 0 0 14
2020-07-07 13:43:25 ::1 GET /Datatables/images/sort_both.png - 4721 - ::1 Mozilla/5.0+(Windows+NT+10.0;+Win64;+x64)+AppleWebKit/537.36+(KHTML,+like+Gecko)+Chrome/83.0.4103.116+Safari/537.36 http://localhost:4721/Datatables/CSS/jquery.dataTables.min.css 404 0 2 10
2020-07-07 13:43:25 ::1 GET /Datatables/images/sort_asc.png - 4721 - ::1 Mozilla/5.0+(Windows+NT+10.0;+Win64;+x64)+AppleWebKit/537.36+(KHTML,+like+Gecko)+Chrome/83.0.4103.116+Safari/537.36 http://localhost:4721/Datatables/CSS/jquery.dataTables.min.css 404 0 2 1
2020-07-07 13:43:27 ::1 GET /examples/example4.jpeg - 4721 - ::1 Mozilla/5.0+(Windows+NT+10.0;+Win64;+x64)+AppleWebKit/537.36+(KHTML,+like+Gecko)+Chrome/83.0.4103.116+Safari/537.36 http://localhost:4721/viewproperties.aspx 200 0 0 26
2020-07-07 13:43:27 ::1 GET /examples/example+3.jpg - 4721 - ::1 Mozilla/5.0+(Windows+NT+10.0;+Win64;+x64)+AppleWebKit/537.36+(KHTML,+like+Gecko)+Chrome/83.0.4103.116+Safari/537.36 http://localhost:4721/viewproperties.aspx 200 0 0 145
2020-07-07 13:43:28 ::1 GET /__browserLink/requestData/68a495eb4be148bdaa22de680da9b133 - 4721 - ::1 Mozilla/5.0+(Windows+NT+10.0;+Win64;+x64)+AppleWebKit/537.36+(KHTML,+like+Gecko)+Chrome/83.0.4103.116+Safari/537.36 http://localhost:4721/viewproperties.aspx 200 0 0 8
2020-07-07 13:43:37 ::1 GET /homepage.aspx - 4721 - ::1 Mozilla/5.0+(Windows+NT+10.0;+Win64;+x64)+AppleWebKit/537.36+(KHTML,+like+Gecko)+Chrome/83.0.4103.116+Safari/537.36 http://localhost:4721/viewproperties.aspx 200 0 0 6
2020-07-07 13:43:39 ::1 GET /__browserLink/requestData/3aacad3a97e746478c055172cd3ee5ab - 4721 - ::1 Mozilla/5.0+(Windows+NT+10.0;+Win64;+x64)+AppleWebKit/537.36+(KHTML,+like+Gecko)+Chrome/83.0.4103.116+Safari/537.36 http://localhost:4721/homepage.aspx 200 0 0 4
2020-07-07 13:43:41 ::1 POST /homepage.aspx - 4721 - ::1 Mozilla/5.0+(Windows+NT+10.0;+Win64;+x64)+AppleWebKit/537.36+(KHTML,+like+Gecko)+Chrome/83.0.4103.116+Safari/537.36 http://localhost:4721/homepage.aspx 302 0 0 9
2020-07-07 13:43:41 ::1 GET /userlogin.aspx - 4721 - ::1 Mozilla/5.0+(Windows+NT+10.0;+Win64;+x64)+AppleWebKit/537.36+(KHTML,+like+Gecko)+Chrome/83.0.4103.116+Safari/537.36 http://localhost:4721/homepage.aspx 200 0 0 40
2020-07-07 13:43:41 ::1 GET /imgs/generaluser.png - 4721 - ::1 Mozilla/5.0+(Windows+NT+10.0;+Win64;+x64)+AppleWebKit/537.36+(KHTML,+like+Gecko)+Chrome/83.0.4103.116+Safari/537.36 http://localhost:4721/userlogin.aspx 200 0 0 39
2020-07-07 13:43:41 ::1 GET /__browserLink/requestData/3a1a229a70d8487cb5f5a713ddb60eac - 4721 - ::1 Mozilla/5.0+(Windows+NT+10.0;+Win64;+x64)+AppleWebKit/537.36+(KHTML,+like+Gecko)+Chrome/83.0.4103.116+Safari/537.36 http://localhost:4721/userlogin.aspx 200 0 0 4
2020-07-07 13:43:54 ::1 POST /userlogin.aspx - 4721 - ::1 Mozilla/5.0+(Windows+NT+10.0;+Win64;+x64)+AppleWebKit/537.36+(KHTML,+like+Gecko)+Chrome/83.0.4103.116+Safari/537.36 http://localhost:4721/userlogin.aspx 302 0 0 467
2020-07-07 13:43:54 ::1 GET /homepage.aspx - 4721 - ::1 Mozilla/5.0+(Windows+NT+10.0;+Win64;+x64)+AppleWebKit/537.36+(KHTML,+like+Gecko)+Chrome/83.0.4103.116+Safari/537.36 http://localhost:4721/userlogin.aspx 200 0 0 8
2020-07-07 13:43:56 ::1 GET /__browserLink/requestData/deef4a1b28c849fba10d151c21c9e776 - 4721 - ::1 Mozilla/5.0+(Windows+NT+10.0;+Win64;+x64)+AppleWebKit/537.36+(KHTML,+like+Gecko)+Chrome/83.0.4103.116+Safari/537.36 http://localhost:4721/homepage.aspx 200 0 0 5
2020-07-07 13:44:04 ::1 POST /homepage.aspx - 4721 - ::1 Mozilla/5.0+(Windows+NT+10.0;+Win64;+x64)+AppleWebKit/537.36+(KHTML,+like+Gecko)+Chrome/83.0.4103.116+Safari/537.36 http://localhost:4721/homepage.aspx 302 0 0 12
2020-07-07 13:44:04 ::1 GET /registerproperty.aspx - 4721 - ::1 Mozilla/5.0+(Windows+NT+10.0;+Win64;+x64)+AppleWebKit/537.36+(KHTML,+like+Gecko)+Chrome/83.0.4103.116+Safari/537.36 http://localhost:4721/homepage.aspx 200 0 0 71
2020-07-07 13:44:04 ::1 GET /examples/room.png - 4721 - ::1 Mozilla/5.0+(Windows+NT+10.0;+Win64;+x64)+AppleWebKit/537.36+(KHTML,+like+Gecko)+Chrome/83.0.4103.116+Safari/537.36 http://localhost:4721/registerproperty.aspx 404 0 2 9
2020-07-07 13:44:06 ::1 GET /__browserLink/requestData/78322a96cdb245cfadffd15c345feb29 - 4721 - ::1 Mozilla/5.0+(Windows+NT+10.0;+Win64;+x64)+AppleWebKit/537.36+(KHTML,+like+Gecko)+Chrome/83.0.4103.116+Safari/537.36 http://localhost:4721/registerproperty.aspx 200 0 0 13
2020-07-07 13:45:17 ::1 POST /registerproperty.aspx - 4721 - ::1 Mozilla/5.0+(Windows+NT+10.0;+Win64;+x64)+AppleWebKit/537.36+(KHTML,+like+Gecko)+Chrome/83.0.4103.116+Safari/537.36 http://localhost:4721/registerproperty.aspx 302 0 0 78
2020-07-07 13:45:17 ::1 GET /homepage.aspx - 4721 - ::1 Mozilla/5.0+(Windows+NT+10.0;+Win64;+x64)+AppleWebKit/537.36+(KHTML,+like+Gecko)+Chrome/83.0.4103.116+Safari/537.36 http://localhost:4721/registerproperty.aspx 200 0 0 8
2020-07-07 13:45:18 ::1 GET /__browserLink/requestData/982f15e5713c443c9e62e3f17b075bfd - 4721 - ::1 Mozilla/5.0+(Windows+NT+10.0;+Win64;+x64)+AppleWebKit/537.36+(KHTML,+like+Gecko)+Chrome/83.0.4103.116+Safari/537.36 http://localhost:4721/homepage.aspx 200 0 0 7
2020-07-07 13:45:18 ::1 POST /homepage.aspx - 4721 - ::1 Mozilla/5.0+(Windows+NT+10.0;+Win64;+x64)+AppleWebKit/537.36+(KHTML,+like+Gecko)+Chrome/83.0.4103.116+Safari/537.36 http://localhost:4721/homepage.aspx 302 0 0 8
2020-07-07 13:45:19 ::1 GET /viewproperties.aspx - 4721 - ::1 Mozilla/5.0+(Windows+NT+10.0;+Win64;+x64)+AppleWebKit/537.36+(KHTML,+like+Gecko)+Chrome/83.0.4103.116+Safari/537.36 http://localhost:4721/homepage.aspx 200 0 0 250
2020-07-07 13:45:19 ::1 GET /Datatables/images/sort_both.png - 4721 - ::1 Mozilla/5.0+(Windows+NT+10.0;+Win64;+x64)+AppleWebKit/537.36+(KHTML,+like+Gecko)+Chrome/83.0.4103.116+Safari/537.36 http://localhost:4721/Datatables/CSS/jquery.dataTables.min.css 404 0 2 3
2020-07-07 13:45:19 ::1 GET /Datatables/images/sort_asc.png - 4721 - ::1 Mozilla/5.0+(Windows+NT+10.0;+Win64;+x64)+AppleWebKit/537.36+(KHTML,+like+Gecko)+Chrome/83.0.4103.116+Safari/537.36 http://localhost:4721/Datatables/CSS/jquery.dataTables.min.css 404 0 2 1
2020-07-07 13:45:21 ::1 GET /__browserLink/requestData/b6e486e0cd5c42afafbfa04a9a9eca82 - 4721 - ::1 Mozilla/5.0+(Windows+NT+10.0;+Win64;+x64)+AppleWebKit/537.36+(KHTML,+like+Gecko)+Chrome/83.0.4103.116+Safari/537.36 http://localhost:4721/viewproperties.aspx 200 0 0 15
2020-07-07 13:45:35 ::1 GET /homepage.aspx - 4721 - ::1 Mozilla/5.0+(Windows+NT+10.0;+Win64;+x64)+AppleWebKit/537.36+(KHTML,+like+Gecko)+Chrome/83.0.4103.116+Safari/537.36 http://localhost:4721/viewproperties.aspx 200 0 0 12
2020-07-07 13:45:36 ::1 GET /__browserLink/requestData/79eca879ea534126984d1623a35a196d - 4721 - ::1 Mozilla/5.0+(Windows+NT+10.0;+Win64;+x64)+AppleWebKit/537.36+(KHTML,+like+Gecko)+Chrome/83.0.4103.116+Safari/537.36 http://localhost:4721/homepage.aspx 200 0 0 5
2020-07-07 13:45:39 ::1 POST /homepage.aspx - 4721 - ::1 Mozilla/5.0+(Windows+NT+10.0;+Win64;+x64)+AppleWebKit/537.36+(KHTML,+like+Gecko)+Chrome/83.0.4103.116+Safari/537.36 http://localhost:4721/homepage.aspx 302 0 0 4
2020-07-07 13:45:39 ::1 GET /usersingup.aspx - 4721 - ::1 Mozilla/5.0+(Windows+NT+10.0;+Win64;+x64)+AppleWebKit/537.36+(KHTML,+like+Gecko)+Chrome/83.0.4103.116+Safari/537.36 http://localhost:4721/homepage.aspx 200 0 0 32
2020-07-07 13:45:41 ::1 GET /__browserLink/requestData/886ffb3a3467421c8916327fbd359680 - 4721 - ::1 Mozilla/5.0+(Windows+NT+10.0;+Win64;+x64)+AppleWebKit/537.36+(KHTML,+like+Gecko)+Chrome/83.0.4103.116+Safari/537.36 http://localhost:4721/usersingup.aspx 200 0 0 6
