#Software: Microsoft Internet Information Services 8.0
#Version: 1.0
#Date: 2020-05-29 20:27:46
#Fields: date time s-ip cs-method cs-uri-stem cs-uri-query s-port cs-username c-ip cs(User-Agent) cs(Referer) sc-status sc-substatus sc-win32-status time-taken
2020-05-29 20:27:46 ::1 GET /homepage.aspx - 4721 - ::1 Mozilla/5.0+(Windows+NT+10.0;+Win64;+x64)+AppleWebKit/537.36+(KHTML,+like+Gecko)+Chrome/81.0.4044.138+Safari/537.36 - 200 0 64 13528
2020-05-29 20:27:50 ::1 GET /homepage.aspx - 4721 - ::1 Mozilla/5.0+(Windows+NT+10.0;+Win64;+x64)+AppleWebKit/537.36+(KHTML,+like+Gecko)+Chrome/81.0.4044.138+Safari/537.36 http://localhost:4721/viewproperties.aspx 200 0 0 23
2020-05-29 20:27:54 ::1 POST /homepage.aspx - 4721 - ::1 Mozilla/5.0+(Windows+NT+10.0;+Win64;+x64)+AppleWebKit/537.36+(KHTML,+like+Gecko)+Chrome/81.0.4044.138+Safari/537.36 http://localhost:4721/homepage.aspx 302 0 0 439
2020-05-29 20:27:54 ::1 GET /userlogin.aspx - 4721 - ::1 Mozilla/5.0+(Windows+NT+10.0;+Win64;+x64)+AppleWebKit/537.36+(KHTML,+like+Gecko)+Chrome/81.0.4044.138+Safari/537.36 http://localhost:4721/homepage.aspx 200 0 0 445
2020-05-29 20:27:58 ::1 GET /__browserLink/requestData/04f0453049f84cecb75fd31192372eef - 4721 - ::1 Mozilla/5.0+(Windows+NT+10.0;+Win64;+x64)+AppleWebKit/537.36+(KHTML,+like+Gecko)+Chrome/81.0.4044.138+Safari/537.36 http://localhost:4721/userlogin.aspx 200 0 0 544
2020-05-29 20:28:09 ::1 POST /userlogin.aspx - 4721 - ::1 Mozilla/5.0+(Windows+NT+10.0;+Win64;+x64)+AppleWebKit/537.36+(KHTML,+like+Gecko)+Chrome/81.0.4044.138+Safari/537.36 http://localhost:4721/userlogin.aspx 302 0 0 1491
2020-05-29 20:28:09 ::1 GET /homepage.aspx - 4721 - ::1 Mozilla/5.0+(Windows+NT+10.0;+Win64;+x64)+AppleWebKit/537.36+(KHTML,+like+Gecko)+Chrome/81.0.4044.138+Safari/537.36 http://localhost:4721/userlogin.aspx 200 0 0 50
2020-05-29 20:28:10 ::1 GET /__browserLink/requestData/c86c451f6da94f6485196ea0043af563 - 4721 - ::1 Mozilla/5.0+(Windows+NT+10.0;+Win64;+x64)+AppleWebKit/537.36+(KHTML,+like+Gecko)+Chrome/81.0.4044.138+Safari/537.36 http://localhost:4721/homepage.aspx 200 0 0 4
2020-05-29 20:28:11 ::1 POST /homepage.aspx - 4721 - ::1 Mozilla/5.0+(Windows+NT+10.0;+Win64;+x64)+AppleWebKit/537.36+(KHTML,+like+Gecko)+Chrome/81.0.4044.138+Safari/537.36 http://localhost:4721/homepage.aspx 302 0 0 48
2020-05-29 20:28:11 ::1 GET /homepage.aspx - 4721 - ::1 Mozilla/5.0+(Windows+NT+10.0;+Win64;+x64)+AppleWebKit/537.36+(KHTML,+like+Gecko)+Chrome/81.0.4044.138+Safari/537.36 http://localhost:4721/homepage.aspx 200 0 0 13
2020-05-29 20:28:12 ::1 GET /__browserLink/requestData/e1fe0a56fb054036b71c6aadbd4c20be - 4721 - ::1 Mozilla/5.0+(Windows+NT+10.0;+Win64;+x64)+AppleWebKit/537.36+(KHTML,+like+Gecko)+Chrome/81.0.4044.138+Safari/537.36 http://localhost:4721/homepage.aspx 200 0 0 9
2020-05-29 20:28:34 ::1 POST /homepage.aspx - 4721 - ::1 Mozilla/5.0+(Windows+NT+10.0;+Win64;+x64)+AppleWebKit/537.36+(KHTML,+like+Gecko)+Chrome/81.0.4044.138+Safari/537.36 http://localhost:4721/homepage.aspx 302 0 0 7
2020-05-29 20:28:35 ::1 GET /viewproperties.aspx - 4721 - ::1 Mozilla/5.0+(Windows+NT+10.0;+Win64;+x64)+AppleWebKit/537.36+(KHTML,+like+Gecko)+Chrome/81.0.4044.138+Safari/537.36 http://localhost:4721/homepage.aspx 200 0 0 1371
2020-05-29 20:28:35 ::1 GET /Datatables/images/sort_both.png - 4721 - ::1 Mozilla/5.0+(Windows+NT+10.0;+Win64;+x64)+AppleWebKit/537.36+(KHTML,+like+Gecko)+Chrome/81.0.4044.138+Safari/537.36 http://localhost:4721/Datatables/CSS/jquery.dataTables.min.css 404 0 2 68
2020-05-29 20:28:35 ::1 GET /Datatables/images/sort_asc.png - 4721 - ::1 Mozilla/5.0+(Windows+NT+10.0;+Win64;+x64)+AppleWebKit/537.36+(KHTML,+like+Gecko)+Chrome/81.0.4044.138+Safari/537.36 http://localhost:4721/Datatables/CSS/jquery.dataTables.min.css 404 0 2 28
2020-05-29 20:28:36 ::1 GET /__browserLink/requestData/9b28d341338f4eb39d5e944ce363d824 - 4721 - ::1 Mozilla/5.0+(Windows+NT+10.0;+Win64;+x64)+AppleWebKit/537.36+(KHTML,+like+Gecko)+Chrome/81.0.4044.138+Safari/537.36 http://localhost:4721/viewproperties.aspx 200 0 0 11
2020-05-29 20:29:24 ::1 POST /viewproperties.aspx - 4721 - ::1 Mozilla/5.0+(Windows+NT+10.0;+Win64;+x64)+AppleWebKit/537.36+(KHTML,+like+Gecko)+Chrome/81.0.4044.138+Safari/537.36 http://localhost:4721/viewproperties.aspx 302 0 0 138
2020-05-29 20:29:24 ::1 GET /usersingup.aspx - 4721 - ::1 Mozilla/5.0+(Windows+NT+10.0;+Win64;+x64)+AppleWebKit/537.36+(KHTML,+like+Gecko)+Chrome/81.0.4044.138+Safari/537.36 http://localhost:4721/viewproperties.aspx 200 0 0 298
2020-05-29 20:29:25 ::1 GET /__browserLink/requestData/b00a2e46e5f04957a715267b8a4e126e - 4721 - ::1 Mozilla/5.0+(Windows+NT+10.0;+Win64;+x64)+AppleWebKit/537.36+(KHTML,+like+Gecko)+Chrome/81.0.4044.138+Safari/537.36 http://localhost:4721/usersingup.aspx 200 0 0 8
2020-05-29 20:29:42 ::1 POST /usersingup.aspx - 4721 - ::1 Mozilla/5.0+(Windows+NT+10.0;+Win64;+x64)+AppleWebKit/537.36+(KHTML,+like+Gecko)+Chrome/81.0.4044.138+Safari/537.36 http://localhost:4721/usersingup.aspx 302 0 0 10
2020-05-29 20:29:42 ::1 GET /userlogin.aspx - 4721 - ::1 Mozilla/5.0+(Windows+NT+10.0;+Win64;+x64)+AppleWebKit/537.36+(KHTML,+like+Gecko)+Chrome/81.0.4044.138+Safari/537.36 http://localhost:4721/usersingup.aspx 200 0 0 8
2020-05-29 20:29:42 ::1 GET /__browserLink/requestData/8069456703de4e58b75c763ae9d8c530 - 4721 - ::1 Mozilla/5.0+(Windows+NT+10.0;+Win64;+x64)+AppleWebKit/537.36+(KHTML,+like+Gecko)+Chrome/81.0.4044.138+Safari/537.36 http://localhost:4721/userlogin.aspx 200 0 0 6
2020-05-29 20:29:52 ::1 POST /userlogin.aspx - 4721 - ::1 Mozilla/5.0+(Windows+NT+10.0;+Win64;+x64)+AppleWebKit/537.36+(KHTML,+like+Gecko)+Chrome/81.0.4044.138+Safari/537.36 http://localhost:4721/userlogin.aspx 302 0 0 86
2020-05-29 20:29:52 ::1 GET /homepage.aspx - 4721 - ::1 Mozilla/5.0+(Windows+NT+10.0;+Win64;+x64)+AppleWebKit/537.36+(KHTML,+like+Gecko)+Chrome/81.0.4044.138+Safari/537.36 http://localhost:4721/userlogin.aspx 200 0 0 13
2020-05-29 20:29:53 ::1 GET /__browserLink/requestData/dbc6f513284942f7afea8f3528ab2de5 - 4721 - ::1 Mozilla/5.0+(Windows+NT+10.0;+Win64;+x64)+AppleWebKit/537.36+(KHTML,+like+Gecko)+Chrome/81.0.4044.138+Safari/537.36 http://localhost:4721/homepage.aspx 200 0 0 11
2020-05-29 20:30:02 ::1 POST /homepage.aspx - 4721 - ::1 Mozilla/5.0+(Windows+NT+10.0;+Win64;+x64)+AppleWebKit/537.36+(KHTML,+like+Gecko)+Chrome/81.0.4044.138+Safari/537.36 http://localhost:4721/homepage.aspx 302 0 0 8
2020-05-29 20:30:02 ::1 GET /registerproperty.aspx - 4721 - ::1 Mozilla/5.0+(Windows+NT+10.0;+Win64;+x64)+AppleWebKit/537.36+(KHTML,+like+Gecko)+Chrome/81.0.4044.138+Safari/537.36 http://localhost:4721/homepage.aspx 200 0 0 417
2020-05-29 20:30:02 ::1 GET /examples/room.png - 4721 - ::1 Mozilla/5.0+(Windows+NT+10.0;+Win64;+x64)+AppleWebKit/537.36+(KHTML,+like+Gecko)+Chrome/81.0.4044.138+Safari/537.36 http://localhost:4721/registerproperty.aspx 404 0 2 5
2020-05-29 20:30:04 ::1 GET /__browserLink/requestData/bfad00607a184d7d9fba454b1c946b41 - 4721 - ::1 Mozilla/5.0+(Windows+NT+10.0;+Win64;+x64)+AppleWebKit/537.36+(KHTML,+like+Gecko)+Chrome/81.0.4044.138+Safari/537.36 http://localhost:4721/registerproperty.aspx 200 0 0 7
2020-05-29 20:30:43 ::1 POST /registerproperty.aspx - 4721 - ::1 Mozilla/5.0+(Windows+NT+10.0;+Win64;+x64)+AppleWebKit/537.36+(KHTML,+like+Gecko)+Chrome/81.0.4044.138+Safari/537.36 http://localhost:4721/registerproperty.aspx 200 0 0 498
2020-05-29 20:30:43 ::1 GET /examples/room.png - 4721 - ::1 Mozilla/5.0+(Windows+NT+10.0;+Win64;+x64)+AppleWebKit/537.36+(KHTML,+like+Gecko)+Chrome/81.0.4044.138+Safari/537.36 http://localhost:4721/registerproperty.aspx 404 0 2 8
2020-05-29 20:30:43 ::1 GET /Datatables/images/sort_both.png - 4721 - ::1 Mozilla/5.0+(Windows+NT+10.0;+Win64;+x64)+AppleWebKit/537.36+(KHTML,+like+Gecko)+Chrome/81.0.4044.138+Safari/537.36 http://localhost:4721/Datatables/CSS/jquery.dataTables.min.css 404 0 2 2
2020-05-29 20:30:43 ::1 GET /Datatables/images/sort_asc.png - 4721 - ::1 Mozilla/5.0+(Windows+NT+10.0;+Win64;+x64)+AppleWebKit/537.36+(KHTML,+like+Gecko)+Chrome/81.0.4044.138+Safari/537.36 http://localhost:4721/Datatables/CSS/jquery.dataTables.min.css 404 0 2 2
2020-05-29 20:30:44 ::1 GET /__browserLink/requestData/a8ad0262f7ba48bc8348cd74f7feb14b - 4721 - ::1 Mozilla/5.0+(Windows+NT+10.0;+Win64;+x64)+AppleWebKit/537.36+(KHTML,+like+Gecko)+Chrome/81.0.4044.138+Safari/537.36 http://localhost:4721/registerproperty.aspx 200 0 0 9
2020-05-29 20:32:31 ::1 POST /registerproperty.aspx - 4721 - ::1 Mozilla/5.0+(Windows+NT+10.0;+Win64;+x64)+AppleWebKit/537.36+(KHTML,+like+Gecko)+Chrome/81.0.4044.138+Safari/537.36 http://localhost:4721/registerproperty.aspx 302 0 0 15
2020-05-29 20:32:31 ::1 GET /userprofile.aspx - 4721 - ::1 Mozilla/5.0+(Windows+NT+10.0;+Win64;+x64)+AppleWebKit/537.36+(KHTML,+like+Gecko)+Chrome/81.0.4044.138+Safari/537.36 http://localhost:4721/registerproperty.aspx 200 0 0 912
2020-05-29 20:32:33 ::1 GET /Datatables/images/sort_both.png - 4721 - ::1 Mozilla/5.0+(Windows+NT+10.0;+Win64;+x64)+AppleWebKit/537.36+(KHTML,+like+Gecko)+Chrome/81.0.4044.138+Safari/537.36 http://localhost:4721/Datatables/CSS/jquery.dataTables.min.css 404 0 2 3
2020-05-29 20:32:33 ::1 GET /Datatables/images/sort_asc.png - 4721 - ::1 Mozilla/5.0+(Windows+NT+10.0;+Win64;+x64)+AppleWebKit/537.36+(KHTML,+like+Gecko)+Chrome/81.0.4044.138+Safari/537.36 http://localhost:4721/Datatables/CSS/jquery.dataTables.min.css 404 0 2 2
2020-05-29 20:32:34 ::1 GET /__browserLink/requestData/e40c391d8fe34092bba2a37c277b07b9 - 4721 - ::1 Mozilla/5.0+(Windows+NT+10.0;+Win64;+x64)+AppleWebKit/537.36+(KHTML,+like+Gecko)+Chrome/81.0.4044.138+Safari/537.36 http://localhost:4721/userprofile.aspx 200 0 0 8
2020-05-29 20:32:40 ::1 POST /userprofile.aspx - 4721 - ::1 Mozilla/5.0+(Windows+NT+10.0;+Win64;+x64)+AppleWebKit/537.36+(KHTML,+like+Gecko)+Chrome/81.0.4044.138+Safari/537.36 http://localhost:4721/userprofile.aspx 200 0 0 48
2020-05-29 20:32:43 ::1 GET /Datatables/images/sort_both.png - 4721 - ::1 Mozilla/5.0+(Windows+NT+10.0;+Win64;+x64)+AppleWebKit/537.36+(KHTML,+like+Gecko)+Chrome/81.0.4044.138+Safari/537.36 http://localhost:4721/Datatables/CSS/jquery.dataTables.min.css 404 0 2 2
2020-05-29 20:32:43 ::1 GET /Datatables/images/sort_asc.png - 4721 - ::1 Mozilla/5.0+(Windows+NT+10.0;+Win64;+x64)+AppleWebKit/537.36+(KHTML,+like+Gecko)+Chrome/81.0.4044.138+Safari/537.36 http://localhost:4721/Datatables/CSS/jquery.dataTables.min.css 404 0 2 3
2020-05-29 20:32:43 ::1 GET /__browserLink/requestData/b65ca60200754be9b7d1d49c1d93e268 - 4721 - ::1 Mozilla/5.0+(Windows+NT+10.0;+Win64;+x64)+AppleWebKit/537.36+(KHTML,+like+Gecko)+Chrome/81.0.4044.138+Safari/537.36 http://localhost:4721/userprofile.aspx 200 0 0 9
2020-05-29 20:33:33 ::1 POST /userprofile.aspx - 4721 - ::1 Mozilla/5.0+(Windows+NT+10.0;+Win64;+x64)+AppleWebKit/537.36+(KHTML,+like+Gecko)+Chrome/81.0.4044.138+Safari/537.36 http://localhost:4721/userprofile.aspx 302 0 0 9
2020-05-29 20:33:33 ::1 GET /homepage.aspx - 4721 - ::1 Mozilla/5.0+(Windows+NT+10.0;+Win64;+x64)+AppleWebKit/537.36+(KHTML,+like+Gecko)+Chrome/81.0.4044.138+Safari/537.36 http://localhost:4721/userprofile.aspx 200 0 0 8
2020-05-29 20:33:34 ::1 GET /__browserLink/requestData/6be7e305c18744018998e0d0478de4c6 - 4721 - ::1 Mozilla/5.0+(Windows+NT+10.0;+Win64;+x64)+AppleWebKit/537.36+(KHTML,+like+Gecko)+Chrome/81.0.4044.138+Safari/537.36 http://localhost:4721/homepage.aspx 200 0 0 5
2020-05-29 20:33:36 ::1 POST /homepage.aspx - 4721 - ::1 Mozilla/5.0+(Windows+NT+10.0;+Win64;+x64)+AppleWebKit/537.36+(KHTML,+like+Gecko)+Chrome/81.0.4044.138+Safari/537.36 http://localhost:4721/homepage.aspx 302 0 0 8
2020-05-29 20:33:36 ::1 GET /viewproperties.aspx - 4721 - ::1 Mozilla/5.0+(Windows+NT+10.0;+Win64;+x64)+AppleWebKit/537.36+(KHTML,+like+Gecko)+Chrome/81.0.4044.138+Safari/537.36 http://localhost:4721/homepage.aspx 200 0 0 14
2020-05-29 20:33:36 ::1 GET /Datatables/images/sort_both.png - 4721 - ::1 Mozilla/5.0+(Windows+NT+10.0;+Win64;+x64)+AppleWebKit/537.36+(KHTML,+like+Gecko)+Chrome/81.0.4044.138+Safari/537.36 http://localhost:4721/Datatables/CSS/jquery.dataTables.min.css 404 0 2 1
2020-05-29 20:33:36 ::1 GET /Datatables/images/sort_asc.png - 4721 - ::1 Mozilla/5.0+(Windows+NT+10.0;+Win64;+x64)+AppleWebKit/537.36+(KHTML,+like+Gecko)+Chrome/81.0.4044.138+Safari/537.36 http://localhost:4721/Datatables/CSS/jquery.dataTables.min.css 404 0 2 1
2020-05-29 20:33:37 ::1 GET /__browserLink/requestData/93cc8f468b294e7f9f6b0e5f56cecc6b - 4721 - ::1 Mozilla/5.0+(Windows+NT+10.0;+Win64;+x64)+AppleWebKit/537.36+(KHTML,+like+Gecko)+Chrome/81.0.4044.138+Safari/537.36 http://localhost:4721/viewproperties.aspx 200 0 0 12
2020-05-29 20:38:37 ::1 GET /9bfe01d5d4a84d388b030d3e53d6231e/arterySignalR/ping requestUrl=http%3A%2F%2Flocalhost%3A4721%2Fviewproperties.aspx&browserName=Chrome&_=1590784717207 4721 - ::1 Mozilla/5.0+(Windows+NT+10.0;+Win64;+x64)+AppleWebKit/537.36+(KHTML,+like+Gecko)+Chrome/81.0.4044.138+Safari/537.36 http://localhost:4721/viewproperties.aspx 404 0 2 239
2020-05-29 20:43:37 ::1 GET /9bfe01d5d4a84d388b030d3e53d6231e/arterySignalR/ping requestUrl=http%3A%2F%2Flocalhost%3A4721%2Fviewproperties.aspx&browserName=Chrome&_=1590785017207 4721 - ::1 Mozilla/5.0+(Windows+NT+10.0;+Win64;+x64)+AppleWebKit/537.36+(KHTML,+like+Gecko)+Chrome/81.0.4044.138+Safari/537.36 http://localhost:4721/viewproperties.aspx 404 0 2 11
2020-05-29 20:48:37 ::1 GET /9bfe01d5d4a84d388b030d3e53d6231e/arterySignalR/ping requestUrl=http%3A%2F%2Flocalhost%3A4721%2Fviewproperties.aspx&browserName=Chrome&_=1590785317200 4721 - ::1 Mozilla/5.0+(Windows+NT+10.0;+Win64;+x64)+AppleWebKit/537.36+(KHTML,+like+Gecko)+Chrome/81.0.4044.138+Safari/537.36 http://localhost:4721/viewproperties.aspx 404 0 2 11
2020-05-29 20:53:37 ::1 GET /9bfe01d5d4a84d388b030d3e53d6231e/arterySignalR/ping requestUrl=http%3A%2F%2Flocalhost%3A4721%2Fviewproperties.aspx&browserName=Chrome&_=1590785617195 4721 - ::1 Mozilla/5.0+(Windows+NT+10.0;+Win64;+x64)+AppleWebKit/537.36+(KHTML,+like+Gecko)+Chrome/81.0.4044.138+Safari/537.36 http://localhost:4721/viewproperties.aspx 404 0 2 8
2020-05-29 20:58:37 ::1 GET /9bfe01d5d4a84d388b030d3e53d6231e/arterySignalR/ping requestUrl=http%3A%2F%2Flocalhost%3A4721%2Fviewproperties.aspx&browserName=Chrome&_=1590785917196 4721 - ::1 Mozilla/5.0+(Windows+NT+10.0;+Win64;+x64)+AppleWebKit/537.36+(KHTML,+like+Gecko)+Chrome/81.0.4044.138+Safari/537.36 http://localhost:4721/viewproperties.aspx 404 0 2 10
2020-05-29 21:03:37 ::1 GET /9bfe01d5d4a84d388b030d3e53d6231e/arterySignalR/ping requestUrl=http%3A%2F%2Flocalhost%3A4721%2Fviewproperties.aspx&browserName=Chrome&_=1590786217197 4721 - ::1 Mozilla/5.0+(Windows+NT+10.0;+Win64;+x64)+AppleWebKit/537.36+(KHTML,+like+Gecko)+Chrome/81.0.4044.138+Safari/537.36 http://localhost:4721/viewproperties.aspx 404 0 2 12
