#Software: Microsoft Internet Information Services 8.0
#Version: 1.0
#Date: 2020-04-13 18:20:20
#Fields: date time s-ip cs-method cs-uri-stem cs-uri-query s-port cs-username c-ip cs(User-Agent) cs(Referer) sc-status sc-substatus sc-win32-status time-taken
2020-04-13 18:20:20 ::1 GET /userprofile.aspx - 4721 - ::1 Mozilla/5.0+(Windows+NT+10.0;+Win64;+x64)+AppleWebKit/537.36+(KHTML,+like+Gecko)+Chrome/80.0.3987.149+Safari/537.36 - 500 0 0 15992
2020-04-13 18:20:27 ::1 GET /userprofile.aspx - 4721 - ::1 Mozilla/5.0+(Windows+NT+10.0;+Win64;+x64)+AppleWebKit/537.36+(KHTML,+like+Gecko)+Chrome/80.0.3987.149+Safari/537.36 - 500 0 0 65
2020-04-13 18:21:20 ::1 GET /userprofile.aspx - 4721 - ::1 Mozilla/5.0+(Windows+NT+10.0;+Win64;+x64)+AppleWebKit/537.36+(KHTML,+like+Gecko)+Chrome/80.0.3987.149+Safari/537.36 - 500 0 0 862
2020-04-13 18:21:25 ::1 GET /userprofile.aspx - 4721 - ::1 Mozilla/5.0+(Windows+NT+10.0;+Win64;+x64)+AppleWebKit/537.36+(KHTML,+like+Gecko)+Chrome/80.0.3987.149+Safari/537.36 - 500 0 0 45
2020-04-13 18:21:42 ::1 GET /homepage.aspx - 4721 - ::1 Mozilla/5.0+(Windows+NT+10.0;+Win64;+x64)+AppleWebKit/537.36+(KHTML,+like+Gecko)+Chrome/80.0.3987.149+Safari/537.36 - 200 0 0 2619
2020-04-13 18:21:43 ::1 GET /CSS/MYstyleSheet.css - 4721 - ::1 Mozilla/5.0+(Windows+NT+10.0;+Win64;+x64)+AppleWebKit/537.36+(KHTML,+like+Gecko)+Chrome/80.0.3987.149+Safari/537.36 http://localhost:4721/homepage.aspx 304 0 0 203
2020-04-13 18:21:43 ::1 GET /Datatables/CSS/jquery.dataTables.min.css - 4721 - ::1 Mozilla/5.0+(Windows+NT+10.0;+Win64;+x64)+AppleWebKit/537.36+(KHTML,+like+Gecko)+Chrome/80.0.3987.149+Safari/537.36 http://localhost:4721/homepage.aspx 304 0 0 213
2020-04-13 18:21:43 ::1 GET /Bootstrap/CSS/bootstrap.min.css - 4721 - ::1 Mozilla/5.0+(Windows+NT+10.0;+Win64;+x64)+AppleWebKit/537.36+(KHTML,+like+Gecko)+Chrome/80.0.3987.149+Safari/537.36 http://localhost:4721/homepage.aspx 304 0 0 232
2020-04-13 18:21:43 ::1 GET /Fontawesome/css/all.css - 4721 - ::1 Mozilla/5.0+(Windows+NT+10.0;+Win64;+x64)+AppleWebKit/537.36+(KHTML,+like+Gecko)+Chrome/80.0.3987.149+Safari/537.36 http://localhost:4721/homepage.aspx 304 0 0 453
2020-04-13 18:21:43 ::1 GET /imgs/cartoon-house_6460-139.jpg - 4721 - ::1 Mozilla/5.0+(Windows+NT+10.0;+Win64;+x64)+AppleWebKit/537.36+(KHTML,+like+Gecko)+Chrome/80.0.3987.149+Safari/537.36 http://localhost:4721/homepage.aspx 304 0 0 10
2020-04-13 18:21:43 ::1 GET /imgs/header.jpg - 4721 - ::1 Mozilla/5.0+(Windows+NT+10.0;+Win64;+x64)+AppleWebKit/537.36+(KHTML,+like+Gecko)+Chrome/80.0.3987.149+Safari/537.36 http://localhost:4721/homepage.aspx 304 0 0 2
2020-04-13 18:21:43 ::1 GET /imgs/example+3.jpg - 4721 - ::1 Mozilla/5.0+(Windows+NT+10.0;+Win64;+x64)+AppleWebKit/537.36+(KHTML,+like+Gecko)+Chrome/80.0.3987.149+Safari/537.36 http://localhost:4721/homepage.aspx 304 0 0 2
2020-04-13 18:21:44 ::1 GET /imgs/Witbank-Mall.jpg - 4721 - ::1 Mozilla/5.0+(Windows+NT+10.0;+Win64;+x64)+AppleWebKit/537.36+(KHTML,+like+Gecko)+Chrome/80.0.3987.149+Safari/537.36 http://localhost:4721/homepage.aspx 304 0 0 24
2020-04-13 18:21:44 ::1 GET /imgs/kitchen+Header.jpg - 4721 - ::1 Mozilla/5.0+(Windows+NT+10.0;+Win64;+x64)+AppleWebKit/537.36+(KHTML,+like+Gecko)+Chrome/80.0.3987.149+Safari/537.36 http://localhost:4721/homepage.aspx 304 0 0 3
2020-04-13 18:21:44 ::1 GET /imgs/search.png - 4721 - ::1 Mozilla/5.0+(Windows+NT+10.0;+Win64;+x64)+AppleWebKit/537.36+(KHTML,+like+Gecko)+Chrome/80.0.3987.149+Safari/537.36 http://localhost:4721/homepage.aspx 304 0 0 211
2020-04-13 18:21:44 ::1 GET /imgs/sing+up.png - 4721 - ::1 Mozilla/5.0+(Windows+NT+10.0;+Win64;+x64)+AppleWebKit/537.36+(KHTML,+like+Gecko)+Chrome/80.0.3987.149+Safari/537.36 http://localhost:4721/homepage.aspx 304 0 0 35
2020-04-13 18:21:44 ::1 GET /Bootstrap/JS/popper.min.js - 4721 - ::1 Mozilla/5.0+(Windows+NT+10.0;+Win64;+x64)+AppleWebKit/537.36+(KHTML,+like+Gecko)+Chrome/80.0.3987.149+Safari/537.36 http://localhost:4721/homepage.aspx 304 0 0 1457
2020-04-13 18:21:44 ::1 GET /Bootstrap/JS/bootstrap.min.js - 4721 - ::1 Mozilla/5.0+(Windows+NT+10.0;+Win64;+x64)+AppleWebKit/537.36+(KHTML,+like+Gecko)+Chrome/80.0.3987.149+Safari/537.36 http://localhost:4721/homepage.aspx 304 0 0 1262
2020-04-13 18:21:44 ::1 GET /Bootstrap/JS/jquery-3.4.1.slim.min.js - 4721 - ::1 Mozilla/5.0+(Windows+NT+10.0;+Win64;+x64)+AppleWebKit/537.36+(KHTML,+like+Gecko)+Chrome/80.0.3987.149+Safari/537.36 http://localhost:4721/homepage.aspx 304 0 0 1838
2020-04-13 18:21:54 ::1 GET /__browserLink/requestData/71a406f51bcd43f6a552d1f692cc50b8 - 4721 - ::1 Mozilla/5.0+(Windows+NT+10.0;+Win64;+x64)+AppleWebKit/537.36+(KHTML,+like+Gecko)+Chrome/80.0.3987.149+Safari/537.36 http://localhost:4721/homepage.aspx 200 0 0 607
2020-04-13 18:22:25 ::1 GET /userlogin.aspx - 4721 - ::1 Mozilla/5.0+(Windows+NT+10.0;+Win64;+x64)+AppleWebKit/537.36+(KHTML,+like+Gecko)+Chrome/80.0.3987.149+Safari/537.36 - 200 0 0 1075
2020-04-13 18:22:25 ::1 GET /imgs/generaluser.png - 4721 - ::1 Mozilla/5.0+(Windows+NT+10.0;+Win64;+x64)+AppleWebKit/537.36+(KHTML,+like+Gecko)+Chrome/80.0.3987.149+Safari/537.36 http://localhost:4721/userlogin.aspx 304 0 0 32
2020-04-13 18:22:25 ::1 GET /imgs/generaluser.png - 4721 - ::1 Mozilla/5.0+(Windows+NT+10.0;+Win64;+x64)+AppleWebKit/537.36+(KHTML,+like+Gecko)+Chrome/80.0.3987.149+Safari/537.36 http://localhost:4721/userlogin.aspx 304 0 0 3
2020-04-13 18:22:27 ::1 GET /__browserLink/requestData/7f20625784be48989a55a78a64afb7e5 - 4721 - ::1 Mozilla/5.0+(Windows+NT+10.0;+Win64;+x64)+AppleWebKit/537.36+(KHTML,+like+Gecko)+Chrome/80.0.3987.149+Safari/537.36 http://localhost:4721/userlogin.aspx 200 0 0 4
2020-04-13 18:22:43 ::1 GET /userprofile.aspx - 4721 - ::1 Mozilla/5.0+(Windows+NT+10.0;+Win64;+x64)+AppleWebKit/537.36+(KHTML,+like+Gecko)+Chrome/80.0.3987.149+Safari/537.36 - 500 0 0 17
2020-04-13 18:23:14 ::1 GET /usersingup.aspx - 4721 - ::1 Mozilla/5.0+(Windows+NT+10.0;+Win64;+x64)+AppleWebKit/537.36+(KHTML,+like+Gecko)+Chrome/80.0.3987.149+Safari/537.36 - 200 0 0 392
2020-04-13 18:23:17 ::1 GET /__browserLink/requestData/ce5f81137c4e4c6aae93b8282aa18410 - 4721 - ::1 Mozilla/5.0+(Windows+NT+10.0;+Win64;+x64)+AppleWebKit/537.36+(KHTML,+like+Gecko)+Chrome/80.0.3987.149+Safari/537.36 http://localhost:4721/usersingup.aspx 200 0 0 61
2020-04-13 18:23:29 ::1 GET /userprofile.aspx - 4721 - ::1 Mozilla/5.0+(Windows+NT+10.0;+Win64;+x64)+AppleWebKit/537.36+(KHTML,+like+Gecko)+Chrome/80.0.3987.149+Safari/537.36 - 500 0 0 10
2020-04-13 18:23:43 ::1 GET /usersingup.aspx - 4721 - ::1 Mozilla/5.0+(Windows+NT+10.0;+Win64;+x64)+AppleWebKit/537.36+(KHTML,+like+Gecko)+Chrome/80.0.3987.149+Safari/537.36 - 200 0 0 5
2020-04-13 18:23:44 ::1 GET /__browserLink/requestData/af817c6a6ccd43c49eba980a9a23df0e - 4721 - ::1 Mozilla/5.0+(Windows+NT+10.0;+Win64;+x64)+AppleWebKit/537.36+(KHTML,+like+Gecko)+Chrome/80.0.3987.149+Safari/537.36 http://localhost:4721/usersingup.aspx 200 0 0 7
2020-04-13 18:27:03 ::1 GET /userprofile.aspx - 4721 - ::1 Mozilla/5.0+(Windows+NT+10.0;+Win64;+x64)+AppleWebKit/537.36+(KHTML,+like+Gecko)+Chrome/80.0.3987.149+Safari/537.36 - 200 0 0 10314
2020-04-13 18:27:03 ::1 GET /__browserLink/requestData/e078992133594ac49fedd8f1e9dc6c98 - 4721 - ::1 Mozilla/5.0+(Windows+NT+10.0;+Win64;+x64)+AppleWebKit/537.36+(KHTML,+like+Gecko)+Chrome/80.0.3987.149+Safari/537.36 http://localhost:4721/userprofile.aspx 200 0 0 12
2020-04-13 18:30:38 ::1 GET /userprofile.aspx - 4721 - ::1 Mozilla/5.0+(Windows+NT+10.0;+Win64;+x64)+AppleWebKit/537.36+(KHTML,+like+Gecko)+Chrome/80.0.3987.149+Safari/537.36 http://localhost:4721/userprofile.aspx 200 0 0 1325
2020-04-13 18:30:39 ::1 GET /__browserLink/requestData/603be76ae7d64080919bfc16bfae4131 - 4721 - ::1 Mozilla/5.0+(Windows+NT+10.0;+Win64;+x64)+AppleWebKit/537.36+(KHTML,+like+Gecko)+Chrome/80.0.3987.149+Safari/537.36 http://localhost:4721/userprofile.aspx 200 0 0 4
2020-04-13 18:30:51 ::1 GET /usersingup.aspx - 4721 - ::1 Mozilla/5.0+(Windows+NT+10.0;+Win64;+x64)+AppleWebKit/537.36+(KHTML,+like+Gecko)+Chrome/80.0.3987.149+Safari/537.36 - 200 0 0 29
2020-04-13 18:30:54 ::1 GET /__browserLink/requestData/7e40524701384243ac04cd11dcb4a015 - 4721 - ::1 Mozilla/5.0+(Windows+NT+10.0;+Win64;+x64)+AppleWebKit/537.36+(KHTML,+like+Gecko)+Chrome/80.0.3987.149+Safari/537.36 http://localhost:4721/usersingup.aspx 200 0 0 7
2020-04-13 18:32:26 ::1 GET /userprofile.aspx - 4721 - ::1 Mozilla/5.0+(Windows+NT+10.0;+Win64;+x64)+AppleWebKit/537.36+(KHTML,+like+Gecko)+Chrome/80.0.3987.149+Safari/537.36 - 200 0 0 1615
2020-04-13 18:32:28 ::1 GET /__browserLink/requestData/5aeb0ce45e384766adeedf087f1e46cc - 4721 - ::1 Mozilla/5.0+(Windows+NT+10.0;+Win64;+x64)+AppleWebKit/537.36+(KHTML,+like+Gecko)+Chrome/80.0.3987.149+Safari/537.36 http://localhost:4721/userprofile.aspx 200 0 0 5
2020-04-13 18:32:41 ::1 GET /userprofile.aspx - 4721 - ::1 Mozilla/5.0+(Windows+NT+10.0;+Win64;+x64)+AppleWebKit/537.36+(KHTML,+like+Gecko)+Chrome/80.0.3987.149+Safari/537.36 http://localhost:4721/userprofile.aspx 200 0 0 3239
2020-04-13 18:32:41 ::1 GET /__browserLink/requestData/c52daf132df54ea5b828f40a86d1f63f - 4721 - ::1 Mozilla/5.0+(Windows+NT+10.0;+Win64;+x64)+AppleWebKit/537.36+(KHTML,+like+Gecko)+Chrome/80.0.3987.149+Safari/537.36 http://localhost:4721/userprofile.aspx 200 0 0 11
2020-04-13 18:37:36 ::1 GET /userprofile.aspx - 4721 - ::1 Mozilla/5.0+(Windows+NT+10.0;+Win64;+x64)+AppleWebKit/537.36+(KHTML,+like+Gecko)+Chrome/80.0.3987.149+Safari/537.36 http://localhost:4721/userprofile.aspx 200 0 0 975
2020-04-13 18:37:38 ::1 GET /__browserLink/requestData/c672046f16d3444e9f89419f7022aaa6 - 4721 - ::1 Mozilla/5.0+(Windows+NT+10.0;+Win64;+x64)+AppleWebKit/537.36+(KHTML,+like+Gecko)+Chrome/80.0.3987.149+Safari/537.36 http://localhost:4721/userprofile.aspx 200 0 0 32
2020-04-13 18:42:38 ::1 GET /bec05126cc3a44e48383fc1af047e344/arterySignalR/ping requestUrl=http%3A%2F%2Flocalhost%3A4721%2Fuserprofile.aspx&browserName=Chrome&_=1586803358616 4721 - ::1 Mozilla/5.0+(Windows+NT+10.0;+Win64;+x64)+AppleWebKit/537.36+(KHTML,+like+Gecko)+Chrome/80.0.3987.149+Safari/537.36 http://localhost:4721/userprofile.aspx 404 0 2 129
2020-04-13 18:47:38 ::1 GET /bec05126cc3a44e48383fc1af047e344/arterySignalR/ping requestUrl=http%3A%2F%2Flocalhost%3A4721%2Fuserprofile.aspx&browserName=Chrome&_=1586803658597 4721 - ::1 Mozilla/5.0+(Windows+NT+10.0;+Win64;+x64)+AppleWebKit/537.36+(KHTML,+like+Gecko)+Chrome/80.0.3987.149+Safari/537.36 http://localhost:4721/userprofile.aspx 404 0 2 8
2020-04-13 18:47:58 ::1 GET /userprofile.aspx - 4721 - ::1 Mozilla/5.0+(Windows+NT+10.0;+Win64;+x64)+AppleWebKit/537.36+(KHTML,+like+Gecko)+Chrome/80.0.3987.149+Safari/537.36 http://localhost:4721/userprofile.aspx 200 0 0 1353
2020-04-13 18:48:00 ::1 GET /__browserLink/requestData/f24b26d2cfec4762ab7cb3904690d1f5 - 4721 - ::1 Mozilla/5.0+(Windows+NT+10.0;+Win64;+x64)+AppleWebKit/537.36+(KHTML,+like+Gecko)+Chrome/80.0.3987.149+Safari/537.36 http://localhost:4721/userprofile.aspx 200 0 0 45
2020-04-13 18:53:00 ::1 GET /bec05126cc3a44e48383fc1af047e344/arterySignalR/ping requestUrl=http%3A%2F%2Flocalhost%3A4721%2Fuserprofile.aspx&browserName=Chrome&_=1586803980598 4721 - ::1 Mozilla/5.0+(Windows+NT+10.0;+Win64;+x64)+AppleWebKit/537.36+(KHTML,+like+Gecko)+Chrome/80.0.3987.149+Safari/537.36 http://localhost:4721/userprofile.aspx 404 0 2 33
2020-04-13 18:53:04 ::1 GET /userprofile.aspx - 4721 - ::1 Mozilla/5.0+(Windows+NT+10.0;+Win64;+x64)+AppleWebKit/537.36+(KHTML,+like+Gecko)+Chrome/80.0.3987.149+Safari/537.36 http://localhost:4721/userprofile.aspx 200 0 0 1333
2020-04-13 18:53:05 ::1 GET /__browserLink/requestData/6b362ddff3a0453fa9b7bb30a8d3b14c - 4721 - ::1 Mozilla/5.0+(Windows+NT+10.0;+Win64;+x64)+AppleWebKit/537.36+(KHTML,+like+Gecko)+Chrome/80.0.3987.149+Safari/537.36 http://localhost:4721/userprofile.aspx 200 0 0 33
2020-04-13 18:58:05 ::1 GET /bec05126cc3a44e48383fc1af047e344/arterySignalR/ping requestUrl=http%3A%2F%2Flocalhost%3A4721%2Fuserprofile.aspx&browserName=Chrome&_=1586804285606 4721 - ::1 Mozilla/5.0+(Windows+NT+10.0;+Win64;+x64)+AppleWebKit/537.36+(KHTML,+like+Gecko)+Chrome/80.0.3987.149+Safari/537.36 http://localhost:4721/userprofile.aspx 404 0 2 11
2020-04-13 19:03:05 ::1 GET /bec05126cc3a44e48383fc1af047e344/arterySignalR/ping requestUrl=http%3A%2F%2Flocalhost%3A4721%2Fuserprofile.aspx&browserName=Chrome&_=1586804585593 4721 - ::1 Mozilla/5.0+(Windows+NT+10.0;+Win64;+x64)+AppleWebKit/537.36+(KHTML,+like+Gecko)+Chrome/80.0.3987.149+Safari/537.36 http://localhost:4721/userprofile.aspx 404 0 2 25
2020-04-13 19:08:05 ::1 GET /bec05126cc3a44e48383fc1af047e344/arterySignalR/ping requestUrl=http%3A%2F%2Flocalhost%3A4721%2Fuserprofile.aspx&browserName=Chrome&_=1586804885595 4721 - ::1 Mozilla/5.0+(Windows+NT+10.0;+Win64;+x64)+AppleWebKit/537.36+(KHTML,+like+Gecko)+Chrome/80.0.3987.149+Safari/537.36 http://localhost:4721/userprofile.aspx 404 0 2 33
2020-04-13 19:13:05 ::1 GET /bec05126cc3a44e48383fc1af047e344/arterySignalR/ping requestUrl=http%3A%2F%2Flocalhost%3A4721%2Fuserprofile.aspx&browserName=Chrome&_=1586805185697 4721 - ::1 Mozilla/5.0+(Windows+NT+10.0;+Win64;+x64)+AppleWebKit/537.36+(KHTML,+like+Gecko)+Chrome/80.0.3987.149+Safari/537.36 http://localhost:4721/userprofile.aspx 404 0 2 44
2020-04-13 19:18:05 ::1 GET /bec05126cc3a44e48383fc1af047e344/arterySignalR/ping requestUrl=http%3A%2F%2Flocalhost%3A4721%2Fuserprofile.aspx&browserName=Chrome&_=1586805485599 4721 - ::1 Mozilla/5.0+(Windows+NT+10.0;+Win64;+x64)+AppleWebKit/537.36+(KHTML,+like+Gecko)+Chrome/80.0.3987.149+Safari/537.36 http://localhost:4721/userprofile.aspx 404 0 2 92
2020-04-13 19:23:05 ::1 GET /bec05126cc3a44e48383fc1af047e344/arterySignalR/ping requestUrl=http%3A%2F%2Flocalhost%3A4721%2Fuserprofile.aspx&browserName=Chrome&_=1586805785594 4721 - ::1 Mozilla/5.0+(Windows+NT+10.0;+Win64;+x64)+AppleWebKit/537.36+(KHTML,+like+Gecko)+Chrome/80.0.3987.149+Safari/537.36 http://localhost:4721/userprofile.aspx 404 0 2 11
2020-04-13 19:28:05 ::1 GET /bec05126cc3a44e48383fc1af047e344/arterySignalR/ping requestUrl=http%3A%2F%2Flocalhost%3A4721%2Fuserprofile.aspx&browserName=Chrome&_=1586806085595 4721 - ::1 Mozilla/5.0+(Windows+NT+10.0;+Win64;+x64)+AppleWebKit/537.36+(KHTML,+like+Gecko)+Chrome/80.0.3987.149+Safari/537.36 http://localhost:4721/userprofile.aspx 404 0 2 8
2020-04-13 19:33:05 ::1 GET /bec05126cc3a44e48383fc1af047e344/arterySignalR/ping requestUrl=http%3A%2F%2Flocalhost%3A4721%2Fuserprofile.aspx&browserName=Chrome&_=1586806385595 4721 - ::1 Mozilla/5.0+(Windows+NT+10.0;+Win64;+x64)+AppleWebKit/537.36+(KHTML,+like+Gecko)+Chrome/80.0.3987.149+Safari/537.36 http://localhost:4721/userprofile.aspx 404 0 2 20
2020-04-13 19:38:05 ::1 GET /bec05126cc3a44e48383fc1af047e344/arterySignalR/ping requestUrl=http%3A%2F%2Flocalhost%3A4721%2Fuserprofile.aspx&browserName=Chrome&_=1586806685595 4721 - ::1 Mozilla/5.0+(Windows+NT+10.0;+Win64;+x64)+AppleWebKit/537.36+(KHTML,+like+Gecko)+Chrome/80.0.3987.149+Safari/537.36 http://localhost:4721/userprofile.aspx 404 0 2 9
2020-04-13 19:43:04 ::1 GET /bec05126cc3a44e48383fc1af047e344/arterySignalR/ping requestUrl=http%3A%2F%2Flocalhost%3A4721%2Fuserprofile.aspx&browserName=Chrome&_=1586806984806 4721 - ::1 Mozilla/5.0+(Windows+NT+10.0;+Win64;+x64)+AppleWebKit/537.36+(KHTML,+like+Gecko)+Chrome/80.0.3987.149+Safari/537.36 http://localhost:4721/userprofile.aspx 404 0 2 14
2020-04-13 19:48:05 ::1 GET /bec05126cc3a44e48383fc1af047e344/arterySignalR/ping requestUrl=http%3A%2F%2Flocalhost%3A4721%2Fuserprofile.aspx&browserName=Chrome&_=1586807285594 4721 - ::1 Mozilla/5.0+(Windows+NT+10.0;+Win64;+x64)+AppleWebKit/537.36+(KHTML,+like+Gecko)+Chrome/80.0.3987.149+Safari/537.36 http://localhost:4721/userprofile.aspx 404 0 2 35
2020-04-13 19:53:05 ::1 GET /bec05126cc3a44e48383fc1af047e344/arterySignalR/ping requestUrl=http%3A%2F%2Flocalhost%3A4721%2Fuserprofile.aspx&browserName=Chrome&_=1586807585605 4721 - ::1 Mozilla/5.0+(Windows+NT+10.0;+Win64;+x64)+AppleWebKit/537.36+(KHTML,+like+Gecko)+Chrome/80.0.3987.149+Safari/537.36 http://localhost:4721/userprofile.aspx 404 0 2 4
2020-04-13 19:56:06 ::1 GET /userprofile.aspx - 4721 - ::1 Mozilla/5.0+(Windows+NT+10.0;+Win64;+x64)+AppleWebKit/537.36+(KHTML,+like+Gecko)+Chrome/80.0.3987.149+Safari/537.36 http://localhost:4721/userprofile.aspx 500 0 0 2899
2020-04-13 20:02:01 ::1 GET /userprofile.aspx - 4721 - ::1 Mozilla/5.0+(Windows+NT+10.0;+Win64;+x64)+AppleWebKit/537.36+(KHTML,+like+Gecko)+Chrome/80.0.3987.149+Safari/537.36 http://localhost:4721/userprofile.aspx 200 0 0 932
2020-04-13 20:02:02 ::1 GET /__browserLink/requestData/9ecd0f79f4344353a398dea7ef5bcb1a - 4721 - ::1 Mozilla/5.0+(Windows+NT+10.0;+Win64;+x64)+AppleWebKit/537.36+(KHTML,+like+Gecko)+Chrome/80.0.3987.149+Safari/537.36 http://localhost:4721/userprofile.aspx 200 0 0 26
2020-04-13 20:02:43 ::1 GET /userprofile.aspx - 4721 - ::1 Mozilla/5.0+(Windows+NT+10.0;+Win64;+x64)+AppleWebKit/537.36+(KHTML,+like+Gecko)+Chrome/80.0.3987.149+Safari/537.36 http://localhost:4721/userprofile.aspx 200 0 0 940
2020-04-13 20:02:44 ::1 GET /__browserLink/requestData/0b2d83b8c2894f649b7808c853f2ee9b - 4721 - ::1 Mozilla/5.0+(Windows+NT+10.0;+Win64;+x64)+AppleWebKit/537.36+(KHTML,+like+Gecko)+Chrome/80.0.3987.149+Safari/537.36 http://localhost:4721/userprofile.aspx 200 0 0 7
2020-04-13 20:05:10 ::1 GET /userprofile.aspx - 4721 - ::1 Mozilla/5.0+(Windows+NT+10.0;+Win64;+x64)+AppleWebKit/537.36+(KHTML,+like+Gecko)+Chrome/80.0.3987.149+Safari/537.36 http://localhost:4721/userprofile.aspx 200 0 0 701
2020-04-13 20:05:12 ::1 GET /__browserLink/requestData/5b2784c0c16340a1b9202f4182a7c7b5 - 4721 - ::1 Mozilla/5.0+(Windows+NT+10.0;+Win64;+x64)+AppleWebKit/537.36+(KHTML,+like+Gecko)+Chrome/80.0.3987.149+Safari/537.36 http://localhost:4721/userprofile.aspx 200 0 0 9
2020-04-13 20:07:21 ::1 GET /userprofile.aspx - 4721 - ::1 Mozilla/5.0+(Windows+NT+10.0;+Win64;+x64)+AppleWebKit/537.36+(KHTML,+like+Gecko)+Chrome/80.0.3987.149+Safari/537.36 http://localhost:4721/userprofile.aspx 200 0 0 752
2020-04-13 20:07:22 ::1 GET /__browserLink/requestData/afee1bffe97d4ca68a6485d9135561b1 - 4721 - ::1 Mozilla/5.0+(Windows+NT+10.0;+Win64;+x64)+AppleWebKit/537.36+(KHTML,+like+Gecko)+Chrome/80.0.3987.149+Safari/537.36 http://localhost:4721/userprofile.aspx 200 0 0 24
2020-04-13 20:09:34 ::1 GET /userprofile.aspx - 4721 - ::1 Mozilla/5.0+(Windows+NT+10.0;+Win64;+x64)+AppleWebKit/537.36+(KHTML,+like+Gecko)+Chrome/80.0.3987.149+Safari/537.36 http://localhost:4721/userprofile.aspx 200 0 0 862
2020-04-13 20:09:39 ::1 GET /__browserLink/requestData/3fb71b7965d9485e8831bc122961bea9 - 4721 - ::1 Mozilla/5.0+(Windows+NT+10.0;+Win64;+x64)+AppleWebKit/537.36+(KHTML,+like+Gecko)+Chrome/80.0.3987.149+Safari/537.36 http://localhost:4721/userprofile.aspx 200 0 0 6
2020-04-13 20:14:36 ::1 GET /bec05126cc3a44e48383fc1af047e344/arterySignalR/ping requestUrl=http%3A%2F%2Flocalhost%3A4721%2Fuserprofile.aspx&browserName=Chrome&_=1586808876609 4721 - ::1 Mozilla/5.0+(Windows+NT+10.0;+Win64;+x64)+AppleWebKit/537.36+(KHTML,+like+Gecko)+Chrome/80.0.3987.149+Safari/537.36 http://localhost:4721/userprofile.aspx 404 0 2 6
2020-04-13 20:19:36 ::1 GET /bec05126cc3a44e48383fc1af047e344/arterySignalR/ping requestUrl=http%3A%2F%2Flocalhost%3A4721%2Fuserprofile.aspx&browserName=Chrome&_=1586809176594 4721 - ::1 Mozilla/5.0+(Windows+NT+10.0;+Win64;+x64)+AppleWebKit/537.36+(KHTML,+like+Gecko)+Chrome/80.0.3987.149+Safari/537.36 http://localhost:4721/userprofile.aspx 404 0 2 6
2020-04-13 20:19:42 ::1 GET /userprofile.aspx - 4721 - ::1 Mozilla/5.0+(Windows+NT+10.0;+Win64;+x64)+AppleWebKit/537.36+(KHTML,+like+Gecko)+Chrome/80.0.3987.149+Safari/537.36 http://localhost:4721/userprofile.aspx 200 0 0 3473
2020-04-13 20:19:42 ::1 GET /imgs/example4.png - 4721 - ::1 Mozilla/5.0+(Windows+NT+10.0;+Win64;+x64)+AppleWebKit/537.36+(KHTML,+like+Gecko)+Chrome/80.0.3987.149+Safari/537.36 http://localhost:4721/userprofile.aspx 404 0 2 3
2020-04-13 20:19:44 ::1 GET /__browserLink/requestData/2d01f51e111444eba89dc5cf4fe4ad4a - 4721 - ::1 Mozilla/5.0+(Windows+NT+10.0;+Win64;+x64)+AppleWebKit/537.36+(KHTML,+like+Gecko)+Chrome/80.0.3987.149+Safari/537.36 http://localhost:4721/userprofile.aspx 200 0 0 16
2020-04-13 20:20:57 ::1 GET /userprofile.aspx - 4721 - ::1 Mozilla/5.0+(Windows+NT+10.0;+Win64;+x64)+AppleWebKit/537.36+(KHTML,+like+Gecko)+Chrome/80.0.3987.149+Safari/537.36 http://localhost:4721/userprofile.aspx 200 0 0 783
2020-04-13 20:20:57 ::1 GET /imgs/example4.jpeg - 4721 - ::1 Mozilla/5.0+(Windows+NT+10.0;+Win64;+x64)+AppleWebKit/537.36+(KHTML,+like+Gecko)+Chrome/80.0.3987.149+Safari/537.36 http://localhost:4721/userprofile.aspx 200 0 0 100
2020-04-13 20:20:59 ::1 GET /__browserLink/requestData/88f1032e299d49c4949cb239caafb0cb - 4721 - ::1 Mozilla/5.0+(Windows+NT+10.0;+Win64;+x64)+AppleWebKit/537.36+(KHTML,+like+Gecko)+Chrome/80.0.3987.149+Safari/537.36 http://localhost:4721/userprofile.aspx 200 0 0 9
2020-04-13 20:25:59 ::1 GET /bec05126cc3a44e48383fc1af047e344/arterySignalR/ping requestUrl=http%3A%2F%2Flocalhost%3A4721%2Fuserprofile.aspx&browserName=Chrome&_=1586809559605 4721 - ::1 Mozilla/5.0+(Windows+NT+10.0;+Win64;+x64)+AppleWebKit/537.36+(KHTML,+like+Gecko)+Chrome/80.0.3987.149+Safari/537.36 http://localhost:4721/userprofile.aspx 404 0 2 6
2020-04-13 20:28:31 ::1 GET /userprofile.aspx - 4721 - ::1 Mozilla/5.0+(Windows+NT+10.0;+Win64;+x64)+AppleWebKit/537.36+(KHTML,+like+Gecko)+Chrome/80.0.3987.149+Safari/537.36 http://localhost:4721/userprofile.aspx 200 0 0 2152
2020-04-13 20:28:33 ::1 GET /__browserLink/requestData/0f9fd83daed548418fede843cc787947 - 4721 - ::1 Mozilla/5.0+(Windows+NT+10.0;+Win64;+x64)+AppleWebKit/537.36+(KHTML,+like+Gecko)+Chrome/80.0.3987.149+Safari/537.36 http://localhost:4721/userprofile.aspx 200 0 0 11
2020-04-13 20:33:33 ::1 GET /bec05126cc3a44e48383fc1af047e344/arterySignalR/ping requestUrl=http%3A%2F%2Flocalhost%3A4721%2Fuserprofile.aspx&browserName=Chrome&_=1586810013608 4721 - ::1 Mozilla/5.0+(Windows+NT+10.0;+Win64;+x64)+AppleWebKit/537.36+(KHTML,+like+Gecko)+Chrome/80.0.3987.149+Safari/537.36 http://localhost:4721/userprofile.aspx 404 0 2 14
2020-04-13 20:37:47 ::1 GET /userprofile.aspx - 4721 - ::1 Mozilla/5.0+(Windows+NT+10.0;+Win64;+x64)+AppleWebKit/537.36+(KHTML,+like+Gecko)+Chrome/80.0.3987.149+Safari/537.36 http://localhost:4721/userprofile.aspx 200 0 0 3689
2020-04-13 20:37:49 ::1 GET /__browserLink/requestData/8b79a1fc7cb2407db4c720be20650fac - 4721 - ::1 Mozilla/5.0+(Windows+NT+10.0;+Win64;+x64)+AppleWebKit/537.36+(KHTML,+like+Gecko)+Chrome/80.0.3987.149+Safari/537.36 http://localhost:4721/userprofile.aspx 200 0 0 15
2020-04-13 20:42:49 ::1 GET /bec05126cc3a44e48383fc1af047e344/arterySignalR/ping requestUrl=http%3A%2F%2Flocalhost%3A4721%2Fuserprofile.aspx&browserName=Chrome&_=1586810569610 4721 - ::1 Mozilla/5.0+(Windows+NT+10.0;+Win64;+x64)+AppleWebKit/537.36+(KHTML,+like+Gecko)+Chrome/80.0.3987.149+Safari/537.36 http://localhost:4721/userprofile.aspx 404 0 2 109
2020-04-13 20:47:49 ::1 GET /bec05126cc3a44e48383fc1af047e344/arterySignalR/ping requestUrl=http%3A%2F%2Flocalhost%3A4721%2Fuserprofile.aspx&browserName=Chrome&_=1586810869595 4721 - ::1 Mozilla/5.0+(Windows+NT+10.0;+Win64;+x64)+AppleWebKit/537.36+(KHTML,+like+Gecko)+Chrome/80.0.3987.149+Safari/537.36 http://localhost:4721/userprofile.aspx 404 0 2 10
2020-04-13 20:48:08 ::1 GET /userprofile.aspx - 4721 - ::1 Mozilla/5.0+(Windows+NT+10.0;+Win64;+x64)+AppleWebKit/537.36+(KHTML,+like+Gecko)+Chrome/80.0.3987.149+Safari/537.36 http://localhost:4721/userprofile.aspx 500 0 0 2521
2020-04-13 20:49:07 ::1 GET /userprofile.aspx - 4721 - ::1 Mozilla/5.0+(Windows+NT+10.0;+Win64;+x64)+AppleWebKit/537.36+(KHTML,+like+Gecko)+Chrome/80.0.3987.149+Safari/537.36 http://localhost:4721/userprofile.aspx 500 0 0 16
2020-04-13 20:50:36 ::1 GET /userprofile.aspx - 4721 - ::1 Mozilla/5.0+(Windows+NT+10.0;+Win64;+x64)+AppleWebKit/537.36+(KHTML,+like+Gecko)+Chrome/80.0.3987.149+Safari/537.36 http://localhost:4721/userprofile.aspx 500 0 0 16
2020-04-13 20:52:01 ::1 GET /userprofile.aspx - 4721 - ::1 Mozilla/5.0+(Windows+NT+10.0;+Win64;+x64)+AppleWebKit/537.36+(KHTML,+like+Gecko)+Chrome/80.0.3987.149+Safari/537.36 http://localhost:4721/userprofile.aspx 200 0 0 967
2020-04-13 20:52:02 ::1 GET /__browserLink/requestData/d5aafef3b7e5434a96cda8c0146440a3 - 4721 - ::1 Mozilla/5.0+(Windows+NT+10.0;+Win64;+x64)+AppleWebKit/537.36+(KHTML,+like+Gecko)+Chrome/80.0.3987.149+Safari/537.36 http://localhost:4721/userprofile.aspx 200 0 0 12
2020-04-13 20:57:02 ::1 GET /bec05126cc3a44e48383fc1af047e344/arterySignalR/ping requestUrl=http%3A%2F%2Flocalhost%3A4721%2Fuserprofile.aspx&browserName=Chrome&_=1586811422614 4721 - ::1 Mozilla/5.0+(Windows+NT+10.0;+Win64;+x64)+AppleWebKit/537.36+(KHTML,+like+Gecko)+Chrome/80.0.3987.149+Safari/537.36 http://localhost:4721/userprofile.aspx 404 0 2 11
2020-04-13 21:02:06 ::1 GET /bec05126cc3a44e48383fc1af047e344/arterySignalR/ping requestUrl=http%3A%2F%2Flocalhost%3A4721%2Fuserprofile.aspx&browserName=Chrome&_=1586811722596 4721 - ::1 Mozilla/5.0+(Windows+NT+10.0;+Win64;+x64)+AppleWebKit/537.36+(KHTML,+like+Gecko)+Chrome/80.0.3987.149+Safari/537.36 http://localhost:4721/userprofile.aspx 404 0 2 15
2020-04-13 21:07:02 ::1 GET /bec05126cc3a44e48383fc1af047e344/arterySignalR/ping requestUrl=http%3A%2F%2Flocalhost%3A4721%2Fuserprofile.aspx&browserName=Chrome&_=1586812022594 4721 - ::1 Mozilla/5.0+(Windows+NT+10.0;+Win64;+x64)+AppleWebKit/537.36+(KHTML,+like+Gecko)+Chrome/80.0.3987.149+Safari/537.36 http://localhost:4721/userprofile.aspx 404 0 2 9
2020-04-13 21:12:02 ::1 GET /bec05126cc3a44e48383fc1af047e344/arterySignalR/ping requestUrl=http%3A%2F%2Flocalhost%3A4721%2Fuserprofile.aspx&browserName=Chrome&_=1586812322599 4721 - ::1 Mozilla/5.0+(Windows+NT+10.0;+Win64;+x64)+AppleWebKit/537.36+(KHTML,+like+Gecko)+Chrome/80.0.3987.149+Safari/537.36 http://localhost:4721/userprofile.aspx 404 0 2 5
2020-04-13 21:17:02 ::1 GET /bec05126cc3a44e48383fc1af047e344/arterySignalR/ping requestUrl=http%3A%2F%2Flocalhost%3A4721%2Fuserprofile.aspx&browserName=Chrome&_=1586812622596 4721 - ::1 Mozilla/5.0+(Windows+NT+10.0;+Win64;+x64)+AppleWebKit/537.36+(KHTML,+like+Gecko)+Chrome/80.0.3987.149+Safari/537.36 http://localhost:4721/userprofile.aspx 404 0 2 12
2020-04-13 21:22:02 ::1 GET /bec05126cc3a44e48383fc1af047e344/arterySignalR/ping requestUrl=http%3A%2F%2Flocalhost%3A4721%2Fuserprofile.aspx&browserName=Chrome&_=1586812922599 4721 - ::1 Mozilla/5.0+(Windows+NT+10.0;+Win64;+x64)+AppleWebKit/537.36+(KHTML,+like+Gecko)+Chrome/80.0.3987.149+Safari/537.36 http://localhost:4721/userprofile.aspx 404 0 2 7
2020-04-13 21:27:02 ::1 GET /bec05126cc3a44e48383fc1af047e344/arterySignalR/ping requestUrl=http%3A%2F%2Flocalhost%3A4721%2Fuserprofile.aspx&browserName=Chrome&_=1586813222595 4721 - ::1 Mozilla/5.0+(Windows+NT+10.0;+Win64;+x64)+AppleWebKit/537.36+(KHTML,+like+Gecko)+Chrome/80.0.3987.149+Safari/537.36 http://localhost:4721/userprofile.aspx 404 0 2 12
2020-04-13 21:32:02 ::1 GET /bec05126cc3a44e48383fc1af047e344/arterySignalR/ping requestUrl=http%3A%2F%2Flocalhost%3A4721%2Fuserprofile.aspx&browserName=Chrome&_=1586813522595 4721 - ::1 Mozilla/5.0+(Windows+NT+10.0;+Win64;+x64)+AppleWebKit/537.36+(KHTML,+like+Gecko)+Chrome/80.0.3987.149+Safari/537.36 http://localhost:4721/userprofile.aspx 404 0 2 67
2020-04-13 21:37:02 ::1 GET /bec05126cc3a44e48383fc1af047e344/arterySignalR/ping requestUrl=http%3A%2F%2Flocalhost%3A4721%2Fuserprofile.aspx&browserName=Chrome&_=1586813822593 4721 - ::1 Mozilla/5.0+(Windows+NT+10.0;+Win64;+x64)+AppleWebKit/537.36+(KHTML,+like+Gecko)+Chrome/80.0.3987.149+Safari/537.36 http://localhost:4721/userprofile.aspx 404 0 2 12
2020-04-13 21:42:02 ::1 GET /bec05126cc3a44e48383fc1af047e344/arterySignalR/ping requestUrl=http%3A%2F%2Flocalhost%3A4721%2Fuserprofile.aspx&browserName=Chrome&_=1586814122596 4721 - ::1 Mozilla/5.0+(Windows+NT+10.0;+Win64;+x64)+AppleWebKit/537.36+(KHTML,+like+Gecko)+Chrome/80.0.3987.149+Safari/537.36 http://localhost:4721/userprofile.aspx 404 0 2 11
2020-04-13 21:47:02 ::1 GET /bec05126cc3a44e48383fc1af047e344/arterySignalR/ping requestUrl=http%3A%2F%2Flocalhost%3A4721%2Fuserprofile.aspx&browserName=Chrome&_=1586814422598 4721 - ::1 Mozilla/5.0+(Windows+NT+10.0;+Win64;+x64)+AppleWebKit/537.36+(KHTML,+like+Gecko)+Chrome/80.0.3987.149+Safari/537.36 http://localhost:4721/userprofile.aspx 404 0 2 8
2020-04-13 21:52:02 ::1 GET /bec05126cc3a44e48383fc1af047e344/arterySignalR/ping requestUrl=http%3A%2F%2Flocalhost%3A4721%2Fuserprofile.aspx&browserName=Chrome&_=1586814722593 4721 - ::1 Mozilla/5.0+(Windows+NT+10.0;+Win64;+x64)+AppleWebKit/537.36+(KHTML,+like+Gecko)+Chrome/80.0.3987.149+Safari/537.36 http://localhost:4721/userprofile.aspx 404 0 2 47
2020-04-13 21:57:02 ::1 GET /bec05126cc3a44e48383fc1af047e344/arterySignalR/ping requestUrl=http%3A%2F%2Flocalhost%3A4721%2Fuserprofile.aspx&browserName=Chrome&_=1586815022598 4721 - ::1 Mozilla/5.0+(Windows+NT+10.0;+Win64;+x64)+AppleWebKit/537.36+(KHTML,+like+Gecko)+Chrome/80.0.3987.149+Safari/537.36 http://localhost:4721/userprofile.aspx 404 0 2 15
2020-04-13 22:02:02 ::1 GET /bec05126cc3a44e48383fc1af047e344/arterySignalR/ping requestUrl=http%3A%2F%2Flocalhost%3A4721%2Fuserprofile.aspx&browserName=Chrome&_=1586815322595 4721 - ::1 Mozilla/5.0+(Windows+NT+10.0;+Win64;+x64)+AppleWebKit/537.36+(KHTML,+like+Gecko)+Chrome/80.0.3987.149+Safari/537.36 http://localhost:4721/userprofile.aspx 404 0 2 11
2020-04-13 22:07:02 ::1 GET /bec05126cc3a44e48383fc1af047e344/arterySignalR/ping requestUrl=http%3A%2F%2Flocalhost%3A4721%2Fuserprofile.aspx&browserName=Chrome&_=1586815622597 4721 - ::1 Mozilla/5.0+(Windows+NT+10.0;+Win64;+x64)+AppleWebKit/537.36+(KHTML,+like+Gecko)+Chrome/80.0.3987.149+Safari/537.36 http://localhost:4721/userprofile.aspx 404 0 2 11
2020-04-13 22:12:02 ::1 GET /bec05126cc3a44e48383fc1af047e344/arterySignalR/ping requestUrl=http%3A%2F%2Flocalhost%3A4721%2Fuserprofile.aspx&browserName=Chrome&_=1586815922593 4721 - ::1 Mozilla/5.0+(Windows+NT+10.0;+Win64;+x64)+AppleWebKit/537.36+(KHTML,+like+Gecko)+Chrome/80.0.3987.149+Safari/537.36 http://localhost:4721/userprofile.aspx 404 0 2 14
2020-04-13 22:17:02 ::1 GET /bec05126cc3a44e48383fc1af047e344/arterySignalR/ping requestUrl=http%3A%2F%2Flocalhost%3A4721%2Fuserprofile.aspx&browserName=Chrome&_=1586816222595 4721 - ::1 Mozilla/5.0+(Windows+NT+10.0;+Win64;+x64)+AppleWebKit/537.36+(KHTML,+like+Gecko)+Chrome/80.0.3987.149+Safari/537.36 http://localhost:4721/userprofile.aspx 404 0 2 11
2020-04-13 22:22:02 ::1 GET /bec05126cc3a44e48383fc1af047e344/arterySignalR/ping requestUrl=http%3A%2F%2Flocalhost%3A4721%2Fuserprofile.aspx&browserName=Chrome&_=1586816522595 4721 - ::1 Mozilla/5.0+(Windows+NT+10.0;+Win64;+x64)+AppleWebKit/537.36+(KHTML,+like+Gecko)+Chrome/80.0.3987.149+Safari/537.36 http://localhost:4721/userprofile.aspx 404 0 2 12
2020-04-13 22:27:02 ::1 GET /bec05126cc3a44e48383fc1af047e344/arterySignalR/ping requestUrl=http%3A%2F%2Flocalhost%3A4721%2Fuserprofile.aspx&browserName=Chrome&_=1586816822596 4721 - ::1 Mozilla/5.0+(Windows+NT+10.0;+Win64;+x64)+AppleWebKit/537.36+(KHTML,+like+Gecko)+Chrome/80.0.3987.149+Safari/537.36 http://localhost:4721/userprofile.aspx 404 0 2 11
2020-04-13 22:32:02 ::1 GET /bec05126cc3a44e48383fc1af047e344/arterySignalR/ping requestUrl=http%3A%2F%2Flocalhost%3A4721%2Fuserprofile.aspx&browserName=Chrome&_=1586817122595 4721 - ::1 Mozilla/5.0+(Windows+NT+10.0;+Win64;+x64)+AppleWebKit/537.36+(KHTML,+like+Gecko)+Chrome/80.0.3987.149+Safari/537.36 http://localhost:4721/userprofile.aspx 404 0 2 12
2020-04-13 22:37:02 ::1 GET /bec05126cc3a44e48383fc1af047e344/arterySignalR/ping requestUrl=http%3A%2F%2Flocalhost%3A4721%2Fuserprofile.aspx&browserName=Chrome&_=1586817422594 4721 - ::1 Mozilla/5.0+(Windows+NT+10.0;+Win64;+x64)+AppleWebKit/537.36+(KHTML,+like+Gecko)+Chrome/80.0.3987.149+Safari/537.36 http://localhost:4721/userprofile.aspx 404 0 2 12
2020-04-13 22:42:02 ::1 GET /bec05126cc3a44e48383fc1af047e344/arterySignalR/ping requestUrl=http%3A%2F%2Flocalhost%3A4721%2Fuserprofile.aspx&browserName=Chrome&_=1586817722599 4721 - ::1 Mozilla/5.0+(Windows+NT+10.0;+Win64;+x64)+AppleWebKit/537.36+(KHTML,+like+Gecko)+Chrome/80.0.3987.149+Safari/537.36 http://localhost:4721/userprofile.aspx 404 0 2 22
2020-04-13 22:47:02 ::1 GET /bec05126cc3a44e48383fc1af047e344/arterySignalR/ping requestUrl=http%3A%2F%2Flocalhost%3A4721%2Fuserprofile.aspx&browserName=Chrome&_=1586818022595 4721 - ::1 Mozilla/5.0+(Windows+NT+10.0;+Win64;+x64)+AppleWebKit/537.36+(KHTML,+like+Gecko)+Chrome/80.0.3987.149+Safari/537.36 http://localhost:4721/userprofile.aspx 404 0 2 16
2020-04-13 22:52:02 ::1 GET /bec05126cc3a44e48383fc1af047e344/arterySignalR/ping requestUrl=http%3A%2F%2Flocalhost%3A4721%2Fuserprofile.aspx&browserName=Chrome&_=1586818322594 4721 - ::1 Mozilla/5.0+(Windows+NT+10.0;+Win64;+x64)+AppleWebKit/537.36+(KHTML,+like+Gecko)+Chrome/80.0.3987.149+Safari/537.36 http://localhost:4721/userprofile.aspx 404 0 2 8
2020-04-13 22:57:02 ::1 GET /bec05126cc3a44e48383fc1af047e344/arterySignalR/ping requestUrl=http%3A%2F%2Flocalhost%3A4721%2Fuserprofile.aspx&browserName=Chrome&_=1586818622596 4721 - ::1 Mozilla/5.0+(Windows+NT+10.0;+Win64;+x64)+AppleWebKit/537.36+(KHTML,+like+Gecko)+Chrome/80.0.3987.149+Safari/537.36 http://localhost:4721/userprofile.aspx 404 0 2 6
#Software: Microsoft Internet Information Services 8.0
#Version: 1.0
#Date: 2020-04-13 23:02:02
#Fields: date time s-ip cs-method cs-uri-stem cs-uri-query s-port cs-username c-ip cs(User-Agent) cs(Referer) sc-status sc-substatus sc-win32-status time-taken
2020-04-13 23:02:02 ::1 GET /bec05126cc3a44e48383fc1af047e344/arterySignalR/ping requestUrl=http%3A%2F%2Flocalhost%3A4721%2Fuserprofile.aspx&browserName=Chrome&_=1586818922595 4721 - ::1 Mozilla/5.0+(Windows+NT+10.0;+Win64;+x64)+AppleWebKit/537.36+(KHTML,+like+Gecko)+Chrome/80.0.3987.149+Safari/537.36 http://localhost:4721/userprofile.aspx 404 0 2 7
2020-04-13 23:07:02 ::1 GET /bec05126cc3a44e48383fc1af047e344/arterySignalR/ping requestUrl=http%3A%2F%2Flocalhost%3A4721%2Fuserprofile.aspx&browserName=Chrome&_=1586819222594 4721 - ::1 Mozilla/5.0+(Windows+NT+10.0;+Win64;+x64)+AppleWebKit/537.36+(KHTML,+like+Gecko)+Chrome/80.0.3987.149+Safari/537.36 http://localhost:4721/userprofile.aspx 404 0 2 12
2020-04-13 23:12:02 ::1 GET /bec05126cc3a44e48383fc1af047e344/arterySignalR/ping requestUrl=http%3A%2F%2Flocalhost%3A4721%2Fuserprofile.aspx&browserName=Chrome&_=1586819522597 4721 - ::1 Mozilla/5.0+(Windows+NT+10.0;+Win64;+x64)+AppleWebKit/537.36+(KHTML,+like+Gecko)+Chrome/80.0.3987.149+Safari/537.36 http://localhost:4721/userprofile.aspx 404 0 2 9
2020-04-13 23:17:02 ::1 GET /bec05126cc3a44e48383fc1af047e344/arterySignalR/ping requestUrl=http%3A%2F%2Flocalhost%3A4721%2Fuserprofile.aspx&browserName=Chrome&_=1586819822596 4721 - ::1 Mozilla/5.0+(Windows+NT+10.0;+Win64;+x64)+AppleWebKit/537.36+(KHTML,+like+Gecko)+Chrome/80.0.3987.149+Safari/537.36 http://localhost:4721/userprofile.aspx 404 0 2 12
2020-04-13 23:22:02 ::1 GET /bec05126cc3a44e48383fc1af047e344/arterySignalR/ping requestUrl=http%3A%2F%2Flocalhost%3A4721%2Fuserprofile.aspx&browserName=Chrome&_=1586820122597 4721 - ::1 Mozilla/5.0+(Windows+NT+10.0;+Win64;+x64)+AppleWebKit/537.36+(KHTML,+like+Gecko)+Chrome/80.0.3987.149+Safari/537.36 http://localhost:4721/userprofile.aspx 404 0 2 7
2020-04-13 23:27:02 ::1 GET /bec05126cc3a44e48383fc1af047e344/arterySignalR/ping requestUrl=http%3A%2F%2Flocalhost%3A4721%2Fuserprofile.aspx&browserName=Chrome&_=1586820422596 4721 - ::1 Mozilla/5.0+(Windows+NT+10.0;+Win64;+x64)+AppleWebKit/537.36+(KHTML,+like+Gecko)+Chrome/80.0.3987.149+Safari/537.36 http://localhost:4721/userprofile.aspx 404 0 2 14
2020-04-13 23:32:02 ::1 GET /bec05126cc3a44e48383fc1af047e344/arterySignalR/ping requestUrl=http%3A%2F%2Flocalhost%3A4721%2Fuserprofile.aspx&browserName=Chrome&_=1586820722600 4721 - ::1 Mozilla/5.0+(Windows+NT+10.0;+Win64;+x64)+AppleWebKit/537.36+(KHTML,+like+Gecko)+Chrome/80.0.3987.149+Safari/537.36 http://localhost:4721/userprofile.aspx 404 0 2 11
2020-04-13 23:37:02 ::1 GET /bec05126cc3a44e48383fc1af047e344/arterySignalR/ping requestUrl=http%3A%2F%2Flocalhost%3A4721%2Fuserprofile.aspx&browserName=Chrome&_=1586821022594 4721 - ::1 Mozilla/5.0+(Windows+NT+10.0;+Win64;+x64)+AppleWebKit/537.36+(KHTML,+like+Gecko)+Chrome/80.0.3987.149+Safari/537.36 http://localhost:4721/userprofile.aspx 404 0 2 9
2020-04-13 23:42:02 ::1 GET /bec05126cc3a44e48383fc1af047e344/arterySignalR/ping requestUrl=http%3A%2F%2Flocalhost%3A4721%2Fuserprofile.aspx&browserName=Chrome&_=1586821322597 4721 - ::1 Mozilla/5.0+(Windows+NT+10.0;+Win64;+x64)+AppleWebKit/537.36+(KHTML,+like+Gecko)+Chrome/80.0.3987.149+Safari/537.36 http://localhost:4721/userprofile.aspx 404 0 2 15
2020-04-13 23:47:02 ::1 GET /bec05126cc3a44e48383fc1af047e344/arterySignalR/ping requestUrl=http%3A%2F%2Flocalhost%3A4721%2Fuserprofile.aspx&browserName=Chrome&_=1586821622612 4721 - ::1 Mozilla/5.0+(Windows+NT+10.0;+Win64;+x64)+AppleWebKit/537.36+(KHTML,+like+Gecko)+Chrome/80.0.3987.149+Safari/537.36 http://localhost:4721/userprofile.aspx 404 0 2 100
2020-04-13 23:52:02 ::1 GET /bec05126cc3a44e48383fc1af047e344/arterySignalR/ping requestUrl=http%3A%2F%2Flocalhost%3A4721%2Fuserprofile.aspx&browserName=Chrome&_=1586821922593 4721 - ::1 Mozilla/5.0+(Windows+NT+10.0;+Win64;+x64)+AppleWebKit/537.36+(KHTML,+like+Gecko)+Chrome/80.0.3987.149+Safari/537.36 http://localhost:4721/userprofile.aspx 404 0 2 9
2020-04-13 23:57:02 ::1 GET /bec05126cc3a44e48383fc1af047e344/arterySignalR/ping requestUrl=http%3A%2F%2Flocalhost%3A4721%2Fuserprofile.aspx&browserName=Chrome&_=1586822222593 4721 - ::1 Mozilla/5.0+(Windows+NT+10.0;+Win64;+x64)+AppleWebKit/537.36+(KHTML,+like+Gecko)+Chrome/80.0.3987.149+Safari/537.36 http://localhost:4721/userprofile.aspx 404 0 2 16
