#Software: Microsoft Internet Information Services 8.0
#Version: 1.0
#Date: 2020-04-02 12:29:24
#Fields: date time s-ip cs-method cs-uri-stem cs-uri-query s-port cs-username c-ip cs(User-Agent) cs(Referer) sc-status sc-substatus sc-win32-status time-taken
2020-04-02 12:29:24 ::1 GET /WebForm1.aspx - 4721 - ::1 Mozilla/5.0+(Windows+NT+10.0;+Win64;+x64)+AppleWebKit/537.36+(KHTML,+like+Gecko)+Chrome/80.0.3987.149+Safari/537.36 - 200 0 0 19587
2020-04-02 12:29:24 ::1 GET /Bootstrap/JS/jquery-3.4.1.slim.min.js - 4721 - ::1 Mozilla/5.0+(Windows+NT+10.0;+Win64;+x64)+AppleWebKit/537.36+(KHTML,+like+Gecko)+Chrome/80.0.3987.149+Safari/537.36 http://localhost:4721/WebForm1.aspx 200 0 0 160
2020-04-02 12:29:24 ::1 GET /Bootstrap/JS/popper.min.js - 4721 - ::1 Mozilla/5.0+(Windows+NT+10.0;+Win64;+x64)+AppleWebKit/537.36+(KHTML,+like+Gecko)+Chrome/80.0.3987.149+Safari/537.36 http://localhost:4721/WebForm1.aspx 200 0 0 173
2020-04-02 12:29:24 ::1 GET /Bootstrap/JS/bootstrap.min.js - 4721 - ::1 Mozilla/5.0+(Windows+NT+10.0;+Win64;+x64)+AppleWebKit/537.36+(KHTML,+like+Gecko)+Chrome/80.0.3987.149+Safari/537.36 http://localhost:4721/WebForm1.aspx 200 0 0 207
2020-04-02 12:29:24 ::1 GET /Bootstrap/CSS/bootstrap.min.css - 4721 - ::1 Mozilla/5.0+(Windows+NT+10.0;+Win64;+x64)+AppleWebKit/537.36+(KHTML,+like+Gecko)+Chrome/80.0.3987.149+Safari/537.36 http://localhost:4721/WebForm1.aspx 200 0 0 303
2020-04-02 12:29:24 ::1 GET /Fontawesome/css/all.css - 4721 - ::1 Mozilla/5.0+(Windows+NT+10.0;+Win64;+x64)+AppleWebKit/537.36+(KHTML,+like+Gecko)+Chrome/80.0.3987.149+Safari/537.36 http://localhost:4721/WebForm1.aspx 200 0 0 315
2020-04-02 12:29:24 ::1 GET /Datatables/CSS/jquery.dataTables.min.css - 4721 - ::1 Mozilla/5.0+(Windows+NT+10.0;+Win64;+x64)+AppleWebKit/537.36+(KHTML,+like+Gecko)+Chrome/80.0.3987.149+Safari/537.36 http://localhost:4721/WebForm1.aspx 200 0 0 345
2020-04-02 12:29:24 ::1 GET /imgs/cartoon-house_6460-139.jpg - 4721 - ::1 Mozilla/5.0+(Windows+NT+10.0;+Win64;+x64)+AppleWebKit/537.36+(KHTML,+like+Gecko)+Chrome/80.0.3987.149+Safari/537.36 http://localhost:4721/WebForm1.aspx 200 0 0 37
2020-04-02 12:29:28 ::1 GET /favicon.ico - 4721 - ::1 Mozilla/5.0+(Windows+NT+10.0;+Win64;+x64)+AppleWebKit/537.36+(KHTML,+like+Gecko)+Chrome/80.0.3987.149+Safari/537.36 http://localhost:4721/WebForm1.aspx 404 0 2 50
2020-04-02 12:29:38 ::1 GET /__browserLink/requestData/0986004228fa4fd3836add2677969e4a - 4721 - ::1 Mozilla/5.0+(Windows+NT+10.0;+Win64;+x64)+AppleWebKit/537.36+(KHTML,+like+Gecko)+Chrome/80.0.3987.149+Safari/537.36 http://localhost:4721/WebForm1.aspx 200 0 0 633
2020-04-02 12:33:17 ::1 GET /WebForm1.aspx - 4721 - ::1 Mozilla/5.0+(Windows+NT+10.0;+Win64;+x64)+AppleWebKit/537.36+(KHTML,+like+Gecko)+Chrome/80.0.3987.149+Safari/537.36 - 200 0 0 179
2020-04-02 12:33:18 ::1 GET /__browserLink/requestData/2218bb78227f4a04a20911d4edd3d8e5 - 4721 - ::1 Mozilla/5.0+(Windows+NT+10.0;+Win64;+x64)+AppleWebKit/537.36+(KHTML,+like+Gecko)+Chrome/80.0.3987.149+Safari/537.36 http://localhost:4721/WebForm1.aspx 200 0 0 8
2020-04-02 12:33:36 ::1 GET /WebForm1.aspx - 4721 - ::1 Mozilla/5.0+(Windows+NT+10.0;+Win64;+x64)+AppleWebKit/537.36+(KHTML,+like+Gecko)+Chrome/80.0.3987.149+Safari/537.36 - 200 0 0 5
2020-04-02 12:33:38 ::1 GET /__browserLink/requestData/60d47ed833fb4484987148945b5b8654 - 4721 - ::1 Mozilla/5.0+(Windows+NT+10.0;+Win64;+x64)+AppleWebKit/537.36+(KHTML,+like+Gecko)+Chrome/80.0.3987.149+Safari/537.36 http://localhost:4721/WebForm1.aspx 200 0 0 5
2020-04-02 12:34:02 ::1 GET /Bootstrap/JS/bootstrap.min.js.map - 4721 - ::1 Mozilla/5.0+(Windows+NT+10.0;+Win64;+x64)+AppleWebKit/537.36+(KHTML,+like+Gecko)+Chrome/80.0.3987.149+Safari/537.36 - 404 0 2 2
2020-04-02 12:34:02 ::1 GET /Bootstrap/JS/popper.min.js.map - 4721 - ::1 Mozilla/5.0+(Windows+NT+10.0;+Win64;+x64)+AppleWebKit/537.36+(KHTML,+like+Gecko)+Chrome/80.0.3987.149+Safari/537.36 - 404 0 2 4
2020-04-02 12:34:02 ::1 GET /Bootstrap/CSS/bootstrap.min.css.map - 4721 - ::1 Mozilla/5.0+(Windows+NT+10.0;+Win64;+x64)+AppleWebKit/537.36+(KHTML,+like+Gecko)+Chrome/80.0.3987.149+Safari/537.36 - 404 0 2 2
2020-04-02 12:34:39 ::1 GET /Bootstrap/JS/popper.min.js.map - 4721 - ::1 Mozilla/5.0+(Windows+NT+10.0;+Win64;+x64)+AppleWebKit/537.36+(KHTML,+like+Gecko)+Chrome/80.0.3987.149+Safari/537.36 - 404 0 2 3
2020-04-02 12:34:39 ::1 GET /Bootstrap/JS/bootstrap.min.js.map - 4721 - ::1 Mozilla/5.0+(Windows+NT+10.0;+Win64;+x64)+AppleWebKit/537.36+(KHTML,+like+Gecko)+Chrome/80.0.3987.149+Safari/537.36 - 404 0 2 2
2020-04-02 12:34:39 ::1 GET /Bootstrap/CSS/bootstrap.min.css.map - 4721 - ::1 Mozilla/5.0+(Windows+NT+10.0;+Win64;+x64)+AppleWebKit/537.36+(KHTML,+like+Gecko)+Chrome/80.0.3987.149+Safari/537.36 - 404 0 2 2
#Software: Microsoft Internet Information Services 8.0
#Version: 1.0
#Date: 2020-04-02 13:20:51
#Fields: date time s-ip cs-method cs-uri-stem cs-uri-query s-port cs-username c-ip cs(User-Agent) cs(Referer) sc-status sc-substatus sc-win32-status time-taken
2020-04-02 13:20:51 ::1 GET /WebForm1.aspx - 4721 - ::1 Mozilla/5.0+(Windows+NT+10.0;+Win64;+x64)+AppleWebKit/537.36+(KHTML,+like+Gecko)+Chrome/80.0.3987.149+Safari/537.36 - 200 0 0 5761
2020-04-02 13:20:51 ::1 GET /imgs/cartoon-house_6460-139.jpg - 4721 - ::1 Mozilla/5.0+(Windows+NT+10.0;+Win64;+x64)+AppleWebKit/537.36+(KHTML,+like+Gecko)+Chrome/80.0.3987.149+Safari/537.36 http://localhost:4721/WebForm1.aspx 304 0 0 29
2020-04-02 13:20:52 ::1 GET /__browserLink/requestData/c10a2ced31154c948ce3a40410a993bf - 4721 - ::1 Mozilla/5.0+(Windows+NT+10.0;+Win64;+x64)+AppleWebKit/537.36+(KHTML,+like+Gecko)+Chrome/80.0.3987.149+Safari/537.36 http://localhost:4721/WebForm1.aspx 200 0 0 13
2020-04-02 13:22:05 ::1 GET /WebForm1.aspx - 4721 - ::1 Mozilla/5.0+(Windows+NT+10.0;+Win64;+x64)+AppleWebKit/537.36+(KHTML,+like+Gecko)+Chrome/80.0.3987.149+Safari/537.36 - 200 0 0 1464
2020-04-02 13:22:06 ::1 GET /__browserLink/requestData/4b83fc716fc44373ba3bf73723a06dad - 4721 - ::1 Mozilla/5.0+(Windows+NT+10.0;+Win64;+x64)+AppleWebKit/537.36+(KHTML,+like+Gecko)+Chrome/80.0.3987.149+Safari/537.36 http://localhost:4721/WebForm1.aspx 200 0 0 6
2020-04-02 13:22:09 ::1 GET /WebForm1.aspx - 4721 - ::1 Mozilla/5.0+(Windows+NT+10.0;+Win64;+x64)+AppleWebKit/537.36+(KHTML,+like+Gecko)+Chrome/80.0.3987.149+Safari/537.36 - 200 0 0 11
2020-04-02 13:22:09 ::1 GET /__browserLink/requestData/a16e2c0ad3b64eafac62476a533c1207 - 4721 - ::1 Mozilla/5.0+(Windows+NT+10.0;+Win64;+x64)+AppleWebKit/537.36+(KHTML,+like+Gecko)+Chrome/80.0.3987.149+Safari/537.36 http://localhost:4721/WebForm1.aspx 200 0 0 4
2020-04-02 13:23:43 ::1 GET /WebForm1.aspx - 4721 - ::1 Mozilla/5.0+(Windows+NT+10.0;+Win64;+x64)+AppleWebKit/537.36+(KHTML,+like+Gecko)+Chrome/80.0.3987.149+Safari/537.36 - 200 0 0 4051
2020-04-02 13:23:43 ::1 GET /favicon.ico - 4721 - ::1 Mozilla/5.0+(Windows+NT+10.0;+Win64;+x64)+AppleWebKit/537.36+(KHTML,+like+Gecko)+Chrome/80.0.3987.149+Safari/537.36 http://localhost:4721/WebForm1.aspx 404 0 2 2
2020-04-02 13:23:45 ::1 GET /__browserLink/requestData/c2291ed2768a44f598202cc998f933c3 - 4721 - ::1 Mozilla/5.0+(Windows+NT+10.0;+Win64;+x64)+AppleWebKit/537.36+(KHTML,+like+Gecko)+Chrome/80.0.3987.149+Safari/537.36 http://localhost:4721/WebForm1.aspx 200 0 0 8
2020-04-02 13:30:06 ::1 GET /WebForm1.aspx - 4721 - ::1 Mozilla/5.0+(Windows+NT+10.0;+Win64;+x64)+AppleWebKit/537.36+(KHTML,+like+Gecko)+Chrome/80.0.3987.149+Safari/537.36 - 200 0 0 3267
2020-04-02 13:30:06 ::1 GET /favicon.ico - 4721 - ::1 Mozilla/5.0+(Windows+NT+10.0;+Win64;+x64)+AppleWebKit/537.36+(KHTML,+like+Gecko)+Chrome/80.0.3987.149+Safari/537.36 http://localhost:4721/WebForm1.aspx 404 0 2 4
2020-04-02 13:30:07 ::1 GET /__browserLink/requestData/d33f27fb4cab4006bc3e2d8fe241532c - 4721 - ::1 Mozilla/5.0+(Windows+NT+10.0;+Win64;+x64)+AppleWebKit/537.36+(KHTML,+like+Gecko)+Chrome/80.0.3987.149+Safari/537.36 http://localhost:4721/WebForm1.aspx 200 0 0 5
2020-04-02 13:31:26 ::1 GET /WebForm1.aspx - 4721 - ::1 Mozilla/5.0+(Windows+NT+10.0;+Win64;+x64)+AppleWebKit/537.36+(KHTML,+like+Gecko)+Chrome/80.0.3987.149+Safari/537.36 - 200 0 0 2540
2020-04-02 13:31:26 ::1 GET /favicon.ico - 4721 - ::1 Mozilla/5.0+(Windows+NT+10.0;+Win64;+x64)+AppleWebKit/537.36+(KHTML,+like+Gecko)+Chrome/80.0.3987.149+Safari/537.36 http://localhost:4721/WebForm1.aspx 404 0 2 3
2020-04-02 13:31:27 ::1 GET /__browserLink/requestData/438738b35a6c4bbb8ca13ce9be946031 - 4721 - ::1 Mozilla/5.0+(Windows+NT+10.0;+Win64;+x64)+AppleWebKit/537.36+(KHTML,+like+Gecko)+Chrome/80.0.3987.149+Safari/537.36 http://localhost:4721/WebForm1.aspx 200 0 0 5
2020-04-02 13:36:27 ::1 GET /f6c9f12eb7e94c2faffd2e84e2a391db/arterySignalR/ping requestUrl=http%3A%2F%2Flocalhost%3A4721%2FWebForm1.aspx&browserName=Chrome&_=1585834587129 4721 - ::1 Mozilla/5.0+(Windows+NT+10.0;+Win64;+x64)+AppleWebKit/537.36+(KHTML,+like+Gecko)+Chrome/80.0.3987.149+Safari/537.36 http://localhost:4721/WebForm1.aspx 404 0 2 172
2020-04-02 13:38:42 ::1 GET /WebForm1.aspx - 4721 - ::1 Mozilla/5.0+(Windows+NT+10.0;+Win64;+x64)+AppleWebKit/537.36+(KHTML,+like+Gecko)+Chrome/80.0.3987.149+Safari/537.36 - 200 0 0 1527
2020-04-02 13:38:42 ::1 GET /imgs/cartoon-house_6460-139.jpg - 4721 - ::1 Mozilla/5.0+(Windows+NT+10.0;+Win64;+x64)+AppleWebKit/537.36+(KHTML,+like+Gecko)+Chrome/80.0.3987.149+Safari/537.36 http://localhost:4721/WebForm1.aspx 304 0 0 11
2020-04-02 13:38:42 ::1 GET /__browserLink/requestData/0da7f301deb74689890fd69e82ff6306 - 4721 - ::1 Mozilla/5.0+(Windows+NT+10.0;+Win64;+x64)+AppleWebKit/537.36+(KHTML,+like+Gecko)+Chrome/80.0.3987.149+Safari/537.36 http://localhost:4721/WebForm1.aspx 200 0 0 8
2020-04-02 13:40:01 ::1 GET /WebForm1.aspx - 4721 - ::1 Mozilla/5.0+(Windows+NT+10.0;+Win64;+x64)+AppleWebKit/537.36+(KHTML,+like+Gecko)+Chrome/80.0.3987.149+Safari/537.36 - 200 0 0 1487
2020-04-02 13:40:02 ::1 GET /__browserLink/requestData/1dc9c1df85704fd4a836f617b6049329 - 4721 - ::1 Mozilla/5.0+(Windows+NT+10.0;+Win64;+x64)+AppleWebKit/537.36+(KHTML,+like+Gecko)+Chrome/80.0.3987.149+Safari/537.36 http://localhost:4721/WebForm1.aspx 200 0 0 10
2020-04-02 13:40:24 ::1 POST /WebForm1.aspx - 4721 - ::1 Mozilla/5.0+(Windows+NT+10.0;+Win64;+x64)+AppleWebKit/537.36+(KHTML,+like+Gecko)+Chrome/80.0.3987.149+Safari/537.36 http://localhost:4721/WebForm1.aspx 200 0 0 93
2020-04-02 13:40:24 ::1 GET /__browserLink/requestData/bb93d9cf5f1b477cbddde7f0e62bbe66 - 4721 - ::1 Mozilla/5.0+(Windows+NT+10.0;+Win64;+x64)+AppleWebKit/537.36+(KHTML,+like+Gecko)+Chrome/80.0.3987.149+Safari/537.36 http://localhost:4721/WebForm1.aspx 200 0 0 5
2020-04-02 13:40:26 ::1 POST /WebForm1.aspx - 4721 - ::1 Mozilla/5.0+(Windows+NT+10.0;+Win64;+x64)+AppleWebKit/537.36+(KHTML,+like+Gecko)+Chrome/80.0.3987.149+Safari/537.36 http://localhost:4721/WebForm1.aspx 200 0 0 12
2020-04-02 13:40:26 ::1 GET /__browserLink/requestData/9a0d961aabfb4778a7dfe178b2f89f64 - 4721 - ::1 Mozilla/5.0+(Windows+NT+10.0;+Win64;+x64)+AppleWebKit/537.36+(KHTML,+like+Gecko)+Chrome/80.0.3987.149+Safari/537.36 http://localhost:4721/WebForm1.aspx 200 0 0 6
2020-04-02 13:40:28 ::1 POST /WebForm1.aspx - 4721 - ::1 Mozilla/5.0+(Windows+NT+10.0;+Win64;+x64)+AppleWebKit/537.36+(KHTML,+like+Gecko)+Chrome/80.0.3987.149+Safari/537.36 http://localhost:4721/WebForm1.aspx 200 0 0 11
2020-04-02 13:40:28 ::1 GET /__browserLink/requestData/2e51a13bc0594ced8241074044142e65 - 4721 - ::1 Mozilla/5.0+(Windows+NT+10.0;+Win64;+x64)+AppleWebKit/537.36+(KHTML,+like+Gecko)+Chrome/80.0.3987.149+Safari/537.36 http://localhost:4721/WebForm1.aspx 200 0 0 5
2020-04-02 13:41:27 ::1 GET /f6c9f12eb7e94c2faffd2e84e2a391db/arterySignalR/ping requestUrl=http%3A%2F%2Flocalhost%3A4721%2FWebForm1.aspx&browserName=Chrome&_=1585834887120 4721 - ::1 Mozilla/5.0+(Windows+NT+10.0;+Win64;+x64)+AppleWebKit/537.36+(KHTML,+like+Gecko)+Chrome/80.0.3987.149+Safari/537.36 http://localhost:4721/WebForm1.aspx 404 0 2 11
2020-04-02 13:43:43 ::1 GET /f6c9f12eb7e94c2faffd2e84e2a391db/arterySignalR/ping requestUrl=http%3A%2F%2Flocalhost%3A4721%2FWebForm1.aspx&browserName=Chrome&_=1585835023124 4721 - ::1 Mozilla/5.0+(Windows+NT+10.0;+Win64;+x64)+AppleWebKit/537.36+(KHTML,+like+Gecko)+Chrome/80.0.3987.149+Safari/537.36 http://localhost:4721/WebForm1.aspx 404 0 2 12
2020-04-02 13:45:05 ::1 GET /WebForm1.aspx - 4721 - ::1 Mozilla/5.0+(Windows+NT+10.0;+Win64;+x64)+AppleWebKit/537.36+(KHTML,+like+Gecko)+Chrome/80.0.3987.149+Safari/537.36 http://localhost:4721/WebForm1.aspx 200 0 0 1402
2020-04-02 13:45:05 ::1 POST /WebForm1.aspx - 4721 - ::1 Mozilla/5.0+(Windows+NT+10.0;+Win64;+x64)+AppleWebKit/537.36+(KHTML,+like+Gecko)+Chrome/80.0.3987.149+Safari/537.36 http://localhost:4721/WebForm1.aspx 200 0 0 1375
2020-04-02 13:45:05 ::1 GET /WebForm1.aspx - 4721 - ::1 Mozilla/5.0+(Windows+NT+10.0;+Win64;+x64)+AppleWebKit/537.36+(KHTML,+like+Gecko)+Chrome/80.0.3987.149+Safari/537.36 http://localhost:4721/WebForm1.aspx 200 0 0 15
2020-04-02 13:45:05 ::1 GET /imgs/cartoon-house_6460-139.jpg - 4721 - ::1 Mozilla/5.0+(Windows+NT+10.0;+Win64;+x64)+AppleWebKit/537.36+(KHTML,+like+Gecko)+Chrome/80.0.3987.149+Safari/537.36 http://localhost:4721/WebForm1.aspx 304 0 0 2
2020-04-02 13:45:08 ::1 GET /__browserLink/requestData/316d31dbe9834ff1b48a95547a66d180 - 4721 - ::1 Mozilla/5.0+(Windows+NT+10.0;+Win64;+x64)+AppleWebKit/537.36+(KHTML,+like+Gecko)+Chrome/80.0.3987.149+Safari/537.36 http://localhost:4721/WebForm1.aspx 200 0 0 92
2020-04-02 13:45:08 ::1 GET /__browserLink/requestData/1d5c07da862e493ea69c961fb1c6a5a9 - 4721 - ::1 Mozilla/5.0+(Windows+NT+10.0;+Win64;+x64)+AppleWebKit/537.36+(KHTML,+like+Gecko)+Chrome/80.0.3987.149+Safari/537.36 http://localhost:4721/WebForm1.aspx 200 0 0 88
2020-04-02 13:45:08 ::1 GET /__browserLink/requestData/e34f83724c9c490190eafd6ed2dbd2d4 - 4721 - ::1 Mozilla/5.0+(Windows+NT+10.0;+Win64;+x64)+AppleWebKit/537.36+(KHTML,+like+Gecko)+Chrome/80.0.3987.149+Safari/537.36 http://localhost:4721/WebForm1.aspx 200 0 0 67
2020-04-02 13:46:01 ::1 GET /WebForm1.aspx - 4721 - ::1 Mozilla/5.0+(Windows+NT+10.0;+Win64;+x64)+AppleWebKit/537.36+(KHTML,+like+Gecko)+Chrome/80.0.3987.149+Safari/537.36 - 200 0 0 9
2020-04-02 13:46:02 ::1 GET /__browserLink/requestData/fff1eabb32424b81ba102d49057a95da - 4721 - ::1 Mozilla/5.0+(Windows+NT+10.0;+Win64;+x64)+AppleWebKit/537.36+(KHTML,+like+Gecko)+Chrome/80.0.3987.149+Safari/537.36 http://localhost:4721/WebForm1.aspx 200 0 0 7
2020-04-02 13:54:26 ::1 GET /WebForm1.aspx - 4721 - ::1 Mozilla/5.0+(Windows+NT+10.0;+Win64;+x64)+AppleWebKit/537.36+(KHTML,+like+Gecko)+Chrome/80.0.3987.149+Safari/537.36 - 200 0 0 18
2020-04-02 13:54:26 ::1 GET /favicon.ico - 4721 - ::1 Mozilla/5.0+(Windows+NT+10.0;+Win64;+x64)+AppleWebKit/537.36+(KHTML,+like+Gecko)+Chrome/80.0.3987.149+Safari/537.36 http://localhost:4721/WebForm1.aspx 404 0 2 2
2020-04-02 13:54:27 ::1 GET /__browserLink/requestData/c163eab892b4431da20891175f76514b - 4721 - ::1 Mozilla/5.0+(Windows+NT+10.0;+Win64;+x64)+AppleWebKit/537.36+(KHTML,+like+Gecko)+Chrome/80.0.3987.149+Safari/537.36 http://localhost:4721/WebForm1.aspx 200 0 0 7
2020-04-02 13:54:40 ::1 GET /WebForm1.aspx - 4721 - ::1 Mozilla/5.0+(Windows+NT+10.0;+Win64;+x64)+AppleWebKit/537.36+(KHTML,+like+Gecko)+Chrome/80.0.3987.149+Safari/537.36 http://localhost:4721/WebForm1.aspx 200 0 0 7
2020-04-02 13:54:40 ::1 GET /__browserLink/requestData/1ed58aed991849399648f407c4fd7951 - 4721 - ::1 Mozilla/5.0+(Windows+NT+10.0;+Win64;+x64)+AppleWebKit/537.36+(KHTML,+like+Gecko)+Chrome/80.0.3987.149+Safari/537.36 http://localhost:4721/WebForm1.aspx 200 0 0 5
2020-04-02 13:54:56 ::1 GET /WebForm1.aspx - 4721 - ::1 Mozilla/5.0+(Windows+NT+10.0;+Win64;+x64)+AppleWebKit/537.36+(KHTML,+like+Gecko)+Chrome/80.0.3987.149+Safari/537.36 http://localhost:4721/WebForm1.aspx 200 0 0 6
2020-04-02 13:54:57 ::1 GET /__browserLink/requestData/9bcefc134b8248ddbd5f5cef3b8f5de7 - 4721 - ::1 Mozilla/5.0+(Windows+NT+10.0;+Win64;+x64)+AppleWebKit/537.36+(KHTML,+like+Gecko)+Chrome/80.0.3987.149+Safari/537.36 http://localhost:4721/WebForm1.aspx 200 0 0 5
#Software: Microsoft Internet Information Services 8.0
#Version: 1.0
#Date: 2020-04-02 14:43:25
#Fields: date time s-ip cs-method cs-uri-stem cs-uri-query s-port cs-username c-ip cs(User-Agent) cs(Referer) sc-status sc-substatus sc-win32-status time-taken
2020-04-02 14:43:25 ::1 GET /WebForm1.aspx - 4721 - ::1 Mozilla/5.0+(Windows+NT+10.0;+Win64;+x64)+AppleWebKit/537.36+(KHTML,+like+Gecko)+Chrome/80.0.3987.149+Safari/537.36 - 200 0 0 5240
2020-04-02 14:43:25 ::1 GET /imgs/cartoon-house_6460-139.jpg - 4721 - ::1 Mozilla/5.0+(Windows+NT+10.0;+Win64;+x64)+AppleWebKit/537.36+(KHTML,+like+Gecko)+Chrome/80.0.3987.149+Safari/537.36 http://localhost:4721/WebForm1.aspx 304 0 0 11
2020-04-02 14:43:26 ::1 GET /favicon.ico - 4721 - ::1 Mozilla/5.0+(Windows+NT+10.0;+Win64;+x64)+AppleWebKit/537.36+(KHTML,+like+Gecko)+Chrome/80.0.3987.149+Safari/537.36 http://localhost:4721/WebForm1.aspx 404 0 2 2
2020-04-02 14:43:29 ::1 GET /__browserLink/requestData/e0588fea713040848d603c845c2b5bcf - 4721 - ::1 Mozilla/5.0+(Windows+NT+10.0;+Win64;+x64)+AppleWebKit/537.36+(KHTML,+like+Gecko)+Chrome/80.0.3987.149+Safari/537.36 http://localhost:4721/WebForm1.aspx 200 0 0 74
2020-04-02 14:43:59 ::1 GET /WebForm1.aspx - 4721 - ::1 Mozilla/5.0+(Windows+NT+10.0;+Win64;+x64)+AppleWebKit/537.36+(KHTML,+like+Gecko)+Chrome/80.0.3987.149+Safari/537.36 http://localhost:4721/WebForm1.aspx 200 0 0 8
2020-04-02 14:44:00 ::1 GET /__browserLink/requestData/06d6de78951c4145aa7df89bba433393 - 4721 - ::1 Mozilla/5.0+(Windows+NT+10.0;+Win64;+x64)+AppleWebKit/537.36+(KHTML,+like+Gecko)+Chrome/80.0.3987.149+Safari/537.36 http://localhost:4721/WebForm1.aspx 200 0 0 7
2020-04-02 14:49:01 ::1 GET /f6c9f12eb7e94c2faffd2e84e2a391db/arterySignalR/ping requestUrl=http%3A%2F%2Flocalhost%3A4721%2FWebForm1.aspx&browserName=Chrome&_=1585838941129 4721 - ::1 Mozilla/5.0+(Windows+NT+10.0;+Win64;+x64)+AppleWebKit/537.36+(KHTML,+like+Gecko)+Chrome/80.0.3987.149+Safari/537.36 http://localhost:4721/WebForm1.aspx 404 0 2 403
2020-04-02 14:54:01 ::1 GET /f6c9f12eb7e94c2faffd2e84e2a391db/arterySignalR/ping requestUrl=http%3A%2F%2Flocalhost%3A4721%2FWebForm1.aspx&browserName=Chrome&_=1585839241118 4721 - ::1 Mozilla/5.0+(Windows+NT+10.0;+Win64;+x64)+AppleWebKit/537.36+(KHTML,+like+Gecko)+Chrome/80.0.3987.149+Safari/537.36 http://localhost:4721/WebForm1.aspx 404 0 2 10
2020-04-02 14:59:01 ::1 GET /f6c9f12eb7e94c2faffd2e84e2a391db/arterySignalR/ping requestUrl=http%3A%2F%2Flocalhost%3A4721%2FWebForm1.aspx&browserName=Chrome&_=1585839541119 4721 - ::1 Mozilla/5.0+(Windows+NT+10.0;+Win64;+x64)+AppleWebKit/537.36+(KHTML,+like+Gecko)+Chrome/80.0.3987.149+Safari/537.36 http://localhost:4721/WebForm1.aspx 404 0 2 11
2020-04-02 15:04:01 ::1 GET /f6c9f12eb7e94c2faffd2e84e2a391db/arterySignalR/ping requestUrl=http%3A%2F%2Flocalhost%3A4721%2FWebForm1.aspx&browserName=Chrome&_=1585839841119 4721 - ::1 Mozilla/5.0+(Windows+NT+10.0;+Win64;+x64)+AppleWebKit/537.36+(KHTML,+like+Gecko)+Chrome/80.0.3987.149+Safari/537.36 http://localhost:4721/WebForm1.aspx 404 0 2 10
2020-04-02 15:09:01 ::1 GET /f6c9f12eb7e94c2faffd2e84e2a391db/arterySignalR/ping requestUrl=http%3A%2F%2Flocalhost%3A4721%2FWebForm1.aspx&browserName=Chrome&_=1585840141118 4721 - ::1 Mozilla/5.0+(Windows+NT+10.0;+Win64;+x64)+AppleWebKit/537.36+(KHTML,+like+Gecko)+Chrome/80.0.3987.149+Safari/537.36 http://localhost:4721/WebForm1.aspx 404 0 2 11
2020-04-02 15:14:01 ::1 GET /f6c9f12eb7e94c2faffd2e84e2a391db/arterySignalR/ping requestUrl=http%3A%2F%2Flocalhost%3A4721%2FWebForm1.aspx&browserName=Chrome&_=1585840441118 4721 - ::1 Mozilla/5.0+(Windows+NT+10.0;+Win64;+x64)+AppleWebKit/537.36+(KHTML,+like+Gecko)+Chrome/80.0.3987.149+Safari/537.36 http://localhost:4721/WebForm1.aspx 404 0 2 11
2020-04-02 15:17:28 ::1 GET /WebForm1.aspx - 4721 - ::1 Mozilla/5.0+(Windows+NT+10.0;+Win64;+x64)+AppleWebKit/537.36+(KHTML,+like+Gecko)+Chrome/80.0.3987.149+Safari/537.36 - 200 0 0 2136
2020-04-02 15:17:28 ::1 GET /CSS/MYstyleSheet.css - 4721 - ::1 Mozilla/5.0+(Windows+NT+10.0;+Win64;+x64)+AppleWebKit/537.36+(KHTML,+like+Gecko)+Chrome/80.0.3987.149+Safari/537.36 http://localhost:4721/WebForm1.aspx 200 0 0 23
2020-04-02 15:17:28 ::1 GET /imgs/cartoon-house_6460-139.jpg - 4721 - ::1 Mozilla/5.0+(Windows+NT+10.0;+Win64;+x64)+AppleWebKit/537.36+(KHTML,+like+Gecko)+Chrome/80.0.3987.149+Safari/537.36 http://localhost:4721/WebForm1.aspx 304 0 0 18
2020-04-02 15:17:29 ::1 GET /__browserLink/requestData/528b12def6bc4ed0ad67e5df0b07aed0 - 4721 - ::1 Mozilla/5.0+(Windows+NT+10.0;+Win64;+x64)+AppleWebKit/537.36+(KHTML,+like+Gecko)+Chrome/80.0.3987.149+Safari/537.36 http://localhost:4721/WebForm1.aspx 200 0 0 21
2020-04-02 15:19:01 ::1 GET /f6c9f12eb7e94c2faffd2e84e2a391db/arterySignalR/ping requestUrl=http%3A%2F%2Flocalhost%3A4721%2FWebForm1.aspx&browserName=Chrome&_=1585840741120 4721 - ::1 Mozilla/5.0+(Windows+NT+10.0;+Win64;+x64)+AppleWebKit/537.36+(KHTML,+like+Gecko)+Chrome/80.0.3987.149+Safari/537.36 http://localhost:4721/WebForm1.aspx 404 0 2 9
2020-04-02 15:21:50 ::1 GET /WebForm1.aspx - 4721 - ::1 Mozilla/5.0+(Windows+NT+10.0;+Win64;+x64)+AppleWebKit/537.36+(KHTML,+like+Gecko)+Chrome/80.0.3987.149+Safari/537.36 http://localhost:4721/WebForm1.aspx 200 0 0 1653
2020-04-02 15:21:50 ::1 GET /WebForm1.aspx - 4721 - ::1 Mozilla/5.0+(Windows+NT+10.0;+Win64;+x64)+AppleWebKit/537.36+(KHTML,+like+Gecko)+Chrome/80.0.3987.149+Safari/537.36 http://localhost:4721/WebForm1.aspx 200 0 0 9
2020-04-02 15:21:50 ::1 GET /CSS/MYstyleSheet.css - 4721 - ::1 Mozilla/5.0+(Windows+NT+10.0;+Win64;+x64)+AppleWebKit/537.36+(KHTML,+like+Gecko)+Chrome/80.0.3987.149+Safari/537.36 http://localhost:4721/WebForm1.aspx 304 0 0 3
2020-04-02 15:21:50 ::1 GET /imgs/cartoon-house_6460-139.jpg - 4721 - ::1 Mozilla/5.0+(Windows+NT+10.0;+Win64;+x64)+AppleWebKit/537.36+(KHTML,+like+Gecko)+Chrome/80.0.3987.149+Safari/537.36 http://localhost:4721/WebForm1.aspx 304 0 0 3
2020-04-02 15:21:52 ::1 GET /__browserLink/requestData/81d9035f781d4716bfa8b5fe9bdfe451 - 4721 - ::1 Mozilla/5.0+(Windows+NT+10.0;+Win64;+x64)+AppleWebKit/537.36+(KHTML,+like+Gecko)+Chrome/80.0.3987.149+Safari/537.36 http://localhost:4721/WebForm1.aspx 200 0 0 7
2020-04-02 15:21:52 ::1 GET /__browserLink/requestData/d3408dca2da141f6b3f64ff5f3ba941c - 4721 - ::1 Mozilla/5.0+(Windows+NT+10.0;+Win64;+x64)+AppleWebKit/537.36+(KHTML,+like+Gecko)+Chrome/80.0.3987.149+Safari/537.36 http://localhost:4721/WebForm1.aspx 200 0 0 9
2020-04-02 15:23:58 ::1 GET /homepage.aspx - 4721 - ::1 Mozilla/5.0+(Windows+NT+10.0;+Win64;+x64)+AppleWebKit/537.36+(KHTML,+like+Gecko)+Chrome/80.0.3987.149+Safari/537.36 http://localhost:4721/WebForm1.aspx 404 0 0 284
2020-04-02 15:24:02 ::1 GET /__browserLink/requestData/d3408dca2da141f6b3f64ff5f3ba941c - 4721 - ::1 Mozilla/5.0+(Windows+NT+10.0;+Win64;+x64)+AppleWebKit/537.36+(KHTML,+like+Gecko)+Chrome/80.0.3987.149+Safari/537.36 http://localhost:4721/WebForm1.aspx 404 0 0 5
2020-04-02 15:24:06 ::1 POST /WebForm1.aspx - 4721 - ::1 Mozilla/5.0+(Windows+NT+10.0;+Win64;+x64)+AppleWebKit/537.36+(KHTML,+like+Gecko)+Chrome/80.0.3987.149+Safari/537.36 http://localhost:4721/WebForm1.aspx 200 0 0 1544
2020-04-02 15:24:06 ::1 GET /CSS/MYstyleSheet.css - 4721 - ::1 Mozilla/5.0+(Windows+NT+10.0;+Win64;+x64)+AppleWebKit/537.36+(KHTML,+like+Gecko)+Chrome/80.0.3987.149+Safari/537.36 http://localhost:4721/WebForm1.aspx 304 0 0 3
2020-04-02 15:24:06 ::1 GET /__browserLink/requestData/1e55f49f316040a5b5d351e1be12b6e0 - 4721 - ::1 Mozilla/5.0+(Windows+NT+10.0;+Win64;+x64)+AppleWebKit/537.36+(KHTML,+like+Gecko)+Chrome/80.0.3987.149+Safari/537.36 http://localhost:4721/WebForm1.aspx 200 0 0 5
2020-04-02 15:24:09 ::1 POST /WebForm1.aspx - 4721 - ::1 Mozilla/5.0+(Windows+NT+10.0;+Win64;+x64)+AppleWebKit/537.36+(KHTML,+like+Gecko)+Chrome/80.0.3987.149+Safari/537.36 http://localhost:4721/WebForm1.aspx 200 0 0 12
2020-04-02 15:24:09 ::1 GET /__browserLink/requestData/499c5a57e5874e7b8108d5779d24bfc3 - 4721 - ::1 Mozilla/5.0+(Windows+NT+10.0;+Win64;+x64)+AppleWebKit/537.36+(KHTML,+like+Gecko)+Chrome/80.0.3987.149+Safari/537.36 http://localhost:4721/WebForm1.aspx 200 0 0 9
2020-04-02 15:29:10 ::1 GET /f6c9f12eb7e94c2faffd2e84e2a391db/arterySignalR/ping requestUrl=http%3A%2F%2Flocalhost%3A4721%2FWebForm1.aspx&browserName=Chrome&_=1585841350127 4721 - ::1 Mozilla/5.0+(Windows+NT+10.0;+Win64;+x64)+AppleWebKit/537.36+(KHTML,+like+Gecko)+Chrome/80.0.3987.149+Safari/537.36 http://localhost:4721/WebForm1.aspx 404 0 2 7
2020-04-02 15:34:10 ::1 GET /f6c9f12eb7e94c2faffd2e84e2a391db/arterySignalR/ping requestUrl=http%3A%2F%2Flocalhost%3A4721%2FWebForm1.aspx&browserName=Chrome&_=1585841650120 4721 - ::1 Mozilla/5.0+(Windows+NT+10.0;+Win64;+x64)+AppleWebKit/537.36+(KHTML,+like+Gecko)+Chrome/80.0.3987.149+Safari/537.36 http://localhost:4721/WebForm1.aspx 404 0 2 10
2020-04-02 15:39:10 ::1 GET /f6c9f12eb7e94c2faffd2e84e2a391db/arterySignalR/ping requestUrl=http%3A%2F%2Flocalhost%3A4721%2FWebForm1.aspx&browserName=Chrome&_=1585841950119 4721 - ::1 Mozilla/5.0+(Windows+NT+10.0;+Win64;+x64)+AppleWebKit/537.36+(KHTML,+like+Gecko)+Chrome/80.0.3987.149+Safari/537.36 http://localhost:4721/WebForm1.aspx 404 0 2 12
2020-04-02 15:44:10 ::1 GET /f6c9f12eb7e94c2faffd2e84e2a391db/arterySignalR/ping requestUrl=http%3A%2F%2Flocalhost%3A4721%2FWebForm1.aspx&browserName=Chrome&_=1585842250121 4721 - ::1 Mozilla/5.0+(Windows+NT+10.0;+Win64;+x64)+AppleWebKit/537.36+(KHTML,+like+Gecko)+Chrome/80.0.3987.149+Safari/537.36 http://localhost:4721/WebForm1.aspx 404 0 2 12
2020-04-02 15:49:10 ::1 GET /f6c9f12eb7e94c2faffd2e84e2a391db/arterySignalR/ping requestUrl=http%3A%2F%2Flocalhost%3A4721%2FWebForm1.aspx&browserName=Chrome&_=1585842550121 4721 - ::1 Mozilla/5.0+(Windows+NT+10.0;+Win64;+x64)+AppleWebKit/537.36+(KHTML,+like+Gecko)+Chrome/80.0.3987.149+Safari/537.36 http://localhost:4721/WebForm1.aspx 404 0 2 11
2020-04-02 15:54:10 ::1 GET /f6c9f12eb7e94c2faffd2e84e2a391db/arterySignalR/ping requestUrl=http%3A%2F%2Flocalhost%3A4721%2FWebForm1.aspx&browserName=Chrome&_=1585842850122 4721 - ::1 Mozilla/5.0+(Windows+NT+10.0;+Win64;+x64)+AppleWebKit/537.36+(KHTML,+like+Gecko)+Chrome/80.0.3987.149+Safari/537.36 http://localhost:4721/WebForm1.aspx 404 0 2 11
2020-04-02 15:59:10 ::1 GET /f6c9f12eb7e94c2faffd2e84e2a391db/arterySignalR/ping requestUrl=http%3A%2F%2Flocalhost%3A4721%2FWebForm1.aspx&browserName=Chrome&_=1585843150124 4721 - ::1 Mozilla/5.0+(Windows+NT+10.0;+Win64;+x64)+AppleWebKit/537.36+(KHTML,+like+Gecko)+Chrome/80.0.3987.149+Safari/537.36 http://localhost:4721/WebForm1.aspx 404 0 2 8
2020-04-02 16:04:10 ::1 GET /f6c9f12eb7e94c2faffd2e84e2a391db/arterySignalR/ping requestUrl=http%3A%2F%2Flocalhost%3A4721%2FWebForm1.aspx&browserName=Chrome&_=1585843450119 4721 - ::1 Mozilla/5.0+(Windows+NT+10.0;+Win64;+x64)+AppleWebKit/537.36+(KHTML,+like+Gecko)+Chrome/80.0.3987.149+Safari/537.36 http://localhost:4721/WebForm1.aspx 404 0 2 14
2020-04-02 16:09:10 ::1 GET /f6c9f12eb7e94c2faffd2e84e2a391db/arterySignalR/ping requestUrl=http%3A%2F%2Flocalhost%3A4721%2FWebForm1.aspx&browserName=Chrome&_=1585843750121 4721 - ::1 Mozilla/5.0+(Windows+NT+10.0;+Win64;+x64)+AppleWebKit/537.36+(KHTML,+like+Gecko)+Chrome/80.0.3987.149+Safari/537.36 http://localhost:4721/WebForm1.aspx 404 0 2 9
2020-04-02 16:14:10 ::1 GET /f6c9f12eb7e94c2faffd2e84e2a391db/arterySignalR/ping requestUrl=http%3A%2F%2Flocalhost%3A4721%2FWebForm1.aspx&browserName=Chrome&_=1585844050118 4721 - ::1 Mozilla/5.0+(Windows+NT+10.0;+Win64;+x64)+AppleWebKit/537.36+(KHTML,+like+Gecko)+Chrome/80.0.3987.149+Safari/537.36 http://localhost:4721/WebForm1.aspx 404 0 2 8
2020-04-02 16:19:10 ::1 GET /f6c9f12eb7e94c2faffd2e84e2a391db/arterySignalR/ping requestUrl=http%3A%2F%2Flocalhost%3A4721%2FWebForm1.aspx&browserName=Chrome&_=1585844350119 4721 - ::1 Mozilla/5.0+(Windows+NT+10.0;+Win64;+x64)+AppleWebKit/537.36+(KHTML,+like+Gecko)+Chrome/80.0.3987.149+Safari/537.36 http://localhost:4721/WebForm1.aspx 404 0 2 10
2020-04-02 16:24:10 ::1 GET /f6c9f12eb7e94c2faffd2e84e2a391db/arterySignalR/ping requestUrl=http%3A%2F%2Flocalhost%3A4721%2FWebForm1.aspx&browserName=Chrome&_=1585844650117 4721 - ::1 Mozilla/5.0+(Windows+NT+10.0;+Win64;+x64)+AppleWebKit/537.36+(KHTML,+like+Gecko)+Chrome/80.0.3987.149+Safari/537.36 http://localhost:4721/WebForm1.aspx 404 0 2 11
2020-04-02 16:29:10 ::1 GET /f6c9f12eb7e94c2faffd2e84e2a391db/arterySignalR/ping requestUrl=http%3A%2F%2Flocalhost%3A4721%2FWebForm1.aspx&browserName=Chrome&_=1585844950118 4721 - ::1 Mozilla/5.0+(Windows+NT+10.0;+Win64;+x64)+AppleWebKit/537.36+(KHTML,+like+Gecko)+Chrome/80.0.3987.149+Safari/537.36 http://localhost:4721/WebForm1.aspx 404 0 2 16
2020-04-02 16:34:10 ::1 GET /f6c9f12eb7e94c2faffd2e84e2a391db/arterySignalR/ping requestUrl=http%3A%2F%2Flocalhost%3A4721%2FWebForm1.aspx&browserName=Chrome&_=1585845250118 4721 - ::1 Mozilla/5.0+(Windows+NT+10.0;+Win64;+x64)+AppleWebKit/537.36+(KHTML,+like+Gecko)+Chrome/80.0.3987.149+Safari/537.36 http://localhost:4721/WebForm1.aspx 404 0 2 7
2020-04-02 16:39:10 ::1 GET /f6c9f12eb7e94c2faffd2e84e2a391db/arterySignalR/ping requestUrl=http%3A%2F%2Flocalhost%3A4721%2FWebForm1.aspx&browserName=Chrome&_=1585845550123 4721 - ::1 Mozilla/5.0+(Windows+NT+10.0;+Win64;+x64)+AppleWebKit/537.36+(KHTML,+like+Gecko)+Chrome/80.0.3987.149+Safari/537.36 http://localhost:4721/WebForm1.aspx 404 0 2 10
2020-04-02 16:44:10 ::1 GET /f6c9f12eb7e94c2faffd2e84e2a391db/arterySignalR/ping requestUrl=http%3A%2F%2Flocalhost%3A4721%2FWebForm1.aspx&browserName=Chrome&_=1585845850118 4721 - ::1 Mozilla/5.0+(Windows+NT+10.0;+Win64;+x64)+AppleWebKit/537.36+(KHTML,+like+Gecko)+Chrome/80.0.3987.149+Safari/537.36 http://localhost:4721/WebForm1.aspx 404 0 2 19
2020-04-02 16:49:10 ::1 GET /f6c9f12eb7e94c2faffd2e84e2a391db/arterySignalR/ping requestUrl=http%3A%2F%2Flocalhost%3A4721%2FWebForm1.aspx&browserName=Chrome&_=1585846150118 4721 - ::1 Mozilla/5.0+(Windows+NT+10.0;+Win64;+x64)+AppleWebKit/537.36+(KHTML,+like+Gecko)+Chrome/80.0.3987.149+Safari/537.36 http://localhost:4721/WebForm1.aspx 404 0 2 8
2020-04-02 16:54:10 ::1 GET /f6c9f12eb7e94c2faffd2e84e2a391db/arterySignalR/ping requestUrl=http%3A%2F%2Flocalhost%3A4721%2FWebForm1.aspx&browserName=Chrome&_=1585846450116 4721 - ::1 Mozilla/5.0+(Windows+NT+10.0;+Win64;+x64)+AppleWebKit/537.36+(KHTML,+like+Gecko)+Chrome/80.0.3987.149+Safari/537.36 http://localhost:4721/WebForm1.aspx 404 0 2 12
2020-04-02 16:59:10 ::1 GET /f6c9f12eb7e94c2faffd2e84e2a391db/arterySignalR/ping requestUrl=http%3A%2F%2Flocalhost%3A4721%2FWebForm1.aspx&browserName=Chrome&_=1585846750124 4721 - ::1 Mozilla/5.0+(Windows+NT+10.0;+Win64;+x64)+AppleWebKit/537.36+(KHTML,+like+Gecko)+Chrome/80.0.3987.149+Safari/537.36 http://localhost:4721/WebForm1.aspx 404 0 2 11
2020-04-02 17:04:10 ::1 GET /f6c9f12eb7e94c2faffd2e84e2a391db/arterySignalR/ping requestUrl=http%3A%2F%2Flocalhost%3A4721%2FWebForm1.aspx&browserName=Chrome&_=1585847050117 4721 - ::1 Mozilla/5.0+(Windows+NT+10.0;+Win64;+x64)+AppleWebKit/537.36+(KHTML,+like+Gecko)+Chrome/80.0.3987.149+Safari/537.36 http://localhost:4721/WebForm1.aspx 404 0 2 15
2020-04-02 17:09:10 ::1 GET /f6c9f12eb7e94c2faffd2e84e2a391db/arterySignalR/ping requestUrl=http%3A%2F%2Flocalhost%3A4721%2FWebForm1.aspx&browserName=Chrome&_=1585847350123 4721 - ::1 Mozilla/5.0+(Windows+NT+10.0;+Win64;+x64)+AppleWebKit/537.36+(KHTML,+like+Gecko)+Chrome/80.0.3987.149+Safari/537.36 http://localhost:4721/WebForm1.aspx 404 0 2 11
2020-04-02 17:14:10 ::1 GET /f6c9f12eb7e94c2faffd2e84e2a391db/arterySignalR/ping requestUrl=http%3A%2F%2Flocalhost%3A4721%2FWebForm1.aspx&browserName=Chrome&_=1585847650120 4721 - ::1 Mozilla/5.0+(Windows+NT+10.0;+Win64;+x64)+AppleWebKit/537.36+(KHTML,+like+Gecko)+Chrome/80.0.3987.149+Safari/537.36 http://localhost:4721/WebForm1.aspx 404 0 2 10
2020-04-02 17:19:10 ::1 GET /f6c9f12eb7e94c2faffd2e84e2a391db/arterySignalR/ping requestUrl=http%3A%2F%2Flocalhost%3A4721%2FWebForm1.aspx&browserName=Chrome&_=1585847950119 4721 - ::1 Mozilla/5.0+(Windows+NT+10.0;+Win64;+x64)+AppleWebKit/537.36+(KHTML,+like+Gecko)+Chrome/80.0.3987.149+Safari/537.36 http://localhost:4721/WebForm1.aspx 404 0 2 11
2020-04-02 17:24:10 ::1 GET /f6c9f12eb7e94c2faffd2e84e2a391db/arterySignalR/ping requestUrl=http%3A%2F%2Flocalhost%3A4721%2FWebForm1.aspx&browserName=Chrome&_=1585848250121 4721 - ::1 Mozilla/5.0+(Windows+NT+10.0;+Win64;+x64)+AppleWebKit/537.36+(KHTML,+like+Gecko)+Chrome/80.0.3987.149+Safari/537.36 http://localhost:4721/WebForm1.aspx 404 0 2 12
2020-04-02 17:29:10 ::1 GET /f6c9f12eb7e94c2faffd2e84e2a391db/arterySignalR/ping requestUrl=http%3A%2F%2Flocalhost%3A4721%2FWebForm1.aspx&browserName=Chrome&_=1585848550117 4721 - ::1 Mozilla/5.0+(Windows+NT+10.0;+Win64;+x64)+AppleWebKit/537.36+(KHTML,+like+Gecko)+Chrome/80.0.3987.149+Safari/537.36 http://localhost:4721/WebForm1.aspx 404 0 2 6
2020-04-02 17:34:10 ::1 GET /f6c9f12eb7e94c2faffd2e84e2a391db/arterySignalR/ping requestUrl=http%3A%2F%2Flocalhost%3A4721%2FWebForm1.aspx&browserName=Chrome&_=1585848850118 4721 - ::1 Mozilla/5.0+(Windows+NT+10.0;+Win64;+x64)+AppleWebKit/537.36+(KHTML,+like+Gecko)+Chrome/80.0.3987.149+Safari/537.36 http://localhost:4721/WebForm1.aspx 404 0 2 11
2020-04-02 17:39:10 ::1 GET /f6c9f12eb7e94c2faffd2e84e2a391db/arterySignalR/ping requestUrl=http%3A%2F%2Flocalhost%3A4721%2FWebForm1.aspx&browserName=Chrome&_=1585849150117 4721 - ::1 Mozilla/5.0+(Windows+NT+10.0;+Win64;+x64)+AppleWebKit/537.36+(KHTML,+like+Gecko)+Chrome/80.0.3987.149+Safari/537.36 http://localhost:4721/WebForm1.aspx 404 0 2 10
2020-04-02 17:44:10 ::1 GET /f6c9f12eb7e94c2faffd2e84e2a391db/arterySignalR/ping requestUrl=http%3A%2F%2Flocalhost%3A4721%2FWebForm1.aspx&browserName=Chrome&_=1585849450117 4721 - ::1 Mozilla/5.0+(Windows+NT+10.0;+Win64;+x64)+AppleWebKit/537.36+(KHTML,+like+Gecko)+Chrome/80.0.3987.149+Safari/537.36 http://localhost:4721/WebForm1.aspx 404 0 2 6
2020-04-02 17:49:10 ::1 GET /f6c9f12eb7e94c2faffd2e84e2a391db/arterySignalR/ping requestUrl=http%3A%2F%2Flocalhost%3A4721%2FWebForm1.aspx&browserName=Chrome&_=1585849750121 4721 - ::1 Mozilla/5.0+(Windows+NT+10.0;+Win64;+x64)+AppleWebKit/537.36+(KHTML,+like+Gecko)+Chrome/80.0.3987.149+Safari/537.36 http://localhost:4721/WebForm1.aspx 404 0 2 10
2020-04-02 17:54:10 ::1 GET /f6c9f12eb7e94c2faffd2e84e2a391db/arterySignalR/ping requestUrl=http%3A%2F%2Flocalhost%3A4721%2FWebForm1.aspx&browserName=Chrome&_=1585850050119 4721 - ::1 Mozilla/5.0+(Windows+NT+10.0;+Win64;+x64)+AppleWebKit/537.36+(KHTML,+like+Gecko)+Chrome/80.0.3987.149+Safari/537.36 http://localhost:4721/WebForm1.aspx 404 0 2 5
2020-04-02 17:59:10 ::1 GET /f6c9f12eb7e94c2faffd2e84e2a391db/arterySignalR/ping requestUrl=http%3A%2F%2Flocalhost%3A4721%2FWebForm1.aspx&browserName=Chrome&_=1585850350121 4721 - ::1 Mozilla/5.0+(Windows+NT+10.0;+Win64;+x64)+AppleWebKit/537.36+(KHTML,+like+Gecko)+Chrome/80.0.3987.149+Safari/537.36 http://localhost:4721/WebForm1.aspx 404 0 2 12
2020-04-02 18:04:10 ::1 GET /f6c9f12eb7e94c2faffd2e84e2a391db/arterySignalR/ping requestUrl=http%3A%2F%2Flocalhost%3A4721%2FWebForm1.aspx&browserName=Chrome&_=1585850650118 4721 - ::1 Mozilla/5.0+(Windows+NT+10.0;+Win64;+x64)+AppleWebKit/537.36+(KHTML,+like+Gecko)+Chrome/80.0.3987.149+Safari/537.36 http://localhost:4721/WebForm1.aspx 404 0 2 11
2020-04-02 18:09:12 ::1 GET /f6c9f12eb7e94c2faffd2e84e2a391db/arterySignalR/ping requestUrl=http%3A%2F%2Flocalhost%3A4721%2FWebForm1.aspx&browserName=Chrome&_=1585850950120 4721 - ::1 Mozilla/5.0+(Windows+NT+10.0;+Win64;+x64)+AppleWebKit/537.36+(KHTML,+like+Gecko)+Chrome/80.0.3987.149+Safari/537.36 http://localhost:4721/WebForm1.aspx 404 0 2 1890
2020-04-02 18:14:10 ::1 GET /f6c9f12eb7e94c2faffd2e84e2a391db/arterySignalR/ping requestUrl=http%3A%2F%2Flocalhost%3A4721%2FWebForm1.aspx&browserName=Chrome&_=1585851250118 4721 - ::1 Mozilla/5.0+(Windows+NT+10.0;+Win64;+x64)+AppleWebKit/537.36+(KHTML,+like+Gecko)+Chrome/80.0.3987.149+Safari/537.36 http://localhost:4721/WebForm1.aspx 404 0 2 12
2020-04-02 18:16:12 ::1 POST /WebForm1.aspx - 4721 - ::1 Mozilla/5.0+(Windows+NT+10.0;+Win64;+x64)+AppleWebKit/537.36+(KHTML,+like+Gecko)+Chrome/80.0.3987.149+Safari/537.36 http://localhost:4721/WebForm1.aspx 200 0 0 3569
2020-04-02 18:16:12 ::1 GET /imgs/cartoon-house_6460-139.jpg - 4721 - ::1 Mozilla/5.0+(Windows+NT+10.0;+Win64;+x64)+AppleWebKit/537.36+(KHTML,+like+Gecko)+Chrome/80.0.3987.149+Safari/537.36 http://localhost:4721/WebForm1.aspx 304 0 0 12
2020-04-02 18:16:12 ::1 GET /CSS/MYstyleSheet.css - 4721 - ::1 Mozilla/5.0+(Windows+NT+10.0;+Win64;+x64)+AppleWebKit/537.36+(KHTML,+like+Gecko)+Chrome/80.0.3987.149+Safari/537.36 http://localhost:4721/WebForm1.aspx 304 0 0 22
2020-04-02 18:16:15 ::1 GET /__browserLink/requestData/21ffbe3657a94f199bb8d5133a343353 - 4721 - ::1 Mozilla/5.0+(Windows+NT+10.0;+Win64;+x64)+AppleWebKit/537.36+(KHTML,+like+Gecko)+Chrome/80.0.3987.149+Safari/537.36 http://localhost:4721/WebForm1.aspx 200 0 0 193
2020-04-02 18:16:48 ::1 POST /WebForm1.aspx - 4721 - ::1 Mozilla/5.0+(Windows+NT+10.0;+Win64;+x64)+AppleWebKit/537.36+(KHTML,+like+Gecko)+Chrome/80.0.3987.149+Safari/537.36 http://localhost:4721/WebForm1.aspx 200 0 0 13
2020-04-02 18:16:49 ::1 GET /__browserLink/requestData/6865d0e66d414d38bc4d64977bb07841 - 4721 - ::1 Mozilla/5.0+(Windows+NT+10.0;+Win64;+x64)+AppleWebKit/537.36+(KHTML,+like+Gecko)+Chrome/80.0.3987.149+Safari/537.36 http://localhost:4721/WebForm1.aspx 200 0 0 9
2020-04-02 18:17:05 ::1 GET /homepage.aspx - 4721 - ::1 Mozilla/5.0+(Windows+NT+10.0;+Win64;+x64)+AppleWebKit/537.36+(KHTML,+like+Gecko)+Chrome/80.0.3987.149+Safari/537.36 - 200 0 0 31
2020-04-02 18:17:05 ::1 GET /imgs/WhatsApp+Image+2020-04-02+at+12.27.36.jpeg - 4721 - ::1 Mozilla/5.0+(Windows+NT+10.0;+Win64;+x64)+AppleWebKit/537.36+(KHTML,+like+Gecko)+Chrome/80.0.3987.149+Safari/537.36 http://localhost:4721/homepage.aspx 200 0 0 174
2020-04-02 18:17:06 ::1 GET /__browserLink/requestData/b7049fb341924851b255939173e1736f - 4721 - ::1 Mozilla/5.0+(Windows+NT+10.0;+Win64;+x64)+AppleWebKit/537.36+(KHTML,+like+Gecko)+Chrome/80.0.3987.149+Safari/537.36 http://localhost:4721/homepage.aspx 200 0 0 8
2020-04-02 18:18:58 ::1 GET /homepage.aspx - 4721 - ::1 Mozilla/5.0+(Windows+NT+10.0;+Win64;+x64)+AppleWebKit/537.36+(KHTML,+like+Gecko)+Chrome/80.0.3987.149+Safari/537.36 http://localhost:4721/homepage.aspx 200 0 0 938
2020-04-02 18:18:58 ::1 GET /__browserLink/requestData/0c3c9e5d6132421d8fbd23dd29ec3368 - 4721 - ::1 Mozilla/5.0+(Windows+NT+10.0;+Win64;+x64)+AppleWebKit/537.36+(KHTML,+like+Gecko)+Chrome/80.0.3987.149+Safari/537.36 http://localhost:4721/homepage.aspx 200 0 0 4
2020-04-02 18:19:20 ::1 GET /homepage.aspx - 4721 - ::1 Mozilla/5.0+(Windows+NT+10.0;+Win64;+x64)+AppleWebKit/537.36+(KHTML,+like+Gecko)+Chrome/80.0.3987.149+Safari/537.36 http://localhost:4721/homepage.aspx 200 0 0 746
2020-04-02 18:19:21 ::1 GET /__browserLink/requestData/ae570e1d027e4d0b9b2f02a6a19b75bd - 4721 - ::1 Mozilla/5.0+(Windows+NT+10.0;+Win64;+x64)+AppleWebKit/537.36+(KHTML,+like+Gecko)+Chrome/80.0.3987.149+Safari/537.36 http://localhost:4721/homepage.aspx 200 0 0 6
2020-04-02 18:19:44 ::1 GET /homepage.aspx - 4721 - ::1 Mozilla/5.0+(Windows+NT+10.0;+Win64;+x64)+AppleWebKit/537.36+(KHTML,+like+Gecko)+Chrome/80.0.3987.149+Safari/537.36 http://localhost:4721/homepage.aspx 200 0 0 1008
2020-04-02 18:19:46 ::1 GET /__browserLink/requestData/c55bf3076535422886678d2c0c4d5cb1 - 4721 - ::1 Mozilla/5.0+(Windows+NT+10.0;+Win64;+x64)+AppleWebKit/537.36+(KHTML,+like+Gecko)+Chrome/80.0.3987.149+Safari/537.36 http://localhost:4721/homepage.aspx 200 0 0 6
2020-04-02 18:20:31 ::1 GET /homepage.aspx - 4721 - ::1 Mozilla/5.0+(Windows+NT+10.0;+Win64;+x64)+AppleWebKit/537.36+(KHTML,+like+Gecko)+Chrome/80.0.3987.149+Safari/537.36 http://localhost:4721/homepage.aspx 200 0 0 621
2020-04-02 18:20:31 ::1 GET /homepage.aspx - 4721 - ::1 Mozilla/5.0+(Windows+NT+10.0;+Win64;+x64)+AppleWebKit/537.36+(KHTML,+like+Gecko)+Chrome/80.0.3987.149+Safari/537.36 http://localhost:4721/homepage.aspx 200 0 64 895
2020-04-02 18:20:31 ::1 GET /__browserLink/requestData/803b06002e8e412eb9f81bed1138f956 - 4721 - ::1 Mozilla/5.0+(Windows+NT+10.0;+Win64;+x64)+AppleWebKit/537.36+(KHTML,+like+Gecko)+Chrome/80.0.3987.149+Safari/537.36 http://localhost:4721/homepage.aspx 200 0 0 9
2020-04-02 18:20:38 ::1 GET /homepage.aspx - 4721 - ::1 Mozilla/5.0+(Windows+NT+10.0;+Win64;+x64)+AppleWebKit/537.36+(KHTML,+like+Gecko)+Chrome/80.0.3987.149+Safari/537.36 http://localhost:4721/homepage.aspx 200 0 0 8
2020-04-02 18:20:38 ::1 GET /__browserLink/requestData/860ab4772c2243fdbffc656ad91a24df - 4721 - ::1 Mozilla/5.0+(Windows+NT+10.0;+Win64;+x64)+AppleWebKit/537.36+(KHTML,+like+Gecko)+Chrome/80.0.3987.149+Safari/537.36 http://localhost:4721/homepage.aspx 200 0 0 28
2020-04-02 18:20:45 ::1 GET /homepage.aspx - 4721 - ::1 Mozilla/5.0+(Windows+NT+10.0;+Win64;+x64)+AppleWebKit/537.36+(KHTML,+like+Gecko)+Chrome/80.0.3987.149+Safari/537.36 http://localhost:4721/homepage.aspx 200 0 0 22
2020-04-02 18:20:45 ::1 GET /__browserLink/requestData/cb5689ed532a4bbda8dd230b1213042d - 4721 - ::1 Mozilla/5.0+(Windows+NT+10.0;+Win64;+x64)+AppleWebKit/537.36+(KHTML,+like+Gecko)+Chrome/80.0.3987.149+Safari/537.36 http://localhost:4721/homepage.aspx 200 0 0 5
2020-04-02 18:20:58 ::1 GET /homepage.aspx - 4721 - ::1 Mozilla/5.0+(Windows+NT+10.0;+Win64;+x64)+AppleWebKit/537.36+(KHTML,+like+Gecko)+Chrome/80.0.3987.149+Safari/537.36 http://localhost:4721/homepage.aspx 200 0 0 912
2020-04-02 18:20:59 ::1 GET /__browserLink/requestData/4209dd6a7768459ab94468b336e6c291 - 4721 - ::1 Mozilla/5.0+(Windows+NT+10.0;+Win64;+x64)+AppleWebKit/537.36+(KHTML,+like+Gecko)+Chrome/80.0.3987.149+Safari/537.36 http://localhost:4721/homepage.aspx 200 0 0 8
2020-04-02 18:21:51 ::1 GET /homepage.aspx - 4721 - ::1 Mozilla/5.0+(Windows+NT+10.0;+Win64;+x64)+AppleWebKit/537.36+(KHTML,+like+Gecko)+Chrome/80.0.3987.149+Safari/537.36 http://localhost:4721/homepage.aspx 200 0 0 905
2020-04-02 18:21:51 ::1 GET /__browserLink/requestData/5ef2fe6c6bf64d75acb483bb06423f92 - 4721 - ::1 Mozilla/5.0+(Windows+NT+10.0;+Win64;+x64)+AppleWebKit/537.36+(KHTML,+like+Gecko)+Chrome/80.0.3987.149+Safari/537.36 http://localhost:4721/homepage.aspx 200 0 0 7
2020-04-02 18:21:55 ::1 GET /homepage.aspx - 4721 - ::1 Mozilla/5.0+(Windows+NT+10.0;+Win64;+x64)+AppleWebKit/537.36+(KHTML,+like+Gecko)+Chrome/80.0.3987.149+Safari/537.36 http://localhost:4721/homepage.aspx 200 0 0 11
2020-04-02 18:21:55 ::1 GET /__browserLink/requestData/63526bf1824c42438c41b89c62c92fde - 4721 - ::1 Mozilla/5.0+(Windows+NT+10.0;+Win64;+x64)+AppleWebKit/537.36+(KHTML,+like+Gecko)+Chrome/80.0.3987.149+Safari/537.36 http://localhost:4721/homepage.aspx 200 0 0 5
2020-04-02 18:22:32 ::1 GET /homepage.aspx - 4721 - ::1 Mozilla/5.0+(Windows+NT+10.0;+Win64;+x64)+AppleWebKit/537.36+(KHTML,+like+Gecko)+Chrome/80.0.3987.149+Safari/537.36 http://localhost:4721/homepage.aspx 200 0 0 1083
2020-04-02 18:22:32 ::1 GET /__browserLink/requestData/92275ec491e44bf08111e9ccfe149dee - 4721 - ::1 Mozilla/5.0+(Windows+NT+10.0;+Win64;+x64)+AppleWebKit/537.36+(KHTML,+like+Gecko)+Chrome/80.0.3987.149+Safari/537.36 http://localhost:4721/homepage.aspx 200 0 0 8
2020-04-02 18:22:39 ::1 GET /homepage.aspx - 4721 - ::1 Mozilla/5.0+(Windows+NT+10.0;+Win64;+x64)+AppleWebKit/537.36+(KHTML,+like+Gecko)+Chrome/80.0.3987.149+Safari/537.36 http://localhost:4721/homepage.aspx 200 0 0 10
2020-04-02 18:22:39 ::1 GET /__browserLink/requestData/41d45b76547a4a32970af034d11bf943 - 4721 - ::1 Mozilla/5.0+(Windows+NT+10.0;+Win64;+x64)+AppleWebKit/537.36+(KHTML,+like+Gecko)+Chrome/80.0.3987.149+Safari/537.36 http://localhost:4721/homepage.aspx 200 0 0 4
2020-04-02 18:23:10 ::1 GET /homepage.aspx - 4721 - ::1 Mozilla/5.0+(Windows+NT+10.0;+Win64;+x64)+AppleWebKit/537.36+(KHTML,+like+Gecko)+Chrome/80.0.3987.149+Safari/537.36 http://localhost:4721/homepage.aspx 200 0 0 1087
2020-04-02 18:23:11 ::1 GET /__browserLink/requestData/9e760250a4b44af2a67c17f798d21883 - 4721 - ::1 Mozilla/5.0+(Windows+NT+10.0;+Win64;+x64)+AppleWebKit/537.36+(KHTML,+like+Gecko)+Chrome/80.0.3987.149+Safari/537.36 http://localhost:4721/homepage.aspx 200 0 0 30
2020-04-02 18:23:32 ::1 GET /homepage.aspx - 4721 - ::1 Mozilla/5.0+(Windows+NT+10.0;+Win64;+x64)+AppleWebKit/537.36+(KHTML,+like+Gecko)+Chrome/80.0.3987.149+Safari/537.36 http://localhost:4721/homepage.aspx 200 0 0 706
2020-04-02 18:23:33 ::1 GET /__browserLink/requestData/c4075c4ed5284f08a6036c90e3f0b8ff - 4721 - ::1 Mozilla/5.0+(Windows+NT+10.0;+Win64;+x64)+AppleWebKit/537.36+(KHTML,+like+Gecko)+Chrome/80.0.3987.149+Safari/537.36 http://localhost:4721/homepage.aspx 200 0 0 4
2020-04-02 18:23:54 ::1 GET /homepage.aspx - 4721 - ::1 Mozilla/5.0+(Windows+NT+10.0;+Win64;+x64)+AppleWebKit/537.36+(KHTML,+like+Gecko)+Chrome/80.0.3987.149+Safari/537.36 http://localhost:4721/homepage.aspx 200 0 0 612
2020-04-02 18:23:55 ::1 GET /__browserLink/requestData/d56e9984e8574119888b157f0cab74dd - 4721 - ::1 Mozilla/5.0+(Windows+NT+10.0;+Win64;+x64)+AppleWebKit/537.36+(KHTML,+like+Gecko)+Chrome/80.0.3987.149+Safari/537.36 http://localhost:4721/homepage.aspx 200 0 0 4
2020-04-02 18:24:29 ::1 GET /homepage.aspx - 4721 - ::1 Mozilla/5.0+(Windows+NT+10.0;+Win64;+x64)+AppleWebKit/537.36+(KHTML,+like+Gecko)+Chrome/80.0.3987.149+Safari/537.36 http://localhost:4721/homepage.aspx 200 0 0 608
2020-04-02 18:24:29 ::1 GET /__browserLink/requestData/ab50bd3479894083a390702c1f3bc9d0 - 4721 - ::1 Mozilla/5.0+(Windows+NT+10.0;+Win64;+x64)+AppleWebKit/537.36+(KHTML,+like+Gecko)+Chrome/80.0.3987.149+Safari/537.36 http://localhost:4721/homepage.aspx 200 0 0 4
2020-04-02 18:25:00 ::1 GET /homepage.aspx - 4721 - ::1 Mozilla/5.0+(Windows+NT+10.0;+Win64;+x64)+AppleWebKit/537.36+(KHTML,+like+Gecko)+Chrome/80.0.3987.149+Safari/537.36 http://localhost:4721/homepage.aspx 200 0 0 655
2020-04-02 18:25:01 ::1 GET /__browserLink/requestData/892973cf8969442bab45b5fdea599c65 - 4721 - ::1 Mozilla/5.0+(Windows+NT+10.0;+Win64;+x64)+AppleWebKit/537.36+(KHTML,+like+Gecko)+Chrome/80.0.3987.149+Safari/537.36 http://localhost:4721/homepage.aspx 200 0 0 5
2020-04-02 18:28:10 ::1 GET /homepage.aspx - 4721 - ::1 Mozilla/5.0+(Windows+NT+10.0;+Win64;+x64)+AppleWebKit/537.36+(KHTML,+like+Gecko)+Chrome/80.0.3987.149+Safari/537.36 http://localhost:4721/homepage.aspx 200 0 0 572
2020-04-02 18:28:11 ::1 GET /__browserLink/requestData/c7850dc337a34774be71919cedd55d43 - 4721 - ::1 Mozilla/5.0+(Windows+NT+10.0;+Win64;+x64)+AppleWebKit/537.36+(KHTML,+like+Gecko)+Chrome/80.0.3987.149+Safari/537.36 http://localhost:4721/homepage.aspx 200 0 0 5
2020-04-02 18:28:18 ::1 GET /homepage.aspx - 4721 - ::1 Mozilla/5.0+(Windows+NT+10.0;+Win64;+x64)+AppleWebKit/537.36+(KHTML,+like+Gecko)+Chrome/80.0.3987.149+Safari/537.36 http://localhost:4721/homepage.aspx 200 0 0 8
2020-04-02 18:28:18 ::1 GET /__browserLink/requestData/3ad06a2ed37f4c359e76f9911cf56934 - 4721 - ::1 Mozilla/5.0+(Windows+NT+10.0;+Win64;+x64)+AppleWebKit/537.36+(KHTML,+like+Gecko)+Chrome/80.0.3987.149+Safari/537.36 http://localhost:4721/homepage.aspx 200 0 0 6
2020-04-02 18:28:20 ::1 GET /homepage.aspx - 4721 - ::1 Mozilla/5.0+(Windows+NT+10.0;+Win64;+x64)+AppleWebKit/537.36+(KHTML,+like+Gecko)+Chrome/80.0.3987.149+Safari/537.36 http://localhost:4721/homepage.aspx 200 0 0 8
2020-04-02 18:28:20 ::1 GET /__browserLink/requestData/1c26d4ac42c34da1a2b9f24bba07f0dd - 4721 - ::1 Mozilla/5.0+(Windows+NT+10.0;+Win64;+x64)+AppleWebKit/537.36+(KHTML,+like+Gecko)+Chrome/80.0.3987.149+Safari/537.36 http://localhost:4721/homepage.aspx 200 0 0 7
2020-04-02 18:29:02 ::1 GET /homepage.aspx - 4721 - ::1 Mozilla/5.0+(Windows+NT+10.0;+Win64;+x64)+AppleWebKit/537.36+(KHTML,+like+Gecko)+Chrome/80.0.3987.149+Safari/537.36 http://localhost:4721/homepage.aspx 200 0 0 759
2020-04-02 18:29:02 ::1 GET /imgs/Witbank-Mall.jpg - 4721 - ::1 Mozilla/5.0+(Windows+NT+10.0;+Win64;+x64)+AppleWebKit/537.36+(KHTML,+like+Gecko)+Chrome/80.0.3987.149+Safari/537.36 http://localhost:4721/homepage.aspx 200 0 0 7
2020-04-02 18:29:03 ::1 GET /__browserLink/requestData/f775a1e9cdcc468aab4eaaedd199f99b - 4721 - ::1 Mozilla/5.0+(Windows+NT+10.0;+Win64;+x64)+AppleWebKit/537.36+(KHTML,+like+Gecko)+Chrome/80.0.3987.149+Safari/537.36 http://localhost:4721/homepage.aspx 200 0 0 5
2020-04-02 18:30:30 ::1 GET /homepage.aspx - 4721 - ::1 Mozilla/5.0+(Windows+NT+10.0;+Win64;+x64)+AppleWebKit/537.36+(KHTML,+like+Gecko)+Chrome/80.0.3987.149+Safari/537.36 http://localhost:4721/homepage.aspx 200 0 0 1234
2020-04-02 18:30:30 ::1 GET /imgs/WhatsApp+Image+2020-04-02+at+12.27.35.jpeg - 4721 - ::1 Mozilla/5.0+(Windows+NT+10.0;+Win64;+x64)+AppleWebKit/537.36+(KHTML,+like+Gecko)+Chrome/80.0.3987.149+Safari/537.36 http://localhost:4721/homepage.aspx 200 0 0 9
2020-04-02 18:30:30 ::1 GET /__browserLink/requestData/ac57082504f24b5787c3727f9f0075dc - 4721 - ::1 Mozilla/5.0+(Windows+NT+10.0;+Win64;+x64)+AppleWebKit/537.36+(KHTML,+like+Gecko)+Chrome/80.0.3987.149+Safari/537.36 http://localhost:4721/homepage.aspx 200 0 0 17
2020-04-02 18:31:37 ::1 GET /homepage.aspx - 4721 - ::1 Mozilla/5.0+(Windows+NT+10.0;+Win64;+x64)+AppleWebKit/537.36+(KHTML,+like+Gecko)+Chrome/80.0.3987.149+Safari/537.36 http://localhost:4721/homepage.aspx 200 0 0 611
2020-04-02 18:31:37 ::1 GET /__browserLink/requestData/3a27a99c0d0f45fabbf7d32d2f69138e - 4721 - ::1 Mozilla/5.0+(Windows+NT+10.0;+Win64;+x64)+AppleWebKit/537.36+(KHTML,+like+Gecko)+Chrome/80.0.3987.149+Safari/537.36 http://localhost:4721/homepage.aspx 200 0 0 7
2020-04-02 18:36:39 ::1 GET /f6c9f12eb7e94c2faffd2e84e2a391db/arterySignalR/ping requestUrl=http%3A%2F%2Flocalhost%3A4721%2Fhomepage.aspx&browserName=Chrome&_=1585852599129 4721 - ::1 Mozilla/5.0+(Windows+NT+10.0;+Win64;+x64)+AppleWebKit/537.36+(KHTML,+like+Gecko)+Chrome/80.0.3987.149+Safari/537.36 http://localhost:4721/homepage.aspx 404 0 2 10
2020-04-02 18:41:39 ::1 GET /f6c9f12eb7e94c2faffd2e84e2a391db/arterySignalR/ping requestUrl=http%3A%2F%2Flocalhost%3A4721%2Fhomepage.aspx&browserName=Chrome&_=1585852899124 4721 - ::1 Mozilla/5.0+(Windows+NT+10.0;+Win64;+x64)+AppleWebKit/537.36+(KHTML,+like+Gecko)+Chrome/80.0.3987.149+Safari/537.36 http://localhost:4721/homepage.aspx 404 0 2 10
2020-04-02 18:44:09 ::1 GET /homepage.aspx - 4721 - ::1 Mozilla/5.0+(Windows+NT+10.0;+Win64;+x64)+AppleWebKit/537.36+(KHTML,+like+Gecko)+Chrome/80.0.3987.149+Safari/537.36 http://localhost:4721/homepage.aspx 200 0 0 1419
2020-04-02 18:44:09 ::1 GET /CSS/MYstyleSheet.css - 4721 - ::1 Mozilla/5.0+(Windows+NT+10.0;+Win64;+x64)+AppleWebKit/537.36+(KHTML,+like+Gecko)+Chrome/80.0.3987.149+Safari/537.36 http://localhost:4721/homepage.aspx 304 0 0 2
2020-04-02 18:44:10 ::1 GET /__browserLink/requestData/80299a44f5d84a578f7deded1cf016de - 4721 - ::1 Mozilla/5.0+(Windows+NT+10.0;+Win64;+x64)+AppleWebKit/537.36+(KHTML,+like+Gecko)+Chrome/80.0.3987.149+Safari/537.36 http://localhost:4721/homepage.aspx 200 0 0 5
2020-04-02 18:49:11 ::1 GET /f6c9f12eb7e94c2faffd2e84e2a391db/arterySignalR/ping requestUrl=http%3A%2F%2Flocalhost%3A4721%2Fhomepage.aspx&browserName=Chrome&_=1585853351129 4721 - ::1 Mozilla/5.0+(Windows+NT+10.0;+Win64;+x64)+AppleWebKit/537.36+(KHTML,+like+Gecko)+Chrome/80.0.3987.149+Safari/537.36 http://localhost:4721/homepage.aspx 404 0 2 10
2020-04-02 18:54:11 ::1 GET /f6c9f12eb7e94c2faffd2e84e2a391db/arterySignalR/ping requestUrl=http%3A%2F%2Flocalhost%3A4721%2Fhomepage.aspx&browserName=Chrome&_=1585853651120 4721 - ::1 Mozilla/5.0+(Windows+NT+10.0;+Win64;+x64)+AppleWebKit/537.36+(KHTML,+like+Gecko)+Chrome/80.0.3987.149+Safari/537.36 http://localhost:4721/homepage.aspx 404 0 2 9
2020-04-02 18:54:15 ::1 GET /homepage.aspx - 4721 - ::1 Mozilla/5.0+(Windows+NT+10.0;+Win64;+x64)+AppleWebKit/537.36+(KHTML,+like+Gecko)+Chrome/80.0.3987.149+Safari/537.36 http://localhost:4721/homepage.aspx 200 0 0 8
2020-04-02 18:54:15 ::1 GET /__browserLink/requestData/2605e688617544e3bc0ae3e289e03bc0 - 4721 - ::1 Mozilla/5.0+(Windows+NT+10.0;+Win64;+x64)+AppleWebKit/537.36+(KHTML,+like+Gecko)+Chrome/80.0.3987.149+Safari/537.36 http://localhost:4721/homepage.aspx 200 0 0 5
2020-04-02 18:54:24 ::1 GET /homepage.aspx - 4721 - ::1 Mozilla/5.0+(Windows+NT+10.0;+Win64;+x64)+AppleWebKit/537.36+(KHTML,+like+Gecko)+Chrome/80.0.3987.149+Safari/537.36 http://localhost:4721/homepage.aspx 200 0 0 8
2020-04-02 18:54:24 ::1 GET /__browserLink/requestData/e5b5c9b392f14cc7abda47f5b665f541 - 4721 - ::1 Mozilla/5.0+(Windows+NT+10.0;+Win64;+x64)+AppleWebKit/537.36+(KHTML,+like+Gecko)+Chrome/80.0.3987.149+Safari/537.36 http://localhost:4721/homepage.aspx 200 0 0 5
2020-04-02 18:54:25 ::1 GET /homepage.aspx - 4721 - ::1 Mozilla/5.0+(Windows+NT+10.0;+Win64;+x64)+AppleWebKit/537.36+(KHTML,+like+Gecko)+Chrome/80.0.3987.149+Safari/537.36 http://localhost:4721/homepage.aspx 200 0 0 11
2020-04-02 18:54:25 ::1 GET /__browserLink/requestData/96517edc26a941c69eab2eda04b833da - 4721 - ::1 Mozilla/5.0+(Windows+NT+10.0;+Win64;+x64)+AppleWebKit/537.36+(KHTML,+like+Gecko)+Chrome/80.0.3987.149+Safari/537.36 http://localhost:4721/homepage.aspx 200 0 0 5
2020-04-02 18:54:38 ::1 GET /homepage.aspx - 4721 - ::1 Mozilla/5.0+(Windows+NT+10.0;+Win64;+x64)+AppleWebKit/537.36+(KHTML,+like+Gecko)+Chrome/80.0.3987.149+Safari/537.36 http://localhost:4721/homepage.aspx 200 0 0 10
2020-04-02 18:54:39 ::1 GET /__browserLink/requestData/3bdcb5e5e201468d8f5a115b0ee66df4 - 4721 - ::1 Mozilla/5.0+(Windows+NT+10.0;+Win64;+x64)+AppleWebKit/537.36+(KHTML,+like+Gecko)+Chrome/80.0.3987.149+Safari/537.36 http://localhost:4721/homepage.aspx 200 0 0 6
2020-04-02 18:54:45 ::1 GET /homepage.aspx - 4721 - ::1 Mozilla/5.0+(Windows+NT+10.0;+Win64;+x64)+AppleWebKit/537.36+(KHTML,+like+Gecko)+Chrome/80.0.3987.149+Safari/537.36 http://localhost:4721/homepage.aspx 200 0 0 13
2020-04-02 18:54:45 ::1 GET /__browserLink/requestData/087401303fe54586bbc6c96b9c90b4a3 - 4721 - ::1 Mozilla/5.0+(Windows+NT+10.0;+Win64;+x64)+AppleWebKit/537.36+(KHTML,+like+Gecko)+Chrome/80.0.3987.149+Safari/537.36 http://localhost:4721/homepage.aspx 200 0 0 4
2020-04-02 18:59:46 ::1 GET /f6c9f12eb7e94c2faffd2e84e2a391db/arterySignalR/ping requestUrl=http%3A%2F%2Flocalhost%3A4721%2Fhomepage.aspx&browserName=Chrome&_=1585853986127 4721 - ::1 Mozilla/5.0+(Windows+NT+10.0;+Win64;+x64)+AppleWebKit/537.36+(KHTML,+like+Gecko)+Chrome/80.0.3987.149+Safari/537.36 http://localhost:4721/homepage.aspx 404 0 2 12
2020-04-02 19:04:46 ::1 GET /f6c9f12eb7e94c2faffd2e84e2a391db/arterySignalR/ping requestUrl=http%3A%2F%2Flocalhost%3A4721%2Fhomepage.aspx&browserName=Chrome&_=1585854286123 4721 - ::1 Mozilla/5.0+(Windows+NT+10.0;+Win64;+x64)+AppleWebKit/537.36+(KHTML,+like+Gecko)+Chrome/80.0.3987.149+Safari/537.36 http://localhost:4721/homepage.aspx 404 0 2 10
2020-04-02 19:09:46 ::1 GET /f6c9f12eb7e94c2faffd2e84e2a391db/arterySignalR/ping requestUrl=http%3A%2F%2Flocalhost%3A4721%2Fhomepage.aspx&browserName=Chrome&_=1585854586122 4721 - ::1 Mozilla/5.0+(Windows+NT+10.0;+Win64;+x64)+AppleWebKit/537.36+(KHTML,+like+Gecko)+Chrome/80.0.3987.149+Safari/537.36 http://localhost:4721/homepage.aspx 404 0 2 7
2020-04-02 19:14:46 ::1 GET /f6c9f12eb7e94c2faffd2e84e2a391db/arterySignalR/ping requestUrl=http%3A%2F%2Flocalhost%3A4721%2Fhomepage.aspx&browserName=Chrome&_=1585854886120 4721 - ::1 Mozilla/5.0+(Windows+NT+10.0;+Win64;+x64)+AppleWebKit/537.36+(KHTML,+like+Gecko)+Chrome/80.0.3987.149+Safari/537.36 http://localhost:4721/homepage.aspx 404 0 2 12
2020-04-02 19:19:46 ::1 GET /f6c9f12eb7e94c2faffd2e84e2a391db/arterySignalR/ping requestUrl=http%3A%2F%2Flocalhost%3A4721%2Fhomepage.aspx&browserName=Chrome&_=1585855186121 4721 - ::1 Mozilla/5.0+(Windows+NT+10.0;+Win64;+x64)+AppleWebKit/537.36+(KHTML,+like+Gecko)+Chrome/80.0.3987.149+Safari/537.36 http://localhost:4721/homepage.aspx 404 0 2 11
2020-04-02 19:23:44 ::1 GET /homepage.aspx - 4721 - ::1 Mozilla/5.0+(Windows+NT+10.0;+Win64;+x64)+AppleWebKit/537.36+(KHTML,+like+Gecko)+Chrome/80.0.3987.149+Safari/537.36 http://localhost:4721/homepage.aspx 200 0 0 800
2020-04-02 19:23:44 ::1 GET /CSS/MYstyleSheet.css - 4721 - ::1 Mozilla/5.0+(Windows+NT+10.0;+Win64;+x64)+AppleWebKit/537.36+(KHTML,+like+Gecko)+Chrome/80.0.3987.149+Safari/537.36 http://localhost:4721/homepage.aspx 200 0 0 2
2020-04-02 19:23:44 ::1 GET /imgs/cartoon-house_6460-139.jpg - 4721 - ::1 Mozilla/5.0+(Windows+NT+10.0;+Win64;+x64)+AppleWebKit/537.36+(KHTML,+like+Gecko)+Chrome/80.0.3987.149+Safari/537.36 http://localhost:4721/homepage.aspx 304 0 0 1
2020-04-02 19:23:44 ::1 GET /imgs/WhatsApp+Image+2020-04-02+at+12.27.36.jpeg - 4721 - ::1 Mozilla/5.0+(Windows+NT+10.0;+Win64;+x64)+AppleWebKit/537.36+(KHTML,+like+Gecko)+Chrome/80.0.3987.149+Safari/537.36 http://localhost:4721/homepage.aspx 304 0 0 2
2020-04-02 19:23:44 ::1 GET /imgs/example+3.jpg - 4721 - ::1 Mozilla/5.0+(Windows+NT+10.0;+Win64;+x64)+AppleWebKit/537.36+(KHTML,+like+Gecko)+Chrome/80.0.3987.149+Safari/537.36 http://localhost:4721/homepage.aspx 200 0 0 14
2020-04-02 19:23:44 ::1 GET /__browserLink/requestData/3b35e824a60c4de9bf08a0e7935340f3 - 4721 - ::1 Mozilla/5.0+(Windows+NT+10.0;+Win64;+x64)+AppleWebKit/537.36+(KHTML,+like+Gecko)+Chrome/80.0.3987.149+Safari/537.36 http://localhost:4721/homepage.aspx 200 0 0 8
2020-04-02 19:28:46 ::1 GET /f6c9f12eb7e94c2faffd2e84e2a391db/arterySignalR/ping requestUrl=http%3A%2F%2Flocalhost%3A4721%2Fhomepage.aspx&browserName=Chrome&_=1585855726130 4721 - ::1 Mozilla/5.0+(Windows+NT+10.0;+Win64;+x64)+AppleWebKit/537.36+(KHTML,+like+Gecko)+Chrome/80.0.3987.149+Safari/537.36 http://localhost:4721/homepage.aspx 404 0 2 12
2020-04-02 19:33:46 ::1 GET /f6c9f12eb7e94c2faffd2e84e2a391db/arterySignalR/ping requestUrl=http%3A%2F%2Flocalhost%3A4721%2Fhomepage.aspx&browserName=Chrome&_=1585856026122 4721 - ::1 Mozilla/5.0+(Windows+NT+10.0;+Win64;+x64)+AppleWebKit/537.36+(KHTML,+like+Gecko)+Chrome/80.0.3987.149+Safari/537.36 http://localhost:4721/homepage.aspx 404 0 2 13
2020-04-02 19:38:46 ::1 GET /f6c9f12eb7e94c2faffd2e84e2a391db/arterySignalR/ping requestUrl=http%3A%2F%2Flocalhost%3A4721%2Fhomepage.aspx&browserName=Chrome&_=1585856326121 4721 - ::1 Mozilla/5.0+(Windows+NT+10.0;+Win64;+x64)+AppleWebKit/537.36+(KHTML,+like+Gecko)+Chrome/80.0.3987.149+Safari/537.36 http://localhost:4721/homepage.aspx 404 0 2 69
2020-04-02 19:43:46 ::1 GET /f6c9f12eb7e94c2faffd2e84e2a391db/arterySignalR/ping requestUrl=http%3A%2F%2Flocalhost%3A4721%2Fhomepage.aspx&browserName=Chrome&_=1585856626122 4721 - ::1 Mozilla/5.0+(Windows+NT+10.0;+Win64;+x64)+AppleWebKit/537.36+(KHTML,+like+Gecko)+Chrome/80.0.3987.149+Safari/537.36 http://localhost:4721/homepage.aspx 404 0 2 10
2020-04-02 19:48:46 ::1 GET /f6c9f12eb7e94c2faffd2e84e2a391db/arterySignalR/ping requestUrl=http%3A%2F%2Flocalhost%3A4721%2Fhomepage.aspx&browserName=Chrome&_=1585856926117 4721 - ::1 Mozilla/5.0+(Windows+NT+10.0;+Win64;+x64)+AppleWebKit/537.36+(KHTML,+like+Gecko)+Chrome/80.0.3987.149+Safari/537.36 http://localhost:4721/homepage.aspx 404 0 2 5
2020-04-02 19:53:46 ::1 GET /f6c9f12eb7e94c2faffd2e84e2a391db/arterySignalR/ping requestUrl=http%3A%2F%2Flocalhost%3A4721%2Fhomepage.aspx&browserName=Chrome&_=1585857226123 4721 - ::1 Mozilla/5.0+(Windows+NT+10.0;+Win64;+x64)+AppleWebKit/537.36+(KHTML,+like+Gecko)+Chrome/80.0.3987.149+Safari/537.36 http://localhost:4721/homepage.aspx 404 0 2 11
2020-04-02 19:58:46 ::1 GET /f6c9f12eb7e94c2faffd2e84e2a391db/arterySignalR/ping requestUrl=http%3A%2F%2Flocalhost%3A4721%2Fhomepage.aspx&browserName=Chrome&_=1585857526121 4721 - ::1 Mozilla/5.0+(Windows+NT+10.0;+Win64;+x64)+AppleWebKit/537.36+(KHTML,+like+Gecko)+Chrome/80.0.3987.149+Safari/537.36 http://localhost:4721/homepage.aspx 404 0 2 7
2020-04-02 20:03:46 ::1 GET /f6c9f12eb7e94c2faffd2e84e2a391db/arterySignalR/ping requestUrl=http%3A%2F%2Flocalhost%3A4721%2Fhomepage.aspx&browserName=Chrome&_=1585857826120 4721 - ::1 Mozilla/5.0+(Windows+NT+10.0;+Win64;+x64)+AppleWebKit/537.36+(KHTML,+like+Gecko)+Chrome/80.0.3987.149+Safari/537.36 http://localhost:4721/homepage.aspx 404 0 2 12
2020-04-02 20:08:46 ::1 GET /f6c9f12eb7e94c2faffd2e84e2a391db/arterySignalR/ping requestUrl=http%3A%2F%2Flocalhost%3A4721%2Fhomepage.aspx&browserName=Chrome&_=1585858126122 4721 - ::1 Mozilla/5.0+(Windows+NT+10.0;+Win64;+x64)+AppleWebKit/537.36+(KHTML,+like+Gecko)+Chrome/80.0.3987.149+Safari/537.36 http://localhost:4721/homepage.aspx 404 0 2 11
2020-04-02 20:13:46 ::1 GET /f6c9f12eb7e94c2faffd2e84e2a391db/arterySignalR/ping requestUrl=http%3A%2F%2Flocalhost%3A4721%2Fhomepage.aspx&browserName=Chrome&_=1585858426123 4721 - ::1 Mozilla/5.0+(Windows+NT+10.0;+Win64;+x64)+AppleWebKit/537.36+(KHTML,+like+Gecko)+Chrome/80.0.3987.149+Safari/537.36 http://localhost:4721/homepage.aspx 404 0 2 11
2020-04-02 20:18:46 ::1 GET /f6c9f12eb7e94c2faffd2e84e2a391db/arterySignalR/ping requestUrl=http%3A%2F%2Flocalhost%3A4721%2Fhomepage.aspx&browserName=Chrome&_=1585858726120 4721 - ::1 Mozilla/5.0+(Windows+NT+10.0;+Win64;+x64)+AppleWebKit/537.36+(KHTML,+like+Gecko)+Chrome/80.0.3987.149+Safari/537.36 http://localhost:4721/homepage.aspx 404 0 2 16
2020-04-02 20:23:46 ::1 GET /f6c9f12eb7e94c2faffd2e84e2a391db/arterySignalR/ping requestUrl=http%3A%2F%2Flocalhost%3A4721%2Fhomepage.aspx&browserName=Chrome&_=1585859026122 4721 - ::1 Mozilla/5.0+(Windows+NT+10.0;+Win64;+x64)+AppleWebKit/537.36+(KHTML,+like+Gecko)+Chrome/80.0.3987.149+Safari/537.36 http://localhost:4721/homepage.aspx 404 0 2 14
2020-04-02 20:28:46 ::1 GET /f6c9f12eb7e94c2faffd2e84e2a391db/arterySignalR/ping requestUrl=http%3A%2F%2Flocalhost%3A4721%2Fhomepage.aspx&browserName=Chrome&_=1585859326118 4721 - ::1 Mozilla/5.0+(Windows+NT+10.0;+Win64;+x64)+AppleWebKit/537.36+(KHTML,+like+Gecko)+Chrome/80.0.3987.149+Safari/537.36 http://localhost:4721/homepage.aspx 404 0 2 11
2020-04-02 20:33:46 ::1 GET /f6c9f12eb7e94c2faffd2e84e2a391db/arterySignalR/ping requestUrl=http%3A%2F%2Flocalhost%3A4721%2Fhomepage.aspx&browserName=Chrome&_=1585859626122 4721 - ::1 Mozilla/5.0+(Windows+NT+10.0;+Win64;+x64)+AppleWebKit/537.36+(KHTML,+like+Gecko)+Chrome/80.0.3987.149+Safari/537.36 http://localhost:4721/homepage.aspx 404 0 2 14
2020-04-02 20:38:46 ::1 GET /f6c9f12eb7e94c2faffd2e84e2a391db/arterySignalR/ping requestUrl=http%3A%2F%2Flocalhost%3A4721%2Fhomepage.aspx&browserName=Chrome&_=1585859926117 4721 - ::1 Mozilla/5.0+(Windows+NT+10.0;+Win64;+x64)+AppleWebKit/537.36+(KHTML,+like+Gecko)+Chrome/80.0.3987.149+Safari/537.36 http://localhost:4721/homepage.aspx 404 0 2 12
2020-04-02 20:43:46 ::1 GET /f6c9f12eb7e94c2faffd2e84e2a391db/arterySignalR/ping requestUrl=http%3A%2F%2Flocalhost%3A4721%2Fhomepage.aspx&browserName=Chrome&_=1585860226119 4721 - ::1 Mozilla/5.0+(Windows+NT+10.0;+Win64;+x64)+AppleWebKit/537.36+(KHTML,+like+Gecko)+Chrome/80.0.3987.149+Safari/537.36 http://localhost:4721/homepage.aspx 404 0 2 11
2020-04-02 20:48:46 ::1 GET /f6c9f12eb7e94c2faffd2e84e2a391db/arterySignalR/ping requestUrl=http%3A%2F%2Flocalhost%3A4721%2Fhomepage.aspx&browserName=Chrome&_=1585860526119 4721 - ::1 Mozilla/5.0+(Windows+NT+10.0;+Win64;+x64)+AppleWebKit/537.36+(KHTML,+like+Gecko)+Chrome/80.0.3987.149+Safari/537.36 http://localhost:4721/homepage.aspx 404 0 2 16
2020-04-02 20:53:46 ::1 GET /f6c9f12eb7e94c2faffd2e84e2a391db/arterySignalR/ping requestUrl=http%3A%2F%2Flocalhost%3A4721%2Fhomepage.aspx&browserName=Chrome&_=1585860826117 4721 - ::1 Mozilla/5.0+(Windows+NT+10.0;+Win64;+x64)+AppleWebKit/537.36+(KHTML,+like+Gecko)+Chrome/80.0.3987.149+Safari/537.36 http://localhost:4721/homepage.aspx 404 0 2 5
2020-04-02 20:58:46 ::1 GET /f6c9f12eb7e94c2faffd2e84e2a391db/arterySignalR/ping requestUrl=http%3A%2F%2Flocalhost%3A4721%2Fhomepage.aspx&browserName=Chrome&_=1585861126117 4721 - ::1 Mozilla/5.0+(Windows+NT+10.0;+Win64;+x64)+AppleWebKit/537.36+(KHTML,+like+Gecko)+Chrome/80.0.3987.149+Safari/537.36 http://localhost:4721/homepage.aspx 404 0 2 12
2020-04-02 21:03:46 ::1 GET /f6c9f12eb7e94c2faffd2e84e2a391db/arterySignalR/ping requestUrl=http%3A%2F%2Flocalhost%3A4721%2Fhomepage.aspx&browserName=Chrome&_=1585861426119 4721 - ::1 Mozilla/5.0+(Windows+NT+10.0;+Win64;+x64)+AppleWebKit/537.36+(KHTML,+like+Gecko)+Chrome/80.0.3987.149+Safari/537.36 http://localhost:4721/homepage.aspx 404 0 2 16
2020-04-02 21:08:46 ::1 GET /f6c9f12eb7e94c2faffd2e84e2a391db/arterySignalR/ping requestUrl=http%3A%2F%2Flocalhost%3A4721%2Fhomepage.aspx&browserName=Chrome&_=1585861726118 4721 - ::1 Mozilla/5.0+(Windows+NT+10.0;+Win64;+x64)+AppleWebKit/537.36+(KHTML,+like+Gecko)+Chrome/80.0.3987.149+Safari/537.36 http://localhost:4721/homepage.aspx 404 0 2 11
2020-04-02 21:13:46 ::1 GET /f6c9f12eb7e94c2faffd2e84e2a391db/arterySignalR/ping requestUrl=http%3A%2F%2Flocalhost%3A4721%2Fhomepage.aspx&browserName=Chrome&_=1585862026118 4721 - ::1 Mozilla/5.0+(Windows+NT+10.0;+Win64;+x64)+AppleWebKit/537.36+(KHTML,+like+Gecko)+Chrome/80.0.3987.149+Safari/537.36 http://localhost:4721/homepage.aspx 404 0 2 11
2020-04-02 21:18:46 ::1 GET /f6c9f12eb7e94c2faffd2e84e2a391db/arterySignalR/ping requestUrl=http%3A%2F%2Flocalhost%3A4721%2Fhomepage.aspx&browserName=Chrome&_=1585862326120 4721 - ::1 Mozilla/5.0+(Windows+NT+10.0;+Win64;+x64)+AppleWebKit/537.36+(KHTML,+like+Gecko)+Chrome/80.0.3987.149+Safari/537.36 http://localhost:4721/homepage.aspx 404 0 2 11
2020-04-02 21:23:48 ::1 GET /f6c9f12eb7e94c2faffd2e84e2a391db/arterySignalR/ping requestUrl=http%3A%2F%2Flocalhost%3A4721%2Fhomepage.aspx&browserName=Chrome&_=1585862628139 4721 - ::1 Mozilla/5.0+(Windows+NT+10.0;+Win64;+x64)+AppleWebKit/537.36+(KHTML,+like+Gecko)+Chrome/80.0.3987.149+Safari/537.36 http://localhost:4721/homepage.aspx 404 0 2 11
2020-04-02 21:28:48 ::1 GET /f6c9f12eb7e94c2faffd2e84e2a391db/arterySignalR/ping requestUrl=http%3A%2F%2Flocalhost%3A4721%2Fhomepage.aspx&browserName=Chrome&_=1585862928143 4721 - ::1 Mozilla/5.0+(Windows+NT+10.0;+Win64;+x64)+AppleWebKit/537.36+(KHTML,+like+Gecko)+Chrome/80.0.3987.149+Safari/537.36 http://localhost:4721/homepage.aspx 404 0 2 10
2020-04-02 21:33:48 ::1 GET /f6c9f12eb7e94c2faffd2e84e2a391db/arterySignalR/ping requestUrl=http%3A%2F%2Flocalhost%3A4721%2Fhomepage.aspx&browserName=Chrome&_=1585863228142 4721 - ::1 Mozilla/5.0+(Windows+NT+10.0;+Win64;+x64)+AppleWebKit/537.36+(KHTML,+like+Gecko)+Chrome/80.0.3987.149+Safari/537.36 http://localhost:4721/homepage.aspx 404 0 2 11
2020-04-02 21:38:48 ::1 GET /f6c9f12eb7e94c2faffd2e84e2a391db/arterySignalR/ping requestUrl=http%3A%2F%2Flocalhost%3A4721%2Fhomepage.aspx&browserName=Chrome&_=1585863528143 4721 - ::1 Mozilla/5.0+(Windows+NT+10.0;+Win64;+x64)+AppleWebKit/537.36+(KHTML,+like+Gecko)+Chrome/80.0.3987.149+Safari/537.36 http://localhost:4721/homepage.aspx 404 0 2 11
2020-04-02 21:43:48 ::1 GET /f6c9f12eb7e94c2faffd2e84e2a391db/arterySignalR/ping requestUrl=http%3A%2F%2Flocalhost%3A4721%2Fhomepage.aspx&browserName=Chrome&_=1585863828140 4721 - ::1 Mozilla/5.0+(Windows+NT+10.0;+Win64;+x64)+AppleWebKit/537.36+(KHTML,+like+Gecko)+Chrome/80.0.3987.149+Safari/537.36 http://localhost:4721/homepage.aspx 404 0 2 12
2020-04-02 21:48:48 ::1 GET /f6c9f12eb7e94c2faffd2e84e2a391db/arterySignalR/ping requestUrl=http%3A%2F%2Flocalhost%3A4721%2Fhomepage.aspx&browserName=Chrome&_=1585864128139 4721 - ::1 Mozilla/5.0+(Windows+NT+10.0;+Win64;+x64)+AppleWebKit/537.36+(KHTML,+like+Gecko)+Chrome/80.0.3987.149+Safari/537.36 http://localhost:4721/homepage.aspx 404 0 2 23
2020-04-02 21:53:48 ::1 GET /f6c9f12eb7e94c2faffd2e84e2a391db/arterySignalR/ping requestUrl=http%3A%2F%2Flocalhost%3A4721%2Fhomepage.aspx&browserName=Chrome&_=1585864428141 4721 - ::1 Mozilla/5.0+(Windows+NT+10.0;+Win64;+x64)+AppleWebKit/537.36+(KHTML,+like+Gecko)+Chrome/80.0.3987.149+Safari/537.36 http://localhost:4721/homepage.aspx 404 0 2 4
2020-04-02 21:58:48 ::1 GET /f6c9f12eb7e94c2faffd2e84e2a391db/arterySignalR/ping requestUrl=http%3A%2F%2Flocalhost%3A4721%2Fhomepage.aspx&browserName=Chrome&_=1585864728141 4721 - ::1 Mozilla/5.0+(Windows+NT+10.0;+Win64;+x64)+AppleWebKit/537.36+(KHTML,+like+Gecko)+Chrome/80.0.3987.149+Safari/537.36 http://localhost:4721/homepage.aspx 404 0 2 10
2020-04-02 22:03:48 ::1 GET /f6c9f12eb7e94c2faffd2e84e2a391db/arterySignalR/ping requestUrl=http%3A%2F%2Flocalhost%3A4721%2Fhomepage.aspx&browserName=Chrome&_=1585865028140 4721 - ::1 Mozilla/5.0+(Windows+NT+10.0;+Win64;+x64)+AppleWebKit/537.36+(KHTML,+like+Gecko)+Chrome/80.0.3987.149+Safari/537.36 http://localhost:4721/homepage.aspx 404 0 2 78
2020-04-02 22:08:48 ::1 GET /f6c9f12eb7e94c2faffd2e84e2a391db/arterySignalR/ping requestUrl=http%3A%2F%2Flocalhost%3A4721%2Fhomepage.aspx&browserName=Chrome&_=1585865328140 4721 - ::1 Mozilla/5.0+(Windows+NT+10.0;+Win64;+x64)+AppleWebKit/537.36+(KHTML,+like+Gecko)+Chrome/80.0.3987.149+Safari/537.36 http://localhost:4721/homepage.aspx 404 0 2 11
2020-04-02 22:13:48 ::1 GET /f6c9f12eb7e94c2faffd2e84e2a391db/arterySignalR/ping requestUrl=http%3A%2F%2Flocalhost%3A4721%2Fhomepage.aspx&browserName=Chrome&_=1585865628145 4721 - ::1 Mozilla/5.0+(Windows+NT+10.0;+Win64;+x64)+AppleWebKit/537.36+(KHTML,+like+Gecko)+Chrome/80.0.3987.149+Safari/537.36 http://localhost:4721/homepage.aspx 404 0 2 12
2020-04-02 22:18:48 ::1 GET /f6c9f12eb7e94c2faffd2e84e2a391db/arterySignalR/ping requestUrl=http%3A%2F%2Flocalhost%3A4721%2Fhomepage.aspx&browserName=Chrome&_=1585865928141 4721 - ::1 Mozilla/5.0+(Windows+NT+10.0;+Win64;+x64)+AppleWebKit/537.36+(KHTML,+like+Gecko)+Chrome/80.0.3987.149+Safari/537.36 http://localhost:4721/homepage.aspx 404 0 2 11
2020-04-02 22:23:48 ::1 GET /f6c9f12eb7e94c2faffd2e84e2a391db/arterySignalR/ping requestUrl=http%3A%2F%2Flocalhost%3A4721%2Fhomepage.aspx&browserName=Chrome&_=1585866228144 4721 - ::1 Mozilla/5.0+(Windows+NT+10.0;+Win64;+x64)+AppleWebKit/537.36+(KHTML,+like+Gecko)+Chrome/80.0.3987.149+Safari/537.36 http://localhost:4721/homepage.aspx 404 0 2 11
2020-04-02 22:28:48 ::1 GET /f6c9f12eb7e94c2faffd2e84e2a391db/arterySignalR/ping requestUrl=http%3A%2F%2Flocalhost%3A4721%2Fhomepage.aspx&browserName=Chrome&_=1585866528144 4721 - ::1 Mozilla/5.0+(Windows+NT+10.0;+Win64;+x64)+AppleWebKit/537.36+(KHTML,+like+Gecko)+Chrome/80.0.3987.149+Safari/537.36 http://localhost:4721/homepage.aspx 404 0 2 10
2020-04-02 22:33:48 ::1 GET /f6c9f12eb7e94c2faffd2e84e2a391db/arterySignalR/ping requestUrl=http%3A%2F%2Flocalhost%3A4721%2Fhomepage.aspx&browserName=Chrome&_=1585866828143 4721 - ::1 Mozilla/5.0+(Windows+NT+10.0;+Win64;+x64)+AppleWebKit/537.36+(KHTML,+like+Gecko)+Chrome/80.0.3987.149+Safari/537.36 http://localhost:4721/homepage.aspx 404 0 2 10
2020-04-02 22:38:48 ::1 GET /f6c9f12eb7e94c2faffd2e84e2a391db/arterySignalR/ping requestUrl=http%3A%2F%2Flocalhost%3A4721%2Fhomepage.aspx&browserName=Chrome&_=1585867128143 4721 - ::1 Mozilla/5.0+(Windows+NT+10.0;+Win64;+x64)+AppleWebKit/537.36+(KHTML,+like+Gecko)+Chrome/80.0.3987.149+Safari/537.36 http://localhost:4721/homepage.aspx 404 0 2 10
2020-04-02 22:43:48 ::1 GET /f6c9f12eb7e94c2faffd2e84e2a391db/arterySignalR/ping requestUrl=http%3A%2F%2Flocalhost%3A4721%2Fhomepage.aspx&browserName=Chrome&_=1585867428139 4721 - ::1 Mozilla/5.0+(Windows+NT+10.0;+Win64;+x64)+AppleWebKit/537.36+(KHTML,+like+Gecko)+Chrome/80.0.3987.149+Safari/537.36 http://localhost:4721/homepage.aspx 404 0 2 11
2020-04-02 22:48:48 ::1 GET /f6c9f12eb7e94c2faffd2e84e2a391db/arterySignalR/ping requestUrl=http%3A%2F%2Flocalhost%3A4721%2Fhomepage.aspx&browserName=Chrome&_=1585867728139 4721 - ::1 Mozilla/5.0+(Windows+NT+10.0;+Win64;+x64)+AppleWebKit/537.36+(KHTML,+like+Gecko)+Chrome/80.0.3987.149+Safari/537.36 http://localhost:4721/homepage.aspx 404 0 2 10
2020-04-02 22:53:48 ::1 GET /f6c9f12eb7e94c2faffd2e84e2a391db/arterySignalR/ping requestUrl=http%3A%2F%2Flocalhost%3A4721%2Fhomepage.aspx&browserName=Chrome&_=1585868028141 4721 - ::1 Mozilla/5.0+(Windows+NT+10.0;+Win64;+x64)+AppleWebKit/537.36+(KHTML,+like+Gecko)+Chrome/80.0.3987.149+Safari/537.36 http://localhost:4721/homepage.aspx 404 0 2 11
2020-04-02 22:58:48 ::1 GET /f6c9f12eb7e94c2faffd2e84e2a391db/arterySignalR/ping requestUrl=http%3A%2F%2Flocalhost%3A4721%2Fhomepage.aspx&browserName=Chrome&_=1585868328139 4721 - ::1 Mozilla/5.0+(Windows+NT+10.0;+Win64;+x64)+AppleWebKit/537.36+(KHTML,+like+Gecko)+Chrome/80.0.3987.149+Safari/537.36 http://localhost:4721/homepage.aspx 404 0 2 10
2020-04-02 23:03:48 ::1 GET /f6c9f12eb7e94c2faffd2e84e2a391db/arterySignalR/ping requestUrl=http%3A%2F%2Flocalhost%3A4721%2Fhomepage.aspx&browserName=Chrome&_=1585868628144 4721 - ::1 Mozilla/5.0+(Windows+NT+10.0;+Win64;+x64)+AppleWebKit/537.36+(KHTML,+like+Gecko)+Chrome/80.0.3987.149+Safari/537.36 http://localhost:4721/homepage.aspx 404 0 2 26
2020-04-02 23:08:48 ::1 GET /f6c9f12eb7e94c2faffd2e84e2a391db/arterySignalR/ping requestUrl=http%3A%2F%2Flocalhost%3A4721%2Fhomepage.aspx&browserName=Chrome&_=1585868928143 4721 - ::1 Mozilla/5.0+(Windows+NT+10.0;+Win64;+x64)+AppleWebKit/537.36+(KHTML,+like+Gecko)+Chrome/80.0.3987.149+Safari/537.36 http://localhost:4721/homepage.aspx 404 0 2 11
2020-04-02 23:13:48 ::1 GET /f6c9f12eb7e94c2faffd2e84e2a391db/arterySignalR/ping requestUrl=http%3A%2F%2Flocalhost%3A4721%2Fhomepage.aspx&browserName=Chrome&_=1585869228144 4721 - ::1 Mozilla/5.0+(Windows+NT+10.0;+Win64;+x64)+AppleWebKit/537.36+(KHTML,+like+Gecko)+Chrome/80.0.3987.149+Safari/537.36 http://localhost:4721/homepage.aspx 404 0 2 10
2020-04-02 23:18:48 ::1 GET /f6c9f12eb7e94c2faffd2e84e2a391db/arterySignalR/ping requestUrl=http%3A%2F%2Flocalhost%3A4721%2Fhomepage.aspx&browserName=Chrome&_=1585869528143 4721 - ::1 Mozilla/5.0+(Windows+NT+10.0;+Win64;+x64)+AppleWebKit/537.36+(KHTML,+like+Gecko)+Chrome/80.0.3987.149+Safari/537.36 http://localhost:4721/homepage.aspx 404 0 2 11
2020-04-02 23:23:48 ::1 GET /f6c9f12eb7e94c2faffd2e84e2a391db/arterySignalR/ping requestUrl=http%3A%2F%2Flocalhost%3A4721%2Fhomepage.aspx&browserName=Chrome&_=1585869828141 4721 - ::1 Mozilla/5.0+(Windows+NT+10.0;+Win64;+x64)+AppleWebKit/537.36+(KHTML,+like+Gecko)+Chrome/80.0.3987.149+Safari/537.36 http://localhost:4721/homepage.aspx 404 0 2 5
2020-04-02 23:28:48 ::1 GET /f6c9f12eb7e94c2faffd2e84e2a391db/arterySignalR/ping requestUrl=http%3A%2F%2Flocalhost%3A4721%2Fhomepage.aspx&browserName=Chrome&_=1585870128142 4721 - ::1 Mozilla/5.0+(Windows+NT+10.0;+Win64;+x64)+AppleWebKit/537.36+(KHTML,+like+Gecko)+Chrome/80.0.3987.149+Safari/537.36 http://localhost:4721/homepage.aspx 404 0 2 6
2020-04-02 23:33:48 ::1 GET /f6c9f12eb7e94c2faffd2e84e2a391db/arterySignalR/ping requestUrl=http%3A%2F%2Flocalhost%3A4721%2Fhomepage.aspx&browserName=Chrome&_=1585870428139 4721 - ::1 Mozilla/5.0+(Windows+NT+10.0;+Win64;+x64)+AppleWebKit/537.36+(KHTML,+like+Gecko)+Chrome/80.0.3987.149+Safari/537.36 http://localhost:4721/homepage.aspx 404 0 2 11
2020-04-02 23:38:48 ::1 GET /f6c9f12eb7e94c2faffd2e84e2a391db/arterySignalR/ping requestUrl=http%3A%2F%2Flocalhost%3A4721%2Fhomepage.aspx&browserName=Chrome&_=1585870728141 4721 - ::1 Mozilla/5.0+(Windows+NT+10.0;+Win64;+x64)+AppleWebKit/537.36+(KHTML,+like+Gecko)+Chrome/80.0.3987.149+Safari/537.36 http://localhost:4721/homepage.aspx 404 0 2 11
2020-04-02 23:43:48 ::1 GET /f6c9f12eb7e94c2faffd2e84e2a391db/arterySignalR/ping requestUrl=http%3A%2F%2Flocalhost%3A4721%2Fhomepage.aspx&browserName=Chrome&_=1585871028143 4721 - ::1 Mozilla/5.0+(Windows+NT+10.0;+Win64;+x64)+AppleWebKit/537.36+(KHTML,+like+Gecko)+Chrome/80.0.3987.149+Safari/537.36 http://localhost:4721/homepage.aspx 404 0 2 10
2020-04-02 23:48:48 ::1 GET /f6c9f12eb7e94c2faffd2e84e2a391db/arterySignalR/ping requestUrl=http%3A%2F%2Flocalhost%3A4721%2Fhomepage.aspx&browserName=Chrome&_=1585871328248 4721 - ::1 Mozilla/5.0+(Windows+NT+10.0;+Win64;+x64)+AppleWebKit/537.36+(KHTML,+like+Gecko)+Chrome/80.0.3987.149+Safari/537.36 http://localhost:4721/homepage.aspx 404 0 2 11
2020-04-02 23:53:48 ::1 GET /f6c9f12eb7e94c2faffd2e84e2a391db/arterySignalR/ping requestUrl=http%3A%2F%2Flocalhost%3A4721%2Fhomepage.aspx&browserName=Chrome&_=1585871628140 4721 - ::1 Mozilla/5.0+(Windows+NT+10.0;+Win64;+x64)+AppleWebKit/537.36+(KHTML,+like+Gecko)+Chrome/80.0.3987.149+Safari/537.36 http://localhost:4721/homepage.aspx 404 0 2 10
2020-04-02 23:58:48 ::1 GET /f6c9f12eb7e94c2faffd2e84e2a391db/arterySignalR/ping requestUrl=http%3A%2F%2Flocalhost%3A4721%2Fhomepage.aspx&browserName=Chrome&_=1585871928141 4721 - ::1 Mozilla/5.0+(Windows+NT+10.0;+Win64;+x64)+AppleWebKit/537.36+(KHTML,+like+Gecko)+Chrome/80.0.3987.149+Safari/537.36 http://localhost:4721/homepage.aspx 404 0 2 11
