#Software: Microsoft Internet Information Services 8.0
#Version: 1.0
#Date: 2020-04-21 00:00:45
#Fields: date time s-ip cs-method cs-uri-stem cs-uri-query s-port cs-username c-ip cs(User-Agent) cs(Referer) sc-status sc-substatus sc-win32-status time-taken
2020-04-21 00:00:45 ::1 GET /13818cd5e1184932bc3e91fd1418b82f/arterySignalR/ping requestUrl=http%3A%2F%2Flocalhost%3A4721%2Fhomepage.aspx&browserName=Chrome&_=1587427245932 4721 - ::1 Mozilla/5.0+(Windows+NT+10.0;+Win64;+x64)+AppleWebKit/537.36+(KHTML,+like+Gecko)+Chrome/81.0.4044.113+Safari/537.36 http://localhost:4721/homepage.aspx 404 0 2 32
#Software: Microsoft Internet Information Services 8.0
#Version: 1.0
#Date: 2020-04-21 15:13:37
#Fields: date time s-ip cs-method cs-uri-stem cs-uri-query s-port cs-username c-ip cs(User-Agent) cs(Referer) sc-status sc-substatus sc-win32-status time-taken
2020-04-21 15:13:37 ::1 GET /aboutus.aspx - 4721 - ::1 Mozilla/5.0+(Windows+NT+10.0;+Win64;+x64)+AppleWebKit/537.36+(KHTML,+like+Gecko)+Chrome/81.0.4044.113+Safari/537.36 - 200 0 0 9346
2020-04-21 15:13:37 ::1 GET /imgs/logo.jpeg - 4721 - ::1 Mozilla/5.0+(Windows+NT+10.0;+Win64;+x64)+AppleWebKit/537.36+(KHTML,+like+Gecko)+Chrome/81.0.4044.113+Safari/537.36 http://localhost:4721/aboutus.aspx 200 0 0 15
2020-04-21 15:13:38 ::1 GET /favicon.ico - 4721 - ::1 Mozilla/5.0+(Windows+NT+10.0;+Win64;+x64)+AppleWebKit/537.36+(KHTML,+like+Gecko)+Chrome/81.0.4044.113+Safari/537.36 http://localhost:4721/aboutus.aspx 404 0 2 38
2020-04-21 15:13:43 ::1 GET /__browserLink/requestData/d3a33aff021c43f0afe8ede4f19d377c - 4721 - ::1 Mozilla/5.0+(Windows+NT+10.0;+Win64;+x64)+AppleWebKit/537.36+(KHTML,+like+Gecko)+Chrome/81.0.4044.113+Safari/537.36 http://localhost:4721/aboutus.aspx 200 0 0 142
2020-04-21 15:14:19 ::1 GET /aboutus.aspx - 4721 - ::1 Mozilla/5.0+(Windows+NT+10.0;+Win64;+x64)+AppleWebKit/537.36+(KHTML,+like+Gecko)+Chrome/81.0.4044.113+Safari/537.36 http://localhost:4721/aboutus.aspx 200 0 0 860
2020-04-21 15:14:22 ::1 GET /__browserLink/requestData/90e3b81d83ac4e499cc062f313f9fd3e - 4721 - ::1 Mozilla/5.0+(Windows+NT+10.0;+Win64;+x64)+AppleWebKit/537.36+(KHTML,+like+Gecko)+Chrome/81.0.4044.113+Safari/537.36 http://localhost:4721/aboutus.aspx 200 0 0 7
2020-04-21 15:15:23 ::1 GET /aboutus.aspx - 4721 - ::1 Mozilla/5.0+(Windows+NT+10.0;+Win64;+x64)+AppleWebKit/537.36+(KHTML,+like+Gecko)+Chrome/81.0.4044.113+Safari/537.36 http://localhost:4721/aboutus.aspx 200 0 0 900
2020-04-21 15:15:26 ::1 GET /__browserLink/requestData/5b6bafe764a346c4b82ff63b12146363 - 4721 - ::1 Mozilla/5.0+(Windows+NT+10.0;+Win64;+x64)+AppleWebKit/537.36+(KHTML,+like+Gecko)+Chrome/81.0.4044.113+Safari/537.36 http://localhost:4721/aboutus.aspx 200 0 0 5
2020-04-21 15:15:34 ::1 GET /aboutus.aspx - 4721 - ::1 Mozilla/5.0+(Windows+NT+10.0;+Win64;+x64)+AppleWebKit/537.36+(KHTML,+like+Gecko)+Chrome/81.0.4044.113+Safari/537.36 http://localhost:4721/aboutus.aspx 200 0 0 8
2020-04-21 15:15:36 ::1 GET /__browserLink/requestData/b5a4f1eb6d50433d80888ac722930ac6 - 4721 - ::1 Mozilla/5.0+(Windows+NT+10.0;+Win64;+x64)+AppleWebKit/537.36+(KHTML,+like+Gecko)+Chrome/81.0.4044.113+Safari/537.36 http://localhost:4721/aboutus.aspx 200 0 0 4
2020-04-21 15:17:59 ::1 GET /aboutus.aspx - 4721 - ::1 Mozilla/5.0+(Windows+NT+10.0;+Win64;+x64)+AppleWebKit/537.36+(KHTML,+like+Gecko)+Chrome/81.0.4044.113+Safari/537.36 http://localhost:4721/aboutus.aspx 200 0 0 1032
2020-04-21 15:18:00 ::1 GET /__browserLink/requestData/d190982978c24ccf9ff22459fa629eb2 - 4721 - ::1 Mozilla/5.0+(Windows+NT+10.0;+Win64;+x64)+AppleWebKit/537.36+(KHTML,+like+Gecko)+Chrome/81.0.4044.113+Safari/537.36 http://localhost:4721/aboutus.aspx 200 0 0 6
2020-04-21 15:23:01 ::1 GET /8faa0d835fc14257adfdc52675a803ab/arterySignalR/ping requestUrl=http%3A%2F%2Flocalhost%3A4721%2Faboutus.aspx&browserName=Chrome&_=1587482580972 4721 - ::1 Mozilla/5.0+(Windows+NT+10.0;+Win64;+x64)+AppleWebKit/537.36+(KHTML,+like+Gecko)+Chrome/81.0.4044.113+Safari/537.36 http://localhost:4721/aboutus.aspx 404 0 2 63
2020-04-21 15:28:01 ::1 GET /8faa0d835fc14257adfdc52675a803ab/arterySignalR/ping requestUrl=http%3A%2F%2Flocalhost%3A4721%2Faboutus.aspx&browserName=Chrome&_=1587482880963 4721 - ::1 Mozilla/5.0+(Windows+NT+10.0;+Win64;+x64)+AppleWebKit/537.36+(KHTML,+like+Gecko)+Chrome/81.0.4044.113+Safari/537.36 http://localhost:4721/aboutus.aspx 404 0 2 14
2020-04-21 15:28:35 ::1 GET /aboutus.aspx - 4721 - ::1 Mozilla/5.0+(Windows+NT+10.0;+Win64;+x64)+AppleWebKit/537.36+(KHTML,+like+Gecko)+Chrome/81.0.4044.113+Safari/537.36 http://localhost:4721/aboutus.aspx 200 0 0 1060
2020-04-21 15:28:36 ::1 GET /__browserLink/requestData/484877f684214baa8ba810e941fe43da - 4721 - ::1 Mozilla/5.0+(Windows+NT+10.0;+Win64;+x64)+AppleWebKit/537.36+(KHTML,+like+Gecko)+Chrome/81.0.4044.113+Safari/537.36 http://localhost:4721/aboutus.aspx 200 0 0 5
2020-04-21 15:31:01 ::1 GET /aboutus.aspx - 4721 - ::1 Mozilla/5.0+(Windows+NT+10.0;+Win64;+x64)+AppleWebKit/537.36+(KHTML,+like+Gecko)+Chrome/81.0.4044.113+Safari/537.36 http://localhost:4721/aboutus.aspx 200 0 0 1113
2020-04-21 15:31:01 ::1 GET /__browserLink/requestData/6d9ef8097d2f45c09a17489371b2e56c - 4721 - ::1 Mozilla/5.0+(Windows+NT+10.0;+Win64;+x64)+AppleWebKit/537.36+(KHTML,+like+Gecko)+Chrome/81.0.4044.113+Safari/537.36 http://localhost:4721/aboutus.aspx 200 0 0 11
2020-04-21 15:31:28 ::1 GET /aboutus.aspx - 4721 - ::1 Mozilla/5.0+(Windows+NT+10.0;+Win64;+x64)+AppleWebKit/537.36+(KHTML,+like+Gecko)+Chrome/81.0.4044.113+Safari/537.36 http://localhost:4721/aboutus.aspx 200 0 0 1074
2020-04-21 15:31:29 ::1 GET /__browserLink/requestData/4fd315725f80486cb390515875644030 - 4721 - ::1 Mozilla/5.0+(Windows+NT+10.0;+Win64;+x64)+AppleWebKit/537.36+(KHTML,+like+Gecko)+Chrome/81.0.4044.113+Safari/537.36 http://localhost:4721/aboutus.aspx 200 0 0 4
2020-04-21 15:32:17 ::1 GET /aboutus.aspx - 4721 - ::1 Mozilla/5.0+(Windows+NT+10.0;+Win64;+x64)+AppleWebKit/537.36+(KHTML,+like+Gecko)+Chrome/81.0.4044.113+Safari/537.36 http://localhost:4721/aboutus.aspx 200 0 0 1263
2020-04-21 15:32:17 ::1 GET /__browserLink/requestData/dec0f3f907434744a79be37ef412e740 - 4721 - ::1 Mozilla/5.0+(Windows+NT+10.0;+Win64;+x64)+AppleWebKit/537.36+(KHTML,+like+Gecko)+Chrome/81.0.4044.113+Safari/537.36 http://localhost:4721/aboutus.aspx 200 0 0 10
2020-04-21 15:32:26 ::1 GET /aboutus.aspx - 4721 - ::1 Mozilla/5.0+(Windows+NT+10.0;+Win64;+x64)+AppleWebKit/537.36+(KHTML,+like+Gecko)+Chrome/81.0.4044.113+Safari/537.36 http://localhost:4721/aboutus.aspx 200 0 0 9
2020-04-21 15:32:26 ::1 GET /__browserLink/requestData/0f285a70e68c4444821d09abf44d597a - 4721 - ::1 Mozilla/5.0+(Windows+NT+10.0;+Win64;+x64)+AppleWebKit/537.36+(KHTML,+like+Gecko)+Chrome/81.0.4044.113+Safari/537.36 http://localhost:4721/aboutus.aspx 200 0 0 9
2020-04-21 15:32:40 ::1 GET /aboutus.aspx - 4721 - ::1 Mozilla/5.0+(Windows+NT+10.0;+Win64;+x64)+AppleWebKit/537.36+(KHTML,+like+Gecko)+Chrome/81.0.4044.113+Safari/537.36 http://localhost:4721/aboutus.aspx 200 0 0 1212
2020-04-21 15:32:40 ::1 GET /__browserLink/requestData/ae1db89365d5409c8781201c1d4216f0 - 4721 - ::1 Mozilla/5.0+(Windows+NT+10.0;+Win64;+x64)+AppleWebKit/537.36+(KHTML,+like+Gecko)+Chrome/81.0.4044.113+Safari/537.36 http://localhost:4721/aboutus.aspx 200 0 0 9
2020-04-21 15:33:00 ::1 GET /aboutus.aspx - 4721 - ::1 Mozilla/5.0+(Windows+NT+10.0;+Win64;+x64)+AppleWebKit/537.36+(KHTML,+like+Gecko)+Chrome/81.0.4044.113+Safari/537.36 http://localhost:4721/aboutus.aspx 200 0 0 896
2020-04-21 15:33:00 ::1 GET /__browserLink/requestData/e3ffacd090b04f1d968553e3cf000c56 - 4721 - ::1 Mozilla/5.0+(Windows+NT+10.0;+Win64;+x64)+AppleWebKit/537.36+(KHTML,+like+Gecko)+Chrome/81.0.4044.113+Safari/537.36 http://localhost:4721/aboutus.aspx 200 0 0 6
2020-04-21 15:35:23 ::1 GET /homepage.aspx - 4721 - ::1 Mozilla/5.0+(Windows+NT+10.0;+Win64;+x64)+AppleWebKit/537.36+(KHTML,+like+Gecko)+Chrome/81.0.4044.113+Safari/537.36 http://localhost:4721/aboutus.aspx 200 0 0 1041
2020-04-21 15:35:24 ::1 GET /__browserLink/requestData/ccbd24665ddc412f89f74d2b7e7c38c4 - 4721 - ::1 Mozilla/5.0+(Windows+NT+10.0;+Win64;+x64)+AppleWebKit/537.36+(KHTML,+like+Gecko)+Chrome/81.0.4044.113+Safari/537.36 http://localhost:4721/homepage.aspx 200 0 0 5
2020-04-21 15:35:39 ::1 POST /homepage.aspx - 4721 - ::1 Mozilla/5.0+(Windows+NT+10.0;+Win64;+x64)+AppleWebKit/537.36+(KHTML,+like+Gecko)+Chrome/81.0.4044.113+Safari/537.36 http://localhost:4721/homepage.aspx 200 0 0 86
2020-04-21 15:35:39 ::1 GET /__browserLink/requestData/2b0017fc618d4083a4283d44807a0cbf - 4721 - ::1 Mozilla/5.0+(Windows+NT+10.0;+Win64;+x64)+AppleWebKit/537.36+(KHTML,+like+Gecko)+Chrome/81.0.4044.113+Safari/537.36 http://localhost:4721/homepage.aspx 200 0 0 5
2020-04-21 15:35:42 ::1 POST /homepage.aspx - 4721 - ::1 Mozilla/5.0+(Windows+NT+10.0;+Win64;+x64)+AppleWebKit/537.36+(KHTML,+like+Gecko)+Chrome/81.0.4044.113+Safari/537.36 http://localhost:4721/homepage.aspx 200 0 0 11
2020-04-21 15:35:42 ::1 GET /__browserLink/requestData/f93edff8ad694b5faedd5f76e6043d21 - 4721 - ::1 Mozilla/5.0+(Windows+NT+10.0;+Win64;+x64)+AppleWebKit/537.36+(KHTML,+like+Gecko)+Chrome/81.0.4044.113+Safari/537.36 http://localhost:4721/homepage.aspx 200 0 0 5
2020-04-21 15:35:44 ::1 POST /homepage.aspx - 4721 - ::1 Mozilla/5.0+(Windows+NT+10.0;+Win64;+x64)+AppleWebKit/537.36+(KHTML,+like+Gecko)+Chrome/81.0.4044.113+Safari/537.36 http://localhost:4721/homepage.aspx 200 0 0 7
2020-04-21 15:35:44 ::1 GET /__browserLink/requestData/5e82c65aedb447279d0541f60dccd4bc - 4721 - ::1 Mozilla/5.0+(Windows+NT+10.0;+Win64;+x64)+AppleWebKit/537.36+(KHTML,+like+Gecko)+Chrome/81.0.4044.113+Safari/537.36 http://localhost:4721/homepage.aspx 200 0 0 4
2020-04-21 15:40:45 ::1 GET /8faa0d835fc14257adfdc52675a803ab/arterySignalR/ping requestUrl=http%3A%2F%2Flocalhost%3A4721%2Fhomepage.aspx&browserName=Chrome&_=1587483645968 4721 - ::1 Mozilla/5.0+(Windows+NT+10.0;+Win64;+x64)+AppleWebKit/537.36+(KHTML,+like+Gecko)+Chrome/81.0.4044.113+Safari/537.36 http://localhost:4721/homepage.aspx 404 0 2 12
2020-04-21 15:45:45 ::1 GET /8faa0d835fc14257adfdc52675a803ab/arterySignalR/ping requestUrl=http%3A%2F%2Flocalhost%3A4721%2Fhomepage.aspx&browserName=Chrome&_=1587483945961 4721 - ::1 Mozilla/5.0+(Windows+NT+10.0;+Win64;+x64)+AppleWebKit/537.36+(KHTML,+like+Gecko)+Chrome/81.0.4044.113+Safari/537.36 http://localhost:4721/homepage.aspx 404 0 2 6
2020-04-21 15:50:45 ::1 GET /8faa0d835fc14257adfdc52675a803ab/arterySignalR/ping requestUrl=http%3A%2F%2Flocalhost%3A4721%2Fhomepage.aspx&browserName=Chrome&_=1587484245959 4721 - ::1 Mozilla/5.0+(Windows+NT+10.0;+Win64;+x64)+AppleWebKit/537.36+(KHTML,+like+Gecko)+Chrome/81.0.4044.113+Safari/537.36 http://localhost:4721/homepage.aspx 404 0 2 7
2020-04-21 15:55:45 ::1 GET /8faa0d835fc14257adfdc52675a803ab/arterySignalR/ping requestUrl=http%3A%2F%2Flocalhost%3A4721%2Fhomepage.aspx&browserName=Chrome&_=1587484545959 4721 - ::1 Mozilla/5.0+(Windows+NT+10.0;+Win64;+x64)+AppleWebKit/537.36+(KHTML,+like+Gecko)+Chrome/81.0.4044.113+Safari/537.36 http://localhost:4721/homepage.aspx 404 0 2 18
2020-04-21 16:00:45 ::1 GET /8faa0d835fc14257adfdc52675a803ab/arterySignalR/ping requestUrl=http%3A%2F%2Flocalhost%3A4721%2Fhomepage.aspx&browserName=Chrome&_=1587484845959 4721 - ::1 Mozilla/5.0+(Windows+NT+10.0;+Win64;+x64)+AppleWebKit/537.36+(KHTML,+like+Gecko)+Chrome/81.0.4044.113+Safari/537.36 http://localhost:4721/homepage.aspx 404 0 2 13
2020-04-21 16:05:46 ::1 GET /8faa0d835fc14257adfdc52675a803ab/arterySignalR/ping requestUrl=http%3A%2F%2Flocalhost%3A4721%2Fhomepage.aspx&browserName=Chrome&_=1587485145967 4721 - ::1 Mozilla/5.0+(Windows+NT+10.0;+Win64;+x64)+AppleWebKit/537.36+(KHTML,+like+Gecko)+Chrome/81.0.4044.113+Safari/537.36 http://localhost:4721/homepage.aspx 404 0 2 25
2020-04-21 16:10:45 ::1 GET /8faa0d835fc14257adfdc52675a803ab/arterySignalR/ping requestUrl=http%3A%2F%2Flocalhost%3A4721%2Fhomepage.aspx&browserName=Chrome&_=1587485445964 4721 - ::1 Mozilla/5.0+(Windows+NT+10.0;+Win64;+x64)+AppleWebKit/537.36+(KHTML,+like+Gecko)+Chrome/81.0.4044.113+Safari/537.36 http://localhost:4721/homepage.aspx 404 0 2 11
2020-04-21 16:15:45 ::1 GET /8faa0d835fc14257adfdc52675a803ab/arterySignalR/ping requestUrl=http%3A%2F%2Flocalhost%3A4721%2Fhomepage.aspx&browserName=Chrome&_=1587485745959 4721 - ::1 Mozilla/5.0+(Windows+NT+10.0;+Win64;+x64)+AppleWebKit/537.36+(KHTML,+like+Gecko)+Chrome/81.0.4044.113+Safari/537.36 http://localhost:4721/homepage.aspx 404 0 2 8
2020-04-21 16:16:02 ::1 GET /userlogin.aspx - 4721 - ::1 Mozilla/5.0+(Windows+NT+10.0;+Win64;+x64)+AppleWebKit/537.36+(KHTML,+like+Gecko)+Chrome/81.0.4044.113+Safari/537.36 - 200 0 0 61
2020-04-21 16:16:04 ::1 GET /__browserLink/requestData/f61729bbb31c47039f7ea8828a9463e4 - 4721 - ::1 Mozilla/5.0+(Windows+NT+10.0;+Win64;+x64)+AppleWebKit/537.36+(KHTML,+like+Gecko)+Chrome/81.0.4044.113+Safari/537.36 http://localhost:4721/userlogin.aspx 200 0 0 17
2020-04-21 16:16:30 ::1 GET /usersingup.aspx - 4721 - ::1 Mozilla/5.0+(Windows+NT+10.0;+Win64;+x64)+AppleWebKit/537.36+(KHTML,+like+Gecko)+Chrome/81.0.4044.113+Safari/537.36 - 200 0 0 41
2020-04-21 16:16:32 ::1 GET /__browserLink/requestData/4ebd71fbd8114c038f41d9a2aac40eb5 - 4721 - ::1 Mozilla/5.0+(Windows+NT+10.0;+Win64;+x64)+AppleWebKit/537.36+(KHTML,+like+Gecko)+Chrome/81.0.4044.113+Safari/537.36 http://localhost:4721/usersingup.aspx 200 0 0 5
2020-04-21 16:21:32 ::1 GET /8faa0d835fc14257adfdc52675a803ab/arterySignalR/ping requestUrl=http%3A%2F%2Flocalhost%3A4721%2Fusersingup.aspx&browserName=Chrome&_=1587486092968 4721 - ::1 Mozilla/5.0+(Windows+NT+10.0;+Win64;+x64)+AppleWebKit/537.36+(KHTML,+like+Gecko)+Chrome/81.0.4044.113+Safari/537.36 http://localhost:4721/usersingup.aspx 404 0 2 14
2020-04-21 16:26:32 ::1 GET /8faa0d835fc14257adfdc52675a803ab/arterySignalR/ping requestUrl=http%3A%2F%2Flocalhost%3A4721%2Fusersingup.aspx&browserName=Chrome&_=1587486392961 4721 - ::1 Mozilla/5.0+(Windows+NT+10.0;+Win64;+x64)+AppleWebKit/537.36+(KHTML,+like+Gecko)+Chrome/81.0.4044.113+Safari/537.36 http://localhost:4721/usersingup.aspx 404 0 2 8
2020-04-21 16:31:32 ::1 GET /8faa0d835fc14257adfdc52675a803ab/arterySignalR/ping requestUrl=http%3A%2F%2Flocalhost%3A4721%2Fusersingup.aspx&browserName=Chrome&_=1587486692961 4721 - ::1 Mozilla/5.0+(Windows+NT+10.0;+Win64;+x64)+AppleWebKit/537.36+(KHTML,+like+Gecko)+Chrome/81.0.4044.113+Safari/537.36 http://localhost:4721/usersingup.aspx 404 0 2 6
2020-04-21 16:36:32 ::1 GET /8faa0d835fc14257adfdc52675a803ab/arterySignalR/ping requestUrl=http%3A%2F%2Flocalhost%3A4721%2Fusersingup.aspx&browserName=Chrome&_=1587486992960 4721 - ::1 Mozilla/5.0+(Windows+NT+10.0;+Win64;+x64)+AppleWebKit/537.36+(KHTML,+like+Gecko)+Chrome/81.0.4044.113+Safari/537.36 http://localhost:4721/usersingup.aspx 404 0 2 9
2020-04-21 16:41:32 ::1 GET /8faa0d835fc14257adfdc52675a803ab/arterySignalR/ping requestUrl=http%3A%2F%2Flocalhost%3A4721%2Fusersingup.aspx&browserName=Chrome&_=1587487292962 4721 - ::1 Mozilla/5.0+(Windows+NT+10.0;+Win64;+x64)+AppleWebKit/537.36+(KHTML,+like+Gecko)+Chrome/81.0.4044.113+Safari/537.36 http://localhost:4721/usersingup.aspx 404 0 2 14
2020-04-21 16:46:32 ::1 GET /8faa0d835fc14257adfdc52675a803ab/arterySignalR/ping requestUrl=http%3A%2F%2Flocalhost%3A4721%2Fusersingup.aspx&browserName=Chrome&_=1587487592962 4721 - ::1 Mozilla/5.0+(Windows+NT+10.0;+Win64;+x64)+AppleWebKit/537.36+(KHTML,+like+Gecko)+Chrome/81.0.4044.113+Safari/537.36 http://localhost:4721/usersingup.aspx 404 0 2 12
2020-04-21 16:51:32 ::1 GET /8faa0d835fc14257adfdc52675a803ab/arterySignalR/ping requestUrl=http%3A%2F%2Flocalhost%3A4721%2Fusersingup.aspx&browserName=Chrome&_=1587487892960 4721 - ::1 Mozilla/5.0+(Windows+NT+10.0;+Win64;+x64)+AppleWebKit/537.36+(KHTML,+like+Gecko)+Chrome/81.0.4044.113+Safari/537.36 http://localhost:4721/usersingup.aspx 404 0 2 11
2020-04-21 16:56:32 ::1 GET /8faa0d835fc14257adfdc52675a803ab/arterySignalR/ping requestUrl=http%3A%2F%2Flocalhost%3A4721%2Fusersingup.aspx&browserName=Chrome&_=1587488192960 4721 - ::1 Mozilla/5.0+(Windows+NT+10.0;+Win64;+x64)+AppleWebKit/537.36+(KHTML,+like+Gecko)+Chrome/81.0.4044.113+Safari/537.36 http://localhost:4721/usersingup.aspx 404 0 2 7
2020-04-21 17:01:32 ::1 GET /8faa0d835fc14257adfdc52675a803ab/arterySignalR/ping requestUrl=http%3A%2F%2Flocalhost%3A4721%2Fusersingup.aspx&browserName=Chrome&_=1587488492962 4721 - ::1 Mozilla/5.0+(Windows+NT+10.0;+Win64;+x64)+AppleWebKit/537.36+(KHTML,+like+Gecko)+Chrome/81.0.4044.113+Safari/537.36 http://localhost:4721/usersingup.aspx 404 0 2 10
2020-04-21 17:06:32 ::1 GET /8faa0d835fc14257adfdc52675a803ab/arterySignalR/ping requestUrl=http%3A%2F%2Flocalhost%3A4721%2Fusersingup.aspx&browserName=Chrome&_=1587488792963 4721 - ::1 Mozilla/5.0+(Windows+NT+10.0;+Win64;+x64)+AppleWebKit/537.36+(KHTML,+like+Gecko)+Chrome/81.0.4044.113+Safari/537.36 http://localhost:4721/usersingup.aspx 404 0 2 12
2020-04-21 17:11:32 ::1 GET /8faa0d835fc14257adfdc52675a803ab/arterySignalR/ping requestUrl=http%3A%2F%2Flocalhost%3A4721%2Fusersingup.aspx&browserName=Chrome&_=1587489092960 4721 - ::1 Mozilla/5.0+(Windows+NT+10.0;+Win64;+x64)+AppleWebKit/537.36+(KHTML,+like+Gecko)+Chrome/81.0.4044.113+Safari/537.36 http://localhost:4721/usersingup.aspx 404 0 2 12
2020-04-21 17:16:32 ::1 GET /8faa0d835fc14257adfdc52675a803ab/arterySignalR/ping requestUrl=http%3A%2F%2Flocalhost%3A4721%2Fusersingup.aspx&browserName=Chrome&_=1587489392961 4721 - ::1 Mozilla/5.0+(Windows+NT+10.0;+Win64;+x64)+AppleWebKit/537.36+(KHTML,+like+Gecko)+Chrome/81.0.4044.113+Safari/537.36 http://localhost:4721/usersingup.aspx 404 0 2 14
2020-04-21 17:21:33 ::1 GET /8faa0d835fc14257adfdc52675a803ab/arterySignalR/ping requestUrl=http%3A%2F%2Flocalhost%3A4721%2Fusersingup.aspx&browserName=Chrome&_=1587489692962 4721 - ::1 Mozilla/5.0+(Windows+NT+10.0;+Win64;+x64)+AppleWebKit/537.36+(KHTML,+like+Gecko)+Chrome/81.0.4044.113+Safari/537.36 http://localhost:4721/usersingup.aspx 404 0 2 16
2020-04-21 17:26:32 ::1 GET /8faa0d835fc14257adfdc52675a803ab/arterySignalR/ping requestUrl=http%3A%2F%2Flocalhost%3A4721%2Fusersingup.aspx&browserName=Chrome&_=1587489992960 4721 - ::1 Mozilla/5.0+(Windows+NT+10.0;+Win64;+x64)+AppleWebKit/537.36+(KHTML,+like+Gecko)+Chrome/81.0.4044.113+Safari/537.36 http://localhost:4721/usersingup.aspx 404 0 2 5
2020-04-21 17:31:32 ::1 GET /8faa0d835fc14257adfdc52675a803ab/arterySignalR/ping requestUrl=http%3A%2F%2Flocalhost%3A4721%2Fusersingup.aspx&browserName=Chrome&_=1587490292956 4721 - ::1 Mozilla/5.0+(Windows+NT+10.0;+Win64;+x64)+AppleWebKit/537.36+(KHTML,+like+Gecko)+Chrome/81.0.4044.113+Safari/537.36 http://localhost:4721/usersingup.aspx 404 0 2 7
2020-04-21 17:36:32 ::1 GET /8faa0d835fc14257adfdc52675a803ab/arterySignalR/ping requestUrl=http%3A%2F%2Flocalhost%3A4721%2Fusersingup.aspx&browserName=Chrome&_=1587490592960 4721 - ::1 Mozilla/5.0+(Windows+NT+10.0;+Win64;+x64)+AppleWebKit/537.36+(KHTML,+like+Gecko)+Chrome/81.0.4044.113+Safari/537.36 http://localhost:4721/usersingup.aspx 404 0 2 12
2020-04-21 17:41:32 ::1 GET /8faa0d835fc14257adfdc52675a803ab/arterySignalR/ping requestUrl=http%3A%2F%2Flocalhost%3A4721%2Fusersingup.aspx&browserName=Chrome&_=1587490892961 4721 - ::1 Mozilla/5.0+(Windows+NT+10.0;+Win64;+x64)+AppleWebKit/537.36+(KHTML,+like+Gecko)+Chrome/81.0.4044.113+Safari/537.36 http://localhost:4721/usersingup.aspx 404 0 2 12
2020-04-21 17:46:32 ::1 GET /8faa0d835fc14257adfdc52675a803ab/arterySignalR/ping requestUrl=http%3A%2F%2Flocalhost%3A4721%2Fusersingup.aspx&browserName=Chrome&_=1587491192958 4721 - ::1 Mozilla/5.0+(Windows+NT+10.0;+Win64;+x64)+AppleWebKit/537.36+(KHTML,+like+Gecko)+Chrome/81.0.4044.113+Safari/537.36 http://localhost:4721/usersingup.aspx 404 0 2 6
2020-04-21 17:51:32 ::1 GET /8faa0d835fc14257adfdc52675a803ab/arterySignalR/ping requestUrl=http%3A%2F%2Flocalhost%3A4721%2Fusersingup.aspx&browserName=Chrome&_=1587491492959 4721 - ::1 Mozilla/5.0+(Windows+NT+10.0;+Win64;+x64)+AppleWebKit/537.36+(KHTML,+like+Gecko)+Chrome/81.0.4044.113+Safari/537.36 http://localhost:4721/usersingup.aspx 404 0 2 11
2020-04-21 17:56:32 ::1 GET /8faa0d835fc14257adfdc52675a803ab/arterySignalR/ping requestUrl=http%3A%2F%2Flocalhost%3A4721%2Fusersingup.aspx&browserName=Chrome&_=1587491792961 4721 - ::1 Mozilla/5.0+(Windows+NT+10.0;+Win64;+x64)+AppleWebKit/537.36+(KHTML,+like+Gecko)+Chrome/81.0.4044.113+Safari/537.36 http://localhost:4721/usersingup.aspx 404 0 2 11
2020-04-21 18:01:32 ::1 GET /8faa0d835fc14257adfdc52675a803ab/arterySignalR/ping requestUrl=http%3A%2F%2Flocalhost%3A4721%2Fusersingup.aspx&browserName=Chrome&_=1587492092959 4721 - ::1 Mozilla/5.0+(Windows+NT+10.0;+Win64;+x64)+AppleWebKit/537.36+(KHTML,+like+Gecko)+Chrome/81.0.4044.113+Safari/537.36 http://localhost:4721/usersingup.aspx 404 0 2 11
2020-04-21 18:06:32 ::1 GET /8faa0d835fc14257adfdc52675a803ab/arterySignalR/ping requestUrl=http%3A%2F%2Flocalhost%3A4721%2Fusersingup.aspx&browserName=Chrome&_=1587492392960 4721 - ::1 Mozilla/5.0+(Windows+NT+10.0;+Win64;+x64)+AppleWebKit/537.36+(KHTML,+like+Gecko)+Chrome/81.0.4044.113+Safari/537.36 http://localhost:4721/usersingup.aspx 404 0 2 10
2020-04-21 18:11:33 ::1 GET /8faa0d835fc14257adfdc52675a803ab/arterySignalR/ping requestUrl=http%3A%2F%2Flocalhost%3A4721%2Fusersingup.aspx&browserName=Chrome&_=1587492692964 4721 - ::1 Mozilla/5.0+(Windows+NT+10.0;+Win64;+x64)+AppleWebKit/537.36+(KHTML,+like+Gecko)+Chrome/81.0.4044.113+Safari/537.36 http://localhost:4721/usersingup.aspx 404 0 2 113
2020-04-21 18:16:32 ::1 GET /8faa0d835fc14257adfdc52675a803ab/arterySignalR/ping requestUrl=http%3A%2F%2Flocalhost%3A4721%2Fusersingup.aspx&browserName=Chrome&_=1587492992962 4721 - ::1 Mozilla/5.0+(Windows+NT+10.0;+Win64;+x64)+AppleWebKit/537.36+(KHTML,+like+Gecko)+Chrome/81.0.4044.113+Safari/537.36 http://localhost:4721/usersingup.aspx 404 0 2 12
2020-04-21 18:21:33 ::1 GET /8faa0d835fc14257adfdc52675a803ab/arterySignalR/ping requestUrl=http%3A%2F%2Flocalhost%3A4721%2Fusersingup.aspx&browserName=Chrome&_=1587493292959 4721 - ::1 Mozilla/5.0+(Windows+NT+10.0;+Win64;+x64)+AppleWebKit/537.36+(KHTML,+like+Gecko)+Chrome/81.0.4044.113+Safari/537.36 http://localhost:4721/usersingup.aspx 404 0 2 53
2020-04-21 18:26:33 ::1 GET /8faa0d835fc14257adfdc52675a803ab/arterySignalR/ping requestUrl=http%3A%2F%2Flocalhost%3A4721%2Fusersingup.aspx&browserName=Chrome&_=1587493592969 4721 - ::1 Mozilla/5.0+(Windows+NT+10.0;+Win64;+x64)+AppleWebKit/537.36+(KHTML,+like+Gecko)+Chrome/81.0.4044.113+Safari/537.36 http://localhost:4721/usersingup.aspx 404 0 2 110
2020-04-21 18:31:32 ::1 GET /8faa0d835fc14257adfdc52675a803ab/arterySignalR/ping requestUrl=http%3A%2F%2Flocalhost%3A4721%2Fusersingup.aspx&browserName=Chrome&_=1587493892958 4721 - ::1 Mozilla/5.0+(Windows+NT+10.0;+Win64;+x64)+AppleWebKit/537.36+(KHTML,+like+Gecko)+Chrome/81.0.4044.113+Safari/537.36 http://localhost:4721/usersingup.aspx 404 0 2 5
2020-04-21 18:36:33 ::1 GET /8faa0d835fc14257adfdc52675a803ab/arterySignalR/ping requestUrl=http%3A%2F%2Flocalhost%3A4721%2Fusersingup.aspx&browserName=Chrome&_=1587494192961 4721 - ::1 Mozilla/5.0+(Windows+NT+10.0;+Win64;+x64)+AppleWebKit/537.36+(KHTML,+like+Gecko)+Chrome/81.0.4044.113+Safari/537.36 http://localhost:4721/usersingup.aspx 404 0 2 12
2020-04-21 18:41:32 ::1 GET /8faa0d835fc14257adfdc52675a803ab/arterySignalR/ping requestUrl=http%3A%2F%2Flocalhost%3A4721%2Fusersingup.aspx&browserName=Chrome&_=1587494492959 4721 - ::1 Mozilla/5.0+(Windows+NT+10.0;+Win64;+x64)+AppleWebKit/537.36+(KHTML,+like+Gecko)+Chrome/81.0.4044.113+Safari/537.36 http://localhost:4721/usersingup.aspx 404 0 2 16
2020-04-21 18:46:32 ::1 GET /8faa0d835fc14257adfdc52675a803ab/arterySignalR/ping requestUrl=http%3A%2F%2Flocalhost%3A4721%2Fusersingup.aspx&browserName=Chrome&_=1587494792958 4721 - ::1 Mozilla/5.0+(Windows+NT+10.0;+Win64;+x64)+AppleWebKit/537.36+(KHTML,+like+Gecko)+Chrome/81.0.4044.113+Safari/537.36 http://localhost:4721/usersingup.aspx 404 0 2 12
2020-04-21 18:51:32 ::1 GET /8faa0d835fc14257adfdc52675a803ab/arterySignalR/ping requestUrl=http%3A%2F%2Flocalhost%3A4721%2Fusersingup.aspx&browserName=Chrome&_=1587495092960 4721 - ::1 Mozilla/5.0+(Windows+NT+10.0;+Win64;+x64)+AppleWebKit/537.36+(KHTML,+like+Gecko)+Chrome/81.0.4044.113+Safari/537.36 http://localhost:4721/usersingup.aspx 404 0 2 12
2020-04-21 18:56:32 ::1 GET /8faa0d835fc14257adfdc52675a803ab/arterySignalR/ping requestUrl=http%3A%2F%2Flocalhost%3A4721%2Fusersingup.aspx&browserName=Chrome&_=1587495392964 4721 - ::1 Mozilla/5.0+(Windows+NT+10.0;+Win64;+x64)+AppleWebKit/537.36+(KHTML,+like+Gecko)+Chrome/81.0.4044.113+Safari/537.36 http://localhost:4721/usersingup.aspx 404 0 2 11
2020-04-21 19:01:32 ::1 GET /8faa0d835fc14257adfdc52675a803ab/arterySignalR/ping requestUrl=http%3A%2F%2Flocalhost%3A4721%2Fusersingup.aspx&browserName=Chrome&_=1587495692961 4721 - ::1 Mozilla/5.0+(Windows+NT+10.0;+Win64;+x64)+AppleWebKit/537.36+(KHTML,+like+Gecko)+Chrome/81.0.4044.113+Safari/537.36 http://localhost:4721/usersingup.aspx 404 0 2 12
2020-04-21 19:06:32 ::1 GET /8faa0d835fc14257adfdc52675a803ab/arterySignalR/ping requestUrl=http%3A%2F%2Flocalhost%3A4721%2Fusersingup.aspx&browserName=Chrome&_=1587495992960 4721 - ::1 Mozilla/5.0+(Windows+NT+10.0;+Win64;+x64)+AppleWebKit/537.36+(KHTML,+like+Gecko)+Chrome/81.0.4044.113+Safari/537.36 http://localhost:4721/usersingup.aspx 404 0 2 12
2020-04-21 19:11:32 ::1 GET /8faa0d835fc14257adfdc52675a803ab/arterySignalR/ping requestUrl=http%3A%2F%2Flocalhost%3A4721%2Fusersingup.aspx&browserName=Chrome&_=1587496292961 4721 - ::1 Mozilla/5.0+(Windows+NT+10.0;+Win64;+x64)+AppleWebKit/537.36+(KHTML,+like+Gecko)+Chrome/81.0.4044.113+Safari/537.36 http://localhost:4721/usersingup.aspx 404 0 2 13
2020-04-21 19:16:32 ::1 GET /8faa0d835fc14257adfdc52675a803ab/arterySignalR/ping requestUrl=http%3A%2F%2Flocalhost%3A4721%2Fusersingup.aspx&browserName=Chrome&_=1587496592962 4721 - ::1 Mozilla/5.0+(Windows+NT+10.0;+Win64;+x64)+AppleWebKit/537.36+(KHTML,+like+Gecko)+Chrome/81.0.4044.113+Safari/537.36 http://localhost:4721/usersingup.aspx 404 0 2 12
2020-04-21 19:21:32 ::1 GET /8faa0d835fc14257adfdc52675a803ab/arterySignalR/ping requestUrl=http%3A%2F%2Flocalhost%3A4721%2Fusersingup.aspx&browserName=Chrome&_=1587496892963 4721 - ::1 Mozilla/5.0+(Windows+NT+10.0;+Win64;+x64)+AppleWebKit/537.36+(KHTML,+like+Gecko)+Chrome/81.0.4044.113+Safari/537.36 http://localhost:4721/usersingup.aspx 404 0 2 17
2020-04-21 19:26:32 ::1 GET /8faa0d835fc14257adfdc52675a803ab/arterySignalR/ping requestUrl=http%3A%2F%2Flocalhost%3A4721%2Fusersingup.aspx&browserName=Chrome&_=1587497192963 4721 - ::1 Mozilla/5.0+(Windows+NT+10.0;+Win64;+x64)+AppleWebKit/537.36+(KHTML,+like+Gecko)+Chrome/81.0.4044.113+Safari/537.36 http://localhost:4721/usersingup.aspx 404 0 2 7
2020-04-21 19:31:32 ::1 GET /8faa0d835fc14257adfdc52675a803ab/arterySignalR/ping requestUrl=http%3A%2F%2Flocalhost%3A4721%2Fusersingup.aspx&browserName=Chrome&_=1587497492963 4721 - ::1 Mozilla/5.0+(Windows+NT+10.0;+Win64;+x64)+AppleWebKit/537.36+(KHTML,+like+Gecko)+Chrome/81.0.4044.113+Safari/537.36 http://localhost:4721/usersingup.aspx 404 0 2 10
2020-04-21 19:36:33 ::1 GET /8faa0d835fc14257adfdc52675a803ab/arterySignalR/ping requestUrl=http%3A%2F%2Flocalhost%3A4721%2Fusersingup.aspx&browserName=Chrome&_=1587497792962 4721 - ::1 Mozilla/5.0+(Windows+NT+10.0;+Win64;+x64)+AppleWebKit/537.36+(KHTML,+like+Gecko)+Chrome/81.0.4044.113+Safari/537.36 http://localhost:4721/usersingup.aspx 404 0 2 39
2020-04-21 19:41:32 ::1 GET /8faa0d835fc14257adfdc52675a803ab/arterySignalR/ping requestUrl=http%3A%2F%2Flocalhost%3A4721%2Fusersingup.aspx&browserName=Chrome&_=1587498092962 4721 - ::1 Mozilla/5.0+(Windows+NT+10.0;+Win64;+x64)+AppleWebKit/537.36+(KHTML,+like+Gecko)+Chrome/81.0.4044.113+Safari/537.36 http://localhost:4721/usersingup.aspx 404 0 2 7
2020-04-21 19:46:32 ::1 GET /8faa0d835fc14257adfdc52675a803ab/arterySignalR/ping requestUrl=http%3A%2F%2Flocalhost%3A4721%2Fusersingup.aspx&browserName=Chrome&_=1587498392964 4721 - ::1 Mozilla/5.0+(Windows+NT+10.0;+Win64;+x64)+AppleWebKit/537.36+(KHTML,+like+Gecko)+Chrome/81.0.4044.113+Safari/537.36 http://localhost:4721/usersingup.aspx 404 0 2 7
2020-04-21 19:51:32 ::1 GET /8faa0d835fc14257adfdc52675a803ab/arterySignalR/ping requestUrl=http%3A%2F%2Flocalhost%3A4721%2Fusersingup.aspx&browserName=Chrome&_=1587498692962 4721 - ::1 Mozilla/5.0+(Windows+NT+10.0;+Win64;+x64)+AppleWebKit/537.36+(KHTML,+like+Gecko)+Chrome/81.0.4044.113+Safari/537.36 http://localhost:4721/usersingup.aspx 404 0 2 13
2020-04-21 19:56:32 ::1 GET /8faa0d835fc14257adfdc52675a803ab/arterySignalR/ping requestUrl=http%3A%2F%2Flocalhost%3A4721%2Fusersingup.aspx&browserName=Chrome&_=1587498992963 4721 - ::1 Mozilla/5.0+(Windows+NT+10.0;+Win64;+x64)+AppleWebKit/537.36+(KHTML,+like+Gecko)+Chrome/81.0.4044.113+Safari/537.36 http://localhost:4721/usersingup.aspx 404 0 2 10
2020-04-21 20:01:32 ::1 GET /8faa0d835fc14257adfdc52675a803ab/arterySignalR/ping requestUrl=http%3A%2F%2Flocalhost%3A4721%2Fusersingup.aspx&browserName=Chrome&_=1587499292962 4721 - ::1 Mozilla/5.0+(Windows+NT+10.0;+Win64;+x64)+AppleWebKit/537.36+(KHTML,+like+Gecko)+Chrome/81.0.4044.113+Safari/537.36 http://localhost:4721/usersingup.aspx 404 0 2 13
2020-04-21 20:06:32 ::1 GET /8faa0d835fc14257adfdc52675a803ab/arterySignalR/ping requestUrl=http%3A%2F%2Flocalhost%3A4721%2Fusersingup.aspx&browserName=Chrome&_=1587499592960 4721 - ::1 Mozilla/5.0+(Windows+NT+10.0;+Win64;+x64)+AppleWebKit/537.36+(KHTML,+like+Gecko)+Chrome/81.0.4044.113+Safari/537.36 http://localhost:4721/usersingup.aspx 404 0 2 10
2020-04-21 20:11:32 ::1 GET /8faa0d835fc14257adfdc52675a803ab/arterySignalR/ping requestUrl=http%3A%2F%2Flocalhost%3A4721%2Fusersingup.aspx&browserName=Chrome&_=1587499892961 4721 - ::1 Mozilla/5.0+(Windows+NT+10.0;+Win64;+x64)+AppleWebKit/537.36+(KHTML,+like+Gecko)+Chrome/81.0.4044.113+Safari/537.36 http://localhost:4721/usersingup.aspx 404 0 2 12
2020-04-21 20:16:32 ::1 GET /8faa0d835fc14257adfdc52675a803ab/arterySignalR/ping requestUrl=http%3A%2F%2Flocalhost%3A4721%2Fusersingup.aspx&browserName=Chrome&_=1587500192959 4721 - ::1 Mozilla/5.0+(Windows+NT+10.0;+Win64;+x64)+AppleWebKit/537.36+(KHTML,+like+Gecko)+Chrome/81.0.4044.113+Safari/537.36 http://localhost:4721/usersingup.aspx 404 0 2 13
2020-04-21 20:21:32 ::1 GET /8faa0d835fc14257adfdc52675a803ab/arterySignalR/ping requestUrl=http%3A%2F%2Flocalhost%3A4721%2Fusersingup.aspx&browserName=Chrome&_=1587500492964 4721 - ::1 Mozilla/5.0+(Windows+NT+10.0;+Win64;+x64)+AppleWebKit/537.36+(KHTML,+like+Gecko)+Chrome/81.0.4044.113+Safari/537.36 http://localhost:4721/usersingup.aspx 404 0 2 7
2020-04-21 20:26:32 ::1 GET /8faa0d835fc14257adfdc52675a803ab/arterySignalR/ping requestUrl=http%3A%2F%2Flocalhost%3A4721%2Fusersingup.aspx&browserName=Chrome&_=1587500792963 4721 - ::1 Mozilla/5.0+(Windows+NT+10.0;+Win64;+x64)+AppleWebKit/537.36+(KHTML,+like+Gecko)+Chrome/81.0.4044.113+Safari/537.36 http://localhost:4721/usersingup.aspx 404 0 2 12
2020-04-21 20:31:32 ::1 GET /8faa0d835fc14257adfdc52675a803ab/arterySignalR/ping requestUrl=http%3A%2F%2Flocalhost%3A4721%2Fusersingup.aspx&browserName=Chrome&_=1587501092963 4721 - ::1 Mozilla/5.0+(Windows+NT+10.0;+Win64;+x64)+AppleWebKit/537.36+(KHTML,+like+Gecko)+Chrome/81.0.4044.113+Safari/537.36 http://localhost:4721/usersingup.aspx 404 0 2 5
2020-04-21 20:36:32 ::1 GET /8faa0d835fc14257adfdc52675a803ab/arterySignalR/ping requestUrl=http%3A%2F%2Flocalhost%3A4721%2Fusersingup.aspx&browserName=Chrome&_=1587501392962 4721 - ::1 Mozilla/5.0+(Windows+NT+10.0;+Win64;+x64)+AppleWebKit/537.36+(KHTML,+like+Gecko)+Chrome/81.0.4044.113+Safari/537.36 http://localhost:4721/usersingup.aspx 404 0 2 12
2020-04-21 20:41:33 ::1 GET /8faa0d835fc14257adfdc52675a803ab/arterySignalR/ping requestUrl=http%3A%2F%2Flocalhost%3A4721%2Fusersingup.aspx&browserName=Chrome&_=1587501692998 4721 - ::1 Mozilla/5.0+(Windows+NT+10.0;+Win64;+x64)+AppleWebKit/537.36+(KHTML,+like+Gecko)+Chrome/81.0.4044.113+Safari/537.36 http://localhost:4721/usersingup.aspx 404 0 2 12
2020-04-21 20:46:32 ::1 GET /8faa0d835fc14257adfdc52675a803ab/arterySignalR/ping requestUrl=http%3A%2F%2Flocalhost%3A4721%2Fusersingup.aspx&browserName=Chrome&_=1587501992960 4721 - ::1 Mozilla/5.0+(Windows+NT+10.0;+Win64;+x64)+AppleWebKit/537.36+(KHTML,+like+Gecko)+Chrome/81.0.4044.113+Safari/537.36 http://localhost:4721/usersingup.aspx 404 0 2 13
2020-04-21 20:51:32 ::1 GET /8faa0d835fc14257adfdc52675a803ab/arterySignalR/ping requestUrl=http%3A%2F%2Flocalhost%3A4721%2Fusersingup.aspx&browserName=Chrome&_=1587502292961 4721 - ::1 Mozilla/5.0+(Windows+NT+10.0;+Win64;+x64)+AppleWebKit/537.36+(KHTML,+like+Gecko)+Chrome/81.0.4044.113+Safari/537.36 http://localhost:4721/usersingup.aspx 404 0 2 14
2020-04-21 20:56:33 ::1 GET /8faa0d835fc14257adfdc52675a803ab/arterySignalR/ping requestUrl=http%3A%2F%2Flocalhost%3A4721%2Fusersingup.aspx&browserName=Chrome&_=1587502592961 4721 - ::1 Mozilla/5.0+(Windows+NT+10.0;+Win64;+x64)+AppleWebKit/537.36+(KHTML,+like+Gecko)+Chrome/81.0.4044.113+Safari/537.36 http://localhost:4721/usersingup.aspx 404 0 2 12
2020-04-21 20:57:52 ::1 GET /aboutus.aspx - 4721 - ::1 Mozilla/5.0+(Windows+NT+10.0;+Win64;+x64)+AppleWebKit/537.36+(KHTML,+like+Gecko)+Chrome/81.0.4044.113+Safari/537.36 - 200 0 0 233
2020-04-21 20:57:52 ::1 GET /imgs/logo.jpeg - 4721 - ::1 Mozilla/5.0+(Windows+NT+10.0;+Win64;+x64)+AppleWebKit/537.36+(KHTML,+like+Gecko)+Chrome/81.0.4044.113+Safari/537.36 http://localhost:4721/aboutus.aspx 304 0 0 153
2020-04-21 20:57:56 ::1 GET /__browserLink/requestData/088eb2f8a41f4ed6a7417736138a64ec - 4721 - ::1 Mozilla/5.0+(Windows+NT+10.0;+Win64;+x64)+AppleWebKit/537.36+(KHTML,+like+Gecko)+Chrome/81.0.4044.113+Safari/537.36 http://localhost:4721/aboutus.aspx 200 0 0 56
2020-04-21 21:02:54 ::1 GET /8faa0d835fc14257adfdc52675a803ab/arterySignalR/ping requestUrl=http%3A%2F%2Flocalhost%3A4721%2Faboutus.aspx&browserName=Chrome&_=1587502974189 4721 - ::1 Mozilla/5.0+(Windows+NT+10.0;+Win64;+x64)+AppleWebKit/537.36+(KHTML,+like+Gecko)+Chrome/81.0.4044.113+Safari/537.36 http://localhost:4721/aboutus.aspx 404 0 2 34
2020-04-21 21:07:54 ::1 GET /8faa0d835fc14257adfdc52675a803ab/arterySignalR/ping requestUrl=http%3A%2F%2Flocalhost%3A4721%2Faboutus.aspx&browserName=Chrome&_=1587503274182 4721 - ::1 Mozilla/5.0+(Windows+NT+10.0;+Win64;+x64)+AppleWebKit/537.36+(KHTML,+like+Gecko)+Chrome/81.0.4044.113+Safari/537.36 http://localhost:4721/aboutus.aspx 404 0 2 11
2020-04-21 21:12:54 ::1 GET /8faa0d835fc14257adfdc52675a803ab/arterySignalR/ping requestUrl=http%3A%2F%2Flocalhost%3A4721%2Faboutus.aspx&browserName=Chrome&_=1587503574184 4721 - ::1 Mozilla/5.0+(Windows+NT+10.0;+Win64;+x64)+AppleWebKit/537.36+(KHTML,+like+Gecko)+Chrome/81.0.4044.113+Safari/537.36 http://localhost:4721/aboutus.aspx 404 0 2 108
2020-04-21 21:17:54 ::1 GET /8faa0d835fc14257adfdc52675a803ab/arterySignalR/ping requestUrl=http%3A%2F%2Flocalhost%3A4721%2Faboutus.aspx&browserName=Chrome&_=1587503874185 4721 - ::1 Mozilla/5.0+(Windows+NT+10.0;+Win64;+x64)+AppleWebKit/537.36+(KHTML,+like+Gecko)+Chrome/81.0.4044.113+Safari/537.36 http://localhost:4721/aboutus.aspx 404 0 2 16
2020-04-21 21:22:54 ::1 GET /8faa0d835fc14257adfdc52675a803ab/arterySignalR/ping requestUrl=http%3A%2F%2Flocalhost%3A4721%2Faboutus.aspx&browserName=Chrome&_=1587504174184 4721 - ::1 Mozilla/5.0+(Windows+NT+10.0;+Win64;+x64)+AppleWebKit/537.36+(KHTML,+like+Gecko)+Chrome/81.0.4044.113+Safari/537.36 http://localhost:4721/aboutus.aspx 404 0 2 11
2020-04-21 21:27:54 ::1 GET /8faa0d835fc14257adfdc52675a803ab/arterySignalR/ping requestUrl=http%3A%2F%2Flocalhost%3A4721%2Faboutus.aspx&browserName=Chrome&_=1587504474182 4721 - ::1 Mozilla/5.0+(Windows+NT+10.0;+Win64;+x64)+AppleWebKit/537.36+(KHTML,+like+Gecko)+Chrome/81.0.4044.113+Safari/537.36 http://localhost:4721/aboutus.aspx 404 0 2 27
2020-04-21 21:32:54 ::1 GET /8faa0d835fc14257adfdc52675a803ab/arterySignalR/ping requestUrl=http%3A%2F%2Flocalhost%3A4721%2Faboutus.aspx&browserName=Chrome&_=1587504774185 4721 - ::1 Mozilla/5.0+(Windows+NT+10.0;+Win64;+x64)+AppleWebKit/537.36+(KHTML,+like+Gecko)+Chrome/81.0.4044.113+Safari/537.36 http://localhost:4721/aboutus.aspx 404 0 2 19
2020-04-21 21:37:54 ::1 GET /8faa0d835fc14257adfdc52675a803ab/arterySignalR/ping requestUrl=http%3A%2F%2Flocalhost%3A4721%2Faboutus.aspx&browserName=Chrome&_=1587505074186 4721 - ::1 Mozilla/5.0+(Windows+NT+10.0;+Win64;+x64)+AppleWebKit/537.36+(KHTML,+like+Gecko)+Chrome/81.0.4044.113+Safari/537.36 http://localhost:4721/aboutus.aspx 404 0 2 12
2020-04-21 21:39:20 ::1 GET /aboutus.aspx - 4721 - ::1 Mozilla/5.0+(Windows+NT+10.0;+Win64;+x64)+AppleWebKit/537.36+(KHTML,+like+Gecko)+Chrome/81.0.4044.113+Safari/537.36 http://localhost:4721/aboutus.aspx 200 0 0 8112
2020-04-21 21:39:21 ::1 GET /__browserLink/requestData/9c29ba49ef2f4ac1bf7f479d063c0e00 - 4721 - ::1 Mozilla/5.0+(Windows+NT+10.0;+Win64;+x64)+AppleWebKit/537.36+(KHTML,+like+Gecko)+Chrome/81.0.4044.113+Safari/537.36 http://localhost:4721/aboutus.aspx 200 0 0 4
2020-04-21 21:40:05 ::1 GET /aboutus.aspx - 4721 - ::1 Mozilla/5.0+(Windows+NT+10.0;+Win64;+x64)+AppleWebKit/537.36+(KHTML,+like+Gecko)+Chrome/81.0.4044.113+Safari/537.36 http://localhost:4721/aboutus.aspx 200 0 0 1379
2020-04-21 21:40:06 ::1 GET /__browserLink/requestData/b19dccefe3c941359bef2bb13a133b4d - 4721 - ::1 Mozilla/5.0+(Windows+NT+10.0;+Win64;+x64)+AppleWebKit/537.36+(KHTML,+like+Gecko)+Chrome/81.0.4044.113+Safari/537.36 http://localhost:4721/aboutus.aspx 200 0 0 29
2020-04-21 21:42:45 ::1 GET /aboutus.aspx - 4721 - ::1 Mozilla/5.0+(Windows+NT+10.0;+Win64;+x64)+AppleWebKit/537.36+(KHTML,+like+Gecko)+Chrome/81.0.4044.113+Safari/537.36 http://localhost:4721/aboutus.aspx 200 0 0 1552
2020-04-21 21:42:45 ::1 GET /imgs/WhatsApp+Image+2020-04-02+at+12.27.35.jpeg - 4721 - ::1 Mozilla/5.0+(Windows+NT+10.0;+Win64;+x64)+AppleWebKit/537.36+(KHTML,+like+Gecko)+Chrome/81.0.4044.113+Safari/537.36 http://localhost:4721/aboutus.aspx 200 0 0 72
2020-04-21 21:42:47 ::1 GET /__browserLink/requestData/5ae9f4946a7f4feebf23cf7fd64df9e2 - 4721 - ::1 Mozilla/5.0+(Windows+NT+10.0;+Win64;+x64)+AppleWebKit/537.36+(KHTML,+like+Gecko)+Chrome/81.0.4044.113+Safari/537.36 http://localhost:4721/aboutus.aspx 200 0 0 30
2020-04-21 21:43:09 ::1 GET /aboutus.aspx - 4721 - ::1 Mozilla/5.0+(Windows+NT+10.0;+Win64;+x64)+AppleWebKit/537.36+(KHTML,+like+Gecko)+Chrome/81.0.4044.113+Safari/537.36 http://localhost:4721/aboutus.aspx 200 0 0 1300
2020-04-21 21:43:11 ::1 GET /__browserLink/requestData/7e9542e7761c4e6891ad25121b08382b - 4721 - ::1 Mozilla/5.0+(Windows+NT+10.0;+Win64;+x64)+AppleWebKit/537.36+(KHTML,+like+Gecko)+Chrome/81.0.4044.113+Safari/537.36 http://localhost:4721/aboutus.aspx 200 0 0 99
2020-04-21 21:46:01 ::1 GET /aboutus.aspx - 4721 - ::1 Mozilla/5.0+(Windows+NT+10.0;+Win64;+x64)+AppleWebKit/537.36+(KHTML,+like+Gecko)+Chrome/81.0.4044.113+Safari/537.36 http://localhost:4721/aboutus.aspx 200 0 0 3320
2020-04-21 21:46:02 ::1 GET /__browserLink/requestData/8967d10b0672402daf341720fdc00ce0 - 4721 - ::1 Mozilla/5.0+(Windows+NT+10.0;+Win64;+x64)+AppleWebKit/537.36+(KHTML,+like+Gecko)+Chrome/81.0.4044.113+Safari/537.36 http://localhost:4721/aboutus.aspx 200 0 0 13
2020-04-21 21:48:09 ::1 GET /aboutus.aspx - 4721 - ::1 Mozilla/5.0+(Windows+NT+10.0;+Win64;+x64)+AppleWebKit/537.36+(KHTML,+like+Gecko)+Chrome/81.0.4044.113+Safari/537.36 http://localhost:4721/aboutus.aspx 200 0 0 931
2020-04-21 21:48:09 ::1 GET /imgs/WhatsApp+Image+2020-04-02+at+12.27.36.jpeg - 4721 - ::1 Mozilla/5.0+(Windows+NT+10.0;+Win64;+x64)+AppleWebKit/537.36+(KHTML,+like+Gecko)+Chrome/81.0.4044.113+Safari/537.36 http://localhost:4721/aboutus.aspx 200 0 0 28
2020-04-21 21:48:10 ::1 GET /__browserLink/requestData/bcd7a239af7d4335bcca8bdd4f83cd8f - 4721 - ::1 Mozilla/5.0+(Windows+NT+10.0;+Win64;+x64)+AppleWebKit/537.36+(KHTML,+like+Gecko)+Chrome/81.0.4044.113+Safari/537.36 http://localhost:4721/aboutus.aspx 200 0 0 4
2020-04-21 21:48:42 ::1 GET /aboutus.aspx - 4721 - ::1 Mozilla/5.0+(Windows+NT+10.0;+Win64;+x64)+AppleWebKit/537.36+(KHTML,+like+Gecko)+Chrome/81.0.4044.113+Safari/537.36 http://localhost:4721/aboutus.aspx 200 0 0 924
2020-04-21 21:48:43 ::1 GET /__browserLink/requestData/8b8b94effe5e45a3b593fd04651eb00d - 4721 - ::1 Mozilla/5.0+(Windows+NT+10.0;+Win64;+x64)+AppleWebKit/537.36+(KHTML,+like+Gecko)+Chrome/81.0.4044.113+Safari/537.36 http://localhost:4721/aboutus.aspx 200 0 0 4
2020-04-21 21:53:44 ::1 GET /8faa0d835fc14257adfdc52675a803ab/arterySignalR/ping requestUrl=http%3A%2F%2Flocalhost%3A4721%2Faboutus.aspx&browserName=Chrome&_=1587506023969 4721 - ::1 Mozilla/5.0+(Windows+NT+10.0;+Win64;+x64)+AppleWebKit/537.36+(KHTML,+like+Gecko)+Chrome/81.0.4044.113+Safari/537.36 http://localhost:4721/aboutus.aspx 404 0 2 65
2020-04-21 21:58:43 ::1 GET /8faa0d835fc14257adfdc52675a803ab/arterySignalR/ping requestUrl=http%3A%2F%2Flocalhost%3A4721%2Faboutus.aspx&browserName=Chrome&_=1587506323965 4721 - ::1 Mozilla/5.0+(Windows+NT+10.0;+Win64;+x64)+AppleWebKit/537.36+(KHTML,+like+Gecko)+Chrome/81.0.4044.113+Safari/537.36 http://localhost:4721/aboutus.aspx 404 0 2 5
2020-04-21 22:03:44 ::1 GET /8faa0d835fc14257adfdc52675a803ab/arterySignalR/ping requestUrl=http%3A%2F%2Flocalhost%3A4721%2Faboutus.aspx&browserName=Chrome&_=1587506623963 4721 - ::1 Mozilla/5.0+(Windows+NT+10.0;+Win64;+x64)+AppleWebKit/537.36+(KHTML,+like+Gecko)+Chrome/81.0.4044.113+Safari/537.36 http://localhost:4721/aboutus.aspx 404 0 2 7
2020-04-21 22:08:44 ::1 GET /8faa0d835fc14257adfdc52675a803ab/arterySignalR/ping requestUrl=http%3A%2F%2Flocalhost%3A4721%2Faboutus.aspx&browserName=Chrome&_=1587506923957 4721 - ::1 Mozilla/5.0+(Windows+NT+10.0;+Win64;+x64)+AppleWebKit/537.36+(KHTML,+like+Gecko)+Chrome/81.0.4044.113+Safari/537.36 http://localhost:4721/aboutus.aspx 404 0 2 11
2020-04-21 22:13:43 ::1 GET /8faa0d835fc14257adfdc52675a803ab/arterySignalR/ping requestUrl=http%3A%2F%2Flocalhost%3A4721%2Faboutus.aspx&browserName=Chrome&_=1587507223963 4721 - ::1 Mozilla/5.0+(Windows+NT+10.0;+Win64;+x64)+AppleWebKit/537.36+(KHTML,+like+Gecko)+Chrome/81.0.4044.113+Safari/537.36 http://localhost:4721/aboutus.aspx 404 0 2 10
2020-04-21 22:18:43 ::1 GET /8faa0d835fc14257adfdc52675a803ab/arterySignalR/ping requestUrl=http%3A%2F%2Flocalhost%3A4721%2Faboutus.aspx&browserName=Chrome&_=1587507523963 4721 - ::1 Mozilla/5.0+(Windows+NT+10.0;+Win64;+x64)+AppleWebKit/537.36+(KHTML,+like+Gecko)+Chrome/81.0.4044.113+Safari/537.36 http://localhost:4721/aboutus.aspx 404 0 2 11
2020-04-21 22:23:43 ::1 GET /8faa0d835fc14257adfdc52675a803ab/arterySignalR/ping requestUrl=http%3A%2F%2Flocalhost%3A4721%2Faboutus.aspx&browserName=Chrome&_=1587507823962 4721 - ::1 Mozilla/5.0+(Windows+NT+10.0;+Win64;+x64)+AppleWebKit/537.36+(KHTML,+like+Gecko)+Chrome/81.0.4044.113+Safari/537.36 http://localhost:4721/aboutus.aspx 404 0 2 11
2020-04-21 22:28:43 ::1 GET /8faa0d835fc14257adfdc52675a803ab/arterySignalR/ping requestUrl=http%3A%2F%2Flocalhost%3A4721%2Faboutus.aspx&browserName=Chrome&_=1587508123962 4721 - ::1 Mozilla/5.0+(Windows+NT+10.0;+Win64;+x64)+AppleWebKit/537.36+(KHTML,+like+Gecko)+Chrome/81.0.4044.113+Safari/537.36 http://localhost:4721/aboutus.aspx 404 0 2 10
2020-04-21 22:33:43 ::1 GET /8faa0d835fc14257adfdc52675a803ab/arterySignalR/ping requestUrl=http%3A%2F%2Flocalhost%3A4721%2Faboutus.aspx&browserName=Chrome&_=1587508423960 4721 - ::1 Mozilla/5.0+(Windows+NT+10.0;+Win64;+x64)+AppleWebKit/537.36+(KHTML,+like+Gecko)+Chrome/81.0.4044.113+Safari/537.36 http://localhost:4721/aboutus.aspx 404 0 2 11
2020-04-21 22:38:43 ::1 GET /8faa0d835fc14257adfdc52675a803ab/arterySignalR/ping requestUrl=http%3A%2F%2Flocalhost%3A4721%2Faboutus.aspx&browserName=Chrome&_=1587508723962 4721 - ::1 Mozilla/5.0+(Windows+NT+10.0;+Win64;+x64)+AppleWebKit/537.36+(KHTML,+like+Gecko)+Chrome/81.0.4044.113+Safari/537.36 http://localhost:4721/aboutus.aspx 404 0 2 7
2020-04-21 22:42:09 ::1 GET /usersingup.aspx - 4721 - ::1 Mozilla/5.0+(Windows+NT+10.0;+Win64;+x64)+AppleWebKit/537.36+(KHTML,+like+Gecko)+Chrome/81.0.4044.113+Safari/537.36 - 200 0 0 237
2020-04-21 22:42:10 ::1 GET /__browserLink/requestData/c9dcdd9244624cbba6fa4ee4f4524436 - 4721 - ::1 Mozilla/5.0+(Windows+NT+10.0;+Win64;+x64)+AppleWebKit/537.36+(KHTML,+like+Gecko)+Chrome/81.0.4044.113+Safari/537.36 http://localhost:4721/usersingup.aspx 200 0 0 6
2020-04-21 22:47:10 ::1 GET /8faa0d835fc14257adfdc52675a803ab/arterySignalR/ping requestUrl=http%3A%2F%2Flocalhost%3A4721%2Fusersingup.aspx&browserName=Chrome&_=1587509230162 4721 - ::1 Mozilla/5.0+(Windows+NT+10.0;+Win64;+x64)+AppleWebKit/537.36+(KHTML,+like+Gecko)+Chrome/81.0.4044.113+Safari/537.36 http://localhost:4721/usersingup.aspx 404 0 2 12
2020-04-21 22:52:10 ::1 GET /8faa0d835fc14257adfdc52675a803ab/arterySignalR/ping requestUrl=http%3A%2F%2Flocalhost%3A4721%2Fusersingup.aspx&browserName=Chrome&_=1587509530157 4721 - ::1 Mozilla/5.0+(Windows+NT+10.0;+Win64;+x64)+AppleWebKit/537.36+(KHTML,+like+Gecko)+Chrome/81.0.4044.113+Safari/537.36 http://localhost:4721/usersingup.aspx 404 0 2 11
2020-04-21 22:57:00 ::1 GET /userprofile.aspx - 4721 - ::1 Mozilla/5.0+(Windows+NT+10.0;+Win64;+x64)+AppleWebKit/537.36+(KHTML,+like+Gecko)+Chrome/81.0.4044.113+Safari/537.36 - 200 0 0 111
2020-04-21 22:57:03 ::1 GET /__browserLink/requestData/2003f16cfa824556a586ca8833fd4c1f - 4721 - ::1 Mozilla/5.0+(Windows+NT+10.0;+Win64;+x64)+AppleWebKit/537.36+(KHTML,+like+Gecko)+Chrome/81.0.4044.113+Safari/537.36 http://localhost:4721/userprofile.aspx 200 0 0 13
2020-04-21 22:58:52 ::1 GET /registerproperty.aspx - 4721 - ::1 Mozilla/5.0+(Windows+NT+10.0;+Win64;+x64)+AppleWebKit/537.36+(KHTML,+like+Gecko)+Chrome/81.0.4044.113+Safari/537.36 - 200 0 0 70
2020-04-21 22:58:52 ::1 GET /__browserLink/requestData/eaa3ad4a80d14c96bdc69c068f1423a4 - 4721 - ::1 Mozilla/5.0+(Windows+NT+10.0;+Win64;+x64)+AppleWebKit/537.36+(KHTML,+like+Gecko)+Chrome/81.0.4044.113+Safari/537.36 http://localhost:4721/registerproperty.aspx 200 0 0 15
#Software: Microsoft Internet Information Services 8.0
#Version: 1.0
#Date: 2020-04-21 23:03:54
#Fields: date time s-ip cs-method cs-uri-stem cs-uri-query s-port cs-username c-ip cs(User-Agent) cs(Referer) sc-status sc-substatus sc-win32-status time-taken
2020-04-21 23:03:53 ::1 GET /8faa0d835fc14257adfdc52675a803ab/arterySignalR/ping requestUrl=http%3A%2F%2Flocalhost%3A4721%2Fregisterproperty.aspx&browserName=Chrome&_=1587510233971 4721 - ::1 Mozilla/5.0+(Windows+NT+10.0;+Win64;+x64)+AppleWebKit/537.36+(KHTML,+like+Gecko)+Chrome/81.0.4044.113+Safari/537.36 http://localhost:4721/registerproperty.aspx 404 0 2 12
2020-04-21 23:08:53 ::1 GET /8faa0d835fc14257adfdc52675a803ab/arterySignalR/ping requestUrl=http%3A%2F%2Flocalhost%3A4721%2Fregisterproperty.aspx&browserName=Chrome&_=1587510533963 4721 - ::1 Mozilla/5.0+(Windows+NT+10.0;+Win64;+x64)+AppleWebKit/537.36+(KHTML,+like+Gecko)+Chrome/81.0.4044.113+Safari/537.36 http://localhost:4721/registerproperty.aspx 404 0 2 11
2020-04-21 23:13:53 ::1 GET /8faa0d835fc14257adfdc52675a803ab/arterySignalR/ping requestUrl=http%3A%2F%2Flocalhost%3A4721%2Fregisterproperty.aspx&browserName=Chrome&_=1587510833961 4721 - ::1 Mozilla/5.0+(Windows+NT+10.0;+Win64;+x64)+AppleWebKit/537.36+(KHTML,+like+Gecko)+Chrome/81.0.4044.113+Safari/537.36 http://localhost:4721/registerproperty.aspx 404 0 2 12
2020-04-21 23:18:53 ::1 GET /8faa0d835fc14257adfdc52675a803ab/arterySignalR/ping requestUrl=http%3A%2F%2Flocalhost%3A4721%2Fregisterproperty.aspx&browserName=Chrome&_=1587511133963 4721 - ::1 Mozilla/5.0+(Windows+NT+10.0;+Win64;+x64)+AppleWebKit/537.36+(KHTML,+like+Gecko)+Chrome/81.0.4044.113+Safari/537.36 http://localhost:4721/registerproperty.aspx 404 0 2 5
2020-04-21 23:23:53 ::1 GET /8faa0d835fc14257adfdc52675a803ab/arterySignalR/ping requestUrl=http%3A%2F%2Flocalhost%3A4721%2Fregisterproperty.aspx&browserName=Chrome&_=1587511433963 4721 - ::1 Mozilla/5.0+(Windows+NT+10.0;+Win64;+x64)+AppleWebKit/537.36+(KHTML,+like+Gecko)+Chrome/81.0.4044.113+Safari/537.36 http://localhost:4721/registerproperty.aspx 404 0 2 5
2020-04-21 23:28:54 ::1 GET /8faa0d835fc14257adfdc52675a803ab/arterySignalR/ping requestUrl=http%3A%2F%2Flocalhost%3A4721%2Fregisterproperty.aspx&browserName=Chrome&_=1587511733961 4721 - ::1 Mozilla/5.0+(Windows+NT+10.0;+Win64;+x64)+AppleWebKit/537.36+(KHTML,+like+Gecko)+Chrome/81.0.4044.113+Safari/537.36 http://localhost:4721/registerproperty.aspx 404 0 2 8
2020-04-21 23:33:53 ::1 GET /8faa0d835fc14257adfdc52675a803ab/arterySignalR/ping requestUrl=http%3A%2F%2Flocalhost%3A4721%2Fregisterproperty.aspx&browserName=Chrome&_=1587512033960 4721 - ::1 Mozilla/5.0+(Windows+NT+10.0;+Win64;+x64)+AppleWebKit/537.36+(KHTML,+like+Gecko)+Chrome/81.0.4044.113+Safari/537.36 http://localhost:4721/registerproperty.aspx 404 0 2 6
2020-04-21 23:38:53 ::1 GET /8faa0d835fc14257adfdc52675a803ab/arterySignalR/ping requestUrl=http%3A%2F%2Flocalhost%3A4721%2Fregisterproperty.aspx&browserName=Chrome&_=1587512333961 4721 - ::1 Mozilla/5.0+(Windows+NT+10.0;+Win64;+x64)+AppleWebKit/537.36+(KHTML,+like+Gecko)+Chrome/81.0.4044.113+Safari/537.36 http://localhost:4721/registerproperty.aspx 404 0 2 9
2020-04-21 23:43:53 ::1 GET /8faa0d835fc14257adfdc52675a803ab/arterySignalR/ping requestUrl=http%3A%2F%2Flocalhost%3A4721%2Fregisterproperty.aspx&browserName=Chrome&_=1587512633960 4721 - ::1 Mozilla/5.0+(Windows+NT+10.0;+Win64;+x64)+AppleWebKit/537.36+(KHTML,+like+Gecko)+Chrome/81.0.4044.113+Safari/537.36 http://localhost:4721/registerproperty.aspx 404 0 2 12
2020-04-21 23:48:53 ::1 GET /8faa0d835fc14257adfdc52675a803ab/arterySignalR/ping requestUrl=http%3A%2F%2Flocalhost%3A4721%2Fregisterproperty.aspx&browserName=Chrome&_=1587512933961 4721 - ::1 Mozilla/5.0+(Windows+NT+10.0;+Win64;+x64)+AppleWebKit/537.36+(KHTML,+like+Gecko)+Chrome/81.0.4044.113+Safari/537.36 http://localhost:4721/registerproperty.aspx 404 0 2 8
2020-04-21 23:53:53 ::1 GET /8faa0d835fc14257adfdc52675a803ab/arterySignalR/ping requestUrl=http%3A%2F%2Flocalhost%3A4721%2Fregisterproperty.aspx&browserName=Chrome&_=1587513233962 4721 - ::1 Mozilla/5.0+(Windows+NT+10.0;+Win64;+x64)+AppleWebKit/537.36+(KHTML,+like+Gecko)+Chrome/81.0.4044.113+Safari/537.36 http://localhost:4721/registerproperty.aspx 404 0 2 14
2020-04-21 23:58:53 ::1 GET /8faa0d835fc14257adfdc52675a803ab/arterySignalR/ping requestUrl=http%3A%2F%2Flocalhost%3A4721%2Fregisterproperty.aspx&browserName=Chrome&_=1587513533960 4721 - ::1 Mozilla/5.0+(Windows+NT+10.0;+Win64;+x64)+AppleWebKit/537.36+(KHTML,+like+Gecko)+Chrome/81.0.4044.113+Safari/537.36 http://localhost:4721/registerproperty.aspx 404 0 2 13
