#Software: Microsoft Internet Information Services 8.0
#Version: 1.0
#Date: 2020-04-25 00:03:20
#Fields: date time s-ip cs-method cs-uri-stem cs-uri-query s-port cs-username c-ip cs(User-Agent) cs(Referer) sc-status sc-substatus sc-win32-status time-taken
2020-04-25 00:03:20 ::1 GET /8faa0d835fc14257adfdc52675a803ab/arterySignalR/ping requestUrl=http%3A%2F%2Flocalhost%3A4721%2Fhomepage.aspx&browserName=Chrome&_=1587773000053 4721 - ::1 Mozilla/5.0+(Windows+NT+10.0;+Win64;+x64)+AppleWebKit/537.36+(KHTML,+like+Gecko)+Chrome/81.0.4044.113+Safari/537.36 http://localhost:4721/homepage.aspx 404 0 2 4
2020-04-25 00:08:20 ::1 GET /8faa0d835fc14257adfdc52675a803ab/arterySignalR/ping requestUrl=http%3A%2F%2Flocalhost%3A4721%2Fhomepage.aspx&browserName=Chrome&_=1587773300058 4721 - ::1 Mozilla/5.0+(Windows+NT+10.0;+Win64;+x64)+AppleWebKit/537.36+(KHTML,+like+Gecko)+Chrome/81.0.4044.113+Safari/537.36 http://localhost:4721/homepage.aspx 404 0 2 7
2020-04-25 00:13:20 ::1 GET /8faa0d835fc14257adfdc52675a803ab/arterySignalR/ping requestUrl=http%3A%2F%2Flocalhost%3A4721%2Fhomepage.aspx&browserName=Chrome&_=1587773600057 4721 - ::1 Mozilla/5.0+(Windows+NT+10.0;+Win64;+x64)+AppleWebKit/537.36+(KHTML,+like+Gecko)+Chrome/81.0.4044.113+Safari/537.36 http://localhost:4721/homepage.aspx 404 0 2 5
2020-04-25 00:18:20 ::1 GET /8faa0d835fc14257adfdc52675a803ab/arterySignalR/ping requestUrl=http%3A%2F%2Flocalhost%3A4721%2Fhomepage.aspx&browserName=Chrome&_=1587773900056 4721 - ::1 Mozilla/5.0+(Windows+NT+10.0;+Win64;+x64)+AppleWebKit/537.36+(KHTML,+like+Gecko)+Chrome/81.0.4044.113+Safari/537.36 http://localhost:4721/homepage.aspx 404 0 2 4
2020-04-25 00:23:20 ::1 GET /8faa0d835fc14257adfdc52675a803ab/arterySignalR/ping requestUrl=http%3A%2F%2Flocalhost%3A4721%2Fhomepage.aspx&browserName=Chrome&_=1587774200053 4721 - ::1 Mozilla/5.0+(Windows+NT+10.0;+Win64;+x64)+AppleWebKit/537.36+(KHTML,+like+Gecko)+Chrome/81.0.4044.113+Safari/537.36 http://localhost:4721/homepage.aspx 404 0 2 10
2020-04-25 00:28:20 ::1 GET /8faa0d835fc14257adfdc52675a803ab/arterySignalR/ping requestUrl=http%3A%2F%2Flocalhost%3A4721%2Fhomepage.aspx&browserName=Chrome&_=1587774500055 4721 - ::1 Mozilla/5.0+(Windows+NT+10.0;+Win64;+x64)+AppleWebKit/537.36+(KHTML,+like+Gecko)+Chrome/81.0.4044.113+Safari/537.36 http://localhost:4721/homepage.aspx 404 0 2 7
2020-04-25 00:33:20 ::1 GET /8faa0d835fc14257adfdc52675a803ab/arterySignalR/ping requestUrl=http%3A%2F%2Flocalhost%3A4721%2Fhomepage.aspx&browserName=Chrome&_=1587774800053 4721 - ::1 Mozilla/5.0+(Windows+NT+10.0;+Win64;+x64)+AppleWebKit/537.36+(KHTML,+like+Gecko)+Chrome/81.0.4044.113+Safari/537.36 http://localhost:4721/homepage.aspx 404 0 2 10
2020-04-25 00:38:20 ::1 GET /8faa0d835fc14257adfdc52675a803ab/arterySignalR/ping requestUrl=http%3A%2F%2Flocalhost%3A4721%2Fhomepage.aspx&browserName=Chrome&_=1587775100063 4721 - ::1 Mozilla/5.0+(Windows+NT+10.0;+Win64;+x64)+AppleWebKit/537.36+(KHTML,+like+Gecko)+Chrome/81.0.4044.113+Safari/537.36 http://localhost:4721/homepage.aspx 404 0 2 6
2020-04-25 00:43:20 ::1 GET /8faa0d835fc14257adfdc52675a803ab/arterySignalR/ping requestUrl=http%3A%2F%2Flocalhost%3A4721%2Fhomepage.aspx&browserName=Chrome&_=1587775400050 4721 - ::1 Mozilla/5.0+(Windows+NT+10.0;+Win64;+x64)+AppleWebKit/537.36+(KHTML,+like+Gecko)+Chrome/81.0.4044.113+Safari/537.36 http://localhost:4721/homepage.aspx 404 0 2 5
2020-04-25 00:48:20 ::1 GET /8faa0d835fc14257adfdc52675a803ab/arterySignalR/ping requestUrl=http%3A%2F%2Flocalhost%3A4721%2Fhomepage.aspx&browserName=Chrome&_=1587775700061 4721 - ::1 Mozilla/5.0+(Windows+NT+10.0;+Win64;+x64)+AppleWebKit/537.36+(KHTML,+like+Gecko)+Chrome/81.0.4044.113+Safari/537.36 http://localhost:4721/homepage.aspx 404 0 2 7
2020-04-25 00:53:20 ::1 GET /8faa0d835fc14257adfdc52675a803ab/arterySignalR/ping requestUrl=http%3A%2F%2Flocalhost%3A4721%2Fhomepage.aspx&browserName=Chrome&_=1587776000057 4721 - ::1 Mozilla/5.0+(Windows+NT+10.0;+Win64;+x64)+AppleWebKit/537.36+(KHTML,+like+Gecko)+Chrome/81.0.4044.113+Safari/537.36 http://localhost:4721/homepage.aspx 404 0 2 5
2020-04-25 00:58:20 ::1 GET /8faa0d835fc14257adfdc52675a803ab/arterySignalR/ping requestUrl=http%3A%2F%2Flocalhost%3A4721%2Fhomepage.aspx&browserName=Chrome&_=1587776300052 4721 - ::1 Mozilla/5.0+(Windows+NT+10.0;+Win64;+x64)+AppleWebKit/537.36+(KHTML,+like+Gecko)+Chrome/81.0.4044.113+Safari/537.36 http://localhost:4721/homepage.aspx 404 0 2 11
2020-04-25 01:03:20 ::1 GET /8faa0d835fc14257adfdc52675a803ab/arterySignalR/ping requestUrl=http%3A%2F%2Flocalhost%3A4721%2Fhomepage.aspx&browserName=Chrome&_=1587776600052 4721 - ::1 Mozilla/5.0+(Windows+NT+10.0;+Win64;+x64)+AppleWebKit/537.36+(KHTML,+like+Gecko)+Chrome/81.0.4044.113+Safari/537.36 http://localhost:4721/homepage.aspx 404 0 2 5
2020-04-25 01:08:20 ::1 GET /8faa0d835fc14257adfdc52675a803ab/arterySignalR/ping requestUrl=http%3A%2F%2Flocalhost%3A4721%2Fhomepage.aspx&browserName=Chrome&_=1587776900062 4721 - ::1 Mozilla/5.0+(Windows+NT+10.0;+Win64;+x64)+AppleWebKit/537.36+(KHTML,+like+Gecko)+Chrome/81.0.4044.113+Safari/537.36 http://localhost:4721/homepage.aspx 404 0 2 4
2020-04-25 01:13:20 ::1 GET /8faa0d835fc14257adfdc52675a803ab/arterySignalR/ping requestUrl=http%3A%2F%2Flocalhost%3A4721%2Fhomepage.aspx&browserName=Chrome&_=1587777200058 4721 - ::1 Mozilla/5.0+(Windows+NT+10.0;+Win64;+x64)+AppleWebKit/537.36+(KHTML,+like+Gecko)+Chrome/81.0.4044.113+Safari/537.36 http://localhost:4721/homepage.aspx 404 0 2 11
2020-04-25 01:18:20 ::1 GET /8faa0d835fc14257adfdc52675a803ab/arterySignalR/ping requestUrl=http%3A%2F%2Flocalhost%3A4721%2Fhomepage.aspx&browserName=Chrome&_=1587777500067 4721 - ::1 Mozilla/5.0+(Windows+NT+10.0;+Win64;+x64)+AppleWebKit/537.36+(KHTML,+like+Gecko)+Chrome/81.0.4044.113+Safari/537.36 http://localhost:4721/homepage.aspx 404 0 2 6
2020-04-25 01:23:20 ::1 GET /8faa0d835fc14257adfdc52675a803ab/arterySignalR/ping requestUrl=http%3A%2F%2Flocalhost%3A4721%2Fhomepage.aspx&browserName=Chrome&_=1587777800054 4721 - ::1 Mozilla/5.0+(Windows+NT+10.0;+Win64;+x64)+AppleWebKit/537.36+(KHTML,+like+Gecko)+Chrome/81.0.4044.113+Safari/537.36 http://localhost:4721/homepage.aspx 404 0 2 11
2020-04-25 01:28:20 ::1 GET /8faa0d835fc14257adfdc52675a803ab/arterySignalR/ping requestUrl=http%3A%2F%2Flocalhost%3A4721%2Fhomepage.aspx&browserName=Chrome&_=1587778100055 4721 - ::1 Mozilla/5.0+(Windows+NT+10.0;+Win64;+x64)+AppleWebKit/537.36+(KHTML,+like+Gecko)+Chrome/81.0.4044.113+Safari/537.36 http://localhost:4721/homepage.aspx 404 0 2 10
2020-04-25 01:33:20 ::1 GET /8faa0d835fc14257adfdc52675a803ab/arterySignalR/ping requestUrl=http%3A%2F%2Flocalhost%3A4721%2Fhomepage.aspx&browserName=Chrome&_=1587778400054 4721 - ::1 Mozilla/5.0+(Windows+NT+10.0;+Win64;+x64)+AppleWebKit/537.36+(KHTML,+like+Gecko)+Chrome/81.0.4044.113+Safari/537.36 http://localhost:4721/homepage.aspx 404 0 2 5
