#Software: Microsoft Internet Information Services 8.0
#Version: 1.0
#Date: 2020-04-04 00:00:02
#Fields: date time s-ip cs-method cs-uri-stem cs-uri-query s-port cs-username c-ip cs(User-Agent) cs(Referer) sc-status sc-substatus sc-win32-status time-taken
2020-04-04 00:00:02 ::1 POST /userlogin.aspx - 4721 - ::1 Mozilla/5.0+(Windows+NT+10.0;+Win64;+x64)+AppleWebKit/537.36+(KHTML,+like+Gecko)+Chrome/80.0.3987.149+Safari/537.36 http://localhost:4721/userlogin.aspx 200 0 0 705
2020-04-04 00:00:02 ::1 GET /imgs/generaluser.png - 4721 - ::1 Mozilla/5.0+(Windows+NT+10.0;+Win64;+x64)+AppleWebKit/537.36+(KHTML,+like+Gecko)+Chrome/80.0.3987.149+Safari/537.36 http://localhost:4721/userlogin.aspx 304 0 0 2
2020-04-04 00:00:03 ::1 GET /__browserLink/requestData/56dcd265e46b40d4b4adbdc2c98a2d7e - 4721 - ::1 Mozilla/5.0+(Windows+NT+10.0;+Win64;+x64)+AppleWebKit/537.36+(KHTML,+like+Gecko)+Chrome/80.0.3987.149+Safari/537.36 http://localhost:4721/userlogin.aspx 200 0 0 5
2020-04-04 00:00:18 ::1 POST /userlogin.aspx - 4721 - ::1 Mozilla/5.0+(Windows+NT+10.0;+Win64;+x64)+AppleWebKit/537.36+(KHTML,+like+Gecko)+Chrome/80.0.3987.149+Safari/537.36 http://localhost:4721/userlogin.aspx 200 0 0 10
2020-04-04 00:00:18 ::1 GET /__browserLink/requestData/87f989e2d10143afa9b646fd2e3e6e13 - 4721 - ::1 Mozilla/5.0+(Windows+NT+10.0;+Win64;+x64)+AppleWebKit/537.36+(KHTML,+like+Gecko)+Chrome/80.0.3987.149+Safari/537.36 http://localhost:4721/userlogin.aspx 200 0 0 6
2020-04-04 00:01:03 ::1 POST /userlogin.aspx - 4721 - ::1 Mozilla/5.0+(Windows+NT+10.0;+Win64;+x64)+AppleWebKit/537.36+(KHTML,+like+Gecko)+Chrome/80.0.3987.149+Safari/537.36 http://localhost:4721/userlogin.aspx 200 0 0 681
2020-04-04 00:01:03 ::1 GET /__browserLink/requestData/e0ffa35bcd9842c58b1cd6da69a61e93 - 4721 - ::1 Mozilla/5.0+(Windows+NT+10.0;+Win64;+x64)+AppleWebKit/537.36+(KHTML,+like+Gecko)+Chrome/80.0.3987.149+Safari/537.36 http://localhost:4721/userlogin.aspx 200 0 0 4
2020-04-04 00:05:47 ::1 POST /userlogin.aspx - 4721 - ::1 Mozilla/5.0+(Windows+NT+10.0;+Win64;+x64)+AppleWebKit/537.36+(KHTML,+like+Gecko)+Chrome/80.0.3987.149+Safari/537.36 http://localhost:4721/userlogin.aspx 200 0 0 890
2020-04-04 00:05:47 ::1 GET /imgs/generaluser.png - 4721 - ::1 Mozilla/5.0+(Windows+NT+10.0;+Win64;+x64)+AppleWebKit/537.36+(KHTML,+like+Gecko)+Chrome/80.0.3987.149+Safari/537.36 http://localhost:4721/userlogin.aspx 304 0 0 3
2020-04-04 00:05:48 ::1 GET /__browserLink/requestData/06a7dd70269743c5bae7a3e496972a10 - 4721 - ::1 Mozilla/5.0+(Windows+NT+10.0;+Win64;+x64)+AppleWebKit/537.36+(KHTML,+like+Gecko)+Chrome/80.0.3987.149+Safari/537.36 http://localhost:4721/userlogin.aspx 200 0 0 6
2020-04-04 00:05:54 ::1 POST /userlogin.aspx - 4721 - ::1 Mozilla/5.0+(Windows+NT+10.0;+Win64;+x64)+AppleWebKit/537.36+(KHTML,+like+Gecko)+Chrome/80.0.3987.149+Safari/537.36 http://localhost:4721/userlogin.aspx 200 0 0 6
2020-04-04 00:05:54 ::1 GET /__browserLink/requestData/4698e059aff844b28ad8cdc3a32b3b43 - 4721 - ::1 Mozilla/5.0+(Windows+NT+10.0;+Win64;+x64)+AppleWebKit/537.36+(KHTML,+like+Gecko)+Chrome/80.0.3987.149+Safari/537.36 http://localhost:4721/userlogin.aspx 200 0 0 6
2020-04-04 00:06:06 ::1 GET /homepage.aspx - 4721 - ::1 Mozilla/5.0+(Windows+NT+10.0;+Win64;+x64)+AppleWebKit/537.36+(KHTML,+like+Gecko)+Chrome/80.0.3987.149+Safari/537.36 http://localhost:4721/userlogin.aspx 200 0 0 26
2020-04-04 00:06:06 ::1 GET /imgs/example+3.jpg - 4721 - ::1 Mozilla/5.0+(Windows+NT+10.0;+Win64;+x64)+AppleWebKit/537.36+(KHTML,+like+Gecko)+Chrome/80.0.3987.149+Safari/537.36 http://localhost:4721/homepage.aspx 304 0 0 42
2020-04-04 00:06:06 ::1 GET /imgs/Witbank-Mall.jpg - 4721 - ::1 Mozilla/5.0+(Windows+NT+10.0;+Win64;+x64)+AppleWebKit/537.36+(KHTML,+like+Gecko)+Chrome/80.0.3987.149+Safari/537.36 http://localhost:4721/homepage.aspx 304 0 0 40
2020-04-04 00:06:06 ::1 GET /imgs/sing+up.png - 4721 - ::1 Mozilla/5.0+(Windows+NT+10.0;+Win64;+x64)+AppleWebKit/537.36+(KHTML,+like+Gecko)+Chrome/80.0.3987.149+Safari/537.36 http://localhost:4721/homepage.aspx 304 0 0 115
2020-04-04 00:06:08 ::1 GET /__browserLink/requestData/bc69b984cebf460faa108c3c31e59d58 - 4721 - ::1 Mozilla/5.0+(Windows+NT+10.0;+Win64;+x64)+AppleWebKit/537.36+(KHTML,+like+Gecko)+Chrome/80.0.3987.149+Safari/537.36 http://localhost:4721/homepage.aspx 200 0 0 9
2020-04-04 00:06:11 ::1 POST /homepage.aspx - 4721 - ::1 Mozilla/5.0+(Windows+NT+10.0;+Win64;+x64)+AppleWebKit/537.36+(KHTML,+like+Gecko)+Chrome/80.0.3987.149+Safari/537.36 http://localhost:4721/homepage.aspx 200 0 0 173
2020-04-04 00:06:11 ::1 GET /__browserLink/requestData/4bd1f4eb00d5411899eb7e9601f0be33 - 4721 - ::1 Mozilla/5.0+(Windows+NT+10.0;+Win64;+x64)+AppleWebKit/537.36+(KHTML,+like+Gecko)+Chrome/80.0.3987.149+Safari/537.36 http://localhost:4721/homepage.aspx 200 0 0 5
2020-04-04 00:06:33 ::1 GET /userlogin.aspx - 4721 - ::1 Mozilla/5.0+(Windows+NT+10.0;+Win64;+x64)+AppleWebKit/537.36+(KHTML,+like+Gecko)+Chrome/80.0.3987.149+Safari/537.36 - 200 0 0 11
2020-04-04 00:06:34 ::1 GET /__browserLink/requestData/2dcf506db4dd4c27b80817229f5d8efc - 4721 - ::1 Mozilla/5.0+(Windows+NT+10.0;+Win64;+x64)+AppleWebKit/537.36+(KHTML,+like+Gecko)+Chrome/80.0.3987.149+Safari/537.36 http://localhost:4721/userlogin.aspx 200 0 0 6
2020-04-04 00:08:57 ::1 GET /userlogin.aspx - 4721 - ::1 Mozilla/5.0+(Windows+NT+10.0;+Win64;+x64)+AppleWebKit/537.36+(KHTML,+like+Gecko)+Chrome/80.0.3987.149+Safari/537.36 http://localhost:4721/userlogin.aspx 200 0 0 805
2020-04-04 00:08:57 ::1 GET /__browserLink/requestData/bfa0dabb248a451e97f765ec081f6aa0 - 4721 - ::1 Mozilla/5.0+(Windows+NT+10.0;+Win64;+x64)+AppleWebKit/537.36+(KHTML,+like+Gecko)+Chrome/80.0.3987.149+Safari/537.36 http://localhost:4721/userlogin.aspx 200 0 0 9
2020-04-04 00:10:26 ::1 GET /userlogin.aspx - 4721 - ::1 Mozilla/5.0+(Windows+NT+10.0;+Win64;+x64)+AppleWebKit/537.36+(KHTML,+like+Gecko)+Chrome/80.0.3987.149+Safari/537.36 http://localhost:4721/userlogin.aspx 200 0 0 668
2020-04-04 00:10:27 ::1 GET /__browserLink/requestData/2e01e683cef74eae900680d53817f2f1 - 4721 - ::1 Mozilla/5.0+(Windows+NT+10.0;+Win64;+x64)+AppleWebKit/537.36+(KHTML,+like+Gecko)+Chrome/80.0.3987.149+Safari/537.36 http://localhost:4721/userlogin.aspx 200 0 0 19
2020-04-04 00:10:48 ::1 GET /userlogin.aspx - 4721 - ::1 Mozilla/5.0+(Windows+NT+10.0;+Win64;+x64)+AppleWebKit/537.36+(KHTML,+like+Gecko)+Chrome/80.0.3987.149+Safari/537.36 http://localhost:4721/userlogin.aspx 200 0 0 650
2020-04-04 00:10:49 ::1 GET /__browserLink/requestData/e2957744236440728eb4ff5da8152de7 - 4721 - ::1 Mozilla/5.0+(Windows+NT+10.0;+Win64;+x64)+AppleWebKit/537.36+(KHTML,+like+Gecko)+Chrome/80.0.3987.149+Safari/537.36 http://localhost:4721/userlogin.aspx 200 0 0 6
2020-04-04 00:15:50 ::1 GET /f6c9f12eb7e94c2faffd2e84e2a391db/arterySignalR/ping requestUrl=http%3A%2F%2Flocalhost%3A4721%2Fuserlogin.aspx&browserName=Chrome&_=1585959350152 4721 - ::1 Mozilla/5.0+(Windows+NT+10.0;+Win64;+x64)+AppleWebKit/537.36+(KHTML,+like+Gecko)+Chrome/80.0.3987.149+Safari/537.36 http://localhost:4721/userlogin.aspx 404 0 2 438
2020-04-04 00:16:28 ::1 GET /userlogin.aspx - 4721 - ::1 Mozilla/5.0+(Windows+NT+10.0;+Win64;+x64)+AppleWebKit/537.36+(KHTML,+like+Gecko)+Chrome/80.0.3987.149+Safari/537.36 http://localhost:4721/userlogin.aspx 200 0 64 2911
2020-04-04 00:16:28 ::1 POST /userlogin.aspx - 4721 - ::1 Mozilla/5.0+(Windows+NT+10.0;+Win64;+x64)+AppleWebKit/537.36+(KHTML,+like+Gecko)+Chrome/80.0.3987.149+Safari/537.36 http://localhost:4721/userlogin.aspx 200 0 0 225
2020-04-04 00:16:28 ::1 GET /imgs/generaluser.png - 4721 - ::1 Mozilla/5.0+(Windows+NT+10.0;+Win64;+x64)+AppleWebKit/537.36+(KHTML,+like+Gecko)+Chrome/80.0.3987.149+Safari/537.36 http://localhost:4721/userlogin.aspx 304 0 0 50
2020-04-04 00:16:28 ::1 GET /__browserLink/requestData/2979fc546224424a81f484a079b0fe08 - 4721 - ::1 Mozilla/5.0+(Windows+NT+10.0;+Win64;+x64)+AppleWebKit/537.36+(KHTML,+like+Gecko)+Chrome/80.0.3987.149+Safari/537.36 http://localhost:4721/userlogin.aspx 200 0 0 16
2020-04-04 00:16:31 ::1 POST /userlogin.aspx - 4721 - ::1 Mozilla/5.0+(Windows+NT+10.0;+Win64;+x64)+AppleWebKit/537.36+(KHTML,+like+Gecko)+Chrome/80.0.3987.149+Safari/537.36 http://localhost:4721/userlogin.aspx 200 0 0 16
2020-04-04 00:16:31 ::1 GET /__browserLink/requestData/58074166338c4aaf952979cef609a549 - 4721 - ::1 Mozilla/5.0+(Windows+NT+10.0;+Win64;+x64)+AppleWebKit/537.36+(KHTML,+like+Gecko)+Chrome/80.0.3987.149+Safari/537.36 http://localhost:4721/userlogin.aspx 200 0 0 6
2020-04-04 00:16:46 ::1 POST /userlogin.aspx - 4721 - ::1 Mozilla/5.0+(Windows+NT+10.0;+Win64;+x64)+AppleWebKit/537.36+(KHTML,+like+Gecko)+Chrome/80.0.3987.149+Safari/537.36 http://localhost:4721/userlogin.aspx 200 0 0 942
2020-04-04 00:16:47 ::1 GET /__browserLink/requestData/f1270c22d7554e91bc4f6f8c0d456808 - 4721 - ::1 Mozilla/5.0+(Windows+NT+10.0;+Win64;+x64)+AppleWebKit/537.36+(KHTML,+like+Gecko)+Chrome/80.0.3987.149+Safari/537.36 http://localhost:4721/userlogin.aspx 200 0 0 6
2020-04-04 00:16:51 ::1 POST /userlogin.aspx - 4721 - ::1 Mozilla/5.0+(Windows+NT+10.0;+Win64;+x64)+AppleWebKit/537.36+(KHTML,+like+Gecko)+Chrome/80.0.3987.149+Safari/537.36 http://localhost:4721/userlogin.aspx 200 0 0 15
2020-04-04 00:16:51 ::1 GET /__browserLink/requestData/0a2bdde0f1284697b0c5bfc0552a4465 - 4721 - ::1 Mozilla/5.0+(Windows+NT+10.0;+Win64;+x64)+AppleWebKit/537.36+(KHTML,+like+Gecko)+Chrome/80.0.3987.149+Safari/537.36 http://localhost:4721/userlogin.aspx 200 0 0 4
2020-04-04 00:16:53 ::1 POST /userlogin.aspx - 4721 - ::1 Mozilla/5.0+(Windows+NT+10.0;+Win64;+x64)+AppleWebKit/537.36+(KHTML,+like+Gecko)+Chrome/80.0.3987.149+Safari/537.36 http://localhost:4721/userlogin.aspx 200 0 0 14
2020-04-04 00:16:54 ::1 GET /__browserLink/requestData/93e326fbe82d4f2388c59845dcb29b97 - 4721 - ::1 Mozilla/5.0+(Windows+NT+10.0;+Win64;+x64)+AppleWebKit/537.36+(KHTML,+like+Gecko)+Chrome/80.0.3987.149+Safari/537.36 http://localhost:4721/userlogin.aspx 200 0 0 24
2020-04-04 00:16:58 ::1 POST /userlogin.aspx - 4721 - ::1 Mozilla/5.0+(Windows+NT+10.0;+Win64;+x64)+AppleWebKit/537.36+(KHTML,+like+Gecko)+Chrome/80.0.3987.149+Safari/537.36 http://localhost:4721/userlogin.aspx 200 0 0 12
2020-04-04 00:16:58 ::1 GET /__browserLink/requestData/07cca01b9dac49a69d502a78b482f612 - 4721 - ::1 Mozilla/5.0+(Windows+NT+10.0;+Win64;+x64)+AppleWebKit/537.36+(KHTML,+like+Gecko)+Chrome/80.0.3987.149+Safari/537.36 http://localhost:4721/userlogin.aspx 200 0 0 79
2020-04-04 00:17:01 ::1 POST /userlogin.aspx - 4721 - ::1 Mozilla/5.0+(Windows+NT+10.0;+Win64;+x64)+AppleWebKit/537.36+(KHTML,+like+Gecko)+Chrome/80.0.3987.149+Safari/537.36 http://localhost:4721/userlogin.aspx 200 0 0 11
2020-04-04 00:17:01 ::1 GET /__browserLink/requestData/bb454578015a4c7dba88641484f47725 - 4721 - ::1 Mozilla/5.0+(Windows+NT+10.0;+Win64;+x64)+AppleWebKit/537.36+(KHTML,+like+Gecko)+Chrome/80.0.3987.149+Safari/537.36 http://localhost:4721/userlogin.aspx 200 0 0 8
2020-04-04 00:17:03 ::1 POST /userlogin.aspx - 4721 - ::1 Mozilla/5.0+(Windows+NT+10.0;+Win64;+x64)+AppleWebKit/537.36+(KHTML,+like+Gecko)+Chrome/80.0.3987.149+Safari/537.36 http://localhost:4721/userlogin.aspx 200 0 0 15
2020-04-04 00:17:03 ::1 GET /__browserLink/requestData/71cfe193d44a478fae37939618f9da87 - 4721 - ::1 Mozilla/5.0+(Windows+NT+10.0;+Win64;+x64)+AppleWebKit/537.36+(KHTML,+like+Gecko)+Chrome/80.0.3987.149+Safari/537.36 http://localhost:4721/userlogin.aspx 200 0 0 11
2020-04-04 00:17:59 ::1 POST /userlogin.aspx - 4721 - ::1 Mozilla/5.0+(Windows+NT+10.0;+Win64;+x64)+AppleWebKit/537.36+(KHTML,+like+Gecko)+Chrome/80.0.3987.149+Safari/537.36 http://localhost:4721/userlogin.aspx 200 0 0 1108
2020-04-04 00:18:02 ::1 GET /__browserLink/requestData/1332ebd756614fc38064579ea618d159 - 4721 - ::1 Mozilla/5.0+(Windows+NT+10.0;+Win64;+x64)+AppleWebKit/537.36+(KHTML,+like+Gecko)+Chrome/80.0.3987.149+Safari/537.36 http://localhost:4721/userlogin.aspx 200 0 0 4
2020-04-04 00:18:03 ::1 POST /userlogin.aspx - 4721 - ::1 Mozilla/5.0+(Windows+NT+10.0;+Win64;+x64)+AppleWebKit/537.36+(KHTML,+like+Gecko)+Chrome/80.0.3987.149+Safari/537.36 http://localhost:4721/userlogin.aspx 200 0 0 16
2020-04-04 00:18:03 ::1 GET /__browserLink/requestData/88ef8eff07904600a305024cb1a7a590 - 4721 - ::1 Mozilla/5.0+(Windows+NT+10.0;+Win64;+x64)+AppleWebKit/537.36+(KHTML,+like+Gecko)+Chrome/80.0.3987.149+Safari/537.36 http://localhost:4721/userlogin.aspx 200 0 0 6
2020-04-04 00:18:04 ::1 POST /userlogin.aspx - 4721 - ::1 Mozilla/5.0+(Windows+NT+10.0;+Win64;+x64)+AppleWebKit/537.36+(KHTML,+like+Gecko)+Chrome/80.0.3987.149+Safari/537.36 http://localhost:4721/userlogin.aspx 200 0 0 8
2020-04-04 00:18:04 ::1 POST /userlogin.aspx - 4721 - ::1 Mozilla/5.0+(Windows+NT+10.0;+Win64;+x64)+AppleWebKit/537.36+(KHTML,+like+Gecko)+Chrome/80.0.3987.149+Safari/537.36 http://localhost:4721/userlogin.aspx 200 0 0 11
2020-04-04 00:18:04 ::1 POST /userlogin.aspx - 4721 - ::1 Mozilla/5.0+(Windows+NT+10.0;+Win64;+x64)+AppleWebKit/537.36+(KHTML,+like+Gecko)+Chrome/80.0.3987.149+Safari/537.36 http://localhost:4721/userlogin.aspx 200 0 0 10
2020-04-04 00:18:06 ::1 POST /userlogin.aspx - 4721 - ::1 Mozilla/5.0+(Windows+NT+10.0;+Win64;+x64)+AppleWebKit/537.36+(KHTML,+like+Gecko)+Chrome/80.0.3987.149+Safari/537.36 http://localhost:4721/userlogin.aspx 200 0 0 28
2020-04-04 00:18:07 ::1 GET /__browserLink/requestData/5713802d8b054aab8d3183ffe4229677 - 4721 - ::1 Mozilla/5.0+(Windows+NT+10.0;+Win64;+x64)+AppleWebKit/537.36+(KHTML,+like+Gecko)+Chrome/80.0.3987.149+Safari/537.36 http://localhost:4721/userlogin.aspx 200 0 0 7
2020-04-04 00:18:07 ::1 POST /userlogin.aspx - 4721 - ::1 Mozilla/5.0+(Windows+NT+10.0;+Win64;+x64)+AppleWebKit/537.36+(KHTML,+like+Gecko)+Chrome/80.0.3987.149+Safari/537.36 http://localhost:4721/userlogin.aspx 200 0 0 14
2020-04-04 00:18:09 ::1 GET /__browserLink/requestData/9c62db022ba74dd99e650b1f8a32cd0c - 4721 - ::1 Mozilla/5.0+(Windows+NT+10.0;+Win64;+x64)+AppleWebKit/537.36+(KHTML,+like+Gecko)+Chrome/80.0.3987.149+Safari/537.36 http://localhost:4721/userlogin.aspx 200 0 0 10
2020-04-04 00:18:09 ::1 POST /userlogin.aspx - 4721 - ::1 Mozilla/5.0+(Windows+NT+10.0;+Win64;+x64)+AppleWebKit/537.36+(KHTML,+like+Gecko)+Chrome/80.0.3987.149+Safari/537.36 http://localhost:4721/userlogin.aspx 200 0 0 15
2020-04-04 00:18:10 ::1 GET /__browserLink/requestData/5d729b5e825f4ad098de672007993aa6 - 4721 - ::1 Mozilla/5.0+(Windows+NT+10.0;+Win64;+x64)+AppleWebKit/537.36+(KHTML,+like+Gecko)+Chrome/80.0.3987.149+Safari/537.36 http://localhost:4721/userlogin.aspx 200 0 0 7
2020-04-04 00:18:12 ::1 POST /userlogin.aspx - 4721 - ::1 Mozilla/5.0+(Windows+NT+10.0;+Win64;+x64)+AppleWebKit/537.36+(KHTML,+like+Gecko)+Chrome/80.0.3987.149+Safari/537.36 http://localhost:4721/userlogin.aspx 200 0 0 18
2020-04-04 00:18:13 ::1 POST /userlogin.aspx - 4721 - ::1 Mozilla/5.0+(Windows+NT+10.0;+Win64;+x64)+AppleWebKit/537.36+(KHTML,+like+Gecko)+Chrome/80.0.3987.149+Safari/537.36 http://localhost:4721/userlogin.aspx 200 0 0 13
2020-04-04 00:18:13 ::1 POST /userlogin.aspx - 4721 - ::1 Mozilla/5.0+(Windows+NT+10.0;+Win64;+x64)+AppleWebKit/537.36+(KHTML,+like+Gecko)+Chrome/80.0.3987.149+Safari/537.36 http://localhost:4721/userlogin.aspx 200 0 0 37
2020-04-04 00:18:15 ::1 GET /__browserLink/requestData/837f8d90f3a5408bbae93fc8084e03cc - 4721 - ::1 Mozilla/5.0+(Windows+NT+10.0;+Win64;+x64)+AppleWebKit/537.36+(KHTML,+like+Gecko)+Chrome/80.0.3987.149+Safari/537.36 http://localhost:4721/userlogin.aspx 200 0 0 6
2020-04-04 00:19:07 ::1 POST /userlogin.aspx - 4721 - ::1 Mozilla/5.0+(Windows+NT+10.0;+Win64;+x64)+AppleWebKit/537.36+(KHTML,+like+Gecko)+Chrome/80.0.3987.149+Safari/537.36 http://localhost:4721/userlogin.aspx 200 0 0 1475
2020-04-04 00:19:11 ::1 GET /__browserLink/requestData/860ef3ac57b84fb7b3fdb538da65cfdd - 4721 - ::1 Mozilla/5.0+(Windows+NT+10.0;+Win64;+x64)+AppleWebKit/537.36+(KHTML,+like+Gecko)+Chrome/80.0.3987.149+Safari/537.36 http://localhost:4721/userlogin.aspx 200 0 0 5
2020-04-04 00:19:13 ::1 POST /userlogin.aspx - 4721 - ::1 Mozilla/5.0+(Windows+NT+10.0;+Win64;+x64)+AppleWebKit/537.36+(KHTML,+like+Gecko)+Chrome/80.0.3987.149+Safari/537.36 http://localhost:4721/userlogin.aspx 200 0 0 16
2020-04-04 00:19:13 ::1 GET /__browserLink/requestData/04f222fb68354cc3baa7524e48877038 - 4721 - ::1 Mozilla/5.0+(Windows+NT+10.0;+Win64;+x64)+AppleWebKit/537.36+(KHTML,+like+Gecko)+Chrome/80.0.3987.149+Safari/537.36 http://localhost:4721/userlogin.aspx 200 0 0 5
2020-04-04 00:19:28 ::1 GET /usersingup.aspx - 4721 - ::1 Mozilla/5.0+(Windows+NT+10.0;+Win64;+x64)+AppleWebKit/537.36+(KHTML,+like+Gecko)+Chrome/80.0.3987.149+Safari/537.36 - 200 0 0 34
2020-04-04 00:19:28 ::1 GET /__browserLink/requestData/db088a5ec28545b285e3a912ea9a71d6 - 4721 - ::1 Mozilla/5.0+(Windows+NT+10.0;+Win64;+x64)+AppleWebKit/537.36+(KHTML,+like+Gecko)+Chrome/80.0.3987.149+Safari/537.36 http://localhost:4721/usersingup.aspx 200 0 0 4
2020-04-04 00:19:39 ::1 GET /userlogin.aspx - 4721 - ::1 Mozilla/5.0+(Windows+NT+10.0;+Win64;+x64)+AppleWebKit/537.36+(KHTML,+like+Gecko)+Chrome/80.0.3987.149+Safari/537.36 - 200 0 0 10
2020-04-04 00:19:42 ::1 GET /__browserLink/requestData/d84bb250625f4593b24fe5a10d2739d5 - 4721 - ::1 Mozilla/5.0+(Windows+NT+10.0;+Win64;+x64)+AppleWebKit/537.36+(KHTML,+like+Gecko)+Chrome/80.0.3987.149+Safari/537.36 http://localhost:4721/userlogin.aspx 200 0 0 6
2020-04-04 00:24:19 ::1 GET /userlogin.aspx - 4721 - ::1 Mozilla/5.0+(Windows+NT+10.0;+Win64;+x64)+AppleWebKit/537.36+(KHTML,+like+Gecko)+Chrome/80.0.3987.149+Safari/537.36 http://localhost:4721/userlogin.aspx 200 0 0 2440
2020-04-04 00:24:19 ::1 GET /imgs/generaluser.png - 4721 - ::1 Mozilla/5.0+(Windows+NT+10.0;+Win64;+x64)+AppleWebKit/537.36+(KHTML,+like+Gecko)+Chrome/80.0.3987.149+Safari/537.36 http://localhost:4721/userlogin.aspx 304 0 0 37
2020-04-04 00:24:20 ::1 GET /__browserLink/requestData/590a828c773044c4887ef46e9dfa4b70 - 4721 - ::1 Mozilla/5.0+(Windows+NT+10.0;+Win64;+x64)+AppleWebKit/537.36+(KHTML,+like+Gecko)+Chrome/80.0.3987.149+Safari/537.36 http://localhost:4721/userlogin.aspx 200 0 0 14
2020-04-04 00:24:26 ::1 POST /userlogin.aspx - 4721 - ::1 Mozilla/5.0+(Windows+NT+10.0;+Win64;+x64)+AppleWebKit/537.36+(KHTML,+like+Gecko)+Chrome/80.0.3987.149+Safari/537.36 http://localhost:4721/userlogin.aspx 200 0 0 17
2020-04-04 00:24:26 ::1 GET /__browserLink/requestData/5577012301bd4cb89e03db4584a34955 - 4721 - ::1 Mozilla/5.0+(Windows+NT+10.0;+Win64;+x64)+AppleWebKit/537.36+(KHTML,+like+Gecko)+Chrome/80.0.3987.149+Safari/537.36 http://localhost:4721/userlogin.aspx 200 0 0 4
2020-04-04 00:24:28 ::1 POST /userlogin.aspx - 4721 - ::1 Mozilla/5.0+(Windows+NT+10.0;+Win64;+x64)+AppleWebKit/537.36+(KHTML,+like+Gecko)+Chrome/80.0.3987.149+Safari/537.36 http://localhost:4721/userlogin.aspx 200 0 0 13
2020-04-04 00:24:30 ::1 POST /userlogin.aspx - 4721 - ::1 Mozilla/5.0+(Windows+NT+10.0;+Win64;+x64)+AppleWebKit/537.36+(KHTML,+like+Gecko)+Chrome/80.0.3987.149+Safari/537.36 http://localhost:4721/userlogin.aspx 200 0 0 581
2020-04-04 00:24:30 ::1 POST /userlogin.aspx - 4721 - ::1 Mozilla/5.0+(Windows+NT+10.0;+Win64;+x64)+AppleWebKit/537.36+(KHTML,+like+Gecko)+Chrome/80.0.3987.149+Safari/537.36 http://localhost:4721/userlogin.aspx 200 0 0 21
2020-04-04 00:24:32 ::1 GET /__browserLink/requestData/9fa8976c33d14458aa6ab6916b18b365 - 4721 - ::1 Mozilla/5.0+(Windows+NT+10.0;+Win64;+x64)+AppleWebKit/537.36+(KHTML,+like+Gecko)+Chrome/80.0.3987.149+Safari/537.36 http://localhost:4721/userlogin.aspx 200 0 0 225
2020-04-04 00:24:32 ::1 POST /userlogin.aspx - 4721 - ::1 Mozilla/5.0+(Windows+NT+10.0;+Win64;+x64)+AppleWebKit/537.36+(KHTML,+like+Gecko)+Chrome/80.0.3987.149+Safari/537.36 http://localhost:4721/userlogin.aspx 200 0 0 38
2020-04-04 00:24:33 ::1 GET /__browserLink/requestData/97282b0ac4d649fdbd658eaac52d74f5 - 4721 - ::1 Mozilla/5.0+(Windows+NT+10.0;+Win64;+x64)+AppleWebKit/537.36+(KHTML,+like+Gecko)+Chrome/80.0.3987.149+Safari/537.36 http://localhost:4721/userlogin.aspx 200 0 0 10
2020-04-04 00:24:33 ::1 POST /userlogin.aspx - 4721 - ::1 Mozilla/5.0+(Windows+NT+10.0;+Win64;+x64)+AppleWebKit/537.36+(KHTML,+like+Gecko)+Chrome/80.0.3987.149+Safari/537.36 http://localhost:4721/userlogin.aspx 200 0 0 13
2020-04-04 00:24:34 ::1 POST /userlogin.aspx - 4721 - ::1 Mozilla/5.0+(Windows+NT+10.0;+Win64;+x64)+AppleWebKit/537.36+(KHTML,+like+Gecko)+Chrome/80.0.3987.149+Safari/537.36 http://localhost:4721/userlogin.aspx 200 0 0 17
2020-04-04 00:24:34 ::1 POST /userlogin.aspx - 4721 - ::1 Mozilla/5.0+(Windows+NT+10.0;+Win64;+x64)+AppleWebKit/537.36+(KHTML,+like+Gecko)+Chrome/80.0.3987.149+Safari/537.36 http://localhost:4721/userlogin.aspx 200 0 0 17
2020-04-04 00:24:36 ::1 GET /__browserLink/requestData/3cc3049ec45f47af8273460f2271b9c4 - 4721 - ::1 Mozilla/5.0+(Windows+NT+10.0;+Win64;+x64)+AppleWebKit/537.36+(KHTML,+like+Gecko)+Chrome/80.0.3987.149+Safari/537.36 http://localhost:4721/userlogin.aspx 200 0 0 5
2020-04-04 00:28:13 ::1 POST /userlogin.aspx - 4721 - ::1 Mozilla/5.0+(Windows+NT+10.0;+Win64;+x64)+AppleWebKit/537.36+(KHTML,+like+Gecko)+Chrome/80.0.3987.149+Safari/537.36 http://localhost:4721/userlogin.aspx 200 0 0 2292
2020-04-04 00:28:14 ::1 GET /__browserLink/requestData/ad4e7c95110b490c96417b4f9555ab75 - 4721 - ::1 Mozilla/5.0+(Windows+NT+10.0;+Win64;+x64)+AppleWebKit/537.36+(KHTML,+like+Gecko)+Chrome/80.0.3987.149+Safari/537.36 http://localhost:4721/userlogin.aspx 200 0 0 13
2020-04-04 00:28:16 ::1 GET /usersingup.aspx - 4721 - ::1 Mozilla/5.0+(Windows+NT+10.0;+Win64;+x64)+AppleWebKit/537.36+(KHTML,+like+Gecko)+Chrome/80.0.3987.149+Safari/537.36 http://localhost:4721/userlogin.aspx 200 0 0 40
2020-04-04 00:28:16 ::1 GET /__browserLink/requestData/73ed2780463d4dc9a9803fb4475bf214 - 4721 - ::1 Mozilla/5.0+(Windows+NT+10.0;+Win64;+x64)+AppleWebKit/537.36+(KHTML,+like+Gecko)+Chrome/80.0.3987.149+Safari/537.36 http://localhost:4721/usersingup.aspx 200 0 0 9
2020-04-04 00:28:21 ::1 GET /__browserLink/requestData/ad4e7c95110b490c96417b4f9555ab75 - 4721 - ::1 Mozilla/5.0+(Windows+NT+10.0;+Win64;+x64)+AppleWebKit/537.36+(KHTML,+like+Gecko)+Chrome/80.0.3987.149+Safari/537.36 http://localhost:4721/userlogin.aspx 404 0 0 2
2020-04-04 00:29:57 ::1 GET /homepage.aspx - 4721 - ::1 Mozilla/5.0+(Windows+NT+10.0;+Win64;+x64)+AppleWebKit/537.36+(KHTML,+like+Gecko)+Chrome/80.0.3987.149+Safari/537.36 http://localhost:4721/userlogin.aspx 200 0 0 30
2020-04-04 00:29:57 ::1 GET /imgs/header.jpg - 4721 - ::1 Mozilla/5.0+(Windows+NT+10.0;+Win64;+x64)+AppleWebKit/537.36+(KHTML,+like+Gecko)+Chrome/80.0.3987.149+Safari/537.36 http://localhost:4721/homepage.aspx 304 0 0 11
2020-04-04 00:29:57 ::1 GET /imgs/search.png - 4721 - ::1 Mozilla/5.0+(Windows+NT+10.0;+Win64;+x64)+AppleWebKit/537.36+(KHTML,+like+Gecko)+Chrome/80.0.3987.149+Safari/537.36 http://localhost:4721/homepage.aspx 304 0 0 2
2020-04-04 00:29:57 ::1 GET /imgs/kitchen+Header.jpg - 4721 - ::1 Mozilla/5.0+(Windows+NT+10.0;+Win64;+x64)+AppleWebKit/537.36+(KHTML,+like+Gecko)+Chrome/80.0.3987.149+Safari/537.36 http://localhost:4721/homepage.aspx 304 0 0 15
2020-04-04 00:29:57 ::1 GET /__browserLink/requestData/06d8be362c3a4337982227821417504c - 4721 - ::1 Mozilla/5.0+(Windows+NT+10.0;+Win64;+x64)+AppleWebKit/537.36+(KHTML,+like+Gecko)+Chrome/80.0.3987.149+Safari/537.36 http://localhost:4721/homepage.aspx 200 0 0 5
2020-04-04 00:30:23 ::1 GET /userlogin.aspx - 4721 - ::1 Mozilla/5.0+(Windows+NT+10.0;+Win64;+x64)+AppleWebKit/537.36+(KHTML,+like+Gecko)+Chrome/80.0.3987.149+Safari/537.36 - 200 0 0 13
2020-04-04 00:30:26 ::1 GET /__browserLink/requestData/d6d970db8eb948229f965cc85c6b4349 - 4721 - ::1 Mozilla/5.0+(Windows+NT+10.0;+Win64;+x64)+AppleWebKit/537.36+(KHTML,+like+Gecko)+Chrome/80.0.3987.149+Safari/537.36 http://localhost:4721/userlogin.aspx 200 0 0 4
2020-04-04 00:35:26 ::1 GET /f6c9f12eb7e94c2faffd2e84e2a391db/arterySignalR/ping requestUrl=http%3A%2F%2Flocalhost%3A4721%2Fuserlogin.aspx&browserName=Chrome&_=1585960526152 4721 - ::1 Mozilla/5.0+(Windows+NT+10.0;+Win64;+x64)+AppleWebKit/537.36+(KHTML,+like+Gecko)+Chrome/80.0.3987.149+Safari/537.36 http://localhost:4721/userlogin.aspx 404 0 2 13
2020-04-04 00:40:26 ::1 GET /f6c9f12eb7e94c2faffd2e84e2a391db/arterySignalR/ping requestUrl=http%3A%2F%2Flocalhost%3A4721%2Fuserlogin.aspx&browserName=Chrome&_=1585960825673 4721 - ::1 Mozilla/5.0+(Windows+NT+10.0;+Win64;+x64)+AppleWebKit/537.36+(KHTML,+like+Gecko)+Chrome/80.0.3987.149+Safari/537.36 http://localhost:4721/userlogin.aspx 404 0 2 381
2020-04-04 00:45:26 ::1 GET /f6c9f12eb7e94c2faffd2e84e2a391db/arterySignalR/ping requestUrl=http%3A%2F%2Flocalhost%3A4721%2Fuserlogin.aspx&browserName=Chrome&_=1585961126147 4721 - ::1 Mozilla/5.0+(Windows+NT+10.0;+Win64;+x64)+AppleWebKit/537.36+(KHTML,+like+Gecko)+Chrome/80.0.3987.149+Safari/537.36 http://localhost:4721/userlogin.aspx 404 0 2 322
2020-04-04 00:50:26 ::1 GET /f6c9f12eb7e94c2faffd2e84e2a391db/arterySignalR/ping requestUrl=http%3A%2F%2Flocalhost%3A4721%2Fuserlogin.aspx&browserName=Chrome&_=1585961426142 4721 - ::1 Mozilla/5.0+(Windows+NT+10.0;+Win64;+x64)+AppleWebKit/537.36+(KHTML,+like+Gecko)+Chrome/80.0.3987.149+Safari/537.36 http://localhost:4721/userlogin.aspx 404 0 2 227
2020-04-04 00:55:26 ::1 GET /f6c9f12eb7e94c2faffd2e84e2a391db/arterySignalR/ping requestUrl=http%3A%2F%2Flocalhost%3A4721%2Fuserlogin.aspx&browserName=Chrome&_=1585961726155 4721 - ::1 Mozilla/5.0+(Windows+NT+10.0;+Win64;+x64)+AppleWebKit/537.36+(KHTML,+like+Gecko)+Chrome/80.0.3987.149+Safari/537.36 http://localhost:4721/userlogin.aspx 404 0 2 331
#Software: Microsoft Internet Information Services 8.0
#Version: 1.0
#Date: 2020-04-04 09:53:14
#Fields: date time s-ip cs-method cs-uri-stem cs-uri-query s-port cs-username c-ip cs(User-Agent) cs(Referer) sc-status sc-substatus sc-win32-status time-taken
2020-04-04 09:53:14 ::1 GET /userlogin.aspx - 4721 - ::1 Mozilla/5.0+(Windows+NT+10.0;+Win64;+x64)+AppleWebKit/537.36+(KHTML,+like+Gecko)+Chrome/80.0.3987.149+Safari/537.36 - 200 0 0 17127
2020-04-04 09:53:14 ::1 GET /Datatables/CSS/jquery.dataTables.min.css - 4721 - ::1 Mozilla/5.0+(Windows+NT+10.0;+Win64;+x64)+AppleWebKit/537.36+(KHTML,+like+Gecko)+Chrome/80.0.3987.149+Safari/537.36 http://localhost:4721/userlogin.aspx 304 0 0 236
2020-04-04 09:53:14 ::1 GET /Fontawesome/css/all.css - 4721 - ::1 Mozilla/5.0+(Windows+NT+10.0;+Win64;+x64)+AppleWebKit/537.36+(KHTML,+like+Gecko)+Chrome/80.0.3987.149+Safari/537.36 http://localhost:4721/userlogin.aspx 304 0 0 380
2020-04-04 09:53:14 ::1 GET /CSS/MYstyleSheet.css - 4721 - ::1 Mozilla/5.0+(Windows+NT+10.0;+Win64;+x64)+AppleWebKit/537.36+(KHTML,+like+Gecko)+Chrome/80.0.3987.149+Safari/537.36 http://localhost:4721/userlogin.aspx 304 0 0 472
2020-04-04 09:53:14 ::1 GET /Bootstrap/CSS/bootstrap.min.css - 4721 - ::1 Mozilla/5.0+(Windows+NT+10.0;+Win64;+x64)+AppleWebKit/537.36+(KHTML,+like+Gecko)+Chrome/80.0.3987.149+Safari/537.36 http://localhost:4721/userlogin.aspx 304 0 0 457
2020-04-04 09:53:15 ::1 GET /Bootstrap/JS/bootstrap.min.js - 4721 - ::1 Mozilla/5.0+(Windows+NT+10.0;+Win64;+x64)+AppleWebKit/537.36+(KHTML,+like+Gecko)+Chrome/80.0.3987.149+Safari/537.36 http://localhost:4721/userlogin.aspx 304 0 0 994
2020-04-04 09:53:15 ::1 GET /Bootstrap/JS/popper.min.js - 4721 - ::1 Mozilla/5.0+(Windows+NT+10.0;+Win64;+x64)+AppleWebKit/537.36+(KHTML,+like+Gecko)+Chrome/80.0.3987.149+Safari/537.36 http://localhost:4721/userlogin.aspx 304 0 0 1202
2020-04-04 09:53:15 ::1 GET /Bootstrap/JS/jquery-3.4.1.slim.min.js - 4721 - ::1 Mozilla/5.0+(Windows+NT+10.0;+Win64;+x64)+AppleWebKit/537.36+(KHTML,+like+Gecko)+Chrome/80.0.3987.149+Safari/537.36 http://localhost:4721/userlogin.aspx 304 0 0 1216
2020-04-04 09:53:15 ::1 GET /imgs/cartoon-house_6460-139.jpg - 4721 - ::1 Mozilla/5.0+(Windows+NT+10.0;+Win64;+x64)+AppleWebKit/537.36+(KHTML,+like+Gecko)+Chrome/80.0.3987.149+Safari/537.36 http://localhost:4721/userlogin.aspx 304 0 0 134
2020-04-04 09:53:15 ::1 GET /imgs/generaluser.png - 4721 - ::1 Mozilla/5.0+(Windows+NT+10.0;+Win64;+x64)+AppleWebKit/537.36+(KHTML,+like+Gecko)+Chrome/80.0.3987.149+Safari/537.36 http://localhost:4721/userlogin.aspx 304 0 0 183
2020-04-04 09:53:17 ::1 GET /favicon.ico - 4721 - ::1 Mozilla/5.0+(Windows+NT+10.0;+Win64;+x64)+AppleWebKit/537.36+(KHTML,+like+Gecko)+Chrome/80.0.3987.149+Safari/537.36 http://localhost:4721/userlogin.aspx 404 0 2 79
2020-04-04 09:53:24 ::1 GET /__browserLink/requestData/cd826ced621140a2a687f978c4b6f619 - 4721 - ::1 Mozilla/5.0+(Windows+NT+10.0;+Win64;+x64)+AppleWebKit/537.36+(KHTML,+like+Gecko)+Chrome/80.0.3987.149+Safari/537.36 http://localhost:4721/userlogin.aspx 200 0 0 560
2020-04-04 09:53:35 ::1 GET /homepage.aspx - 4721 - ::1 Mozilla/5.0+(Windows+NT+10.0;+Win64;+x64)+AppleWebKit/537.36+(KHTML,+like+Gecko)+Chrome/80.0.3987.149+Safari/537.36 http://localhost:4721/userlogin.aspx 200 0 0 38
2020-04-04 09:53:35 ::1 GET /imgs/header.jpg - 4721 - ::1 Mozilla/5.0+(Windows+NT+10.0;+Win64;+x64)+AppleWebKit/537.36+(KHTML,+like+Gecko)+Chrome/80.0.3987.149+Safari/537.36 http://localhost:4721/homepage.aspx 304 0 0 11
2020-04-04 09:53:35 ::1 GET /imgs/example+3.jpg - 4721 - ::1 Mozilla/5.0+(Windows+NT+10.0;+Win64;+x64)+AppleWebKit/537.36+(KHTML,+like+Gecko)+Chrome/80.0.3987.149+Safari/537.36 http://localhost:4721/homepage.aspx 304 0 0 8
2020-04-04 09:53:35 ::1 GET /imgs/kitchen+Header.jpg - 4721 - ::1 Mozilla/5.0+(Windows+NT+10.0;+Win64;+x64)+AppleWebKit/537.36+(KHTML,+like+Gecko)+Chrome/80.0.3987.149+Safari/537.36 http://localhost:4721/homepage.aspx 304 0 0 15
2020-04-04 09:53:35 ::1 GET /imgs/Witbank-Mall.jpg - 4721 - ::1 Mozilla/5.0+(Windows+NT+10.0;+Win64;+x64)+AppleWebKit/537.36+(KHTML,+like+Gecko)+Chrome/80.0.3987.149+Safari/537.36 http://localhost:4721/homepage.aspx 304 0 0 10
2020-04-04 09:53:35 ::1 GET /imgs/sing+up.png - 4721 - ::1 Mozilla/5.0+(Windows+NT+10.0;+Win64;+x64)+AppleWebKit/537.36+(KHTML,+like+Gecko)+Chrome/80.0.3987.149+Safari/537.36 http://localhost:4721/homepage.aspx 304 0 0 80
2020-04-04 09:53:35 ::1 GET /imgs/search.png - 4721 - ::1 Mozilla/5.0+(Windows+NT+10.0;+Win64;+x64)+AppleWebKit/537.36+(KHTML,+like+Gecko)+Chrome/80.0.3987.149+Safari/537.36 http://localhost:4721/homepage.aspx 304 0 0 87
2020-04-04 09:53:37 ::1 GET /__browserLink/requestData/5fa624fcf03f463e85b88da67e965e10 - 4721 - ::1 Mozilla/5.0+(Windows+NT+10.0;+Win64;+x64)+AppleWebKit/537.36+(KHTML,+like+Gecko)+Chrome/80.0.3987.149+Safari/537.36 http://localhost:4721/homepage.aspx 200 0 0 5
2020-04-04 09:53:55 ::1 GET /userlogin.aspx - 4721 - ::1 Mozilla/5.0+(Windows+NT+10.0;+Win64;+x64)+AppleWebKit/537.36+(KHTML,+like+Gecko)+Chrome/80.0.3987.149+Safari/537.36 - 200 0 0 5
2020-04-04 09:53:58 ::1 GET /__browserLink/requestData/f2751857f6644007a44a1a036541b281 - 4721 - ::1 Mozilla/5.0+(Windows+NT+10.0;+Win64;+x64)+AppleWebKit/537.36+(KHTML,+like+Gecko)+Chrome/80.0.3987.149+Safari/537.36 http://localhost:4721/userlogin.aspx 200 0 0 6
2020-04-04 09:54:41 ::1 GET /homepage.aspx - 4721 - ::1 Mozilla/5.0+(Windows+NT+10.0;+Win64;+x64)+AppleWebKit/537.36+(KHTML,+like+Gecko)+Chrome/80.0.3987.149+Safari/537.36 http://localhost:4721/userlogin.aspx 200 0 0 8
2020-04-04 09:54:42 ::1 GET /__browserLink/requestData/cc806dc97d7b4a3eb96a7395033dc565 - 4721 - ::1 Mozilla/5.0+(Windows+NT+10.0;+Win64;+x64)+AppleWebKit/537.36+(KHTML,+like+Gecko)+Chrome/80.0.3987.149+Safari/537.36 http://localhost:4721/homepage.aspx 200 0 0 9
2020-04-04 09:56:25 ::1 GET /userlogin.aspx - 4721 - ::1 Mozilla/5.0+(Windows+NT+10.0;+Win64;+x64)+AppleWebKit/537.36+(KHTML,+like+Gecko)+Chrome/80.0.3987.149+Safari/537.36 - 200 0 0 12
2020-04-04 09:56:27 ::1 GET /__browserLink/requestData/601209b67e744daeb2eeb5fd00ac31ef - 4721 - ::1 Mozilla/5.0+(Windows+NT+10.0;+Win64;+x64)+AppleWebKit/537.36+(KHTML,+like+Gecko)+Chrome/80.0.3987.149+Safari/537.36 http://localhost:4721/userlogin.aspx 200 0 0 7
2020-04-04 09:57:21 ::1 GET /homepage.aspx - 4721 - ::1 Mozilla/5.0+(Windows+NT+10.0;+Win64;+x64)+AppleWebKit/537.36+(KHTML,+like+Gecko)+Chrome/80.0.3987.149+Safari/537.36 http://localhost:4721/userlogin.aspx 200 0 0 8
2020-04-04 09:57:21 ::1 GET /__browserLink/requestData/cb191ab72d4b4f97b93a64a28493f75b - 4721 - ::1 Mozilla/5.0+(Windows+NT+10.0;+Win64;+x64)+AppleWebKit/537.36+(KHTML,+like+Gecko)+Chrome/80.0.3987.149+Safari/537.36 http://localhost:4721/homepage.aspx 200 0 0 5
2020-04-04 10:00:08 ::1 GET /userlogin.aspx - 4721 - ::1 Mozilla/5.0+(Windows+NT+10.0;+Win64;+x64)+AppleWebKit/537.36+(KHTML,+like+Gecko)+Chrome/80.0.3987.149+Safari/537.36 - 200 0 0 9
2020-04-04 10:00:10 ::1 GET /__browserLink/requestData/92548759c4b14a148be68729d7b608bb - 4721 - ::1 Mozilla/5.0+(Windows+NT+10.0;+Win64;+x64)+AppleWebKit/537.36+(KHTML,+like+Gecko)+Chrome/80.0.3987.149+Safari/537.36 http://localhost:4721/userlogin.aspx 200 0 0 7
2020-04-04 10:00:54 ::1 GET /homepage.aspx - 4721 - ::1 Mozilla/5.0+(Windows+NT+10.0;+Win64;+x64)+AppleWebKit/537.36+(KHTML,+like+Gecko)+Chrome/80.0.3987.149+Safari/537.36 http://localhost:4721/userlogin.aspx 200 0 0 14
2020-04-04 10:00:55 ::1 GET /__browserLink/requestData/286be47eb5f74a6c94473a47ad63f726 - 4721 - ::1 Mozilla/5.0+(Windows+NT+10.0;+Win64;+x64)+AppleWebKit/537.36+(KHTML,+like+Gecko)+Chrome/80.0.3987.149+Safari/537.36 http://localhost:4721/homepage.aspx 200 0 0 7
2020-04-04 10:05:55 ::1 GET /bec05126cc3a44e48383fc1af047e344/arterySignalR/ping requestUrl=http%3A%2F%2Flocalhost%3A4721%2Fhomepage.aspx&browserName=Chrome&_=1585994754969 4721 - ::1 Mozilla/5.0+(Windows+NT+10.0;+Win64;+x64)+AppleWebKit/537.36+(KHTML,+like+Gecko)+Chrome/80.0.3987.149+Safari/537.36 http://localhost:4721/homepage.aspx 404 0 2 512
2020-04-04 10:10:54 ::1 GET /bec05126cc3a44e48383fc1af047e344/arterySignalR/ping requestUrl=http%3A%2F%2Flocalhost%3A4721%2Fhomepage.aspx&browserName=Chrome&_=1585995054966 4721 - ::1 Mozilla/5.0+(Windows+NT+10.0;+Win64;+x64)+AppleWebKit/537.36+(KHTML,+like+Gecko)+Chrome/80.0.3987.149+Safari/537.36 http://localhost:4721/homepage.aspx 404 0 2 7
2020-04-04 10:15:54 ::1 GET /bec05126cc3a44e48383fc1af047e344/arterySignalR/ping requestUrl=http%3A%2F%2Flocalhost%3A4721%2Fhomepage.aspx&browserName=Chrome&_=1585995354963 4721 - ::1 Mozilla/5.0+(Windows+NT+10.0;+Win64;+x64)+AppleWebKit/537.36+(KHTML,+like+Gecko)+Chrome/80.0.3987.149+Safari/537.36 http://localhost:4721/homepage.aspx 404 0 2 7
2020-04-04 10:20:54 ::1 GET /bec05126cc3a44e48383fc1af047e344/arterySignalR/ping requestUrl=http%3A%2F%2Flocalhost%3A4721%2Fhomepage.aspx&browserName=Chrome&_=1585995654963 4721 - ::1 Mozilla/5.0+(Windows+NT+10.0;+Win64;+x64)+AppleWebKit/537.36+(KHTML,+like+Gecko)+Chrome/80.0.3987.149+Safari/537.36 http://localhost:4721/homepage.aspx 404 0 2 6
2020-04-04 10:25:54 ::1 GET /bec05126cc3a44e48383fc1af047e344/arterySignalR/ping requestUrl=http%3A%2F%2Flocalhost%3A4721%2Fhomepage.aspx&browserName=Chrome&_=1585995954963 4721 - ::1 Mozilla/5.0+(Windows+NT+10.0;+Win64;+x64)+AppleWebKit/537.36+(KHTML,+like+Gecko)+Chrome/80.0.3987.149+Safari/537.36 http://localhost:4721/homepage.aspx 404 0 2 6
2020-04-04 10:30:54 ::1 GET /bec05126cc3a44e48383fc1af047e344/arterySignalR/ping requestUrl=http%3A%2F%2Flocalhost%3A4721%2Fhomepage.aspx&browserName=Chrome&_=1585996254963 4721 - ::1 Mozilla/5.0+(Windows+NT+10.0;+Win64;+x64)+AppleWebKit/537.36+(KHTML,+like+Gecko)+Chrome/80.0.3987.149+Safari/537.36 http://localhost:4721/homepage.aspx 404 0 2 15
2020-04-04 10:35:54 ::1 GET /bec05126cc3a44e48383fc1af047e344/arterySignalR/ping requestUrl=http%3A%2F%2Flocalhost%3A4721%2Fhomepage.aspx&browserName=Chrome&_=1585996554964 4721 - ::1 Mozilla/5.0+(Windows+NT+10.0;+Win64;+x64)+AppleWebKit/537.36+(KHTML,+like+Gecko)+Chrome/80.0.3987.149+Safari/537.36 http://localhost:4721/homepage.aspx 404 0 2 4
2020-04-04 10:40:54 ::1 GET /bec05126cc3a44e48383fc1af047e344/arterySignalR/ping requestUrl=http%3A%2F%2Flocalhost%3A4721%2Fhomepage.aspx&browserName=Chrome&_=1585996854962 4721 - ::1 Mozilla/5.0+(Windows+NT+10.0;+Win64;+x64)+AppleWebKit/537.36+(KHTML,+like+Gecko)+Chrome/80.0.3987.149+Safari/537.36 http://localhost:4721/homepage.aspx 404 0 2 6
2020-04-04 10:45:54 ::1 GET /bec05126cc3a44e48383fc1af047e344/arterySignalR/ping requestUrl=http%3A%2F%2Flocalhost%3A4721%2Fhomepage.aspx&browserName=Chrome&_=1585997154963 4721 - ::1 Mozilla/5.0+(Windows+NT+10.0;+Win64;+x64)+AppleWebKit/537.36+(KHTML,+like+Gecko)+Chrome/80.0.3987.149+Safari/537.36 http://localhost:4721/homepage.aspx 404 0 2 6
2020-04-04 10:50:55 ::1 GET /bec05126cc3a44e48383fc1af047e344/arterySignalR/ping requestUrl=http%3A%2F%2Flocalhost%3A4721%2Fhomepage.aspx&browserName=Chrome&_=1585997454963 4721 - ::1 Mozilla/5.0+(Windows+NT+10.0;+Win64;+x64)+AppleWebKit/537.36+(KHTML,+like+Gecko)+Chrome/80.0.3987.149+Safari/537.36 http://localhost:4721/homepage.aspx 404 0 2 14
2020-04-04 10:55:54 ::1 GET /bec05126cc3a44e48383fc1af047e344/arterySignalR/ping requestUrl=http%3A%2F%2Flocalhost%3A4721%2Fhomepage.aspx&browserName=Chrome&_=1585997754962 4721 - ::1 Mozilla/5.0+(Windows+NT+10.0;+Win64;+x64)+AppleWebKit/537.36+(KHTML,+like+Gecko)+Chrome/80.0.3987.149+Safari/537.36 http://localhost:4721/homepage.aspx 404 0 2 6
2020-04-04 11:00:55 ::1 GET /bec05126cc3a44e48383fc1af047e344/arterySignalR/ping requestUrl=http%3A%2F%2Flocalhost%3A4721%2Fhomepage.aspx&browserName=Chrome&_=1585998054963 4721 - ::1 Mozilla/5.0+(Windows+NT+10.0;+Win64;+x64)+AppleWebKit/537.36+(KHTML,+like+Gecko)+Chrome/80.0.3987.149+Safari/537.36 http://localhost:4721/homepage.aspx 404 0 2 78
2020-04-04 11:05:54 ::1 GET /bec05126cc3a44e48383fc1af047e344/arterySignalR/ping requestUrl=http%3A%2F%2Flocalhost%3A4721%2Fhomepage.aspx&browserName=Chrome&_=1585998354965 4721 - ::1 Mozilla/5.0+(Windows+NT+10.0;+Win64;+x64)+AppleWebKit/537.36+(KHTML,+like+Gecko)+Chrome/80.0.3987.149+Safari/537.36 http://localhost:4721/homepage.aspx 404 0 2 9
2020-04-04 11:10:55 ::1 GET /bec05126cc3a44e48383fc1af047e344/arterySignalR/ping requestUrl=http%3A%2F%2Flocalhost%3A4721%2Fhomepage.aspx&browserName=Chrome&_=1585998654962 4721 - ::1 Mozilla/5.0+(Windows+NT+10.0;+Win64;+x64)+AppleWebKit/537.36+(KHTML,+like+Gecko)+Chrome/80.0.3987.149+Safari/537.36 http://localhost:4721/homepage.aspx 404 0 2 22
2020-04-04 11:15:54 ::1 GET /bec05126cc3a44e48383fc1af047e344/arterySignalR/ping requestUrl=http%3A%2F%2Flocalhost%3A4721%2Fhomepage.aspx&browserName=Chrome&_=1585998954962 4721 - ::1 Mozilla/5.0+(Windows+NT+10.0;+Win64;+x64)+AppleWebKit/537.36+(KHTML,+like+Gecko)+Chrome/80.0.3987.149+Safari/537.36 http://localhost:4721/homepage.aspx 404 0 2 7
2020-04-04 11:20:55 ::1 GET /bec05126cc3a44e48383fc1af047e344/arterySignalR/ping requestUrl=http%3A%2F%2Flocalhost%3A4721%2Fhomepage.aspx&browserName=Chrome&_=1585999254967 4721 - ::1 Mozilla/5.0+(Windows+NT+10.0;+Win64;+x64)+AppleWebKit/537.36+(KHTML,+like+Gecko)+Chrome/80.0.3987.149+Safari/537.36 http://localhost:4721/homepage.aspx 404 0 2 184
2020-04-04 11:25:54 ::1 GET /bec05126cc3a44e48383fc1af047e344/arterySignalR/ping requestUrl=http%3A%2F%2Flocalhost%3A4721%2Fhomepage.aspx&browserName=Chrome&_=1585999554963 4721 - ::1 Mozilla/5.0+(Windows+NT+10.0;+Win64;+x64)+AppleWebKit/537.36+(KHTML,+like+Gecko)+Chrome/80.0.3987.149+Safari/537.36 http://localhost:4721/homepage.aspx 404 0 2 4
2020-04-04 11:30:54 ::1 GET /bec05126cc3a44e48383fc1af047e344/arterySignalR/ping requestUrl=http%3A%2F%2Flocalhost%3A4721%2Fhomepage.aspx&browserName=Chrome&_=1585999854965 4721 - ::1 Mozilla/5.0+(Windows+NT+10.0;+Win64;+x64)+AppleWebKit/537.36+(KHTML,+like+Gecko)+Chrome/80.0.3987.149+Safari/537.36 http://localhost:4721/homepage.aspx 404 0 2 11
2020-04-04 11:35:54 ::1 GET /bec05126cc3a44e48383fc1af047e344/arterySignalR/ping requestUrl=http%3A%2F%2Flocalhost%3A4721%2Fhomepage.aspx&browserName=Chrome&_=1586000154963 4721 - ::1 Mozilla/5.0+(Windows+NT+10.0;+Win64;+x64)+AppleWebKit/537.36+(KHTML,+like+Gecko)+Chrome/80.0.3987.149+Safari/537.36 http://localhost:4721/homepage.aspx 404 0 2 13
2020-04-04 11:40:55 ::1 GET /bec05126cc3a44e48383fc1af047e344/arterySignalR/ping requestUrl=http%3A%2F%2Flocalhost%3A4721%2Fhomepage.aspx&browserName=Chrome&_=1586000454967 4721 - ::1 Mozilla/5.0+(Windows+NT+10.0;+Win64;+x64)+AppleWebKit/537.36+(KHTML,+like+Gecko)+Chrome/80.0.3987.149+Safari/537.36 http://localhost:4721/homepage.aspx 404 0 2 7
2020-04-04 11:45:55 ::1 GET /bec05126cc3a44e48383fc1af047e344/arterySignalR/ping requestUrl=http%3A%2F%2Flocalhost%3A4721%2Fhomepage.aspx&browserName=Chrome&_=1586000754959 4721 - ::1 Mozilla/5.0+(Windows+NT+10.0;+Win64;+x64)+AppleWebKit/537.36+(KHTML,+like+Gecko)+Chrome/80.0.3987.149+Safari/537.36 http://localhost:4721/homepage.aspx 404 0 2 58
2020-04-04 11:50:55 ::1 GET /bec05126cc3a44e48383fc1af047e344/arterySignalR/ping requestUrl=http%3A%2F%2Flocalhost%3A4721%2Fhomepage.aspx&browserName=Chrome&_=1586001054963 4721 - ::1 Mozilla/5.0+(Windows+NT+10.0;+Win64;+x64)+AppleWebKit/537.36+(KHTML,+like+Gecko)+Chrome/80.0.3987.149+Safari/537.36 http://localhost:4721/homepage.aspx 404 0 2 14
2020-04-04 11:55:55 ::1 GET /bec05126cc3a44e48383fc1af047e344/arterySignalR/ping requestUrl=http%3A%2F%2Flocalhost%3A4721%2Fhomepage.aspx&browserName=Chrome&_=1586001354963 4721 - ::1 Mozilla/5.0+(Windows+NT+10.0;+Win64;+x64)+AppleWebKit/537.36+(KHTML,+like+Gecko)+Chrome/80.0.3987.149+Safari/537.36 http://localhost:4721/homepage.aspx 404 0 2 40
2020-04-04 12:00:55 ::1 GET /bec05126cc3a44e48383fc1af047e344/arterySignalR/ping requestUrl=http%3A%2F%2Flocalhost%3A4721%2Fhomepage.aspx&browserName=Chrome&_=1586001654967 4721 - ::1 Mozilla/5.0+(Windows+NT+10.0;+Win64;+x64)+AppleWebKit/537.36+(KHTML,+like+Gecko)+Chrome/80.0.3987.149+Safari/537.36 http://localhost:4721/homepage.aspx 404 0 2 14
2020-04-04 12:05:55 ::1 GET /bec05126cc3a44e48383fc1af047e344/arterySignalR/ping requestUrl=http%3A%2F%2Flocalhost%3A4721%2Fhomepage.aspx&browserName=Chrome&_=1586001954966 4721 - ::1 Mozilla/5.0+(Windows+NT+10.0;+Win64;+x64)+AppleWebKit/537.36+(KHTML,+like+Gecko)+Chrome/80.0.3987.149+Safari/537.36 http://localhost:4721/homepage.aspx 404 0 2 29
2020-04-04 12:10:54 ::1 GET /bec05126cc3a44e48383fc1af047e344/arterySignalR/ping requestUrl=http%3A%2F%2Flocalhost%3A4721%2Fhomepage.aspx&browserName=Chrome&_=1586002254970 4721 - ::1 Mozilla/5.0+(Windows+NT+10.0;+Win64;+x64)+AppleWebKit/537.36+(KHTML,+like+Gecko)+Chrome/80.0.3987.149+Safari/537.36 http://localhost:4721/homepage.aspx 404 0 2 7
2020-04-04 12:15:55 ::1 GET /bec05126cc3a44e48383fc1af047e344/arterySignalR/ping requestUrl=http%3A%2F%2Flocalhost%3A4721%2Fhomepage.aspx&browserName=Chrome&_=1586002554968 4721 - ::1 Mozilla/5.0+(Windows+NT+10.0;+Win64;+x64)+AppleWebKit/537.36+(KHTML,+like+Gecko)+Chrome/80.0.3987.149+Safari/537.36 http://localhost:4721/homepage.aspx 404 0 2 12
2020-04-04 12:20:54 ::1 GET /bec05126cc3a44e48383fc1af047e344/arterySignalR/ping requestUrl=http%3A%2F%2Flocalhost%3A4721%2Fhomepage.aspx&browserName=Chrome&_=1586002854965 4721 - ::1 Mozilla/5.0+(Windows+NT+10.0;+Win64;+x64)+AppleWebKit/537.36+(KHTML,+like+Gecko)+Chrome/80.0.3987.149+Safari/537.36 http://localhost:4721/homepage.aspx 404 0 2 12
2020-04-04 12:25:54 ::1 GET /bec05126cc3a44e48383fc1af047e344/arterySignalR/ping requestUrl=http%3A%2F%2Flocalhost%3A4721%2Fhomepage.aspx&browserName=Chrome&_=1586003154967 4721 - ::1 Mozilla/5.0+(Windows+NT+10.0;+Win64;+x64)+AppleWebKit/537.36+(KHTML,+like+Gecko)+Chrome/80.0.3987.149+Safari/537.36 http://localhost:4721/homepage.aspx 404 0 2 7
2020-04-04 12:30:54 ::1 GET /bec05126cc3a44e48383fc1af047e344/arterySignalR/ping requestUrl=http%3A%2F%2Flocalhost%3A4721%2Fhomepage.aspx&browserName=Chrome&_=1586003454966 4721 - ::1 Mozilla/5.0+(Windows+NT+10.0;+Win64;+x64)+AppleWebKit/537.36+(KHTML,+like+Gecko)+Chrome/80.0.3987.149+Safari/537.36 http://localhost:4721/homepage.aspx 404 0 2 8
2020-04-04 12:35:55 ::1 GET /bec05126cc3a44e48383fc1af047e344/arterySignalR/ping requestUrl=http%3A%2F%2Flocalhost%3A4721%2Fhomepage.aspx&browserName=Chrome&_=1586003754964 4721 - ::1 Mozilla/5.0+(Windows+NT+10.0;+Win64;+x64)+AppleWebKit/537.36+(KHTML,+like+Gecko)+Chrome/80.0.3987.149+Safari/537.36 http://localhost:4721/homepage.aspx 404 0 2 13
2020-04-04 12:40:55 ::1 GET /bec05126cc3a44e48383fc1af047e344/arterySignalR/ping requestUrl=http%3A%2F%2Flocalhost%3A4721%2Fhomepage.aspx&browserName=Chrome&_=1586004054965 4721 - ::1 Mozilla/5.0+(Windows+NT+10.0;+Win64;+x64)+AppleWebKit/537.36+(KHTML,+like+Gecko)+Chrome/80.0.3987.149+Safari/537.36 http://localhost:4721/homepage.aspx 404 0 2 10
2020-04-04 12:45:55 ::1 GET /bec05126cc3a44e48383fc1af047e344/arterySignalR/ping requestUrl=http%3A%2F%2Flocalhost%3A4721%2Fhomepage.aspx&browserName=Chrome&_=1586004354963 4721 - ::1 Mozilla/5.0+(Windows+NT+10.0;+Win64;+x64)+AppleWebKit/537.36+(KHTML,+like+Gecko)+Chrome/80.0.3987.149+Safari/537.36 http://localhost:4721/homepage.aspx 404 0 2 13
2020-04-04 12:50:54 ::1 GET /bec05126cc3a44e48383fc1af047e344/arterySignalR/ping requestUrl=http%3A%2F%2Flocalhost%3A4721%2Fhomepage.aspx&browserName=Chrome&_=1586004654968 4721 - ::1 Mozilla/5.0+(Windows+NT+10.0;+Win64;+x64)+AppleWebKit/537.36+(KHTML,+like+Gecko)+Chrome/80.0.3987.149+Safari/537.36 http://localhost:4721/homepage.aspx 404 0 2 10
2020-04-04 12:55:54 ::1 GET /bec05126cc3a44e48383fc1af047e344/arterySignalR/ping requestUrl=http%3A%2F%2Flocalhost%3A4721%2Fhomepage.aspx&browserName=Chrome&_=1586004954964 4721 - ::1 Mozilla/5.0+(Windows+NT+10.0;+Win64;+x64)+AppleWebKit/537.36+(KHTML,+like+Gecko)+Chrome/80.0.3987.149+Safari/537.36 http://localhost:4721/homepage.aspx 404 0 2 11
2020-04-04 13:00:55 ::1 GET /bec05126cc3a44e48383fc1af047e344/arterySignalR/ping requestUrl=http%3A%2F%2Flocalhost%3A4721%2Fhomepage.aspx&browserName=Chrome&_=1586005254964 4721 - ::1 Mozilla/5.0+(Windows+NT+10.0;+Win64;+x64)+AppleWebKit/537.36+(KHTML,+like+Gecko)+Chrome/80.0.3987.149+Safari/537.36 http://localhost:4721/homepage.aspx 404 0 2 9
2020-04-04 13:05:54 ::1 GET /bec05126cc3a44e48383fc1af047e344/arterySignalR/ping requestUrl=http%3A%2F%2Flocalhost%3A4721%2Fhomepage.aspx&browserName=Chrome&_=1586005554965 4721 - ::1 Mozilla/5.0+(Windows+NT+10.0;+Win64;+x64)+AppleWebKit/537.36+(KHTML,+like+Gecko)+Chrome/80.0.3987.149+Safari/537.36 http://localhost:4721/homepage.aspx 404 0 2 11
2020-04-04 13:10:55 ::1 GET /bec05126cc3a44e48383fc1af047e344/arterySignalR/ping requestUrl=http%3A%2F%2Flocalhost%3A4721%2Fhomepage.aspx&browserName=Chrome&_=1586005854964 4721 - ::1 Mozilla/5.0+(Windows+NT+10.0;+Win64;+x64)+AppleWebKit/537.36+(KHTML,+like+Gecko)+Chrome/80.0.3987.149+Safari/537.36 http://localhost:4721/homepage.aspx 404 0 2 13
2020-04-04 13:15:54 ::1 GET /bec05126cc3a44e48383fc1af047e344/arterySignalR/ping requestUrl=http%3A%2F%2Flocalhost%3A4721%2Fhomepage.aspx&browserName=Chrome&_=1586006154964 4721 - ::1 Mozilla/5.0+(Windows+NT+10.0;+Win64;+x64)+AppleWebKit/537.36+(KHTML,+like+Gecko)+Chrome/80.0.3987.149+Safari/537.36 http://localhost:4721/homepage.aspx 404 0 2 10
2020-04-04 13:20:54 ::1 GET /bec05126cc3a44e48383fc1af047e344/arterySignalR/ping requestUrl=http%3A%2F%2Flocalhost%3A4721%2Fhomepage.aspx&browserName=Chrome&_=1586006454961 4721 - ::1 Mozilla/5.0+(Windows+NT+10.0;+Win64;+x64)+AppleWebKit/537.36+(KHTML,+like+Gecko)+Chrome/80.0.3987.149+Safari/537.36 http://localhost:4721/homepage.aspx 404 0 2 11
2020-04-04 13:25:54 ::1 GET /bec05126cc3a44e48383fc1af047e344/arterySignalR/ping requestUrl=http%3A%2F%2Flocalhost%3A4721%2Fhomepage.aspx&browserName=Chrome&_=1586006754966 4721 - ::1 Mozilla/5.0+(Windows+NT+10.0;+Win64;+x64)+AppleWebKit/537.36+(KHTML,+like+Gecko)+Chrome/80.0.3987.149+Safari/537.36 http://localhost:4721/homepage.aspx 404 0 2 7
2020-04-04 13:30:54 ::1 GET /bec05126cc3a44e48383fc1af047e344/arterySignalR/ping requestUrl=http%3A%2F%2Flocalhost%3A4721%2Fhomepage.aspx&browserName=Chrome&_=1586007054964 4721 - ::1 Mozilla/5.0+(Windows+NT+10.0;+Win64;+x64)+AppleWebKit/537.36+(KHTML,+like+Gecko)+Chrome/80.0.3987.149+Safari/537.36 http://localhost:4721/homepage.aspx 404 0 2 5
2020-04-04 13:35:55 ::1 GET /bec05126cc3a44e48383fc1af047e344/arterySignalR/ping requestUrl=http%3A%2F%2Flocalhost%3A4721%2Fhomepage.aspx&browserName=Chrome&_=1586007354963 4721 - ::1 Mozilla/5.0+(Windows+NT+10.0;+Win64;+x64)+AppleWebKit/537.36+(KHTML,+like+Gecko)+Chrome/80.0.3987.149+Safari/537.36 http://localhost:4721/homepage.aspx 404 0 2 26
2020-04-04 13:40:55 ::1 GET /bec05126cc3a44e48383fc1af047e344/arterySignalR/ping requestUrl=http%3A%2F%2Flocalhost%3A4721%2Fhomepage.aspx&browserName=Chrome&_=1586007654961 4721 - ::1 Mozilla/5.0+(Windows+NT+10.0;+Win64;+x64)+AppleWebKit/537.36+(KHTML,+like+Gecko)+Chrome/80.0.3987.149+Safari/537.36 http://localhost:4721/homepage.aspx 404 0 2 45
2020-04-04 13:45:55 ::1 GET /bec05126cc3a44e48383fc1af047e344/arterySignalR/ping requestUrl=http%3A%2F%2Flocalhost%3A4721%2Fhomepage.aspx&browserName=Chrome&_=1586007954966 4721 - ::1 Mozilla/5.0+(Windows+NT+10.0;+Win64;+x64)+AppleWebKit/537.36+(KHTML,+like+Gecko)+Chrome/80.0.3987.149+Safari/537.36 http://localhost:4721/homepage.aspx 404 0 2 73
2020-04-04 13:50:54 ::1 GET /bec05126cc3a44e48383fc1af047e344/arterySignalR/ping requestUrl=http%3A%2F%2Flocalhost%3A4721%2Fhomepage.aspx&browserName=Chrome&_=1586008254964 4721 - ::1 Mozilla/5.0+(Windows+NT+10.0;+Win64;+x64)+AppleWebKit/537.36+(KHTML,+like+Gecko)+Chrome/80.0.3987.149+Safari/537.36 http://localhost:4721/homepage.aspx 404 0 2 11
2020-04-04 13:55:54 ::1 GET /bec05126cc3a44e48383fc1af047e344/arterySignalR/ping requestUrl=http%3A%2F%2Flocalhost%3A4721%2Fhomepage.aspx&browserName=Chrome&_=1586008554967 4721 - ::1 Mozilla/5.0+(Windows+NT+10.0;+Win64;+x64)+AppleWebKit/537.36+(KHTML,+like+Gecko)+Chrome/80.0.3987.149+Safari/537.36 http://localhost:4721/homepage.aspx 404 0 2 10
2020-04-04 14:00:55 ::1 GET /bec05126cc3a44e48383fc1af047e344/arterySignalR/ping requestUrl=http%3A%2F%2Flocalhost%3A4721%2Fhomepage.aspx&browserName=Chrome&_=1586008854964 4721 - ::1 Mozilla/5.0+(Windows+NT+10.0;+Win64;+x64)+AppleWebKit/537.36+(KHTML,+like+Gecko)+Chrome/80.0.3987.149+Safari/537.36 http://localhost:4721/homepage.aspx 404 0 2 12
2020-04-04 14:05:54 ::1 GET /bec05126cc3a44e48383fc1af047e344/arterySignalR/ping requestUrl=http%3A%2F%2Flocalhost%3A4721%2Fhomepage.aspx&browserName=Chrome&_=1586009154966 4721 - ::1 Mozilla/5.0+(Windows+NT+10.0;+Win64;+x64)+AppleWebKit/537.36+(KHTML,+like+Gecko)+Chrome/80.0.3987.149+Safari/537.36 http://localhost:4721/homepage.aspx 404 0 2 8
2020-04-04 14:10:54 ::1 GET /bec05126cc3a44e48383fc1af047e344/arterySignalR/ping requestUrl=http%3A%2F%2Flocalhost%3A4721%2Fhomepage.aspx&browserName=Chrome&_=1586009454965 4721 - ::1 Mozilla/5.0+(Windows+NT+10.0;+Win64;+x64)+AppleWebKit/537.36+(KHTML,+like+Gecko)+Chrome/80.0.3987.149+Safari/537.36 http://localhost:4721/homepage.aspx 404 0 2 12
2020-04-04 14:15:54 ::1 GET /bec05126cc3a44e48383fc1af047e344/arterySignalR/ping requestUrl=http%3A%2F%2Flocalhost%3A4721%2Fhomepage.aspx&browserName=Chrome&_=1586009754965 4721 - ::1 Mozilla/5.0+(Windows+NT+10.0;+Win64;+x64)+AppleWebKit/537.36+(KHTML,+like+Gecko)+Chrome/80.0.3987.149+Safari/537.36 http://localhost:4721/homepage.aspx 404 0 2 8
2020-04-04 14:20:55 ::1 GET /bec05126cc3a44e48383fc1af047e344/arterySignalR/ping requestUrl=http%3A%2F%2Flocalhost%3A4721%2Fhomepage.aspx&browserName=Chrome&_=1586010054967 4721 - ::1 Mozilla/5.0+(Windows+NT+10.0;+Win64;+x64)+AppleWebKit/537.36+(KHTML,+like+Gecko)+Chrome/80.0.3987.149+Safari/537.36 http://localhost:4721/homepage.aspx 404 0 2 11
2020-04-04 14:25:55 ::1 GET /bec05126cc3a44e48383fc1af047e344/arterySignalR/ping requestUrl=http%3A%2F%2Flocalhost%3A4721%2Fhomepage.aspx&browserName=Chrome&_=1586010354974 4721 - ::1 Mozilla/5.0+(Windows+NT+10.0;+Win64;+x64)+AppleWebKit/537.36+(KHTML,+like+Gecko)+Chrome/80.0.3987.149+Safari/537.36 http://localhost:4721/homepage.aspx 404 0 2 8
2020-04-04 14:30:54 ::1 GET /bec05126cc3a44e48383fc1af047e344/arterySignalR/ping requestUrl=http%3A%2F%2Flocalhost%3A4721%2Fhomepage.aspx&browserName=Chrome&_=1586010654968 4721 - ::1 Mozilla/5.0+(Windows+NT+10.0;+Win64;+x64)+AppleWebKit/537.36+(KHTML,+like+Gecko)+Chrome/80.0.3987.149+Safari/537.36 http://localhost:4721/homepage.aspx 404 0 2 10
2020-04-04 14:35:54 ::1 GET /bec05126cc3a44e48383fc1af047e344/arterySignalR/ping requestUrl=http%3A%2F%2Flocalhost%3A4721%2Fhomepage.aspx&browserName=Chrome&_=1586010954965 4721 - ::1 Mozilla/5.0+(Windows+NT+10.0;+Win64;+x64)+AppleWebKit/537.36+(KHTML,+like+Gecko)+Chrome/80.0.3987.149+Safari/537.36 http://localhost:4721/homepage.aspx 404 0 2 11
2020-04-04 14:40:55 ::1 GET /bec05126cc3a44e48383fc1af047e344/arterySignalR/ping requestUrl=http%3A%2F%2Flocalhost%3A4721%2Fhomepage.aspx&browserName=Chrome&_=1586011254963 4721 - ::1 Mozilla/5.0+(Windows+NT+10.0;+Win64;+x64)+AppleWebKit/537.36+(KHTML,+like+Gecko)+Chrome/80.0.3987.149+Safari/537.36 http://localhost:4721/homepage.aspx 404 0 2 4
2020-04-04 14:45:54 ::1 GET /bec05126cc3a44e48383fc1af047e344/arterySignalR/ping requestUrl=http%3A%2F%2Flocalhost%3A4721%2Fhomepage.aspx&browserName=Chrome&_=1586011554967 4721 - ::1 Mozilla/5.0+(Windows+NT+10.0;+Win64;+x64)+AppleWebKit/537.36+(KHTML,+like+Gecko)+Chrome/80.0.3987.149+Safari/537.36 http://localhost:4721/homepage.aspx 404 0 2 11
2020-04-04 14:50:55 ::1 GET /bec05126cc3a44e48383fc1af047e344/arterySignalR/ping requestUrl=http%3A%2F%2Flocalhost%3A4721%2Fhomepage.aspx&browserName=Chrome&_=1586011854962 4721 - ::1 Mozilla/5.0+(Windows+NT+10.0;+Win64;+x64)+AppleWebKit/537.36+(KHTML,+like+Gecko)+Chrome/80.0.3987.149+Safari/537.36 http://localhost:4721/homepage.aspx 404 0 2 12
2020-04-04 14:55:54 ::1 GET /bec05126cc3a44e48383fc1af047e344/arterySignalR/ping requestUrl=http%3A%2F%2Flocalhost%3A4721%2Fhomepage.aspx&browserName=Chrome&_=1586012154967 4721 - ::1 Mozilla/5.0+(Windows+NT+10.0;+Win64;+x64)+AppleWebKit/537.36+(KHTML,+like+Gecko)+Chrome/80.0.3987.149+Safari/537.36 http://localhost:4721/homepage.aspx 404 0 2 12
2020-04-04 15:00:55 ::1 GET /bec05126cc3a44e48383fc1af047e344/arterySignalR/ping requestUrl=http%3A%2F%2Flocalhost%3A4721%2Fhomepage.aspx&browserName=Chrome&_=1586012454963 4721 - ::1 Mozilla/5.0+(Windows+NT+10.0;+Win64;+x64)+AppleWebKit/537.36+(KHTML,+like+Gecko)+Chrome/80.0.3987.149+Safari/537.36 http://localhost:4721/homepage.aspx 404 0 2 11
2020-04-04 15:05:54 ::1 GET /bec05126cc3a44e48383fc1af047e344/arterySignalR/ping requestUrl=http%3A%2F%2Flocalhost%3A4721%2Fhomepage.aspx&browserName=Chrome&_=1586012754967 4721 - ::1 Mozilla/5.0+(Windows+NT+10.0;+Win64;+x64)+AppleWebKit/537.36+(KHTML,+like+Gecko)+Chrome/80.0.3987.149+Safari/537.36 http://localhost:4721/homepage.aspx 404 0 2 11
2020-04-04 15:10:54 ::1 GET /bec05126cc3a44e48383fc1af047e344/arterySignalR/ping requestUrl=http%3A%2F%2Flocalhost%3A4721%2Fhomepage.aspx&browserName=Chrome&_=1586013054961 4721 - ::1 Mozilla/5.0+(Windows+NT+10.0;+Win64;+x64)+AppleWebKit/537.36+(KHTML,+like+Gecko)+Chrome/80.0.3987.149+Safari/537.36 http://localhost:4721/homepage.aspx 404 0 2 12
2020-04-04 15:15:54 ::1 GET /bec05126cc3a44e48383fc1af047e344/arterySignalR/ping requestUrl=http%3A%2F%2Flocalhost%3A4721%2Fhomepage.aspx&browserName=Chrome&_=1586013354967 4721 - ::1 Mozilla/5.0+(Windows+NT+10.0;+Win64;+x64)+AppleWebKit/537.36+(KHTML,+like+Gecko)+Chrome/80.0.3987.149+Safari/537.36 http://localhost:4721/homepage.aspx 404 0 2 10
2020-04-04 15:20:54 ::1 GET /bec05126cc3a44e48383fc1af047e344/arterySignalR/ping requestUrl=http%3A%2F%2Flocalhost%3A4721%2Fhomepage.aspx&browserName=Chrome&_=1586013654964 4721 - ::1 Mozilla/5.0+(Windows+NT+10.0;+Win64;+x64)+AppleWebKit/537.36+(KHTML,+like+Gecko)+Chrome/80.0.3987.149+Safari/537.36 http://localhost:4721/homepage.aspx 404 0 2 11
2020-04-04 15:25:54 ::1 GET /bec05126cc3a44e48383fc1af047e344/arterySignalR/ping requestUrl=http%3A%2F%2Flocalhost%3A4721%2Fhomepage.aspx&browserName=Chrome&_=1586013954967 4721 - ::1 Mozilla/5.0+(Windows+NT+10.0;+Win64;+x64)+AppleWebKit/537.36+(KHTML,+like+Gecko)+Chrome/80.0.3987.149+Safari/537.36 http://localhost:4721/homepage.aspx 404 0 2 11
2020-04-04 15:30:55 ::1 GET /bec05126cc3a44e48383fc1af047e344/arterySignalR/ping requestUrl=http%3A%2F%2Flocalhost%3A4721%2Fhomepage.aspx&browserName=Chrome&_=1586014254963 4721 - ::1 Mozilla/5.0+(Windows+NT+10.0;+Win64;+x64)+AppleWebKit/537.36+(KHTML,+like+Gecko)+Chrome/80.0.3987.149+Safari/537.36 http://localhost:4721/homepage.aspx 404 0 2 12
2020-04-04 15:35:54 ::1 GET /bec05126cc3a44e48383fc1af047e344/arterySignalR/ping requestUrl=http%3A%2F%2Flocalhost%3A4721%2Fhomepage.aspx&browserName=Chrome&_=1586014554968 4721 - ::1 Mozilla/5.0+(Windows+NT+10.0;+Win64;+x64)+AppleWebKit/537.36+(KHTML,+like+Gecko)+Chrome/80.0.3987.149+Safari/537.36 http://localhost:4721/homepage.aspx 404 0 2 11
2020-04-04 15:40:54 ::1 GET /bec05126cc3a44e48383fc1af047e344/arterySignalR/ping requestUrl=http%3A%2F%2Flocalhost%3A4721%2Fhomepage.aspx&browserName=Chrome&_=1586014854964 4721 - ::1 Mozilla/5.0+(Windows+NT+10.0;+Win64;+x64)+AppleWebKit/537.36+(KHTML,+like+Gecko)+Chrome/80.0.3987.149+Safari/537.36 http://localhost:4721/homepage.aspx 404 0 2 8
2020-04-04 15:45:54 ::1 GET /bec05126cc3a44e48383fc1af047e344/arterySignalR/ping requestUrl=http%3A%2F%2Flocalhost%3A4721%2Fhomepage.aspx&browserName=Chrome&_=1586015154963 4721 - ::1 Mozilla/5.0+(Windows+NT+10.0;+Win64;+x64)+AppleWebKit/537.36+(KHTML,+like+Gecko)+Chrome/80.0.3987.149+Safari/537.36 http://localhost:4721/homepage.aspx 404 0 2 10
2020-04-04 15:50:55 ::1 GET /bec05126cc3a44e48383fc1af047e344/arterySignalR/ping requestUrl=http%3A%2F%2Flocalhost%3A4721%2Fhomepage.aspx&browserName=Chrome&_=1586015454966 4721 - ::1 Mozilla/5.0+(Windows+NT+10.0;+Win64;+x64)+AppleWebKit/537.36+(KHTML,+like+Gecko)+Chrome/80.0.3987.149+Safari/537.36 http://localhost:4721/homepage.aspx 404 0 2 12
2020-04-04 15:55:54 ::1 GET /bec05126cc3a44e48383fc1af047e344/arterySignalR/ping requestUrl=http%3A%2F%2Flocalhost%3A4721%2Fhomepage.aspx&browserName=Chrome&_=1586015754965 4721 - ::1 Mozilla/5.0+(Windows+NT+10.0;+Win64;+x64)+AppleWebKit/537.36+(KHTML,+like+Gecko)+Chrome/80.0.3987.149+Safari/537.36 http://localhost:4721/homepage.aspx 404 0 2 11
2020-04-04 16:00:54 ::1 GET /bec05126cc3a44e48383fc1af047e344/arterySignalR/ping requestUrl=http%3A%2F%2Flocalhost%3A4721%2Fhomepage.aspx&browserName=Chrome&_=1586016054964 4721 - ::1 Mozilla/5.0+(Windows+NT+10.0;+Win64;+x64)+AppleWebKit/537.36+(KHTML,+like+Gecko)+Chrome/80.0.3987.149+Safari/537.36 http://localhost:4721/homepage.aspx 404 0 2 11
2020-04-04 16:05:54 ::1 GET /bec05126cc3a44e48383fc1af047e344/arterySignalR/ping requestUrl=http%3A%2F%2Flocalhost%3A4721%2Fhomepage.aspx&browserName=Chrome&_=1586016354967 4721 - ::1 Mozilla/5.0+(Windows+NT+10.0;+Win64;+x64)+AppleWebKit/537.36+(KHTML,+like+Gecko)+Chrome/80.0.3987.149+Safari/537.36 http://localhost:4721/homepage.aspx 404 0 2 11
2020-04-04 16:10:54 ::1 GET /bec05126cc3a44e48383fc1af047e344/arterySignalR/ping requestUrl=http%3A%2F%2Flocalhost%3A4721%2Fhomepage.aspx&browserName=Chrome&_=1586016654967 4721 - ::1 Mozilla/5.0+(Windows+NT+10.0;+Win64;+x64)+AppleWebKit/537.36+(KHTML,+like+Gecko)+Chrome/80.0.3987.149+Safari/537.36 http://localhost:4721/homepage.aspx 404 0 2 10
2020-04-04 16:15:54 ::1 GET /bec05126cc3a44e48383fc1af047e344/arterySignalR/ping requestUrl=http%3A%2F%2Flocalhost%3A4721%2Fhomepage.aspx&browserName=Chrome&_=1586016954965 4721 - ::1 Mozilla/5.0+(Windows+NT+10.0;+Win64;+x64)+AppleWebKit/537.36+(KHTML,+like+Gecko)+Chrome/80.0.3987.149+Safari/537.36 http://localhost:4721/homepage.aspx 404 0 2 10
2020-04-04 16:20:54 ::1 GET /bec05126cc3a44e48383fc1af047e344/arterySignalR/ping requestUrl=http%3A%2F%2Flocalhost%3A4721%2Fhomepage.aspx&browserName=Chrome&_=1586017254965 4721 - ::1 Mozilla/5.0+(Windows+NT+10.0;+Win64;+x64)+AppleWebKit/537.36+(KHTML,+like+Gecko)+Chrome/80.0.3987.149+Safari/537.36 http://localhost:4721/homepage.aspx 404 0 2 12
2020-04-04 16:25:54 ::1 GET /bec05126cc3a44e48383fc1af047e344/arterySignalR/ping requestUrl=http%3A%2F%2Flocalhost%3A4721%2Fhomepage.aspx&browserName=Chrome&_=1586017554962 4721 - ::1 Mozilla/5.0+(Windows+NT+10.0;+Win64;+x64)+AppleWebKit/537.36+(KHTML,+like+Gecko)+Chrome/80.0.3987.149+Safari/537.36 http://localhost:4721/homepage.aspx 404 0 2 12
2020-04-04 16:30:54 ::1 GET /bec05126cc3a44e48383fc1af047e344/arterySignalR/ping requestUrl=http%3A%2F%2Flocalhost%3A4721%2Fhomepage.aspx&browserName=Chrome&_=1586017854961 4721 - ::1 Mozilla/5.0+(Windows+NT+10.0;+Win64;+x64)+AppleWebKit/537.36+(KHTML,+like+Gecko)+Chrome/80.0.3987.149+Safari/537.36 http://localhost:4721/homepage.aspx 404 0 2 11
2020-04-04 16:35:54 ::1 GET /bec05126cc3a44e48383fc1af047e344/arterySignalR/ping requestUrl=http%3A%2F%2Flocalhost%3A4721%2Fhomepage.aspx&browserName=Chrome&_=1586018154965 4721 - ::1 Mozilla/5.0+(Windows+NT+10.0;+Win64;+x64)+AppleWebKit/537.36+(KHTML,+like+Gecko)+Chrome/80.0.3987.149+Safari/537.36 http://localhost:4721/homepage.aspx 404 0 2 11
2020-04-04 16:40:54 ::1 GET /bec05126cc3a44e48383fc1af047e344/arterySignalR/ping requestUrl=http%3A%2F%2Flocalhost%3A4721%2Fhomepage.aspx&browserName=Chrome&_=1586018454963 4721 - ::1 Mozilla/5.0+(Windows+NT+10.0;+Win64;+x64)+AppleWebKit/537.36+(KHTML,+like+Gecko)+Chrome/80.0.3987.149+Safari/537.36 http://localhost:4721/homepage.aspx 404 0 2 11
2020-04-04 16:45:54 ::1 GET /bec05126cc3a44e48383fc1af047e344/arterySignalR/ping requestUrl=http%3A%2F%2Flocalhost%3A4721%2Fhomepage.aspx&browserName=Chrome&_=1586018754965 4721 - ::1 Mozilla/5.0+(Windows+NT+10.0;+Win64;+x64)+AppleWebKit/537.36+(KHTML,+like+Gecko)+Chrome/80.0.3987.149+Safari/537.36 http://localhost:4721/homepage.aspx 404 0 2 13
2020-04-04 16:50:54 ::1 GET /bec05126cc3a44e48383fc1af047e344/arterySignalR/ping requestUrl=http%3A%2F%2Flocalhost%3A4721%2Fhomepage.aspx&browserName=Chrome&_=1586019054965 4721 - ::1 Mozilla/5.0+(Windows+NT+10.0;+Win64;+x64)+AppleWebKit/537.36+(KHTML,+like+Gecko)+Chrome/80.0.3987.149+Safari/537.36 http://localhost:4721/homepage.aspx 404 0 2 11
2020-04-04 16:55:54 ::1 GET /bec05126cc3a44e48383fc1af047e344/arterySignalR/ping requestUrl=http%3A%2F%2Flocalhost%3A4721%2Fhomepage.aspx&browserName=Chrome&_=1586019354964 4721 - ::1 Mozilla/5.0+(Windows+NT+10.0;+Win64;+x64)+AppleWebKit/537.36+(KHTML,+like+Gecko)+Chrome/80.0.3987.149+Safari/537.36 http://localhost:4721/homepage.aspx 404 0 2 11
2020-04-04 17:00:54 ::1 GET /bec05126cc3a44e48383fc1af047e344/arterySignalR/ping requestUrl=http%3A%2F%2Flocalhost%3A4721%2Fhomepage.aspx&browserName=Chrome&_=1586019654966 4721 - ::1 Mozilla/5.0+(Windows+NT+10.0;+Win64;+x64)+AppleWebKit/537.36+(KHTML,+like+Gecko)+Chrome/80.0.3987.149+Safari/537.36 http://localhost:4721/homepage.aspx 404 0 2 10
2020-04-04 17:05:54 ::1 GET /bec05126cc3a44e48383fc1af047e344/arterySignalR/ping requestUrl=http%3A%2F%2Flocalhost%3A4721%2Fhomepage.aspx&browserName=Chrome&_=1586019954966 4721 - ::1 Mozilla/5.0+(Windows+NT+10.0;+Win64;+x64)+AppleWebKit/537.36+(KHTML,+like+Gecko)+Chrome/80.0.3987.149+Safari/537.36 http://localhost:4721/homepage.aspx 404 0 2 10
2020-04-04 17:10:54 ::1 GET /bec05126cc3a44e48383fc1af047e344/arterySignalR/ping requestUrl=http%3A%2F%2Flocalhost%3A4721%2Fhomepage.aspx&browserName=Chrome&_=1586020254964 4721 - ::1 Mozilla/5.0+(Windows+NT+10.0;+Win64;+x64)+AppleWebKit/537.36+(KHTML,+like+Gecko)+Chrome/80.0.3987.149+Safari/537.36 http://localhost:4721/homepage.aspx 404 0 2 11
2020-04-04 17:15:54 ::1 GET /bec05126cc3a44e48383fc1af047e344/arterySignalR/ping requestUrl=http%3A%2F%2Flocalhost%3A4721%2Fhomepage.aspx&browserName=Chrome&_=1586020554964 4721 - ::1 Mozilla/5.0+(Windows+NT+10.0;+Win64;+x64)+AppleWebKit/537.36+(KHTML,+like+Gecko)+Chrome/80.0.3987.149+Safari/537.36 http://localhost:4721/homepage.aspx 404 0 2 12
2020-04-04 17:20:55 ::1 GET /bec05126cc3a44e48383fc1af047e344/arterySignalR/ping requestUrl=http%3A%2F%2Flocalhost%3A4721%2Fhomepage.aspx&browserName=Chrome&_=1586020854966 4721 - ::1 Mozilla/5.0+(Windows+NT+10.0;+Win64;+x64)+AppleWebKit/537.36+(KHTML,+like+Gecko)+Chrome/80.0.3987.149+Safari/537.36 http://localhost:4721/homepage.aspx 404 0 2 11
2020-04-04 17:25:54 ::1 GET /bec05126cc3a44e48383fc1af047e344/arterySignalR/ping requestUrl=http%3A%2F%2Flocalhost%3A4721%2Fhomepage.aspx&browserName=Chrome&_=1586021154965 4721 - ::1 Mozilla/5.0+(Windows+NT+10.0;+Win64;+x64)+AppleWebKit/537.36+(KHTML,+like+Gecko)+Chrome/80.0.3987.149+Safari/537.36 http://localhost:4721/homepage.aspx 404 0 2 11
2020-04-04 17:30:54 ::1 GET /bec05126cc3a44e48383fc1af047e344/arterySignalR/ping requestUrl=http%3A%2F%2Flocalhost%3A4721%2Fhomepage.aspx&browserName=Chrome&_=1586021454963 4721 - ::1 Mozilla/5.0+(Windows+NT+10.0;+Win64;+x64)+AppleWebKit/537.36+(KHTML,+like+Gecko)+Chrome/80.0.3987.149+Safari/537.36 http://localhost:4721/homepage.aspx 404 0 2 12
2020-04-04 17:35:54 ::1 GET /bec05126cc3a44e48383fc1af047e344/arterySignalR/ping requestUrl=http%3A%2F%2Flocalhost%3A4721%2Fhomepage.aspx&browserName=Chrome&_=1586021754963 4721 - ::1 Mozilla/5.0+(Windows+NT+10.0;+Win64;+x64)+AppleWebKit/537.36+(KHTML,+like+Gecko)+Chrome/80.0.3987.149+Safari/537.36 http://localhost:4721/homepage.aspx 404 0 2 12
2020-04-04 17:40:54 ::1 GET /bec05126cc3a44e48383fc1af047e344/arterySignalR/ping requestUrl=http%3A%2F%2Flocalhost%3A4721%2Fhomepage.aspx&browserName=Chrome&_=1586022054967 4721 - ::1 Mozilla/5.0+(Windows+NT+10.0;+Win64;+x64)+AppleWebKit/537.36+(KHTML,+like+Gecko)+Chrome/80.0.3987.149+Safari/537.36 http://localhost:4721/homepage.aspx 404 0 2 10
2020-04-04 17:45:54 ::1 GET /bec05126cc3a44e48383fc1af047e344/arterySignalR/ping requestUrl=http%3A%2F%2Flocalhost%3A4721%2Fhomepage.aspx&browserName=Chrome&_=1586022354966 4721 - ::1 Mozilla/5.0+(Windows+NT+10.0;+Win64;+x64)+AppleWebKit/537.36+(KHTML,+like+Gecko)+Chrome/80.0.3987.149+Safari/537.36 http://localhost:4721/homepage.aspx 404 0 2 13
2020-04-04 17:50:54 ::1 GET /bec05126cc3a44e48383fc1af047e344/arterySignalR/ping requestUrl=http%3A%2F%2Flocalhost%3A4721%2Fhomepage.aspx&browserName=Chrome&_=1586022654962 4721 - ::1 Mozilla/5.0+(Windows+NT+10.0;+Win64;+x64)+AppleWebKit/537.36+(KHTML,+like+Gecko)+Chrome/80.0.3987.149+Safari/537.36 http://localhost:4721/homepage.aspx 404 0 2 14
2020-04-04 17:55:55 ::1 GET /bec05126cc3a44e48383fc1af047e344/arterySignalR/ping requestUrl=http%3A%2F%2Flocalhost%3A4721%2Fhomepage.aspx&browserName=Chrome&_=1586022954965 4721 - ::1 Mozilla/5.0+(Windows+NT+10.0;+Win64;+x64)+AppleWebKit/537.36+(KHTML,+like+Gecko)+Chrome/80.0.3987.149+Safari/537.36 http://localhost:4721/homepage.aspx 404 0 2 12
2020-04-04 18:00:54 ::1 GET /bec05126cc3a44e48383fc1af047e344/arterySignalR/ping requestUrl=http%3A%2F%2Flocalhost%3A4721%2Fhomepage.aspx&browserName=Chrome&_=1586023254962 4721 - ::1 Mozilla/5.0+(Windows+NT+10.0;+Win64;+x64)+AppleWebKit/537.36+(KHTML,+like+Gecko)+Chrome/80.0.3987.149+Safari/537.36 http://localhost:4721/homepage.aspx 404 0 2 11
2020-04-04 18:05:54 ::1 GET /bec05126cc3a44e48383fc1af047e344/arterySignalR/ping requestUrl=http%3A%2F%2Flocalhost%3A4721%2Fhomepage.aspx&browserName=Chrome&_=1586023554968 4721 - ::1 Mozilla/5.0+(Windows+NT+10.0;+Win64;+x64)+AppleWebKit/537.36+(KHTML,+like+Gecko)+Chrome/80.0.3987.149+Safari/537.36 http://localhost:4721/homepage.aspx 404 0 2 13
2020-04-04 18:10:54 ::1 GET /bec05126cc3a44e48383fc1af047e344/arterySignalR/ping requestUrl=http%3A%2F%2Flocalhost%3A4721%2Fhomepage.aspx&browserName=Chrome&_=1586023854967 4721 - ::1 Mozilla/5.0+(Windows+NT+10.0;+Win64;+x64)+AppleWebKit/537.36+(KHTML,+like+Gecko)+Chrome/80.0.3987.149+Safari/537.36 http://localhost:4721/homepage.aspx 404 0 2 12
2020-04-04 18:15:55 ::1 GET /bec05126cc3a44e48383fc1af047e344/arterySignalR/ping requestUrl=http%3A%2F%2Flocalhost%3A4721%2Fhomepage.aspx&browserName=Chrome&_=1586024154963 4721 - ::1 Mozilla/5.0+(Windows+NT+10.0;+Win64;+x64)+AppleWebKit/537.36+(KHTML,+like+Gecko)+Chrome/80.0.3987.149+Safari/537.36 http://localhost:4721/homepage.aspx 404 0 2 12
2020-04-04 18:20:54 ::1 GET /bec05126cc3a44e48383fc1af047e344/arterySignalR/ping requestUrl=http%3A%2F%2Flocalhost%3A4721%2Fhomepage.aspx&browserName=Chrome&_=1586024454966 4721 - ::1 Mozilla/5.0+(Windows+NT+10.0;+Win64;+x64)+AppleWebKit/537.36+(KHTML,+like+Gecko)+Chrome/80.0.3987.149+Safari/537.36 http://localhost:4721/homepage.aspx 404 0 2 11
2020-04-04 18:25:54 ::1 GET /bec05126cc3a44e48383fc1af047e344/arterySignalR/ping requestUrl=http%3A%2F%2Flocalhost%3A4721%2Fhomepage.aspx&browserName=Chrome&_=1586024754960 4721 - ::1 Mozilla/5.0+(Windows+NT+10.0;+Win64;+x64)+AppleWebKit/537.36+(KHTML,+like+Gecko)+Chrome/80.0.3987.149+Safari/537.36 http://localhost:4721/homepage.aspx 404 0 2 6
2020-04-04 18:30:54 ::1 GET /bec05126cc3a44e48383fc1af047e344/arterySignalR/ping requestUrl=http%3A%2F%2Flocalhost%3A4721%2Fhomepage.aspx&browserName=Chrome&_=1586025054965 4721 - ::1 Mozilla/5.0+(Windows+NT+10.0;+Win64;+x64)+AppleWebKit/537.36+(KHTML,+like+Gecko)+Chrome/80.0.3987.149+Safari/537.36 http://localhost:4721/homepage.aspx 404 0 2 11
2020-04-04 18:35:55 ::1 GET /bec05126cc3a44e48383fc1af047e344/arterySignalR/ping requestUrl=http%3A%2F%2Flocalhost%3A4721%2Fhomepage.aspx&browserName=Chrome&_=1586025354966 4721 - ::1 Mozilla/5.0+(Windows+NT+10.0;+Win64;+x64)+AppleWebKit/537.36+(KHTML,+like+Gecko)+Chrome/80.0.3987.149+Safari/537.36 http://localhost:4721/homepage.aspx 404 0 2 11
2020-04-04 18:40:54 ::1 GET /bec05126cc3a44e48383fc1af047e344/arterySignalR/ping requestUrl=http%3A%2F%2Flocalhost%3A4721%2Fhomepage.aspx&browserName=Chrome&_=1586025654963 4721 - ::1 Mozilla/5.0+(Windows+NT+10.0;+Win64;+x64)+AppleWebKit/537.36+(KHTML,+like+Gecko)+Chrome/80.0.3987.149+Safari/537.36 http://localhost:4721/homepage.aspx 404 0 2 12
2020-04-04 18:45:54 ::1 GET /bec05126cc3a44e48383fc1af047e344/arterySignalR/ping requestUrl=http%3A%2F%2Flocalhost%3A4721%2Fhomepage.aspx&browserName=Chrome&_=1586025954963 4721 - ::1 Mozilla/5.0+(Windows+NT+10.0;+Win64;+x64)+AppleWebKit/537.36+(KHTML,+like+Gecko)+Chrome/80.0.3987.149+Safari/537.36 http://localhost:4721/homepage.aspx 404 0 2 14
2020-04-04 18:50:54 ::1 GET /bec05126cc3a44e48383fc1af047e344/arterySignalR/ping requestUrl=http%3A%2F%2Flocalhost%3A4721%2Fhomepage.aspx&browserName=Chrome&_=1586026254967 4721 - ::1 Mozilla/5.0+(Windows+NT+10.0;+Win64;+x64)+AppleWebKit/537.36+(KHTML,+like+Gecko)+Chrome/80.0.3987.149+Safari/537.36 http://localhost:4721/homepage.aspx 404 0 2 9
2020-04-04 18:55:54 ::1 GET /bec05126cc3a44e48383fc1af047e344/arterySignalR/ping requestUrl=http%3A%2F%2Flocalhost%3A4721%2Fhomepage.aspx&browserName=Chrome&_=1586026554963 4721 - ::1 Mozilla/5.0+(Windows+NT+10.0;+Win64;+x64)+AppleWebKit/537.36+(KHTML,+like+Gecko)+Chrome/80.0.3987.149+Safari/537.36 http://localhost:4721/homepage.aspx 404 0 2 10
2020-04-04 19:00:54 ::1 GET /bec05126cc3a44e48383fc1af047e344/arterySignalR/ping requestUrl=http%3A%2F%2Flocalhost%3A4721%2Fhomepage.aspx&browserName=Chrome&_=1586026854962 4721 - ::1 Mozilla/5.0+(Windows+NT+10.0;+Win64;+x64)+AppleWebKit/537.36+(KHTML,+like+Gecko)+Chrome/80.0.3987.149+Safari/537.36 http://localhost:4721/homepage.aspx 404 0 2 13
2020-04-04 19:05:54 ::1 GET /bec05126cc3a44e48383fc1af047e344/arterySignalR/ping requestUrl=http%3A%2F%2Flocalhost%3A4721%2Fhomepage.aspx&browserName=Chrome&_=1586027154963 4721 - ::1 Mozilla/5.0+(Windows+NT+10.0;+Win64;+x64)+AppleWebKit/537.36+(KHTML,+like+Gecko)+Chrome/80.0.3987.149+Safari/537.36 http://localhost:4721/homepage.aspx 404 0 2 11
2020-04-04 19:10:55 ::1 GET /bec05126cc3a44e48383fc1af047e344/arterySignalR/ping requestUrl=http%3A%2F%2Flocalhost%3A4721%2Fhomepage.aspx&browserName=Chrome&_=1586027454962 4721 - ::1 Mozilla/5.0+(Windows+NT+10.0;+Win64;+x64)+AppleWebKit/537.36+(KHTML,+like+Gecko)+Chrome/80.0.3987.149+Safari/537.36 http://localhost:4721/homepage.aspx 404 0 2 37
2020-04-04 19:15:55 ::1 GET /bec05126cc3a44e48383fc1af047e344/arterySignalR/ping requestUrl=http%3A%2F%2Flocalhost%3A4721%2Fhomepage.aspx&browserName=Chrome&_=1586027754962 4721 - ::1 Mozilla/5.0+(Windows+NT+10.0;+Win64;+x64)+AppleWebKit/537.36+(KHTML,+like+Gecko)+Chrome/80.0.3987.149+Safari/537.36 http://localhost:4721/homepage.aspx 404 0 2 115
2020-04-04 19:20:54 ::1 GET /bec05126cc3a44e48383fc1af047e344/arterySignalR/ping requestUrl=http%3A%2F%2Flocalhost%3A4721%2Fhomepage.aspx&browserName=Chrome&_=1586028054965 4721 - ::1 Mozilla/5.0+(Windows+NT+10.0;+Win64;+x64)+AppleWebKit/537.36+(KHTML,+like+Gecko)+Chrome/80.0.3987.149+Safari/537.36 http://localhost:4721/homepage.aspx 404 0 2 11
2020-04-04 19:25:55 ::1 GET /bec05126cc3a44e48383fc1af047e344/arterySignalR/ping requestUrl=http%3A%2F%2Flocalhost%3A4721%2Fhomepage.aspx&browserName=Chrome&_=1586028354966 4721 - ::1 Mozilla/5.0+(Windows+NT+10.0;+Win64;+x64)+AppleWebKit/537.36+(KHTML,+like+Gecko)+Chrome/80.0.3987.149+Safari/537.36 http://localhost:4721/homepage.aspx 404 0 2 110
2020-04-04 19:30:54 ::1 GET /bec05126cc3a44e48383fc1af047e344/arterySignalR/ping requestUrl=http%3A%2F%2Flocalhost%3A4721%2Fhomepage.aspx&browserName=Chrome&_=1586028654966 4721 - ::1 Mozilla/5.0+(Windows+NT+10.0;+Win64;+x64)+AppleWebKit/537.36+(KHTML,+like+Gecko)+Chrome/80.0.3987.149+Safari/537.36 http://localhost:4721/homepage.aspx 404 0 2 11
2020-04-04 19:35:54 ::1 GET /bec05126cc3a44e48383fc1af047e344/arterySignalR/ping requestUrl=http%3A%2F%2Flocalhost%3A4721%2Fhomepage.aspx&browserName=Chrome&_=1586028954963 4721 - ::1 Mozilla/5.0+(Windows+NT+10.0;+Win64;+x64)+AppleWebKit/537.36+(KHTML,+like+Gecko)+Chrome/80.0.3987.149+Safari/537.36 http://localhost:4721/homepage.aspx 404 0 2 6
2020-04-04 19:40:54 ::1 GET /bec05126cc3a44e48383fc1af047e344/arterySignalR/ping requestUrl=http%3A%2F%2Flocalhost%3A4721%2Fhomepage.aspx&browserName=Chrome&_=1586029254966 4721 - ::1 Mozilla/5.0+(Windows+NT+10.0;+Win64;+x64)+AppleWebKit/537.36+(KHTML,+like+Gecko)+Chrome/80.0.3987.149+Safari/537.36 http://localhost:4721/homepage.aspx 404 0 2 12
2020-04-04 19:45:54 ::1 GET /bec05126cc3a44e48383fc1af047e344/arterySignalR/ping requestUrl=http%3A%2F%2Flocalhost%3A4721%2Fhomepage.aspx&browserName=Chrome&_=1586029554966 4721 - ::1 Mozilla/5.0+(Windows+NT+10.0;+Win64;+x64)+AppleWebKit/537.36+(KHTML,+like+Gecko)+Chrome/80.0.3987.149+Safari/537.36 http://localhost:4721/homepage.aspx 404 0 2 12
2020-04-04 19:50:55 ::1 GET /bec05126cc3a44e48383fc1af047e344/arterySignalR/ping requestUrl=http%3A%2F%2Flocalhost%3A4721%2Fhomepage.aspx&browserName=Chrome&_=1586029854963 4721 - ::1 Mozilla/5.0+(Windows+NT+10.0;+Win64;+x64)+AppleWebKit/537.36+(KHTML,+like+Gecko)+Chrome/80.0.3987.149+Safari/537.36 http://localhost:4721/homepage.aspx 404 0 2 11
2020-04-04 19:55:54 ::1 GET /bec05126cc3a44e48383fc1af047e344/arterySignalR/ping requestUrl=http%3A%2F%2Flocalhost%3A4721%2Fhomepage.aspx&browserName=Chrome&_=1586030154965 4721 - ::1 Mozilla/5.0+(Windows+NT+10.0;+Win64;+x64)+AppleWebKit/537.36+(KHTML,+like+Gecko)+Chrome/80.0.3987.149+Safari/537.36 http://localhost:4721/homepage.aspx 404 0 2 13
2020-04-04 20:00:54 ::1 GET /bec05126cc3a44e48383fc1af047e344/arterySignalR/ping requestUrl=http%3A%2F%2Flocalhost%3A4721%2Fhomepage.aspx&browserName=Chrome&_=1586030454966 4721 - ::1 Mozilla/5.0+(Windows+NT+10.0;+Win64;+x64)+AppleWebKit/537.36+(KHTML,+like+Gecko)+Chrome/80.0.3987.149+Safari/537.36 http://localhost:4721/homepage.aspx 404 0 2 10
2020-04-04 20:05:54 ::1 GET /bec05126cc3a44e48383fc1af047e344/arterySignalR/ping requestUrl=http%3A%2F%2Flocalhost%3A4721%2Fhomepage.aspx&browserName=Chrome&_=1586030754966 4721 - ::1 Mozilla/5.0+(Windows+NT+10.0;+Win64;+x64)+AppleWebKit/537.36+(KHTML,+like+Gecko)+Chrome/80.0.3987.149+Safari/537.36 http://localhost:4721/homepage.aspx 404 0 2 13
2020-04-04 20:10:55 ::1 GET /bec05126cc3a44e48383fc1af047e344/arterySignalR/ping requestUrl=http%3A%2F%2Flocalhost%3A4721%2Fhomepage.aspx&browserName=Chrome&_=1586031054964 4721 - ::1 Mozilla/5.0+(Windows+NT+10.0;+Win64;+x64)+AppleWebKit/537.36+(KHTML,+like+Gecko)+Chrome/80.0.3987.149+Safari/537.36 http://localhost:4721/homepage.aspx 404 0 2 108
2020-04-04 20:15:54 ::1 GET /bec05126cc3a44e48383fc1af047e344/arterySignalR/ping requestUrl=http%3A%2F%2Flocalhost%3A4721%2Fhomepage.aspx&browserName=Chrome&_=1586031354963 4721 - ::1 Mozilla/5.0+(Windows+NT+10.0;+Win64;+x64)+AppleWebKit/537.36+(KHTML,+like+Gecko)+Chrome/80.0.3987.149+Safari/537.36 http://localhost:4721/homepage.aspx 404 0 2 12
2020-04-04 20:20:55 ::1 GET /bec05126cc3a44e48383fc1af047e344/arterySignalR/ping requestUrl=http%3A%2F%2Flocalhost%3A4721%2Fhomepage.aspx&browserName=Chrome&_=1586031654966 4721 - ::1 Mozilla/5.0+(Windows+NT+10.0;+Win64;+x64)+AppleWebKit/537.36+(KHTML,+like+Gecko)+Chrome/80.0.3987.149+Safari/537.36 http://localhost:4721/homepage.aspx 404 0 2 110
2020-04-04 20:25:54 ::1 GET /bec05126cc3a44e48383fc1af047e344/arterySignalR/ping requestUrl=http%3A%2F%2Flocalhost%3A4721%2Fhomepage.aspx&browserName=Chrome&_=1586031954967 4721 - ::1 Mozilla/5.0+(Windows+NT+10.0;+Win64;+x64)+AppleWebKit/537.36+(KHTML,+like+Gecko)+Chrome/80.0.3987.149+Safari/537.36 http://localhost:4721/homepage.aspx 404 0 2 13
2020-04-04 20:30:54 ::1 GET /bec05126cc3a44e48383fc1af047e344/arterySignalR/ping requestUrl=http%3A%2F%2Flocalhost%3A4721%2Fhomepage.aspx&browserName=Chrome&_=1586032254962 4721 - ::1 Mozilla/5.0+(Windows+NT+10.0;+Win64;+x64)+AppleWebKit/537.36+(KHTML,+like+Gecko)+Chrome/80.0.3987.149+Safari/537.36 http://localhost:4721/homepage.aspx 404 0 2 11
2020-04-04 20:35:55 ::1 GET /bec05126cc3a44e48383fc1af047e344/arterySignalR/ping requestUrl=http%3A%2F%2Flocalhost%3A4721%2Fhomepage.aspx&browserName=Chrome&_=1586032554966 4721 - ::1 Mozilla/5.0+(Windows+NT+10.0;+Win64;+x64)+AppleWebKit/537.36+(KHTML,+like+Gecko)+Chrome/80.0.3987.149+Safari/537.36 http://localhost:4721/homepage.aspx 404 0 2 34
2020-04-04 20:40:54 ::1 GET /bec05126cc3a44e48383fc1af047e344/arterySignalR/ping requestUrl=http%3A%2F%2Flocalhost%3A4721%2Fhomepage.aspx&browserName=Chrome&_=1586032854965 4721 - ::1 Mozilla/5.0+(Windows+NT+10.0;+Win64;+x64)+AppleWebKit/537.36+(KHTML,+like+Gecko)+Chrome/80.0.3987.149+Safari/537.36 http://localhost:4721/homepage.aspx 404 0 2 11
2020-04-04 20:45:55 ::1 GET /bec05126cc3a44e48383fc1af047e344/arterySignalR/ping requestUrl=http%3A%2F%2Flocalhost%3A4721%2Fhomepage.aspx&browserName=Chrome&_=1586033154967 4721 - ::1 Mozilla/5.0+(Windows+NT+10.0;+Win64;+x64)+AppleWebKit/537.36+(KHTML,+like+Gecko)+Chrome/80.0.3987.149+Safari/537.36 http://localhost:4721/homepage.aspx 404 0 2 12
2020-04-04 20:50:55 ::1 GET /bec05126cc3a44e48383fc1af047e344/arterySignalR/ping requestUrl=http%3A%2F%2Flocalhost%3A4721%2Fhomepage.aspx&browserName=Chrome&_=1586033454967 4721 - ::1 Mozilla/5.0+(Windows+NT+10.0;+Win64;+x64)+AppleWebKit/537.36+(KHTML,+like+Gecko)+Chrome/80.0.3987.149+Safari/537.36 http://localhost:4721/homepage.aspx 404 0 2 12
2020-04-04 20:55:54 ::1 GET /bec05126cc3a44e48383fc1af047e344/arterySignalR/ping requestUrl=http%3A%2F%2Flocalhost%3A4721%2Fhomepage.aspx&browserName=Chrome&_=1586033754965 4721 - ::1 Mozilla/5.0+(Windows+NT+10.0;+Win64;+x64)+AppleWebKit/537.36+(KHTML,+like+Gecko)+Chrome/80.0.3987.149+Safari/537.36 http://localhost:4721/homepage.aspx 404 0 2 10
2020-04-04 21:00:54 ::1 GET /bec05126cc3a44e48383fc1af047e344/arterySignalR/ping requestUrl=http%3A%2F%2Flocalhost%3A4721%2Fhomepage.aspx&browserName=Chrome&_=1586034054967 4721 - ::1 Mozilla/5.0+(Windows+NT+10.0;+Win64;+x64)+AppleWebKit/537.36+(KHTML,+like+Gecko)+Chrome/80.0.3987.149+Safari/537.36 http://localhost:4721/homepage.aspx 404 0 2 9
2020-04-04 21:05:55 ::1 GET /bec05126cc3a44e48383fc1af047e344/arterySignalR/ping requestUrl=http%3A%2F%2Flocalhost%3A4721%2Fhomepage.aspx&browserName=Chrome&_=1586034354966 4721 - ::1 Mozilla/5.0+(Windows+NT+10.0;+Win64;+x64)+AppleWebKit/537.36+(KHTML,+like+Gecko)+Chrome/80.0.3987.149+Safari/537.36 http://localhost:4721/homepage.aspx 404 0 2 117
2020-04-04 21:10:54 ::1 GET /bec05126cc3a44e48383fc1af047e344/arterySignalR/ping requestUrl=http%3A%2F%2Flocalhost%3A4721%2Fhomepage.aspx&browserName=Chrome&_=1586034654962 4721 - ::1 Mozilla/5.0+(Windows+NT+10.0;+Win64;+x64)+AppleWebKit/537.36+(KHTML,+like+Gecko)+Chrome/80.0.3987.149+Safari/537.36 http://localhost:4721/homepage.aspx 404 0 2 11
2020-04-04 21:15:54 ::1 GET /bec05126cc3a44e48383fc1af047e344/arterySignalR/ping requestUrl=http%3A%2F%2Flocalhost%3A4721%2Fhomepage.aspx&browserName=Chrome&_=1586034954965 4721 - ::1 Mozilla/5.0+(Windows+NT+10.0;+Win64;+x64)+AppleWebKit/537.36+(KHTML,+like+Gecko)+Chrome/80.0.3987.149+Safari/537.36 http://localhost:4721/homepage.aspx 404 0 2 12
2020-04-04 21:20:55 ::1 GET /bec05126cc3a44e48383fc1af047e344/arterySignalR/ping requestUrl=http%3A%2F%2Flocalhost%3A4721%2Fhomepage.aspx&browserName=Chrome&_=1586035254963 4721 - ::1 Mozilla/5.0+(Windows+NT+10.0;+Win64;+x64)+AppleWebKit/537.36+(KHTML,+like+Gecko)+Chrome/80.0.3987.149+Safari/537.36 http://localhost:4721/homepage.aspx 404 0 2 12
2020-04-04 21:25:55 ::1 GET /bec05126cc3a44e48383fc1af047e344/arterySignalR/ping requestUrl=http%3A%2F%2Flocalhost%3A4721%2Fhomepage.aspx&browserName=Chrome&_=1586035554967 4721 - ::1 Mozilla/5.0+(Windows+NT+10.0;+Win64;+x64)+AppleWebKit/537.36+(KHTML,+like+Gecko)+Chrome/80.0.3987.149+Safari/537.36 http://localhost:4721/homepage.aspx 404 0 2 40
2020-04-04 21:30:54 ::1 GET /bec05126cc3a44e48383fc1af047e344/arterySignalR/ping requestUrl=http%3A%2F%2Flocalhost%3A4721%2Fhomepage.aspx&browserName=Chrome&_=1586035854965 4721 - ::1 Mozilla/5.0+(Windows+NT+10.0;+Win64;+x64)+AppleWebKit/537.36+(KHTML,+like+Gecko)+Chrome/80.0.3987.149+Safari/537.36 http://localhost:4721/homepage.aspx 404 0 2 8
2020-04-04 21:35:55 ::1 GET /bec05126cc3a44e48383fc1af047e344/arterySignalR/ping requestUrl=http%3A%2F%2Flocalhost%3A4721%2Fhomepage.aspx&browserName=Chrome&_=1586036154963 4721 - ::1 Mozilla/5.0+(Windows+NT+10.0;+Win64;+x64)+AppleWebKit/537.36+(KHTML,+like+Gecko)+Chrome/80.0.3987.149+Safari/537.36 http://localhost:4721/homepage.aspx 404 0 2 11
2020-04-04 21:40:54 ::1 GET /bec05126cc3a44e48383fc1af047e344/arterySignalR/ping requestUrl=http%3A%2F%2Flocalhost%3A4721%2Fhomepage.aspx&browserName=Chrome&_=1586036454966 4721 - ::1 Mozilla/5.0+(Windows+NT+10.0;+Win64;+x64)+AppleWebKit/537.36+(KHTML,+like+Gecko)+Chrome/80.0.3987.149+Safari/537.36 http://localhost:4721/homepage.aspx 404 0 2 5
2020-04-04 21:45:54 ::1 GET /bec05126cc3a44e48383fc1af047e344/arterySignalR/ping requestUrl=http%3A%2F%2Flocalhost%3A4721%2Fhomepage.aspx&browserName=Chrome&_=1586036754967 4721 - ::1 Mozilla/5.0+(Windows+NT+10.0;+Win64;+x64)+AppleWebKit/537.36+(KHTML,+like+Gecko)+Chrome/80.0.3987.149+Safari/537.36 http://localhost:4721/homepage.aspx 404 0 2 12
2020-04-04 21:50:54 ::1 GET /bec05126cc3a44e48383fc1af047e344/arterySignalR/ping requestUrl=http%3A%2F%2Flocalhost%3A4721%2Fhomepage.aspx&browserName=Chrome&_=1586037054967 4721 - ::1 Mozilla/5.0+(Windows+NT+10.0;+Win64;+x64)+AppleWebKit/537.36+(KHTML,+like+Gecko)+Chrome/80.0.3987.149+Safari/537.36 http://localhost:4721/homepage.aspx 404 0 2 12
2020-04-04 21:55:55 ::1 GET /bec05126cc3a44e48383fc1af047e344/arterySignalR/ping requestUrl=http%3A%2F%2Flocalhost%3A4721%2Fhomepage.aspx&browserName=Chrome&_=1586037354966 4721 - ::1 Mozilla/5.0+(Windows+NT+10.0;+Win64;+x64)+AppleWebKit/537.36+(KHTML,+like+Gecko)+Chrome/80.0.3987.149+Safari/537.36 http://localhost:4721/homepage.aspx 404 0 2 11
2020-04-04 22:00:54 ::1 GET /bec05126cc3a44e48383fc1af047e344/arterySignalR/ping requestUrl=http%3A%2F%2Flocalhost%3A4721%2Fhomepage.aspx&browserName=Chrome&_=1586037654962 4721 - ::1 Mozilla/5.0+(Windows+NT+10.0;+Win64;+x64)+AppleWebKit/537.36+(KHTML,+like+Gecko)+Chrome/80.0.3987.149+Safari/537.36 http://localhost:4721/homepage.aspx 404 0 2 11
2020-04-04 22:05:54 ::1 GET /bec05126cc3a44e48383fc1af047e344/arterySignalR/ping requestUrl=http%3A%2F%2Flocalhost%3A4721%2Fhomepage.aspx&browserName=Chrome&_=1586037954967 4721 - ::1 Mozilla/5.0+(Windows+NT+10.0;+Win64;+x64)+AppleWebKit/537.36+(KHTML,+like+Gecko)+Chrome/80.0.3987.149+Safari/537.36 http://localhost:4721/homepage.aspx 404 0 2 11
2020-04-04 22:10:54 ::1 GET /bec05126cc3a44e48383fc1af047e344/arterySignalR/ping requestUrl=http%3A%2F%2Flocalhost%3A4721%2Fhomepage.aspx&browserName=Chrome&_=1586038254965 4721 - ::1 Mozilla/5.0+(Windows+NT+10.0;+Win64;+x64)+AppleWebKit/537.36+(KHTML,+like+Gecko)+Chrome/80.0.3987.149+Safari/537.36 http://localhost:4721/homepage.aspx 404 0 2 12
2020-04-04 22:15:54 ::1 GET /bec05126cc3a44e48383fc1af047e344/arterySignalR/ping requestUrl=http%3A%2F%2Flocalhost%3A4721%2Fhomepage.aspx&browserName=Chrome&_=1586038554966 4721 - ::1 Mozilla/5.0+(Windows+NT+10.0;+Win64;+x64)+AppleWebKit/537.36+(KHTML,+like+Gecko)+Chrome/80.0.3987.149+Safari/537.36 http://localhost:4721/homepage.aspx 404 0 2 13
2020-04-04 22:20:54 ::1 GET /bec05126cc3a44e48383fc1af047e344/arterySignalR/ping requestUrl=http%3A%2F%2Flocalhost%3A4721%2Fhomepage.aspx&browserName=Chrome&_=1586038854964 4721 - ::1 Mozilla/5.0+(Windows+NT+10.0;+Win64;+x64)+AppleWebKit/537.36+(KHTML,+like+Gecko)+Chrome/80.0.3987.149+Safari/537.36 http://localhost:4721/homepage.aspx 404 0 2 5
2020-04-04 22:25:54 ::1 GET /bec05126cc3a44e48383fc1af047e344/arterySignalR/ping requestUrl=http%3A%2F%2Flocalhost%3A4721%2Fhomepage.aspx&browserName=Chrome&_=1586039154965 4721 - ::1 Mozilla/5.0+(Windows+NT+10.0;+Win64;+x64)+AppleWebKit/537.36+(KHTML,+like+Gecko)+Chrome/80.0.3987.149+Safari/537.36 http://localhost:4721/homepage.aspx 404 0 2 11
2020-04-04 22:30:54 ::1 GET /bec05126cc3a44e48383fc1af047e344/arterySignalR/ping requestUrl=http%3A%2F%2Flocalhost%3A4721%2Fhomepage.aspx&browserName=Chrome&_=1586039454963 4721 - ::1 Mozilla/5.0+(Windows+NT+10.0;+Win64;+x64)+AppleWebKit/537.36+(KHTML,+like+Gecko)+Chrome/80.0.3987.149+Safari/537.36 http://localhost:4721/homepage.aspx 404 0 2 5
2020-04-04 22:35:54 ::1 GET /bec05126cc3a44e48383fc1af047e344/arterySignalR/ping requestUrl=http%3A%2F%2Flocalhost%3A4721%2Fhomepage.aspx&browserName=Chrome&_=1586039754964 4721 - ::1 Mozilla/5.0+(Windows+NT+10.0;+Win64;+x64)+AppleWebKit/537.36+(KHTML,+like+Gecko)+Chrome/80.0.3987.149+Safari/537.36 http://localhost:4721/homepage.aspx 404 0 2 8
2020-04-04 22:40:55 ::1 GET /bec05126cc3a44e48383fc1af047e344/arterySignalR/ping requestUrl=http%3A%2F%2Flocalhost%3A4721%2Fhomepage.aspx&browserName=Chrome&_=1586040054964 4721 - ::1 Mozilla/5.0+(Windows+NT+10.0;+Win64;+x64)+AppleWebKit/537.36+(KHTML,+like+Gecko)+Chrome/80.0.3987.149+Safari/537.36 http://localhost:4721/homepage.aspx 404 0 2 82
2020-04-04 22:45:54 ::1 GET /bec05126cc3a44e48383fc1af047e344/arterySignalR/ping requestUrl=http%3A%2F%2Flocalhost%3A4721%2Fhomepage.aspx&browserName=Chrome&_=1586040354963 4721 - ::1 Mozilla/5.0+(Windows+NT+10.0;+Win64;+x64)+AppleWebKit/537.36+(KHTML,+like+Gecko)+Chrome/80.0.3987.149+Safari/537.36 http://localhost:4721/homepage.aspx 404 0 2 15
2020-04-04 22:50:55 ::1 GET /bec05126cc3a44e48383fc1af047e344/arterySignalR/ping requestUrl=http%3A%2F%2Flocalhost%3A4721%2Fhomepage.aspx&browserName=Chrome&_=1586040655020 4721 - ::1 Mozilla/5.0+(Windows+NT+10.0;+Win64;+x64)+AppleWebKit/537.36+(KHTML,+like+Gecko)+Chrome/80.0.3987.149+Safari/537.36 http://localhost:4721/homepage.aspx 404 0 2 11
2020-04-04 22:55:54 ::1 GET /bec05126cc3a44e48383fc1af047e344/arterySignalR/ping requestUrl=http%3A%2F%2Flocalhost%3A4721%2Fhomepage.aspx&browserName=Chrome&_=1586040954967 4721 - ::1 Mozilla/5.0+(Windows+NT+10.0;+Win64;+x64)+AppleWebKit/537.36+(KHTML,+like+Gecko)+Chrome/80.0.3987.149+Safari/537.36 http://localhost:4721/homepage.aspx 404 0 2 5
2020-04-04 23:00:54 ::1 GET /bec05126cc3a44e48383fc1af047e344/arterySignalR/ping requestUrl=http%3A%2F%2Flocalhost%3A4721%2Fhomepage.aspx&browserName=Chrome&_=1586041254965 4721 - ::1 Mozilla/5.0+(Windows+NT+10.0;+Win64;+x64)+AppleWebKit/537.36+(KHTML,+like+Gecko)+Chrome/80.0.3987.149+Safari/537.36 http://localhost:4721/homepage.aspx 404 0 2 7
2020-04-04 23:05:54 ::1 GET /bec05126cc3a44e48383fc1af047e344/arterySignalR/ping requestUrl=http%3A%2F%2Flocalhost%3A4721%2Fhomepage.aspx&browserName=Chrome&_=1586041554963 4721 - ::1 Mozilla/5.0+(Windows+NT+10.0;+Win64;+x64)+AppleWebKit/537.36+(KHTML,+like+Gecko)+Chrome/80.0.3987.149+Safari/537.36 http://localhost:4721/homepage.aspx 404 0 2 12
2020-04-04 23:10:54 ::1 GET /bec05126cc3a44e48383fc1af047e344/arterySignalR/ping requestUrl=http%3A%2F%2Flocalhost%3A4721%2Fhomepage.aspx&browserName=Chrome&_=1586041854962 4721 - ::1 Mozilla/5.0+(Windows+NT+10.0;+Win64;+x64)+AppleWebKit/537.36+(KHTML,+like+Gecko)+Chrome/80.0.3987.149+Safari/537.36 http://localhost:4721/homepage.aspx 404 0 2 6
2020-04-04 23:15:56 ::1 GET /bec05126cc3a44e48383fc1af047e344/arterySignalR/ping requestUrl=http%3A%2F%2Flocalhost%3A4721%2Fhomepage.aspx&browserName=Chrome&_=1586042154962 4721 - ::1 Mozilla/5.0+(Windows+NT+10.0;+Win64;+x64)+AppleWebKit/537.36+(KHTML,+like+Gecko)+Chrome/80.0.3987.149+Safari/537.36 http://localhost:4721/homepage.aspx 404 0 2 1045
2020-04-04 23:20:54 ::1 GET /bec05126cc3a44e48383fc1af047e344/arterySignalR/ping requestUrl=http%3A%2F%2Flocalhost%3A4721%2Fhomepage.aspx&browserName=Chrome&_=1586042454962 4721 - ::1 Mozilla/5.0+(Windows+NT+10.0;+Win64;+x64)+AppleWebKit/537.36+(KHTML,+like+Gecko)+Chrome/80.0.3987.149+Safari/537.36 http://localhost:4721/homepage.aspx 404 0 2 20
2020-04-04 23:25:54 ::1 GET /bec05126cc3a44e48383fc1af047e344/arterySignalR/ping requestUrl=http%3A%2F%2Flocalhost%3A4721%2Fhomepage.aspx&browserName=Chrome&_=1586042754962 4721 - ::1 Mozilla/5.0+(Windows+NT+10.0;+Win64;+x64)+AppleWebKit/537.36+(KHTML,+like+Gecko)+Chrome/80.0.3987.149+Safari/537.36 http://localhost:4721/homepage.aspx 404 0 2 28
2020-04-04 23:30:54 ::1 GET /bec05126cc3a44e48383fc1af047e344/arterySignalR/ping requestUrl=http%3A%2F%2Flocalhost%3A4721%2Fhomepage.aspx&browserName=Chrome&_=1586043054964 4721 - ::1 Mozilla/5.0+(Windows+NT+10.0;+Win64;+x64)+AppleWebKit/537.36+(KHTML,+like+Gecko)+Chrome/80.0.3987.149+Safari/537.36 http://localhost:4721/homepage.aspx 404 0 2 12
2020-04-04 23:35:54 ::1 GET /bec05126cc3a44e48383fc1af047e344/arterySignalR/ping requestUrl=http%3A%2F%2Flocalhost%3A4721%2Fhomepage.aspx&browserName=Chrome&_=1586043354963 4721 - ::1 Mozilla/5.0+(Windows+NT+10.0;+Win64;+x64)+AppleWebKit/537.36+(KHTML,+like+Gecko)+Chrome/80.0.3987.149+Safari/537.36 http://localhost:4721/homepage.aspx 404 0 2 9
2020-04-04 23:40:54 ::1 GET /bec05126cc3a44e48383fc1af047e344/arterySignalR/ping requestUrl=http%3A%2F%2Flocalhost%3A4721%2Fhomepage.aspx&browserName=Chrome&_=1586043654963 4721 - ::1 Mozilla/5.0+(Windows+NT+10.0;+Win64;+x64)+AppleWebKit/537.36+(KHTML,+like+Gecko)+Chrome/80.0.3987.149+Safari/537.36 http://localhost:4721/homepage.aspx 404 0 2 4
2020-04-04 23:45:54 ::1 GET /bec05126cc3a44e48383fc1af047e344/arterySignalR/ping requestUrl=http%3A%2F%2Flocalhost%3A4721%2Fhomepage.aspx&browserName=Chrome&_=1586043954962 4721 - ::1 Mozilla/5.0+(Windows+NT+10.0;+Win64;+x64)+AppleWebKit/537.36+(KHTML,+like+Gecko)+Chrome/80.0.3987.149+Safari/537.36 http://localhost:4721/homepage.aspx 404 0 2 8
2020-04-04 23:50:55 ::1 GET /bec05126cc3a44e48383fc1af047e344/arterySignalR/ping requestUrl=http%3A%2F%2Flocalhost%3A4721%2Fhomepage.aspx&browserName=Chrome&_=1586044254963 4721 - ::1 Mozilla/5.0+(Windows+NT+10.0;+Win64;+x64)+AppleWebKit/537.36+(KHTML,+like+Gecko)+Chrome/80.0.3987.149+Safari/537.36 http://localhost:4721/homepage.aspx 404 0 2 13
2020-04-04 23:55:55 ::1 GET /bec05126cc3a44e48383fc1af047e344/arterySignalR/ping requestUrl=http%3A%2F%2Flocalhost%3A4721%2Fhomepage.aspx&browserName=Chrome&_=1586044554963 4721 - ::1 Mozilla/5.0+(Windows+NT+10.0;+Win64;+x64)+AppleWebKit/537.36+(KHTML,+like+Gecko)+Chrome/80.0.3987.149+Safari/537.36 http://localhost:4721/homepage.aspx 404 0 2 5
