#Software: Microsoft Internet Information Services 8.0
#Version: 1.0
#Date: 2020-06-11 14:13:47
#Fields: date time s-ip cs-method cs-uri-stem cs-uri-query s-port cs-username c-ip cs(User-Agent) cs(Referer) sc-status sc-substatus sc-win32-status time-taken
2020-06-11 14:13:47 ::1 GET /homepage.aspx - 4721 - ::1 Mozilla/5.0+(Windows+NT+10.0;+Win64;+x64)+AppleWebKit/537.36+(KHTML,+like+Gecko)+Chrome/83.0.4103.97+Safari/537.36 - 200 0 0 22791
2020-06-11 14:13:47 ::1 GET /Datatables/CSS/jquery.dataTables.min.css - 4721 - ::1 Mozilla/5.0+(Windows+NT+10.0;+Win64;+x64)+AppleWebKit/537.36+(KHTML,+like+Gecko)+Chrome/83.0.4103.97+Safari/537.36 http://localhost:4721/homepage.aspx 304 0 0 68
2020-06-11 14:13:49 ::1 GET /Fontawesome/css/all.css - 4721 - ::1 Mozilla/5.0+(Windows+NT+10.0;+Win64;+x64)+AppleWebKit/537.36+(KHTML,+like+Gecko)+Chrome/83.0.4103.97+Safari/537.36 http://localhost:4721/homepage.aspx 304 0 0 1109
2020-06-11 14:13:49 ::1 GET /Bootstrap/CSS/bootstrap.min.css - 4721 - ::1 Mozilla/5.0+(Windows+NT+10.0;+Win64;+x64)+AppleWebKit/537.36+(KHTML,+like+Gecko)+Chrome/83.0.4103.97+Safari/537.36 http://localhost:4721/homepage.aspx 304 0 0 1446
2020-06-11 14:13:49 ::1 GET /CSS/MYstyleSheet.css - 4721 - ::1 Mozilla/5.0+(Windows+NT+10.0;+Win64;+x64)+AppleWebKit/537.36+(KHTML,+like+Gecko)+Chrome/83.0.4103.97+Safari/537.36 http://localhost:4721/homepage.aspx 304 0 0 458
2020-06-11 14:13:49 ::1 GET /Datatables/JS/jquery.dataTables.min.js - 4721 - ::1 Mozilla/5.0+(Windows+NT+10.0;+Win64;+x64)+AppleWebKit/537.36+(KHTML,+like+Gecko)+Chrome/83.0.4103.97+Safari/537.36 http://localhost:4721/homepage.aspx 200 0 0 1610
2020-06-11 14:13:49 ::1 GET /Bootstrap/JS/jquery-3.4.1.slim.min.js - 4721 - ::1 Mozilla/5.0+(Windows+NT+10.0;+Win64;+x64)+AppleWebKit/537.36+(KHTML,+like+Gecko)+Chrome/83.0.4103.97+Safari/537.36 http://localhost:4721/homepage.aspx 200 0 0 1673
2020-06-11 14:13:49 ::1 GET /Bootstrap/JS/bootstrap.min.js - 4721 - ::1 Mozilla/5.0+(Windows+NT+10.0;+Win64;+x64)+AppleWebKit/537.36+(KHTML,+like+Gecko)+Chrome/83.0.4103.97+Safari/537.36 http://localhost:4721/homepage.aspx 200 0 0 1685
2020-06-11 14:13:49 ::1 GET /imgs/cartoon-house_6460-139.jpg - 4721 - ::1 Mozilla/5.0+(Windows+NT+10.0;+Win64;+x64)+AppleWebKit/537.36+(KHTML,+like+Gecko)+Chrome/83.0.4103.97+Safari/537.36 http://localhost:4721/homepage.aspx 200 0 0 25
2020-06-11 14:13:49 ::1 GET /Bootstrap/JS/popper.min.js - 4721 - ::1 Mozilla/5.0+(Windows+NT+10.0;+Win64;+x64)+AppleWebKit/537.36+(KHTML,+like+Gecko)+Chrome/83.0.4103.97+Safari/537.36 http://localhost:4721/homepage.aspx 200 0 0 1825
2020-06-11 14:13:49 ::1 GET /imgs/header.jpg - 4721 - ::1 Mozilla/5.0+(Windows+NT+10.0;+Win64;+x64)+AppleWebKit/537.36+(KHTML,+like+Gecko)+Chrome/83.0.4103.97+Safari/537.36 http://localhost:4721/homepage.aspx 200 0 0 120
2020-06-11 14:13:49 ::1 GET /imgs/example+3.jpg - 4721 - ::1 Mozilla/5.0+(Windows+NT+10.0;+Win64;+x64)+AppleWebKit/537.36+(KHTML,+like+Gecko)+Chrome/83.0.4103.97+Safari/537.36 http://localhost:4721/homepage.aspx 200 0 0 126
2020-06-11 14:13:49 ::1 GET /imgs/search.png - 4721 - ::1 Mozilla/5.0+(Windows+NT+10.0;+Win64;+x64)+AppleWebKit/537.36+(KHTML,+like+Gecko)+Chrome/83.0.4103.97+Safari/537.36 http://localhost:4721/homepage.aspx 200 0 0 131
2020-06-11 14:13:49 ::1 GET /imgs/Witbank-Mall.jpg - 4721 - ::1 Mozilla/5.0+(Windows+NT+10.0;+Win64;+x64)+AppleWebKit/537.36+(KHTML,+like+Gecko)+Chrome/83.0.4103.97+Safari/537.36 http://localhost:4721/homepage.aspx 200 0 0 141
2020-06-11 14:13:49 ::1 GET /imgs/sing+up.png - 4721 - ::1 Mozilla/5.0+(Windows+NT+10.0;+Win64;+x64)+AppleWebKit/537.36+(KHTML,+like+Gecko)+Chrome/83.0.4103.97+Safari/537.36 http://localhost:4721/homepage.aspx 200 0 0 142
2020-06-11 14:13:50 ::1 GET /imgs/kitchen+Header.jpg - 4721 - ::1 Mozilla/5.0+(Windows+NT+10.0;+Win64;+x64)+AppleWebKit/537.36+(KHTML,+like+Gecko)+Chrome/83.0.4103.97+Safari/537.36 http://localhost:4721/homepage.aspx 200 0 0 223
2020-06-11 14:13:50 ::1 GET /favicon.ico - 4721 - ::1 Mozilla/5.0+(Windows+NT+10.0;+Win64;+x64)+AppleWebKit/537.36+(KHTML,+like+Gecko)+Chrome/83.0.4103.97+Safari/537.36 http://localhost:4721/homepage.aspx 404 0 2 118
2020-06-11 14:13:58 ::1 GET /__browserLink/requestData/5165f86ac13f42ae904e62f6090170ad - 4721 - ::1 Mozilla/5.0+(Windows+NT+10.0;+Win64;+x64)+AppleWebKit/537.36+(KHTML,+like+Gecko)+Chrome/83.0.4103.97+Safari/537.36 http://localhost:4721/homepage.aspx 200 0 0 320
2020-06-11 14:14:02 ::1 POST /homepage.aspx - 4721 - ::1 Mozilla/5.0+(Windows+NT+10.0;+Win64;+x64)+AppleWebKit/537.36+(KHTML,+like+Gecko)+Chrome/83.0.4103.97+Safari/537.36 http://localhost:4721/homepage.aspx 302 0 0 243
2020-06-11 14:14:02 ::1 GET /usersingup.aspx - 4721 - ::1 Mozilla/5.0+(Windows+NT+10.0;+Win64;+x64)+AppleWebKit/537.36+(KHTML,+like+Gecko)+Chrome/83.0.4103.97+Safari/537.36 http://localhost:4721/homepage.aspx 200 0 0 94
2020-06-11 14:14:02 ::1 GET /imgs/generaluser.png - 4721 - ::1 Mozilla/5.0+(Windows+NT+10.0;+Win64;+x64)+AppleWebKit/537.36+(KHTML,+like+Gecko)+Chrome/83.0.4103.97+Safari/537.36 http://localhost:4721/usersingup.aspx 200 0 0 20
2020-06-11 14:14:04 ::1 GET /__browserLink/requestData/bcfc650837ef4ca9bc452436b61add9a - 4721 - ::1 Mozilla/5.0+(Windows+NT+10.0;+Win64;+x64)+AppleWebKit/537.36+(KHTML,+like+Gecko)+Chrome/83.0.4103.97+Safari/537.36 http://localhost:4721/usersingup.aspx 200 0 0 12
2020-06-11 14:14:07 ::1 POST /usersingup.aspx - 4721 - ::1 Mozilla/5.0+(Windows+NT+10.0;+Win64;+x64)+AppleWebKit/537.36+(KHTML,+like+Gecko)+Chrome/83.0.4103.97+Safari/537.36 http://localhost:4721/usersingup.aspx 302 0 0 9
2020-06-11 14:14:07 ::1 GET /userlogin.aspx - 4721 - ::1 Mozilla/5.0+(Windows+NT+10.0;+Win64;+x64)+AppleWebKit/537.36+(KHTML,+like+Gecko)+Chrome/83.0.4103.97+Safari/537.36 http://localhost:4721/usersingup.aspx 200 0 0 30
2020-06-11 14:14:07 ::1 GET /__browserLink/requestData/70c5cbff255842c9864a85708611a15b - 4721 - ::1 Mozilla/5.0+(Windows+NT+10.0;+Win64;+x64)+AppleWebKit/537.36+(KHTML,+like+Gecko)+Chrome/83.0.4103.97+Safari/537.36 http://localhost:4721/userlogin.aspx 200 0 0 4
2020-06-11 14:14:20 ::1 POST /userlogin.aspx - 4721 - ::1 Mozilla/5.0+(Windows+NT+10.0;+Win64;+x64)+AppleWebKit/537.36+(KHTML,+like+Gecko)+Chrome/83.0.4103.97+Safari/537.36 http://localhost:4721/userlogin.aspx 302 0 0 2532
2020-06-11 14:14:20 ::1 GET /homepage.aspx - 4721 - ::1 Mozilla/5.0+(Windows+NT+10.0;+Win64;+x64)+AppleWebKit/537.36+(KHTML,+like+Gecko)+Chrome/83.0.4103.97+Safari/537.36 http://localhost:4721/userlogin.aspx 200 0 0 24
2020-06-11 14:14:22 ::1 GET /__browserLink/requestData/fea9eb4ef7af47a7ab8ae3142c18f656 - 4721 - ::1 Mozilla/5.0+(Windows+NT+10.0;+Win64;+x64)+AppleWebKit/537.36+(KHTML,+like+Gecko)+Chrome/83.0.4103.97+Safari/537.36 http://localhost:4721/homepage.aspx 200 0 0 4
2020-06-11 14:14:39 ::1 POST /homepage.aspx - 4721 - ::1 Mozilla/5.0+(Windows+NT+10.0;+Win64;+x64)+AppleWebKit/537.36+(KHTML,+like+Gecko)+Chrome/83.0.4103.97+Safari/537.36 http://localhost:4721/homepage.aspx 302 0 0 96
2020-06-11 14:14:39 ::1 GET /registerproperty.aspx - 4721 - ::1 Mozilla/5.0+(Windows+NT+10.0;+Win64;+x64)+AppleWebKit/537.36+(KHTML,+like+Gecko)+Chrome/83.0.4103.97+Safari/537.36 http://localhost:4721/homepage.aspx 200 0 0 309
2020-06-11 14:14:39 ::1 GET /examples/room.png - 4721 - ::1 Mozilla/5.0+(Windows+NT+10.0;+Win64;+x64)+AppleWebKit/537.36+(KHTML,+like+Gecko)+Chrome/83.0.4103.97+Safari/537.36 http://localhost:4721/registerproperty.aspx 404 0 2 2
2020-06-11 14:14:39 ::1 GET /imgs/example4.jpeg - 4721 - ::1 Mozilla/5.0+(Windows+NT+10.0;+Win64;+x64)+AppleWebKit/537.36+(KHTML,+like+Gecko)+Chrome/83.0.4103.97+Safari/537.36 http://localhost:4721/registerproperty.aspx 200 0 0 48
2020-06-11 14:14:41 ::1 GET /__browserLink/requestData/081e4d7e26cb4d098a97d724a68a3311 - 4721 - ::1 Mozilla/5.0+(Windows+NT+10.0;+Win64;+x64)+AppleWebKit/537.36+(KHTML,+like+Gecko)+Chrome/83.0.4103.97+Safari/537.36 http://localhost:4721/registerproperty.aspx 200 0 0 5
2020-06-11 14:15:25 ::1 POST /registerproperty.aspx - 4721 - ::1 Mozilla/5.0+(Windows+NT+10.0;+Win64;+x64)+AppleWebKit/537.36+(KHTML,+like+Gecko)+Chrome/83.0.4103.97+Safari/537.36 http://localhost:4721/registerproperty.aspx 200 0 0 1252
2020-06-11 14:15:25 ::1 GET /examples/room.png - 4721 - ::1 Mozilla/5.0+(Windows+NT+10.0;+Win64;+x64)+AppleWebKit/537.36+(KHTML,+like+Gecko)+Chrome/83.0.4103.97+Safari/537.36 http://localhost:4721/registerproperty.aspx 404 0 2 14
2020-06-11 14:15:25 ::1 GET /examples/example4.jpeg - 4721 - ::1 Mozilla/5.0+(Windows+NT+10.0;+Win64;+x64)+AppleWebKit/537.36+(KHTML,+like+Gecko)+Chrome/83.0.4103.97+Safari/537.36 http://localhost:4721/registerproperty.aspx 200 0 0 58
2020-06-11 14:15:25 ::1 GET /Datatables/images/sort_asc.png - 4721 - ::1 Mozilla/5.0+(Windows+NT+10.0;+Win64;+x64)+AppleWebKit/537.36+(KHTML,+like+Gecko)+Chrome/83.0.4103.97+Safari/537.36 http://localhost:4721/Datatables/CSS/jquery.dataTables.min.css 404 0 2 8
2020-06-11 14:15:25 ::1 GET /Datatables/images/sort_both.png - 4721 - ::1 Mozilla/5.0+(Windows+NT+10.0;+Win64;+x64)+AppleWebKit/537.36+(KHTML,+like+Gecko)+Chrome/83.0.4103.97+Safari/537.36 http://localhost:4721/Datatables/CSS/jquery.dataTables.min.css 404 0 2 11
2020-06-11 14:15:27 ::1 GET /__browserLink/requestData/493645307ca34bfa9e0a1398ce728a3c - 4721 - ::1 Mozilla/5.0+(Windows+NT+10.0;+Win64;+x64)+AppleWebKit/537.36+(KHTML,+like+Gecko)+Chrome/83.0.4103.97+Safari/537.36 http://localhost:4721/registerproperty.aspx 200 0 0 19
2020-06-11 14:15:37 ::1 POST /registerproperty.aspx - 4721 - ::1 Mozilla/5.0+(Windows+NT+10.0;+Win64;+x64)+AppleWebKit/537.36+(KHTML,+like+Gecko)+Chrome/83.0.4103.97+Safari/537.36 http://localhost:4721/registerproperty.aspx 302 0 0 106
2020-06-11 14:15:37 ::1 GET /homepage.aspx - 4721 - ::1 Mozilla/5.0+(Windows+NT+10.0;+Win64;+x64)+AppleWebKit/537.36+(KHTML,+like+Gecko)+Chrome/83.0.4103.97+Safari/537.36 http://localhost:4721/registerproperty.aspx 200 0 0 5
2020-06-11 14:15:38 ::1 GET /__browserLink/requestData/5860d1af50714dbfbdb8efbbcf3e1520 - 4721 - ::1 Mozilla/5.0+(Windows+NT+10.0;+Win64;+x64)+AppleWebKit/537.36+(KHTML,+like+Gecko)+Chrome/83.0.4103.97+Safari/537.36 http://localhost:4721/homepage.aspx 200 0 0 5
2020-06-11 14:15:43 ::1 POST /homepage.aspx - 4721 - ::1 Mozilla/5.0+(Windows+NT+10.0;+Win64;+x64)+AppleWebKit/537.36+(KHTML,+like+Gecko)+Chrome/83.0.4103.97+Safari/537.36 http://localhost:4721/homepage.aspx 302 0 0 7
2020-06-11 14:15:43 ::1 GET /viewproperties.aspx - 4721 - ::1 Mozilla/5.0+(Windows+NT+10.0;+Win64;+x64)+AppleWebKit/537.36+(KHTML,+like+Gecko)+Chrome/83.0.4103.97+Safari/537.36 http://localhost:4721/homepage.aspx 200 0 0 229
2020-06-11 14:15:43 ::1 GET /Datatables/images/sort_both.png - 4721 - ::1 Mozilla/5.0+(Windows+NT+10.0;+Win64;+x64)+AppleWebKit/537.36+(KHTML,+like+Gecko)+Chrome/83.0.4103.97+Safari/537.36 http://localhost:4721/Datatables/CSS/jquery.dataTables.min.css 404 0 2 2
2020-06-11 14:15:43 ::1 GET /Datatables/images/sort_asc.png - 4721 - ::1 Mozilla/5.0+(Windows+NT+10.0;+Win64;+x64)+AppleWebKit/537.36+(KHTML,+like+Gecko)+Chrome/83.0.4103.97+Safari/537.36 http://localhost:4721/Datatables/CSS/jquery.dataTables.min.css 404 0 2 2
2020-06-11 14:15:44 ::1 GET /__browserLink/requestData/c30d3da79ed64eac826b908d82a97c01 - 4721 - ::1 Mozilla/5.0+(Windows+NT+10.0;+Win64;+x64)+AppleWebKit/537.36+(KHTML,+like+Gecko)+Chrome/83.0.4103.97+Safari/537.36 http://localhost:4721/viewproperties.aspx 200 0 0 13
2020-06-11 14:16:39 ::1 POST /viewproperties.aspx - 4721 - ::1 Mozilla/5.0+(Windows+NT+10.0;+Win64;+x64)+AppleWebKit/537.36+(KHTML,+like+Gecko)+Chrome/83.0.4103.97+Safari/537.36 http://localhost:4721/viewproperties.aspx 302 0 0 19
2020-06-11 14:16:39 ::1 GET /userlogin.aspx - 4721 - ::1 Mozilla/5.0+(Windows+NT+10.0;+Win64;+x64)+AppleWebKit/537.36+(KHTML,+like+Gecko)+Chrome/83.0.4103.97+Safari/537.36 http://localhost:4721/viewproperties.aspx 200 0 0 9
2020-06-11 14:16:40 ::1 GET /__browserLink/requestData/11dce86a17e741a4b58ad2615c888f53 - 4721 - ::1 Mozilla/5.0+(Windows+NT+10.0;+Win64;+x64)+AppleWebKit/537.36+(KHTML,+like+Gecko)+Chrome/83.0.4103.97+Safari/537.36 http://localhost:4721/userlogin.aspx 200 0 0 10
2020-06-11 14:16:51 ::1 POST /userlogin.aspx - 4721 - ::1 Mozilla/5.0+(Windows+NT+10.0;+Win64;+x64)+AppleWebKit/537.36+(KHTML,+like+Gecko)+Chrome/83.0.4103.97+Safari/537.36 http://localhost:4721/userlogin.aspx 302 0 0 26
2020-06-11 14:16:51 ::1 GET /homepage.aspx - 4721 - ::1 Mozilla/5.0+(Windows+NT+10.0;+Win64;+x64)+AppleWebKit/537.36+(KHTML,+like+Gecko)+Chrome/83.0.4103.97+Safari/537.36 http://localhost:4721/userlogin.aspx 200 0 0 14
2020-06-11 14:16:52 ::1 GET /__browserLink/requestData/7587a8f441204b1099a74c09fe6cecdd - 4721 - ::1 Mozilla/5.0+(Windows+NT+10.0;+Win64;+x64)+AppleWebKit/537.36+(KHTML,+like+Gecko)+Chrome/83.0.4103.97+Safari/537.36 http://localhost:4721/homepage.aspx 200 0 0 7
2020-06-11 14:16:59 ::1 POST /homepage.aspx - 4721 - ::1 Mozilla/5.0+(Windows+NT+10.0;+Win64;+x64)+AppleWebKit/537.36+(KHTML,+like+Gecko)+Chrome/83.0.4103.97+Safari/537.36 http://localhost:4721/homepage.aspx 302 0 0 5
2020-06-11 14:16:59 ::1 GET /registerproperty.aspx - 4721 - ::1 Mozilla/5.0+(Windows+NT+10.0;+Win64;+x64)+AppleWebKit/537.36+(KHTML,+like+Gecko)+Chrome/83.0.4103.97+Safari/537.36 http://localhost:4721/homepage.aspx 200 0 0 6
2020-06-11 14:16:59 ::1 GET /examples/room.png - 4721 - ::1 Mozilla/5.0+(Windows+NT+10.0;+Win64;+x64)+AppleWebKit/537.36+(KHTML,+like+Gecko)+Chrome/83.0.4103.97+Safari/537.36 http://localhost:4721/registerproperty.aspx 404 0 2 4
2020-06-11 14:16:59 ::1 GET /__browserLink/requestData/ec850b5920d6469da6725e3298dfc424 - 4721 - ::1 Mozilla/5.0+(Windows+NT+10.0;+Win64;+x64)+AppleWebKit/537.36+(KHTML,+like+Gecko)+Chrome/83.0.4103.97+Safari/537.36 http://localhost:4721/registerproperty.aspx 200 0 0 11
2020-06-11 14:21:59 ::1 GET /ac7fe376d953496a8566b4aa28d7681f/arterySignalR/ping requestUrl=http%3A%2F%2Flocalhost%3A4721%2Fregisterproperty.aspx&browserName=Chrome&_=1591885319648 4721 - ::1 Mozilla/5.0+(Windows+NT+10.0;+Win64;+x64)+AppleWebKit/537.36+(KHTML,+like+Gecko)+Chrome/83.0.4103.97+Safari/537.36 http://localhost:4721/registerproperty.aspx 404 0 2 116
2020-06-11 14:26:59 ::1 GET /ac7fe376d953496a8566b4aa28d7681f/arterySignalR/ping requestUrl=http%3A%2F%2Flocalhost%3A4721%2Fregisterproperty.aspx&browserName=Chrome&_=1591885619646 4721 - ::1 Mozilla/5.0+(Windows+NT+10.0;+Win64;+x64)+AppleWebKit/537.36+(KHTML,+like+Gecko)+Chrome/83.0.4103.97+Safari/537.36 http://localhost:4721/registerproperty.aspx 404 0 2 12
2020-06-11 14:31:59 ::1 GET /ac7fe376d953496a8566b4aa28d7681f/arterySignalR/ping requestUrl=http%3A%2F%2Flocalhost%3A4721%2Fregisterproperty.aspx&browserName=Chrome&_=1591885919644 4721 - ::1 Mozilla/5.0+(Windows+NT+10.0;+Win64;+x64)+AppleWebKit/537.36+(KHTML,+like+Gecko)+Chrome/83.0.4103.97+Safari/537.36 http://localhost:4721/registerproperty.aspx 404 0 2 15
2020-06-11 14:36:59 ::1 GET /ac7fe376d953496a8566b4aa28d7681f/arterySignalR/ping requestUrl=http%3A%2F%2Flocalhost%3A4721%2Fregisterproperty.aspx&browserName=Chrome&_=1591886219647 4721 - ::1 Mozilla/5.0+(Windows+NT+10.0;+Win64;+x64)+AppleWebKit/537.36+(KHTML,+like+Gecko)+Chrome/83.0.4103.97+Safari/537.36 http://localhost:4721/registerproperty.aspx 404 0 2 10
2020-06-11 14:41:59 ::1 GET /ac7fe376d953496a8566b4aa28d7681f/arterySignalR/ping requestUrl=http%3A%2F%2Flocalhost%3A4721%2Fregisterproperty.aspx&browserName=Chrome&_=1591886519647 4721 - ::1 Mozilla/5.0+(Windows+NT+10.0;+Win64;+x64)+AppleWebKit/537.36+(KHTML,+like+Gecko)+Chrome/83.0.4103.97+Safari/537.36 http://localhost:4721/registerproperty.aspx 404 0 2 11
2020-06-11 14:46:59 ::1 GET /ac7fe376d953496a8566b4aa28d7681f/arterySignalR/ping requestUrl=http%3A%2F%2Flocalhost%3A4721%2Fregisterproperty.aspx&browserName=Chrome&_=1591886819643 4721 - ::1 Mozilla/5.0+(Windows+NT+10.0;+Win64;+x64)+AppleWebKit/537.36+(KHTML,+like+Gecko)+Chrome/83.0.4103.97+Safari/537.36 http://localhost:4721/registerproperty.aspx 404 0 2 11
2020-06-11 14:51:59 ::1 GET /ac7fe376d953496a8566b4aa28d7681f/arterySignalR/ping requestUrl=http%3A%2F%2Flocalhost%3A4721%2Fregisterproperty.aspx&browserName=Chrome&_=1591887119647 4721 - ::1 Mozilla/5.0+(Windows+NT+10.0;+Win64;+x64)+AppleWebKit/537.36+(KHTML,+like+Gecko)+Chrome/83.0.4103.97+Safari/537.36 http://localhost:4721/registerproperty.aspx 404 0 2 11
2020-06-11 14:56:59 ::1 GET /ac7fe376d953496a8566b4aa28d7681f/arterySignalR/ping requestUrl=http%3A%2F%2Flocalhost%3A4721%2Fregisterproperty.aspx&browserName=Chrome&_=1591887419643 4721 - ::1 Mozilla/5.0+(Windows+NT+10.0;+Win64;+x64)+AppleWebKit/537.36+(KHTML,+like+Gecko)+Chrome/83.0.4103.97+Safari/537.36 http://localhost:4721/registerproperty.aspx 404 0 2 12
2020-06-11 15:01:59 ::1 GET /ac7fe376d953496a8566b4aa28d7681f/arterySignalR/ping requestUrl=http%3A%2F%2Flocalhost%3A4721%2Fregisterproperty.aspx&browserName=Chrome&_=1591887719644 4721 - ::1 Mozilla/5.0+(Windows+NT+10.0;+Win64;+x64)+AppleWebKit/537.36+(KHTML,+like+Gecko)+Chrome/83.0.4103.97+Safari/537.36 http://localhost:4721/registerproperty.aspx 404 0 2 11
2020-06-11 15:06:59 ::1 GET /ac7fe376d953496a8566b4aa28d7681f/arterySignalR/ping requestUrl=http%3A%2F%2Flocalhost%3A4721%2Fregisterproperty.aspx&browserName=Chrome&_=1591888019643 4721 - ::1 Mozilla/5.0+(Windows+NT+10.0;+Win64;+x64)+AppleWebKit/537.36+(KHTML,+like+Gecko)+Chrome/83.0.4103.97+Safari/537.36 http://localhost:4721/registerproperty.aspx 404 0 2 13
2020-06-11 15:11:59 ::1 GET /ac7fe376d953496a8566b4aa28d7681f/arterySignalR/ping requestUrl=http%3A%2F%2Flocalhost%3A4721%2Fregisterproperty.aspx&browserName=Chrome&_=1591888319648 4721 - ::1 Mozilla/5.0+(Windows+NT+10.0;+Win64;+x64)+AppleWebKit/537.36+(KHTML,+like+Gecko)+Chrome/83.0.4103.97+Safari/537.36 http://localhost:4721/registerproperty.aspx 404 0 2 10
2020-06-11 15:16:59 ::1 GET /ac7fe376d953496a8566b4aa28d7681f/arterySignalR/ping requestUrl=http%3A%2F%2Flocalhost%3A4721%2Fregisterproperty.aspx&browserName=Chrome&_=1591888619643 4721 - ::1 Mozilla/5.0+(Windows+NT+10.0;+Win64;+x64)+AppleWebKit/537.36+(KHTML,+like+Gecko)+Chrome/83.0.4103.97+Safari/537.36 http://localhost:4721/registerproperty.aspx 404 0 2 10
2020-06-11 15:21:59 ::1 GET /ac7fe376d953496a8566b4aa28d7681f/arterySignalR/ping requestUrl=http%3A%2F%2Flocalhost%3A4721%2Fregisterproperty.aspx&browserName=Chrome&_=1591888919645 4721 - ::1 Mozilla/5.0+(Windows+NT+10.0;+Win64;+x64)+AppleWebKit/537.36+(KHTML,+like+Gecko)+Chrome/83.0.4103.97+Safari/537.36 http://localhost:4721/registerproperty.aspx 404 0 2 11
2020-06-11 15:26:59 ::1 GET /ac7fe376d953496a8566b4aa28d7681f/arterySignalR/ping requestUrl=http%3A%2F%2Flocalhost%3A4721%2Fregisterproperty.aspx&browserName=Chrome&_=1591889219647 4721 - ::1 Mozilla/5.0+(Windows+NT+10.0;+Win64;+x64)+AppleWebKit/537.36+(KHTML,+like+Gecko)+Chrome/83.0.4103.97+Safari/537.36 http://localhost:4721/registerproperty.aspx 404 0 2 11
2020-06-11 15:31:59 ::1 GET /ac7fe376d953496a8566b4aa28d7681f/arterySignalR/ping requestUrl=http%3A%2F%2Flocalhost%3A4721%2Fregisterproperty.aspx&browserName=Chrome&_=1591889519646 4721 - ::1 Mozilla/5.0+(Windows+NT+10.0;+Win64;+x64)+AppleWebKit/537.36+(KHTML,+like+Gecko)+Chrome/83.0.4103.97+Safari/537.36 http://localhost:4721/registerproperty.aspx 404 0 2 13
2020-06-11 15:36:59 ::1 GET /ac7fe376d953496a8566b4aa28d7681f/arterySignalR/ping requestUrl=http%3A%2F%2Flocalhost%3A4721%2Fregisterproperty.aspx&browserName=Chrome&_=1591889819646 4721 - ::1 Mozilla/5.0+(Windows+NT+10.0;+Win64;+x64)+AppleWebKit/537.36+(KHTML,+like+Gecko)+Chrome/83.0.4103.97+Safari/537.36 http://localhost:4721/registerproperty.aspx 404 0 2 11
2020-06-11 15:41:59 ::1 GET /ac7fe376d953496a8566b4aa28d7681f/arterySignalR/ping requestUrl=http%3A%2F%2Flocalhost%3A4721%2Fregisterproperty.aspx&browserName=Chrome&_=1591890119642 4721 - ::1 Mozilla/5.0+(Windows+NT+10.0;+Win64;+x64)+AppleWebKit/537.36+(KHTML,+like+Gecko)+Chrome/83.0.4103.97+Safari/537.36 http://localhost:4721/registerproperty.aspx 404 0 2 11
2020-06-11 15:46:59 ::1 GET /ac7fe376d953496a8566b4aa28d7681f/arterySignalR/ping requestUrl=http%3A%2F%2Flocalhost%3A4721%2Fregisterproperty.aspx&browserName=Chrome&_=1591890419641 4721 - ::1 Mozilla/5.0+(Windows+NT+10.0;+Win64;+x64)+AppleWebKit/537.36+(KHTML,+like+Gecko)+Chrome/83.0.4103.97+Safari/537.36 http://localhost:4721/registerproperty.aspx 404 0 2 11
2020-06-11 15:51:59 ::1 GET /ac7fe376d953496a8566b4aa28d7681f/arterySignalR/ping requestUrl=http%3A%2F%2Flocalhost%3A4721%2Fregisterproperty.aspx&browserName=Chrome&_=1591890719645 4721 - ::1 Mozilla/5.0+(Windows+NT+10.0;+Win64;+x64)+AppleWebKit/537.36+(KHTML,+like+Gecko)+Chrome/83.0.4103.97+Safari/537.36 http://localhost:4721/registerproperty.aspx 404 0 2 10
2020-06-11 15:56:59 ::1 GET /ac7fe376d953496a8566b4aa28d7681f/arterySignalR/ping requestUrl=http%3A%2F%2Flocalhost%3A4721%2Fregisterproperty.aspx&browserName=Chrome&_=1591891019645 4721 - ::1 Mozilla/5.0+(Windows+NT+10.0;+Win64;+x64)+AppleWebKit/537.36+(KHTML,+like+Gecko)+Chrome/83.0.4103.97+Safari/537.36 http://localhost:4721/registerproperty.aspx 404 0 2 9
2020-06-11 16:01:59 ::1 GET /ac7fe376d953496a8566b4aa28d7681f/arterySignalR/ping requestUrl=http%3A%2F%2Flocalhost%3A4721%2Fregisterproperty.aspx&browserName=Chrome&_=1591891319642 4721 - ::1 Mozilla/5.0+(Windows+NT+10.0;+Win64;+x64)+AppleWebKit/537.36+(KHTML,+like+Gecko)+Chrome/83.0.4103.97+Safari/537.36 http://localhost:4721/registerproperty.aspx 404 0 2 10
2020-06-11 16:06:59 ::1 GET /ac7fe376d953496a8566b4aa28d7681f/arterySignalR/ping requestUrl=http%3A%2F%2Flocalhost%3A4721%2Fregisterproperty.aspx&browserName=Chrome&_=1591891619645 4721 - ::1 Mozilla/5.0+(Windows+NT+10.0;+Win64;+x64)+AppleWebKit/537.36+(KHTML,+like+Gecko)+Chrome/83.0.4103.97+Safari/537.36 http://localhost:4721/registerproperty.aspx 404 0 2 11
2020-06-11 16:11:59 ::1 GET /ac7fe376d953496a8566b4aa28d7681f/arterySignalR/ping requestUrl=http%3A%2F%2Flocalhost%3A4721%2Fregisterproperty.aspx&browserName=Chrome&_=1591891919646 4721 - ::1 Mozilla/5.0+(Windows+NT+10.0;+Win64;+x64)+AppleWebKit/537.36+(KHTML,+like+Gecko)+Chrome/83.0.4103.97+Safari/537.36 http://localhost:4721/registerproperty.aspx 404 0 2 11
2020-06-11 16:16:59 ::1 GET /ac7fe376d953496a8566b4aa28d7681f/arterySignalR/ping requestUrl=http%3A%2F%2Flocalhost%3A4721%2Fregisterproperty.aspx&browserName=Chrome&_=1591892219643 4721 - ::1 Mozilla/5.0+(Windows+NT+10.0;+Win64;+x64)+AppleWebKit/537.36+(KHTML,+like+Gecko)+Chrome/83.0.4103.97+Safari/537.36 http://localhost:4721/registerproperty.aspx 404 0 2 10
2020-06-11 16:21:59 ::1 GET /ac7fe376d953496a8566b4aa28d7681f/arterySignalR/ping requestUrl=http%3A%2F%2Flocalhost%3A4721%2Fregisterproperty.aspx&browserName=Chrome&_=1591892519643 4721 - ::1 Mozilla/5.0+(Windows+NT+10.0;+Win64;+x64)+AppleWebKit/537.36+(KHTML,+like+Gecko)+Chrome/83.0.4103.97+Safari/537.36 http://localhost:4721/registerproperty.aspx 404 0 2 6
2020-06-11 16:26:59 ::1 GET /ac7fe376d953496a8566b4aa28d7681f/arterySignalR/ping requestUrl=http%3A%2F%2Flocalhost%3A4721%2Fregisterproperty.aspx&browserName=Chrome&_=1591892819644 4721 - ::1 Mozilla/5.0+(Windows+NT+10.0;+Win64;+x64)+AppleWebKit/537.36+(KHTML,+like+Gecko)+Chrome/83.0.4103.97+Safari/537.36 http://localhost:4721/registerproperty.aspx 404 0 2 11
2020-06-11 16:31:59 ::1 GET /ac7fe376d953496a8566b4aa28d7681f/arterySignalR/ping requestUrl=http%3A%2F%2Flocalhost%3A4721%2Fregisterproperty.aspx&browserName=Chrome&_=1591893119644 4721 - ::1 Mozilla/5.0+(Windows+NT+10.0;+Win64;+x64)+AppleWebKit/537.36+(KHTML,+like+Gecko)+Chrome/83.0.4103.97+Safari/537.36 http://localhost:4721/registerproperty.aspx 404 0 2 11
2020-06-11 16:36:59 ::1 GET /ac7fe376d953496a8566b4aa28d7681f/arterySignalR/ping requestUrl=http%3A%2F%2Flocalhost%3A4721%2Fregisterproperty.aspx&browserName=Chrome&_=1591893419644 4721 - ::1 Mozilla/5.0+(Windows+NT+10.0;+Win64;+x64)+AppleWebKit/537.36+(KHTML,+like+Gecko)+Chrome/83.0.4103.97+Safari/537.36 http://localhost:4721/registerproperty.aspx 404 0 2 10
2020-06-11 16:41:59 ::1 GET /ac7fe376d953496a8566b4aa28d7681f/arterySignalR/ping requestUrl=http%3A%2F%2Flocalhost%3A4721%2Fregisterproperty.aspx&browserName=Chrome&_=1591893719644 4721 - ::1 Mozilla/5.0+(Windows+NT+10.0;+Win64;+x64)+AppleWebKit/537.36+(KHTML,+like+Gecko)+Chrome/83.0.4103.97+Safari/537.36 http://localhost:4721/registerproperty.aspx 404 0 2 8
2020-06-11 16:46:59 ::1 GET /ac7fe376d953496a8566b4aa28d7681f/arterySignalR/ping requestUrl=http%3A%2F%2Flocalhost%3A4721%2Fregisterproperty.aspx&browserName=Chrome&_=1591894019643 4721 - ::1 Mozilla/5.0+(Windows+NT+10.0;+Win64;+x64)+AppleWebKit/537.36+(KHTML,+like+Gecko)+Chrome/83.0.4103.97+Safari/537.36 http://localhost:4721/registerproperty.aspx 404 0 2 6
2020-06-11 16:51:59 ::1 GET /ac7fe376d953496a8566b4aa28d7681f/arterySignalR/ping requestUrl=http%3A%2F%2Flocalhost%3A4721%2Fregisterproperty.aspx&browserName=Chrome&_=1591894319644 4721 - ::1 Mozilla/5.0+(Windows+NT+10.0;+Win64;+x64)+AppleWebKit/537.36+(KHTML,+like+Gecko)+Chrome/83.0.4103.97+Safari/537.36 http://localhost:4721/registerproperty.aspx 404 0 2 12
2020-06-11 16:56:59 ::1 GET /ac7fe376d953496a8566b4aa28d7681f/arterySignalR/ping requestUrl=http%3A%2F%2Flocalhost%3A4721%2Fregisterproperty.aspx&browserName=Chrome&_=1591894619644 4721 - ::1 Mozilla/5.0+(Windows+NT+10.0;+Win64;+x64)+AppleWebKit/537.36+(KHTML,+like+Gecko)+Chrome/83.0.4103.97+Safari/537.36 http://localhost:4721/registerproperty.aspx 404 0 2 11
2020-06-11 17:01:59 ::1 GET /ac7fe376d953496a8566b4aa28d7681f/arterySignalR/ping requestUrl=http%3A%2F%2Flocalhost%3A4721%2Fregisterproperty.aspx&browserName=Chrome&_=1591894919644 4721 - ::1 Mozilla/5.0+(Windows+NT+10.0;+Win64;+x64)+AppleWebKit/537.36+(KHTML,+like+Gecko)+Chrome/83.0.4103.97+Safari/537.36 http://localhost:4721/registerproperty.aspx 404 0 2 11
2020-06-11 17:06:59 ::1 GET /ac7fe376d953496a8566b4aa28d7681f/arterySignalR/ping requestUrl=http%3A%2F%2Flocalhost%3A4721%2Fregisterproperty.aspx&browserName=Chrome&_=1591895219643 4721 - ::1 Mozilla/5.0+(Windows+NT+10.0;+Win64;+x64)+AppleWebKit/537.36+(KHTML,+like+Gecko)+Chrome/83.0.4103.97+Safari/537.36 http://localhost:4721/registerproperty.aspx 404 0 2 11
2020-06-11 17:11:59 ::1 GET /ac7fe376d953496a8566b4aa28d7681f/arterySignalR/ping requestUrl=http%3A%2F%2Flocalhost%3A4721%2Fregisterproperty.aspx&browserName=Chrome&_=1591895519644 4721 - ::1 Mozilla/5.0+(Windows+NT+10.0;+Win64;+x64)+AppleWebKit/537.36+(KHTML,+like+Gecko)+Chrome/83.0.4103.97+Safari/537.36 http://localhost:4721/registerproperty.aspx 404 0 2 10
2020-06-11 17:16:59 ::1 GET /ac7fe376d953496a8566b4aa28d7681f/arterySignalR/ping requestUrl=http%3A%2F%2Flocalhost%3A4721%2Fregisterproperty.aspx&browserName=Chrome&_=1591895819643 4721 - ::1 Mozilla/5.0+(Windows+NT+10.0;+Win64;+x64)+AppleWebKit/537.36+(KHTML,+like+Gecko)+Chrome/83.0.4103.97+Safari/537.36 http://localhost:4721/registerproperty.aspx 404 0 2 10
2020-06-11 17:21:59 ::1 GET /ac7fe376d953496a8566b4aa28d7681f/arterySignalR/ping requestUrl=http%3A%2F%2Flocalhost%3A4721%2Fregisterproperty.aspx&browserName=Chrome&_=1591896119643 4721 - ::1 Mozilla/5.0+(Windows+NT+10.0;+Win64;+x64)+AppleWebKit/537.36+(KHTML,+like+Gecko)+Chrome/83.0.4103.97+Safari/537.36 http://localhost:4721/registerproperty.aspx 404 0 2 10
2020-06-11 17:26:59 ::1 GET /ac7fe376d953496a8566b4aa28d7681f/arterySignalR/ping requestUrl=http%3A%2F%2Flocalhost%3A4721%2Fregisterproperty.aspx&browserName=Chrome&_=1591896419645 4721 - ::1 Mozilla/5.0+(Windows+NT+10.0;+Win64;+x64)+AppleWebKit/537.36+(KHTML,+like+Gecko)+Chrome/83.0.4103.97+Safari/537.36 http://localhost:4721/registerproperty.aspx 404 0 2 10
2020-06-11 17:31:59 ::1 GET /ac7fe376d953496a8566b4aa28d7681f/arterySignalR/ping requestUrl=http%3A%2F%2Flocalhost%3A4721%2Fregisterproperty.aspx&browserName=Chrome&_=1591896719644 4721 - ::1 Mozilla/5.0+(Windows+NT+10.0;+Win64;+x64)+AppleWebKit/537.36+(KHTML,+like+Gecko)+Chrome/83.0.4103.97+Safari/537.36 http://localhost:4721/registerproperty.aspx 404 0 2 10
2020-06-11 17:36:59 ::1 GET /ac7fe376d953496a8566b4aa28d7681f/arterySignalR/ping requestUrl=http%3A%2F%2Flocalhost%3A4721%2Fregisterproperty.aspx&browserName=Chrome&_=1591897019643 4721 - ::1 Mozilla/5.0+(Windows+NT+10.0;+Win64;+x64)+AppleWebKit/537.36+(KHTML,+like+Gecko)+Chrome/83.0.4103.97+Safari/537.36 http://localhost:4721/registerproperty.aspx 404 0 2 10
2020-06-11 17:41:59 ::1 GET /ac7fe376d953496a8566b4aa28d7681f/arterySignalR/ping requestUrl=http%3A%2F%2Flocalhost%3A4721%2Fregisterproperty.aspx&browserName=Chrome&_=1591897319644 4721 - ::1 Mozilla/5.0+(Windows+NT+10.0;+Win64;+x64)+AppleWebKit/537.36+(KHTML,+like+Gecko)+Chrome/83.0.4103.97+Safari/537.36 http://localhost:4721/registerproperty.aspx 404 0 2 10
2020-06-11 17:46:59 ::1 GET /ac7fe376d953496a8566b4aa28d7681f/arterySignalR/ping requestUrl=http%3A%2F%2Flocalhost%3A4721%2Fregisterproperty.aspx&browserName=Chrome&_=1591897619644 4721 - ::1 Mozilla/5.0+(Windows+NT+10.0;+Win64;+x64)+AppleWebKit/537.36+(KHTML,+like+Gecko)+Chrome/83.0.4103.97+Safari/537.36 http://localhost:4721/registerproperty.aspx 404 0 2 10
2020-06-11 17:51:59 ::1 GET /ac7fe376d953496a8566b4aa28d7681f/arterySignalR/ping requestUrl=http%3A%2F%2Flocalhost%3A4721%2Fregisterproperty.aspx&browserName=Chrome&_=1591897919643 4721 - ::1 Mozilla/5.0+(Windows+NT+10.0;+Win64;+x64)+AppleWebKit/537.36+(KHTML,+like+Gecko)+Chrome/83.0.4103.97+Safari/537.36 http://localhost:4721/registerproperty.aspx 404 0 2 9
2020-06-11 17:56:59 ::1 GET /ac7fe376d953496a8566b4aa28d7681f/arterySignalR/ping requestUrl=http%3A%2F%2Flocalhost%3A4721%2Fregisterproperty.aspx&browserName=Chrome&_=1591898219644 4721 - ::1 Mozilla/5.0+(Windows+NT+10.0;+Win64;+x64)+AppleWebKit/537.36+(KHTML,+like+Gecko)+Chrome/83.0.4103.97+Safari/537.36 http://localhost:4721/registerproperty.aspx 404 0 2 10
2020-06-11 18:01:59 ::1 GET /ac7fe376d953496a8566b4aa28d7681f/arterySignalR/ping requestUrl=http%3A%2F%2Flocalhost%3A4721%2Fregisterproperty.aspx&browserName=Chrome&_=1591898519643 4721 - ::1 Mozilla/5.0+(Windows+NT+10.0;+Win64;+x64)+AppleWebKit/537.36+(KHTML,+like+Gecko)+Chrome/83.0.4103.97+Safari/537.36 http://localhost:4721/registerproperty.aspx 404 0 2 10
2020-06-11 18:06:59 ::1 GET /ac7fe376d953496a8566b4aa28d7681f/arterySignalR/ping requestUrl=http%3A%2F%2Flocalhost%3A4721%2Fregisterproperty.aspx&browserName=Chrome&_=1591898819644 4721 - ::1 Mozilla/5.0+(Windows+NT+10.0;+Win64;+x64)+AppleWebKit/537.36+(KHTML,+like+Gecko)+Chrome/83.0.4103.97+Safari/537.36 http://localhost:4721/registerproperty.aspx 404 0 2 10
2020-06-11 18:11:59 ::1 GET /ac7fe376d953496a8566b4aa28d7681f/arterySignalR/ping requestUrl=http%3A%2F%2Flocalhost%3A4721%2Fregisterproperty.aspx&browserName=Chrome&_=1591899119643 4721 - ::1 Mozilla/5.0+(Windows+NT+10.0;+Win64;+x64)+AppleWebKit/537.36+(KHTML,+like+Gecko)+Chrome/83.0.4103.97+Safari/537.36 http://localhost:4721/registerproperty.aspx 404 0 2 5
2020-06-11 18:16:59 ::1 GET /ac7fe376d953496a8566b4aa28d7681f/arterySignalR/ping requestUrl=http%3A%2F%2Flocalhost%3A4721%2Fregisterproperty.aspx&browserName=Chrome&_=1591899419643 4721 - ::1 Mozilla/5.0+(Windows+NT+10.0;+Win64;+x64)+AppleWebKit/537.36+(KHTML,+like+Gecko)+Chrome/83.0.4103.97+Safari/537.36 http://localhost:4721/registerproperty.aspx 404 0 2 11
2020-06-11 18:21:59 ::1 GET /ac7fe376d953496a8566b4aa28d7681f/arterySignalR/ping requestUrl=http%3A%2F%2Flocalhost%3A4721%2Fregisterproperty.aspx&browserName=Chrome&_=1591899719644 4721 - ::1 Mozilla/5.0+(Windows+NT+10.0;+Win64;+x64)+AppleWebKit/537.36+(KHTML,+like+Gecko)+Chrome/83.0.4103.97+Safari/537.36 http://localhost:4721/registerproperty.aspx 404 0 2 10
2020-06-11 18:26:59 ::1 GET /ac7fe376d953496a8566b4aa28d7681f/arterySignalR/ping requestUrl=http%3A%2F%2Flocalhost%3A4721%2Fregisterproperty.aspx&browserName=Chrome&_=1591900019647 4721 - ::1 Mozilla/5.0+(Windows+NT+10.0;+Win64;+x64)+AppleWebKit/537.36+(KHTML,+like+Gecko)+Chrome/83.0.4103.97+Safari/537.36 http://localhost:4721/registerproperty.aspx 404 0 2 7
2020-06-11 18:31:59 ::1 GET /ac7fe376d953496a8566b4aa28d7681f/arterySignalR/ping requestUrl=http%3A%2F%2Flocalhost%3A4721%2Fregisterproperty.aspx&browserName=Chrome&_=1591900319644 4721 - ::1 Mozilla/5.0+(Windows+NT+10.0;+Win64;+x64)+AppleWebKit/537.36+(KHTML,+like+Gecko)+Chrome/83.0.4103.97+Safari/537.36 http://localhost:4721/registerproperty.aspx 404 0 2 10
2020-06-11 18:36:59 ::1 GET /ac7fe376d953496a8566b4aa28d7681f/arterySignalR/ping requestUrl=http%3A%2F%2Flocalhost%3A4721%2Fregisterproperty.aspx&browserName=Chrome&_=1591900619643 4721 - ::1 Mozilla/5.0+(Windows+NT+10.0;+Win64;+x64)+AppleWebKit/537.36+(KHTML,+like+Gecko)+Chrome/83.0.4103.97+Safari/537.36 http://localhost:4721/registerproperty.aspx 404 0 2 11
2020-06-11 18:41:59 ::1 GET /ac7fe376d953496a8566b4aa28d7681f/arterySignalR/ping requestUrl=http%3A%2F%2Flocalhost%3A4721%2Fregisterproperty.aspx&browserName=Chrome&_=1591900919643 4721 - ::1 Mozilla/5.0+(Windows+NT+10.0;+Win64;+x64)+AppleWebKit/537.36+(KHTML,+like+Gecko)+Chrome/83.0.4103.97+Safari/537.36 http://localhost:4721/registerproperty.aspx 404 0 2 10
2020-06-11 18:46:59 ::1 GET /ac7fe376d953496a8566b4aa28d7681f/arterySignalR/ping requestUrl=http%3A%2F%2Flocalhost%3A4721%2Fregisterproperty.aspx&browserName=Chrome&_=1591901219644 4721 - ::1 Mozilla/5.0+(Windows+NT+10.0;+Win64;+x64)+AppleWebKit/537.36+(KHTML,+like+Gecko)+Chrome/83.0.4103.97+Safari/537.36 http://localhost:4721/registerproperty.aspx 404 0 2 11
2020-06-11 18:51:59 ::1 GET /ac7fe376d953496a8566b4aa28d7681f/arterySignalR/ping requestUrl=http%3A%2F%2Flocalhost%3A4721%2Fregisterproperty.aspx&browserName=Chrome&_=1591901519644 4721 - ::1 Mozilla/5.0+(Windows+NT+10.0;+Win64;+x64)+AppleWebKit/537.36+(KHTML,+like+Gecko)+Chrome/83.0.4103.97+Safari/537.36 http://localhost:4721/registerproperty.aspx 404 0 2 5
2020-06-11 18:56:59 ::1 GET /ac7fe376d953496a8566b4aa28d7681f/arterySignalR/ping requestUrl=http%3A%2F%2Flocalhost%3A4721%2Fregisterproperty.aspx&browserName=Chrome&_=1591901819644 4721 - ::1 Mozilla/5.0+(Windows+NT+10.0;+Win64;+x64)+AppleWebKit/537.36+(KHTML,+like+Gecko)+Chrome/83.0.4103.97+Safari/537.36 http://localhost:4721/registerproperty.aspx 404 0 2 10
2020-06-11 19:01:59 ::1 GET /ac7fe376d953496a8566b4aa28d7681f/arterySignalR/ping requestUrl=http%3A%2F%2Flocalhost%3A4721%2Fregisterproperty.aspx&browserName=Chrome&_=1591902119643 4721 - ::1 Mozilla/5.0+(Windows+NT+10.0;+Win64;+x64)+AppleWebKit/537.36+(KHTML,+like+Gecko)+Chrome/83.0.4103.97+Safari/537.36 http://localhost:4721/registerproperty.aspx 404 0 2 6
2020-06-11 19:06:59 ::1 GET /ac7fe376d953496a8566b4aa28d7681f/arterySignalR/ping requestUrl=http%3A%2F%2Flocalhost%3A4721%2Fregisterproperty.aspx&browserName=Chrome&_=1591902419644 4721 - ::1 Mozilla/5.0+(Windows+NT+10.0;+Win64;+x64)+AppleWebKit/537.36+(KHTML,+like+Gecko)+Chrome/83.0.4103.97+Safari/537.36 http://localhost:4721/registerproperty.aspx 404 0 2 8
2020-06-11 19:11:59 ::1 GET /ac7fe376d953496a8566b4aa28d7681f/arterySignalR/ping requestUrl=http%3A%2F%2Flocalhost%3A4721%2Fregisterproperty.aspx&browserName=Chrome&_=1591902719643 4721 - ::1 Mozilla/5.0+(Windows+NT+10.0;+Win64;+x64)+AppleWebKit/537.36+(KHTML,+like+Gecko)+Chrome/83.0.4103.97+Safari/537.36 http://localhost:4721/registerproperty.aspx 404 0 2 11
2020-06-11 19:16:59 ::1 GET /ac7fe376d953496a8566b4aa28d7681f/arterySignalR/ping requestUrl=http%3A%2F%2Flocalhost%3A4721%2Fregisterproperty.aspx&browserName=Chrome&_=1591903019643 4721 - ::1 Mozilla/5.0+(Windows+NT+10.0;+Win64;+x64)+AppleWebKit/537.36+(KHTML,+like+Gecko)+Chrome/83.0.4103.97+Safari/537.36 http://localhost:4721/registerproperty.aspx 404 0 2 10
2020-06-11 19:21:59 ::1 GET /ac7fe376d953496a8566b4aa28d7681f/arterySignalR/ping requestUrl=http%3A%2F%2Flocalhost%3A4721%2Fregisterproperty.aspx&browserName=Chrome&_=1591903319644 4721 - ::1 Mozilla/5.0+(Windows+NT+10.0;+Win64;+x64)+AppleWebKit/537.36+(KHTML,+like+Gecko)+Chrome/83.0.4103.97+Safari/537.36 http://localhost:4721/registerproperty.aspx 404 0 2 10
2020-06-11 19:26:59 ::1 GET /ac7fe376d953496a8566b4aa28d7681f/arterySignalR/ping requestUrl=http%3A%2F%2Flocalhost%3A4721%2Fregisterproperty.aspx&browserName=Chrome&_=1591903619643 4721 - ::1 Mozilla/5.0+(Windows+NT+10.0;+Win64;+x64)+AppleWebKit/537.36+(KHTML,+like+Gecko)+Chrome/83.0.4103.97+Safari/537.36 http://localhost:4721/registerproperty.aspx 404 0 2 10
2020-06-11 19:31:59 ::1 GET /ac7fe376d953496a8566b4aa28d7681f/arterySignalR/ping requestUrl=http%3A%2F%2Flocalhost%3A4721%2Fregisterproperty.aspx&browserName=Chrome&_=1591903919644 4721 - ::1 Mozilla/5.0+(Windows+NT+10.0;+Win64;+x64)+AppleWebKit/537.36+(KHTML,+like+Gecko)+Chrome/83.0.4103.97+Safari/537.36 http://localhost:4721/registerproperty.aspx 404 0 2 4
2020-06-11 19:36:59 ::1 GET /ac7fe376d953496a8566b4aa28d7681f/arterySignalR/ping requestUrl=http%3A%2F%2Flocalhost%3A4721%2Fregisterproperty.aspx&browserName=Chrome&_=1591904219644 4721 - ::1 Mozilla/5.0+(Windows+NT+10.0;+Win64;+x64)+AppleWebKit/537.36+(KHTML,+like+Gecko)+Chrome/83.0.4103.97+Safari/537.36 http://localhost:4721/registerproperty.aspx 404 0 2 6
2020-06-11 19:41:59 ::1 GET /ac7fe376d953496a8566b4aa28d7681f/arterySignalR/ping requestUrl=http%3A%2F%2Flocalhost%3A4721%2Fregisterproperty.aspx&browserName=Chrome&_=1591904519644 4721 - ::1 Mozilla/5.0+(Windows+NT+10.0;+Win64;+x64)+AppleWebKit/537.36+(KHTML,+like+Gecko)+Chrome/83.0.4103.97+Safari/537.36 http://localhost:4721/registerproperty.aspx 404 0 2 10
2020-06-11 19:46:59 ::1 GET /ac7fe376d953496a8566b4aa28d7681f/arterySignalR/ping requestUrl=http%3A%2F%2Flocalhost%3A4721%2Fregisterproperty.aspx&browserName=Chrome&_=1591904819644 4721 - ::1 Mozilla/5.0+(Windows+NT+10.0;+Win64;+x64)+AppleWebKit/537.36+(KHTML,+like+Gecko)+Chrome/83.0.4103.97+Safari/537.36 http://localhost:4721/registerproperty.aspx 404 0 2 10
2020-06-11 19:51:59 ::1 GET /ac7fe376d953496a8566b4aa28d7681f/arterySignalR/ping requestUrl=http%3A%2F%2Flocalhost%3A4721%2Fregisterproperty.aspx&browserName=Chrome&_=1591905119643 4721 - ::1 Mozilla/5.0+(Windows+NT+10.0;+Win64;+x64)+AppleWebKit/537.36+(KHTML,+like+Gecko)+Chrome/83.0.4103.97+Safari/537.36 http://localhost:4721/registerproperty.aspx 404 0 2 10
2020-06-11 19:56:59 ::1 GET /ac7fe376d953496a8566b4aa28d7681f/arterySignalR/ping requestUrl=http%3A%2F%2Flocalhost%3A4721%2Fregisterproperty.aspx&browserName=Chrome&_=1591905419644 4721 - ::1 Mozilla/5.0+(Windows+NT+10.0;+Win64;+x64)+AppleWebKit/537.36+(KHTML,+like+Gecko)+Chrome/83.0.4103.97+Safari/537.36 http://localhost:4721/registerproperty.aspx 404 0 2 11
2020-06-11 20:01:59 ::1 GET /ac7fe376d953496a8566b4aa28d7681f/arterySignalR/ping requestUrl=http%3A%2F%2Flocalhost%3A4721%2Fregisterproperty.aspx&browserName=Chrome&_=1591905719644 4721 - ::1 Mozilla/5.0+(Windows+NT+10.0;+Win64;+x64)+AppleWebKit/537.36+(KHTML,+like+Gecko)+Chrome/83.0.4103.97+Safari/537.36 http://localhost:4721/registerproperty.aspx 404 0 2 10
2020-06-11 20:06:59 ::1 GET /ac7fe376d953496a8566b4aa28d7681f/arterySignalR/ping requestUrl=http%3A%2F%2Flocalhost%3A4721%2Fregisterproperty.aspx&browserName=Chrome&_=1591906019643 4721 - ::1 Mozilla/5.0+(Windows+NT+10.0;+Win64;+x64)+AppleWebKit/537.36+(KHTML,+like+Gecko)+Chrome/83.0.4103.97+Safari/537.36 http://localhost:4721/registerproperty.aspx 404 0 2 11
2020-06-11 20:11:59 ::1 GET /ac7fe376d953496a8566b4aa28d7681f/arterySignalR/ping requestUrl=http%3A%2F%2Flocalhost%3A4721%2Fregisterproperty.aspx&browserName=Chrome&_=1591906319647 4721 - ::1 Mozilla/5.0+(Windows+NT+10.0;+Win64;+x64)+AppleWebKit/537.36+(KHTML,+like+Gecko)+Chrome/83.0.4103.97+Safari/537.36 http://localhost:4721/registerproperty.aspx 404 0 2 7
2020-06-11 20:16:59 ::1 GET /ac7fe376d953496a8566b4aa28d7681f/arterySignalR/ping requestUrl=http%3A%2F%2Flocalhost%3A4721%2Fregisterproperty.aspx&browserName=Chrome&_=1591906619648 4721 - ::1 Mozilla/5.0+(Windows+NT+10.0;+Win64;+x64)+AppleWebKit/537.36+(KHTML,+like+Gecko)+Chrome/83.0.4103.97+Safari/537.36 http://localhost:4721/registerproperty.aspx 404 0 2 10
2020-06-11 20:21:59 ::1 GET /ac7fe376d953496a8566b4aa28d7681f/arterySignalR/ping requestUrl=http%3A%2F%2Flocalhost%3A4721%2Fregisterproperty.aspx&browserName=Chrome&_=1591906919648 4721 - ::1 Mozilla/5.0+(Windows+NT+10.0;+Win64;+x64)+AppleWebKit/537.36+(KHTML,+like+Gecko)+Chrome/83.0.4103.97+Safari/537.36 http://localhost:4721/registerproperty.aspx 404 0 2 10
2020-06-11 20:26:59 ::1 GET /ac7fe376d953496a8566b4aa28d7681f/arterySignalR/ping requestUrl=http%3A%2F%2Flocalhost%3A4721%2Fregisterproperty.aspx&browserName=Chrome&_=1591907219645 4721 - ::1 Mozilla/5.0+(Windows+NT+10.0;+Win64;+x64)+AppleWebKit/537.36+(KHTML,+like+Gecko)+Chrome/83.0.4103.97+Safari/537.36 http://localhost:4721/registerproperty.aspx 404 0 2 11
2020-06-11 20:31:59 ::1 GET /ac7fe376d953496a8566b4aa28d7681f/arterySignalR/ping requestUrl=http%3A%2F%2Flocalhost%3A4721%2Fregisterproperty.aspx&browserName=Chrome&_=1591907519646 4721 - ::1 Mozilla/5.0+(Windows+NT+10.0;+Win64;+x64)+AppleWebKit/537.36+(KHTML,+like+Gecko)+Chrome/83.0.4103.97+Safari/537.36 http://localhost:4721/registerproperty.aspx 404 0 2 11
2020-06-11 20:36:59 ::1 GET /ac7fe376d953496a8566b4aa28d7681f/arterySignalR/ping requestUrl=http%3A%2F%2Flocalhost%3A4721%2Fregisterproperty.aspx&browserName=Chrome&_=1591907819643 4721 - ::1 Mozilla/5.0+(Windows+NT+10.0;+Win64;+x64)+AppleWebKit/537.36+(KHTML,+like+Gecko)+Chrome/83.0.4103.97+Safari/537.36 http://localhost:4721/registerproperty.aspx 404 0 2 10
2020-06-11 20:41:59 ::1 GET /ac7fe376d953496a8566b4aa28d7681f/arterySignalR/ping requestUrl=http%3A%2F%2Flocalhost%3A4721%2Fregisterproperty.aspx&browserName=Chrome&_=1591908119644 4721 - ::1 Mozilla/5.0+(Windows+NT+10.0;+Win64;+x64)+AppleWebKit/537.36+(KHTML,+like+Gecko)+Chrome/83.0.4103.97+Safari/537.36 http://localhost:4721/registerproperty.aspx 404 0 2 10
2020-06-11 20:46:59 ::1 GET /ac7fe376d953496a8566b4aa28d7681f/arterySignalR/ping requestUrl=http%3A%2F%2Flocalhost%3A4721%2Fregisterproperty.aspx&browserName=Chrome&_=1591908419646 4721 - ::1 Mozilla/5.0+(Windows+NT+10.0;+Win64;+x64)+AppleWebKit/537.36+(KHTML,+like+Gecko)+Chrome/83.0.4103.97+Safari/537.36 http://localhost:4721/registerproperty.aspx 404 0 2 11
2020-06-11 20:51:59 ::1 GET /ac7fe376d953496a8566b4aa28d7681f/arterySignalR/ping requestUrl=http%3A%2F%2Flocalhost%3A4721%2Fregisterproperty.aspx&browserName=Chrome&_=1591908719645 4721 - ::1 Mozilla/5.0+(Windows+NT+10.0;+Win64;+x64)+AppleWebKit/537.36+(KHTML,+like+Gecko)+Chrome/83.0.4103.97+Safari/537.36 http://localhost:4721/registerproperty.aspx 404 0 2 10
2020-06-11 20:56:59 ::1 GET /ac7fe376d953496a8566b4aa28d7681f/arterySignalR/ping requestUrl=http%3A%2F%2Flocalhost%3A4721%2Fregisterproperty.aspx&browserName=Chrome&_=1591909019645 4721 - ::1 Mozilla/5.0+(Windows+NT+10.0;+Win64;+x64)+AppleWebKit/537.36+(KHTML,+like+Gecko)+Chrome/83.0.4103.97+Safari/537.36 http://localhost:4721/registerproperty.aspx 404 0 2 6
2020-06-11 21:01:59 ::1 GET /ac7fe376d953496a8566b4aa28d7681f/arterySignalR/ping requestUrl=http%3A%2F%2Flocalhost%3A4721%2Fregisterproperty.aspx&browserName=Chrome&_=1591909319646 4721 - ::1 Mozilla/5.0+(Windows+NT+10.0;+Win64;+x64)+AppleWebKit/537.36+(KHTML,+like+Gecko)+Chrome/83.0.4103.97+Safari/537.36 http://localhost:4721/registerproperty.aspx 404 0 2 11
2020-06-11 21:06:59 ::1 GET /ac7fe376d953496a8566b4aa28d7681f/arterySignalR/ping requestUrl=http%3A%2F%2Flocalhost%3A4721%2Fregisterproperty.aspx&browserName=Chrome&_=1591909619644 4721 - ::1 Mozilla/5.0+(Windows+NT+10.0;+Win64;+x64)+AppleWebKit/537.36+(KHTML,+like+Gecko)+Chrome/83.0.4103.97+Safari/537.36 http://localhost:4721/registerproperty.aspx 404 0 2 10
2020-06-11 21:11:59 ::1 GET /ac7fe376d953496a8566b4aa28d7681f/arterySignalR/ping requestUrl=http%3A%2F%2Flocalhost%3A4721%2Fregisterproperty.aspx&browserName=Chrome&_=1591909919643 4721 - ::1 Mozilla/5.0+(Windows+NT+10.0;+Win64;+x64)+AppleWebKit/537.36+(KHTML,+like+Gecko)+Chrome/83.0.4103.97+Safari/537.36 http://localhost:4721/registerproperty.aspx 404 0 2 11
