#Software: Microsoft Internet Information Services 8.0
#Version: 1.0
#Date: 2020-05-28 14:46:41
#Fields: date time s-ip cs-method cs-uri-stem cs-uri-query s-port cs-username c-ip cs(User-Agent) cs(Referer) sc-status sc-substatus sc-win32-status time-taken
2020-05-28 14:46:41 ::1 GET /userlogin.aspx - 4721 - ::1 Mozilla/5.0+(Windows+NT+10.0;+Win64;+x64)+AppleWebKit/537.36+(KHTML,+like+Gecko)+Chrome/81.0.4044.138+Safari/537.36 - 200 0 0 16536
2020-05-28 14:46:43 ::1 GET /CSS/MYstyleSheet.css - 4721 - ::1 Mozilla/5.0+(Windows+NT+10.0;+Win64;+x64)+AppleWebKit/537.36+(KHTML,+like+Gecko)+Chrome/81.0.4044.138+Safari/537.36 http://localhost:4721/userlogin.aspx 200 0 0 25
2020-05-28 14:46:43 ::1 GET /Datatables/CSS/jquery.dataTables.min.css - 4721 - ::1 Mozilla/5.0+(Windows+NT+10.0;+Win64;+x64)+AppleWebKit/537.36+(KHTML,+like+Gecko)+Chrome/81.0.4044.138+Safari/537.36 http://localhost:4721/userlogin.aspx 200 0 0 57
2020-05-28 14:46:43 ::1 GET /Bootstrap/CSS/bootstrap.min.css - 4721 - ::1 Mozilla/5.0+(Windows+NT+10.0;+Win64;+x64)+AppleWebKit/537.36+(KHTML,+like+Gecko)+Chrome/81.0.4044.138+Safari/537.36 http://localhost:4721/userlogin.aspx 200 0 0 341
2020-05-28 14:46:43 ::1 GET /Fontawesome/css/all.css - 4721 - ::1 Mozilla/5.0+(Windows+NT+10.0;+Win64;+x64)+AppleWebKit/537.36+(KHTML,+like+Gecko)+Chrome/81.0.4044.138+Safari/537.36 http://localhost:4721/userlogin.aspx 200 0 0 246
2020-05-28 14:46:44 ::1 GET /Bootstrap/JS/bootstrap.min.js - 4721 - ::1 Mozilla/5.0+(Windows+NT+10.0;+Win64;+x64)+AppleWebKit/537.36+(KHTML,+like+Gecko)+Chrome/81.0.4044.138+Safari/537.36 http://localhost:4721/userlogin.aspx 200 0 0 1269
2020-05-28 14:46:44 ::1 GET /Bootstrap/JS/popper.min.js - 4721 - ::1 Mozilla/5.0+(Windows+NT+10.0;+Win64;+x64)+AppleWebKit/537.36+(KHTML,+like+Gecko)+Chrome/81.0.4044.138+Safari/537.36 http://localhost:4721/userlogin.aspx 200 0 0 1423
2020-05-28 14:46:44 ::1 GET /Datatables/JS/jquery.dataTables.min.js - 4721 - ::1 Mozilla/5.0+(Windows+NT+10.0;+Win64;+x64)+AppleWebKit/537.36+(KHTML,+like+Gecko)+Chrome/81.0.4044.138+Safari/537.36 http://localhost:4721/userlogin.aspx 200 0 0 1439
2020-05-28 14:46:44 ::1 GET /Bootstrap/JS/jquery-3.4.1.slim.min.js - 4721 - ::1 Mozilla/5.0+(Windows+NT+10.0;+Win64;+x64)+AppleWebKit/537.36+(KHTML,+like+Gecko)+Chrome/81.0.4044.138+Safari/537.36 http://localhost:4721/userlogin.aspx 200 0 0 1690
2020-05-28 14:46:44 ::1 GET /imgs/cartoon-house_6460-139.jpg - 4721 - ::1 Mozilla/5.0+(Windows+NT+10.0;+Win64;+x64)+AppleWebKit/537.36+(KHTML,+like+Gecko)+Chrome/81.0.4044.138+Safari/537.36 http://localhost:4721/userlogin.aspx 200 0 0 111
2020-05-28 14:46:44 ::1 GET /imgs/generaluser.png - 4721 - ::1 Mozilla/5.0+(Windows+NT+10.0;+Win64;+x64)+AppleWebKit/537.36+(KHTML,+like+Gecko)+Chrome/81.0.4044.138+Safari/537.36 http://localhost:4721/userlogin.aspx 200 0 0 55
2020-05-28 14:47:26 ::1 GET /favicon.ico - 4721 - ::1 Mozilla/5.0+(Windows+NT+10.0;+Win64;+x64)+AppleWebKit/537.36+(KHTML,+like+Gecko)+Chrome/81.0.4044.138+Safari/537.36 http://localhost:4721/userlogin.aspx 404 0 2 434
2020-05-28 14:47:26 ::1 POST /userlogin.aspx - 4721 - ::1 Mozilla/5.0+(Windows+NT+10.0;+Win64;+x64)+AppleWebKit/537.36+(KHTML,+like+Gecko)+Chrome/81.0.4044.138+Safari/537.36 http://localhost:4721/userlogin.aspx 302 0 0 1045
2020-05-28 14:47:26 ::1 GET /userlogin.aspx - 4721 - ::1 Mozilla/5.0+(Windows+NT+10.0;+Win64;+x64)+AppleWebKit/537.36+(KHTML,+like+Gecko)+Chrome/81.0.4044.138+Safari/537.36 http://localhost:4721/userlogin.aspx 200 0 0 18
2020-05-28 14:47:36 ::1 GET /__browserLink/requestData/6cbde27170e940d7b6808ef2e7a58fb4 - 4721 - ::1 Mozilla/5.0+(Windows+NT+10.0;+Win64;+x64)+AppleWebKit/537.36+(KHTML,+like+Gecko)+Chrome/81.0.4044.138+Safari/537.36 http://localhost:4721/userlogin.aspx 200 0 0 880
2020-05-28 14:47:52 ::1 POST /userlogin.aspx - 4721 - ::1 Mozilla/5.0+(Windows+NT+10.0;+Win64;+x64)+AppleWebKit/537.36+(KHTML,+like+Gecko)+Chrome/81.0.4044.138+Safari/537.36 http://localhost:4721/userlogin.aspx 302 0 0 7
2020-05-28 14:47:52 ::1 GET /userlogin.aspx - 4721 - ::1 Mozilla/5.0+(Windows+NT+10.0;+Win64;+x64)+AppleWebKit/537.36+(KHTML,+like+Gecko)+Chrome/81.0.4044.138+Safari/537.36 http://localhost:4721/userlogin.aspx 200 0 0 7
2020-05-28 14:47:52 ::1 GET /__browserLink/requestData/22725f5fd92d4ecea39728897fb7c112 - 4721 - ::1 Mozilla/5.0+(Windows+NT+10.0;+Win64;+x64)+AppleWebKit/537.36+(KHTML,+like+Gecko)+Chrome/81.0.4044.138+Safari/537.36 http://localhost:4721/userlogin.aspx 200 0 0 7
2020-05-28 14:48:08 ::1 POST /userlogin.aspx - 4721 - ::1 Mozilla/5.0+(Windows+NT+10.0;+Win64;+x64)+AppleWebKit/537.36+(KHTML,+like+Gecko)+Chrome/81.0.4044.138+Safari/537.36 http://localhost:4721/userlogin.aspx 200 0 0 1531
2020-05-28 14:48:11 ::1 GET /__browserLink/requestData/fee857e4097842cb80692e3dbb760276 - 4721 - ::1 Mozilla/5.0+(Windows+NT+10.0;+Win64;+x64)+AppleWebKit/537.36+(KHTML,+like+Gecko)+Chrome/81.0.4044.138+Safari/537.36 http://localhost:4721/userlogin.aspx 200 0 0 6
2020-05-28 14:53:12 ::1 GET /06db45719e1b44c7a96a5c76bce92f49/arterySignalR/ping requestUrl=http%3A%2F%2Flocalhost%3A4721%2Fuserlogin.aspx&browserName=Chrome&_=1590677591916 4721 - ::1 Mozilla/5.0+(Windows+NT+10.0;+Win64;+x64)+AppleWebKit/537.36+(KHTML,+like+Gecko)+Chrome/81.0.4044.138+Safari/537.36 http://localhost:4721/userlogin.aspx 404 0 2 138
2020-05-28 14:53:40 ::1 POST /userlogin.aspx - 4721 - ::1 Mozilla/5.0+(Windows+NT+10.0;+Win64;+x64)+AppleWebKit/537.36+(KHTML,+like+Gecko)+Chrome/81.0.4044.138+Safari/537.36 http://localhost:4721/userlogin.aspx 200 0 0 232
2020-05-28 14:53:44 ::1 GET /__browserLink/requestData/1ee7dc8aacc8437c81fd6460920052b6 - 4721 - ::1 Mozilla/5.0+(Windows+NT+10.0;+Win64;+x64)+AppleWebKit/537.36+(KHTML,+like+Gecko)+Chrome/81.0.4044.138+Safari/537.36 http://localhost:4721/userlogin.aspx 200 0 0 6
2020-05-28 14:53:52 ::1 POST /userlogin.aspx - 4721 - ::1 Mozilla/5.0+(Windows+NT+10.0;+Win64;+x64)+AppleWebKit/537.36+(KHTML,+like+Gecko)+Chrome/81.0.4044.138+Safari/537.36 http://localhost:4721/userlogin.aspx 200 0 0 99
2020-05-28 14:53:55 ::1 GET /__browserLink/requestData/14fda7ff8cb2419486149bac982b55a6 - 4721 - ::1 Mozilla/5.0+(Windows+NT+10.0;+Win64;+x64)+AppleWebKit/537.36+(KHTML,+like+Gecko)+Chrome/81.0.4044.138+Safari/537.36 http://localhost:4721/userlogin.aspx 200 0 0 6
2020-05-28 14:54:16 ::1 POST /userlogin.aspx - 4721 - ::1 Mozilla/5.0+(Windows+NT+10.0;+Win64;+x64)+AppleWebKit/537.36+(KHTML,+like+Gecko)+Chrome/81.0.4044.138+Safari/537.36 http://localhost:4721/userlogin.aspx 302 0 0 394
2020-05-28 14:54:16 ::1 GET /homepage.aspx - 4721 - ::1 Mozilla/5.0+(Windows+NT+10.0;+Win64;+x64)+AppleWebKit/537.36+(KHTML,+like+Gecko)+Chrome/81.0.4044.138+Safari/537.36 http://localhost:4721/userlogin.aspx 200 0 0 48
2020-05-28 14:54:16 ::1 GET /imgs/example+3.jpg - 4721 - ::1 Mozilla/5.0+(Windows+NT+10.0;+Win64;+x64)+AppleWebKit/537.36+(KHTML,+like+Gecko)+Chrome/81.0.4044.138+Safari/537.36 http://localhost:4721/homepage.aspx 200 0 0 128
2020-05-28 14:54:16 ::1 GET /imgs/header.jpg - 4721 - ::1 Mozilla/5.0+(Windows+NT+10.0;+Win64;+x64)+AppleWebKit/537.36+(KHTML,+like+Gecko)+Chrome/81.0.4044.138+Safari/537.36 http://localhost:4721/homepage.aspx 200 0 0 183
2020-05-28 14:54:16 ::1 GET /imgs/sing+up.png - 4721 - ::1 Mozilla/5.0+(Windows+NT+10.0;+Win64;+x64)+AppleWebKit/537.36+(KHTML,+like+Gecko)+Chrome/81.0.4044.138+Safari/537.36 http://localhost:4721/homepage.aspx 200 0 0 17
2020-05-28 14:54:16 ::1 GET /imgs/Witbank-Mall.jpg - 4721 - ::1 Mozilla/5.0+(Windows+NT+10.0;+Win64;+x64)+AppleWebKit/537.36+(KHTML,+like+Gecko)+Chrome/81.0.4044.138+Safari/537.36 http://localhost:4721/homepage.aspx 200 0 0 64
2020-05-28 14:54:16 ::1 GET /imgs/search.png - 4721 - ::1 Mozilla/5.0+(Windows+NT+10.0;+Win64;+x64)+AppleWebKit/537.36+(KHTML,+like+Gecko)+Chrome/81.0.4044.138+Safari/537.36 http://localhost:4721/homepage.aspx 200 0 0 77
2020-05-28 14:54:16 ::1 GET /imgs/kitchen+Header.jpg - 4721 - ::1 Mozilla/5.0+(Windows+NT+10.0;+Win64;+x64)+AppleWebKit/537.36+(KHTML,+like+Gecko)+Chrome/81.0.4044.138+Safari/537.36 http://localhost:4721/homepage.aspx 200 0 0 199
2020-05-28 14:54:18 ::1 GET /__browserLink/requestData/7a346dcadddd4148bcdce877cf4fbdc1 - 4721 - ::1 Mozilla/5.0+(Windows+NT+10.0;+Win64;+x64)+AppleWebKit/537.36+(KHTML,+like+Gecko)+Chrome/81.0.4044.138+Safari/537.36 http://localhost:4721/homepage.aspx 200 0 0 4
2020-05-28 14:56:39 ::1 POST /homepage.aspx - 4721 - ::1 Mozilla/5.0+(Windows+NT+10.0;+Win64;+x64)+AppleWebKit/537.36+(KHTML,+like+Gecko)+Chrome/81.0.4044.138+Safari/537.36 http://localhost:4721/homepage.aspx 302 0 0 117
2020-05-28 14:56:39 ::1 GET /userprofile.aspx - 4721 - ::1 Mozilla/5.0+(Windows+NT+10.0;+Win64;+x64)+AppleWebKit/537.36+(KHTML,+like+Gecko)+Chrome/81.0.4044.138+Safari/537.36 http://localhost:4721/homepage.aspx 200 0 0 196
2020-05-28 14:56:39 ::1 GET /imgs/example4.jpeg - 4721 - ::1 Mozilla/5.0+(Windows+NT+10.0;+Win64;+x64)+AppleWebKit/537.36+(KHTML,+like+Gecko)+Chrome/81.0.4044.138+Safari/537.36 http://localhost:4721/userprofile.aspx 200 0 0 45
2020-05-28 14:56:39 ::1 GET /Datatables/images/sort_both.png - 4721 - ::1 Mozilla/5.0+(Windows+NT+10.0;+Win64;+x64)+AppleWebKit/537.36+(KHTML,+like+Gecko)+Chrome/81.0.4044.138+Safari/537.36 http://localhost:4721/Datatables/CSS/jquery.dataTables.min.css 404 0 2 3
2020-05-28 14:56:39 ::1 GET /Datatables/images/sort_asc.png - 4721 - ::1 Mozilla/5.0+(Windows+NT+10.0;+Win64;+x64)+AppleWebKit/537.36+(KHTML,+like+Gecko)+Chrome/81.0.4044.138+Safari/537.36 http://localhost:4721/Datatables/CSS/jquery.dataTables.min.css 404 0 2 7
2020-05-28 14:56:41 ::1 GET /__browserLink/requestData/1d40115d35164413b2d86dddcf621bde - 4721 - ::1 Mozilla/5.0+(Windows+NT+10.0;+Win64;+x64)+AppleWebKit/537.36+(KHTML,+like+Gecko)+Chrome/81.0.4044.138+Safari/537.36 http://localhost:4721/userprofile.aspx 200 0 0 8
2020-05-28 14:58:15 ::1 GET /examples/room.png - 4721 - ::1 - - 404 0 2 1
2020-05-28 15:01:40 ::1 GET /06db45719e1b44c7a96a5c76bce92f49/arterySignalR/ping requestUrl=http%3A%2F%2Flocalhost%3A4721%2Fuserprofile.aspx&browserName=Chrome&_=1590678100715 4721 - ::1 Mozilla/5.0+(Windows+NT+10.0;+Win64;+x64)+AppleWebKit/537.36+(KHTML,+like+Gecko)+Chrome/81.0.4044.138+Safari/537.36 http://localhost:4721/userprofile.aspx 404 0 2 11
2020-05-28 15:06:40 ::1 GET /06db45719e1b44c7a96a5c76bce92f49/arterySignalR/ping requestUrl=http%3A%2F%2Flocalhost%3A4721%2Fuserprofile.aspx&browserName=Chrome&_=1590678400713 4721 - ::1 Mozilla/5.0+(Windows+NT+10.0;+Win64;+x64)+AppleWebKit/537.36+(KHTML,+like+Gecko)+Chrome/81.0.4044.138+Safari/537.36 http://localhost:4721/userprofile.aspx 404 0 2 11
2020-05-28 15:11:40 ::1 GET /06db45719e1b44c7a96a5c76bce92f49/arterySignalR/ping requestUrl=http%3A%2F%2Flocalhost%3A4721%2Fuserprofile.aspx&browserName=Chrome&_=1590678700709 4721 - ::1 Mozilla/5.0+(Windows+NT+10.0;+Win64;+x64)+AppleWebKit/537.36+(KHTML,+like+Gecko)+Chrome/81.0.4044.138+Safari/537.36 http://localhost:4721/userprofile.aspx 404 0 2 5
2020-05-28 15:14:31 ::1 GET /homepage.aspx - 4721 - ::1 Mozilla/5.0+(Windows+NT+10.0;+Win64;+x64)+AppleWebKit/537.36+(KHTML,+like+Gecko)+Chrome/81.0.4044.138+Safari/537.36 http://localhost:4721/userprofile.aspx 200 0 0 13
2020-05-28 15:14:32 ::1 GET /__browserLink/requestData/e921698ddb004464b2895c58b4839a44 - 4721 - ::1 Mozilla/5.0+(Windows+NT+10.0;+Win64;+x64)+AppleWebKit/537.36+(KHTML,+like+Gecko)+Chrome/81.0.4044.138+Safari/537.36 http://localhost:4721/homepage.aspx 200 0 0 6
2020-05-28 15:14:36 ::1 POST /homepage.aspx - 4721 - ::1 Mozilla/5.0+(Windows+NT+10.0;+Win64;+x64)+AppleWebKit/537.36+(KHTML,+like+Gecko)+Chrome/81.0.4044.138+Safari/537.36 http://localhost:4721/homepage.aspx 302 0 0 9
2020-05-28 15:14:36 ::1 GET /homepage.aspx - 4721 - ::1 Mozilla/5.0+(Windows+NT+10.0;+Win64;+x64)+AppleWebKit/537.36+(KHTML,+like+Gecko)+Chrome/81.0.4044.138+Safari/537.36 http://localhost:4721/homepage.aspx 200 0 0 7
2020-05-28 15:14:36 ::1 GET /__browserLink/requestData/30f825feb9574a71b8ae590d0cb6e0d3 - 4721 - ::1 Mozilla/5.0+(Windows+NT+10.0;+Win64;+x64)+AppleWebKit/537.36+(KHTML,+like+Gecko)+Chrome/81.0.4044.138+Safari/537.36 http://localhost:4721/homepage.aspx 200 0 0 5
2020-05-28 15:14:47 ::1 POST /homepage.aspx - 4721 - ::1 Mozilla/5.0+(Windows+NT+10.0;+Win64;+x64)+AppleWebKit/537.36+(KHTML,+like+Gecko)+Chrome/81.0.4044.138+Safari/537.36 http://localhost:4721/homepage.aspx 302 0 0 13
2020-05-28 15:14:47 ::1 GET /viewproperties.aspx - 4721 - ::1 Mozilla/5.0+(Windows+NT+10.0;+Win64;+x64)+AppleWebKit/537.36+(KHTML,+like+Gecko)+Chrome/81.0.4044.138+Safari/537.36 http://localhost:4721/homepage.aspx 200 0 0 465
2020-05-28 15:14:47 ::1 GET /Datatables/images/sort_both.png - 4721 - ::1 Mozilla/5.0+(Windows+NT+10.0;+Win64;+x64)+AppleWebKit/537.36+(KHTML,+like+Gecko)+Chrome/81.0.4044.138+Safari/537.36 http://localhost:4721/Datatables/CSS/jquery.dataTables.min.css 404 0 2 1
2020-05-28 15:14:47 ::1 GET /examples/example4.jpeg - 4721 - ::1 Mozilla/5.0+(Windows+NT+10.0;+Win64;+x64)+AppleWebKit/537.36+(KHTML,+like+Gecko)+Chrome/81.0.4044.138+Safari/537.36 http://localhost:4721/viewproperties.aspx 200 0 0 60
2020-05-28 15:14:47 ::1 GET /Datatables/images/sort_asc.png - 4721 - ::1 Mozilla/5.0+(Windows+NT+10.0;+Win64;+x64)+AppleWebKit/537.36+(KHTML,+like+Gecko)+Chrome/81.0.4044.138+Safari/537.36 http://localhost:4721/Datatables/CSS/jquery.dataTables.min.css 404 0 2 4
2020-05-28 15:14:49 ::1 GET /__browserLink/requestData/65017d8fa2524a718e9d4b1376c67cf9 - 4721 - ::1 Mozilla/5.0+(Windows+NT+10.0;+Win64;+x64)+AppleWebKit/537.36+(KHTML,+like+Gecko)+Chrome/81.0.4044.138+Safari/537.36 http://localhost:4721/viewproperties.aspx 200 0 0 8
2020-05-28 15:15:28 ::1 POST /viewproperties.aspx - 4721 - ::1 Mozilla/5.0+(Windows+NT+10.0;+Win64;+x64)+AppleWebKit/537.36+(KHTML,+like+Gecko)+Chrome/81.0.4044.138+Safari/537.36 http://localhost:4721/viewproperties.aspx 302 0 0 15
2020-05-28 15:15:28 ::1 GET /userlogin.aspx - 4721 - ::1 Mozilla/5.0+(Windows+NT+10.0;+Win64;+x64)+AppleWebKit/537.36+(KHTML,+like+Gecko)+Chrome/81.0.4044.138+Safari/537.36 http://localhost:4721/viewproperties.aspx 200 0 0 8
2020-05-28 15:15:28 ::1 GET /__browserLink/requestData/ea031de88d9243f8861bccfba8f56591 - 4721 - ::1 Mozilla/5.0+(Windows+NT+10.0;+Win64;+x64)+AppleWebKit/537.36+(KHTML,+like+Gecko)+Chrome/81.0.4044.138+Safari/537.36 http://localhost:4721/userlogin.aspx 200 0 0 6
2020-05-28 15:15:31 ::1 POST /userlogin.aspx - 4721 - ::1 Mozilla/5.0+(Windows+NT+10.0;+Win64;+x64)+AppleWebKit/537.36+(KHTML,+like+Gecko)+Chrome/81.0.4044.138+Safari/537.36 http://localhost:4721/userlogin.aspx 302 0 0 7
2020-05-28 15:15:31 ::1 GET /usersingup.aspx - 4721 - ::1 Mozilla/5.0+(Windows+NT+10.0;+Win64;+x64)+AppleWebKit/537.36+(KHTML,+like+Gecko)+Chrome/81.0.4044.138+Safari/537.36 http://localhost:4721/userlogin.aspx 200 0 0 36
2020-05-28 15:15:31 ::1 GET /__browserLink/requestData/95a12cc371c7445a816b5d48cc4db956 - 4721 - ::1 Mozilla/5.0+(Windows+NT+10.0;+Win64;+x64)+AppleWebKit/537.36+(KHTML,+like+Gecko)+Chrome/81.0.4044.138+Safari/537.36 http://localhost:4721/usersingup.aspx 200 0 0 8
2020-05-28 15:15:37 ::1 POST /usersingup.aspx - 4721 - ::1 Mozilla/5.0+(Windows+NT+10.0;+Win64;+x64)+AppleWebKit/537.36+(KHTML,+like+Gecko)+Chrome/81.0.4044.138+Safari/537.36 http://localhost:4721/usersingup.aspx 302 0 0 8
2020-05-28 15:15:37 ::1 GET /userlogin.aspx - 4721 - ::1 Mozilla/5.0+(Windows+NT+10.0;+Win64;+x64)+AppleWebKit/537.36+(KHTML,+like+Gecko)+Chrome/81.0.4044.138+Safari/537.36 http://localhost:4721/usersingup.aspx 200 0 0 9
2020-05-28 15:15:37 ::1 GET /__browserLink/requestData/1d0567a3a0714370b901ff4e19f98db0 - 4721 - ::1 Mozilla/5.0+(Windows+NT+10.0;+Win64;+x64)+AppleWebKit/537.36+(KHTML,+like+Gecko)+Chrome/81.0.4044.138+Safari/537.36 http://localhost:4721/userlogin.aspx 200 0 0 5
2020-05-28 15:15:48 ::1 POST /userlogin.aspx - 4721 - ::1 Mozilla/5.0+(Windows+NT+10.0;+Win64;+x64)+AppleWebKit/537.36+(KHTML,+like+Gecko)+Chrome/81.0.4044.138+Safari/537.36 http://localhost:4721/userlogin.aspx 302 0 0 63
2020-05-28 15:15:48 ::1 GET /homepage.aspx - 4721 - ::1 Mozilla/5.0+(Windows+NT+10.0;+Win64;+x64)+AppleWebKit/537.36+(KHTML,+like+Gecko)+Chrome/81.0.4044.138+Safari/537.36 http://localhost:4721/userlogin.aspx 200 0 0 7
2020-05-28 15:15:48 ::1 GET /__browserLink/requestData/fa10e8a2abd94c32a29ec362189ebd00 - 4721 - ::1 Mozilla/5.0+(Windows+NT+10.0;+Win64;+x64)+AppleWebKit/537.36+(KHTML,+like+Gecko)+Chrome/81.0.4044.138+Safari/537.36 http://localhost:4721/homepage.aspx 200 0 0 4
2020-05-28 15:16:01 ::1 POST /homepage.aspx - 4721 - ::1 Mozilla/5.0+(Windows+NT+10.0;+Win64;+x64)+AppleWebKit/537.36+(KHTML,+like+Gecko)+Chrome/81.0.4044.138+Safari/537.36 http://localhost:4721/homepage.aspx 302 0 0 6
2020-05-28 15:16:01 ::1 GET /userprofile.aspx - 4721 - ::1 Mozilla/5.0+(Windows+NT+10.0;+Win64;+x64)+AppleWebKit/537.36+(KHTML,+like+Gecko)+Chrome/81.0.4044.138+Safari/537.36 http://localhost:4721/homepage.aspx 200 0 0 10
2020-05-28 15:16:02 ::1 GET /__browserLink/requestData/c75238af3e0a4d03a1f8720681b3fd3b - 4721 - ::1 Mozilla/5.0+(Windows+NT+10.0;+Win64;+x64)+AppleWebKit/537.36+(KHTML,+like+Gecko)+Chrome/81.0.4044.138+Safari/537.36 http://localhost:4721/userprofile.aspx 200 0 0 11
2020-05-28 15:16:07 ::1 POST /userprofile.aspx - 4721 - ::1 Mozilla/5.0+(Windows+NT+10.0;+Win64;+x64)+AppleWebKit/537.36+(KHTML,+like+Gecko)+Chrome/81.0.4044.138+Safari/537.36 http://localhost:4721/userprofile.aspx 302 0 0 11
2020-05-28 15:16:07 ::1 GET /registerproperty.aspx - 4721 - ::1 Mozilla/5.0+(Windows+NT+10.0;+Win64;+x64)+AppleWebKit/537.36+(KHTML,+like+Gecko)+Chrome/81.0.4044.138+Safari/537.36 http://localhost:4721/userprofile.aspx 200 0 0 122
2020-05-28 15:16:07 ::1 GET /examples/room.png - 4721 - ::1 Mozilla/5.0+(Windows+NT+10.0;+Win64;+x64)+AppleWebKit/537.36+(KHTML,+like+Gecko)+Chrome/81.0.4044.138+Safari/537.36 http://localhost:4721/registerproperty.aspx 404 0 2 4
2020-05-28 15:16:08 ::1 GET /__browserLink/requestData/3313876b936248b984cd0669843bd9e9 - 4721 - ::1 Mozilla/5.0+(Windows+NT+10.0;+Win64;+x64)+AppleWebKit/537.36+(KHTML,+like+Gecko)+Chrome/81.0.4044.138+Safari/537.36 http://localhost:4721/registerproperty.aspx 200 0 0 5
2020-05-28 15:16:29 ::1 POST /registerproperty.aspx - 4721 - ::1 Mozilla/5.0+(Windows+NT+10.0;+Win64;+x64)+AppleWebKit/537.36+(KHTML,+like+Gecko)+Chrome/81.0.4044.138+Safari/537.36 http://localhost:4721/registerproperty.aspx 302 0 0 141
2020-05-28 15:16:29 ::1 GET /homepage.aspx - 4721 - ::1 Mozilla/5.0+(Windows+NT+10.0;+Win64;+x64)+AppleWebKit/537.36+(KHTML,+like+Gecko)+Chrome/81.0.4044.138+Safari/537.36 http://localhost:4721/registerproperty.aspx 200 0 0 5
2020-05-28 15:16:30 ::1 GET /__browserLink/requestData/f056505ff94d45638dc92c75d8149ace - 4721 - ::1 Mozilla/5.0+(Windows+NT+10.0;+Win64;+x64)+AppleWebKit/537.36+(KHTML,+like+Gecko)+Chrome/81.0.4044.138+Safari/537.36 http://localhost:4721/homepage.aspx 200 0 0 6
2020-05-28 15:16:32 ::1 POST /homepage.aspx - 4721 - ::1 Mozilla/5.0+(Windows+NT+10.0;+Win64;+x64)+AppleWebKit/537.36+(KHTML,+like+Gecko)+Chrome/81.0.4044.138+Safari/537.36 http://localhost:4721/homepage.aspx 302 0 0 10
2020-05-28 15:16:32 ::1 GET /usersingup.aspx - 4721 - ::1 Mozilla/5.0+(Windows+NT+10.0;+Win64;+x64)+AppleWebKit/537.36+(KHTML,+like+Gecko)+Chrome/81.0.4044.138+Safari/537.36 http://localhost:4721/homepage.aspx 200 0 0 33
2020-05-28 15:16:33 ::1 GET /__browserLink/requestData/33e055f8bca24c7694eebe57087ed934 - 4721 - ::1 Mozilla/5.0+(Windows+NT+10.0;+Win64;+x64)+AppleWebKit/537.36+(KHTML,+like+Gecko)+Chrome/81.0.4044.138+Safari/537.36 http://localhost:4721/usersingup.aspx 200 0 0 7
2020-05-28 15:16:35 ::1 POST /usersingup.aspx - 4721 - ::1 Mozilla/5.0+(Windows+NT+10.0;+Win64;+x64)+AppleWebKit/537.36+(KHTML,+like+Gecko)+Chrome/81.0.4044.138+Safari/537.36 http://localhost:4721/usersingup.aspx 302 0 0 8
2020-05-28 15:16:35 ::1 GET /userlogin.aspx - 4721 - ::1 Mozilla/5.0+(Windows+NT+10.0;+Win64;+x64)+AppleWebKit/537.36+(KHTML,+like+Gecko)+Chrome/81.0.4044.138+Safari/537.36 http://localhost:4721/usersingup.aspx 200 0 0 6
2020-05-28 15:16:36 ::1 GET /__browserLink/requestData/063a13edb4194a6ca7e16ebc25ab077a - 4721 - ::1 Mozilla/5.0+(Windows+NT+10.0;+Win64;+x64)+AppleWebKit/537.36+(KHTML,+like+Gecko)+Chrome/81.0.4044.138+Safari/537.36 http://localhost:4721/userlogin.aspx 200 0 0 7
2020-05-28 15:16:42 ::1 POST /userlogin.aspx - 4721 - ::1 Mozilla/5.0+(Windows+NT+10.0;+Win64;+x64)+AppleWebKit/537.36+(KHTML,+like+Gecko)+Chrome/81.0.4044.138+Safari/537.36 http://localhost:4721/userlogin.aspx 200 0 0 77
2020-05-28 15:16:46 ::1 GET /__browserLink/requestData/df6ace99343e4d87902f58efd0aaf9a1 - 4721 - ::1 Mozilla/5.0+(Windows+NT+10.0;+Win64;+x64)+AppleWebKit/537.36+(KHTML,+like+Gecko)+Chrome/81.0.4044.138+Safari/537.36 http://localhost:4721/userlogin.aspx 200 0 0 7
2020-05-28 15:17:08 ::1 POST /userlogin.aspx - 4721 - ::1 Mozilla/5.0+(Windows+NT+10.0;+Win64;+x64)+AppleWebKit/537.36+(KHTML,+like+Gecko)+Chrome/81.0.4044.138+Safari/537.36 http://localhost:4721/userlogin.aspx 302 0 0 7
2020-05-28 15:17:08 ::1 GET /userlogin.aspx - 4721 - ::1 Mozilla/5.0+(Windows+NT+10.0;+Win64;+x64)+AppleWebKit/537.36+(KHTML,+like+Gecko)+Chrome/81.0.4044.138+Safari/537.36 http://localhost:4721/userlogin.aspx 200 0 0 4
2020-05-28 15:17:08 ::1 GET /__browserLink/requestData/d471920d60e94eaa8b82b084a2f69317 - 4721 - ::1 Mozilla/5.0+(Windows+NT+10.0;+Win64;+x64)+AppleWebKit/537.36+(KHTML,+like+Gecko)+Chrome/81.0.4044.138+Safari/537.36 http://localhost:4721/userlogin.aspx 200 0 0 4
2020-05-28 15:17:19 ::1 POST /userlogin.aspx - 4721 - ::1 Mozilla/5.0+(Windows+NT+10.0;+Win64;+x64)+AppleWebKit/537.36+(KHTML,+like+Gecko)+Chrome/81.0.4044.138+Safari/537.36 http://localhost:4721/userlogin.aspx 302 0 0 14
2020-05-28 15:17:19 ::1 GET /homepage.aspx - 4721 - ::1 Mozilla/5.0+(Windows+NT+10.0;+Win64;+x64)+AppleWebKit/537.36+(KHTML,+like+Gecko)+Chrome/81.0.4044.138+Safari/537.36 http://localhost:4721/userlogin.aspx 200 0 0 10
2020-05-28 15:17:21 ::1 GET /__browserLink/requestData/6806ced86d1f406183282d4ac5146e43 - 4721 - ::1 Mozilla/5.0+(Windows+NT+10.0;+Win64;+x64)+AppleWebKit/537.36+(KHTML,+like+Gecko)+Chrome/81.0.4044.138+Safari/537.36 http://localhost:4721/homepage.aspx 200 0 0 5
2020-05-28 15:17:28 ::1 POST /homepage.aspx - 4721 - ::1 Mozilla/5.0+(Windows+NT+10.0;+Win64;+x64)+AppleWebKit/537.36+(KHTML,+like+Gecko)+Chrome/81.0.4044.138+Safari/537.36 http://localhost:4721/homepage.aspx 302 0 0 8
2020-05-28 15:17:28 ::1 GET /userprofile.aspx - 4721 - ::1 Mozilla/5.0+(Windows+NT+10.0;+Win64;+x64)+AppleWebKit/537.36+(KHTML,+like+Gecko)+Chrome/81.0.4044.138+Safari/537.36 http://localhost:4721/homepage.aspx 200 0 0 8
2020-05-28 15:17:28 ::1 GET /Datatables/images/sort_both.png - 4721 - ::1 Mozilla/5.0+(Windows+NT+10.0;+Win64;+x64)+AppleWebKit/537.36+(KHTML,+like+Gecko)+Chrome/81.0.4044.138+Safari/537.36 http://localhost:4721/Datatables/CSS/jquery.dataTables.min.css 404 0 2 3
2020-05-28 15:17:28 ::1 GET /Datatables/images/sort_asc.png - 4721 - ::1 Mozilla/5.0+(Windows+NT+10.0;+Win64;+x64)+AppleWebKit/537.36+(KHTML,+like+Gecko)+Chrome/81.0.4044.138+Safari/537.36 http://localhost:4721/Datatables/CSS/jquery.dataTables.min.css 404 0 2 4
2020-05-28 15:17:29 ::1 GET /__browserLink/requestData/42372e6067e444cbab6a682c8886e9a7 - 4721 - ::1 Mozilla/5.0+(Windows+NT+10.0;+Win64;+x64)+AppleWebKit/537.36+(KHTML,+like+Gecko)+Chrome/81.0.4044.138+Safari/537.36 http://localhost:4721/userprofile.aspx 200 0 0 13
2020-05-28 15:17:41 ::1 POST /userprofile.aspx - 4721 - ::1 Mozilla/5.0+(Windows+NT+10.0;+Win64;+x64)+AppleWebKit/537.36+(KHTML,+like+Gecko)+Chrome/81.0.4044.138+Safari/537.36 http://localhost:4721/userprofile.aspx 200 0 0 54
2020-05-28 15:17:43 ::1 GET /Datatables/images/sort_both.png - 4721 - ::1 Mozilla/5.0+(Windows+NT+10.0;+Win64;+x64)+AppleWebKit/537.36+(KHTML,+like+Gecko)+Chrome/81.0.4044.138+Safari/537.36 http://localhost:4721/Datatables/CSS/jquery.dataTables.min.css 404 0 2 2
2020-05-28 15:17:43 ::1 GET /Datatables/images/sort_asc.png - 4721 - ::1 Mozilla/5.0+(Windows+NT+10.0;+Win64;+x64)+AppleWebKit/537.36+(KHTML,+like+Gecko)+Chrome/81.0.4044.138+Safari/537.36 http://localhost:4721/Datatables/CSS/jquery.dataTables.min.css 404 0 2 1
2020-05-28 15:17:43 ::1 GET /__browserLink/requestData/eb7a6d27016b4877a4a8490fe9f62e3f - 4721 - ::1 Mozilla/5.0+(Windows+NT+10.0;+Win64;+x64)+AppleWebKit/537.36+(KHTML,+like+Gecko)+Chrome/81.0.4044.138+Safari/537.36 http://localhost:4721/userprofile.aspx 200 0 0 9
2020-05-28 15:22:44 ::1 GET /06db45719e1b44c7a96a5c76bce92f49/arterySignalR/ping requestUrl=http%3A%2F%2Flocalhost%3A4721%2Fuserprofile.aspx&browserName=Chrome&_=1590679364908 4721 - ::1 Mozilla/5.0+(Windows+NT+10.0;+Win64;+x64)+AppleWebKit/537.36+(KHTML,+like+Gecko)+Chrome/81.0.4044.138+Safari/537.36 http://localhost:4721/userprofile.aspx 404 0 2 7
2020-05-28 15:25:59 ::1 POST /userprofile.aspx - 4721 - ::1 Mozilla/5.0+(Windows+NT+10.0;+Win64;+x64)+AppleWebKit/537.36+(KHTML,+like+Gecko)+Chrome/81.0.4044.138+Safari/537.36 http://localhost:4721/userprofile.aspx 302 0 0 364
2020-05-28 15:25:59 ::1 GET /homepage.aspx - 4721 - ::1 Mozilla/5.0+(Windows+NT+10.0;+Win64;+x64)+AppleWebKit/537.36+(KHTML,+like+Gecko)+Chrome/81.0.4044.138+Safari/537.36 http://localhost:4721/userprofile.aspx 200 0 0 39
2020-05-28 15:26:01 ::1 GET /__browserLink/requestData/93082115902a4e1f9339e649697fd1bd - 4721 - ::1 Mozilla/5.0+(Windows+NT+10.0;+Win64;+x64)+AppleWebKit/537.36+(KHTML,+like+Gecko)+Chrome/81.0.4044.138+Safari/537.36 http://localhost:4721/homepage.aspx 200 0 0 6
2020-05-28 15:26:10 ::1 POST /homepage.aspx - 4721 - ::1 Mozilla/5.0+(Windows+NT+10.0;+Win64;+x64)+AppleWebKit/537.36+(KHTML,+like+Gecko)+Chrome/81.0.4044.138+Safari/537.36 http://localhost:4721/homepage.aspx 302 0 0 7
2020-05-28 15:26:10 ::1 GET /viewproperties.aspx - 4721 - ::1 Mozilla/5.0+(Windows+NT+10.0;+Win64;+x64)+AppleWebKit/537.36+(KHTML,+like+Gecko)+Chrome/81.0.4044.138+Safari/537.36 http://localhost:4721/homepage.aspx 200 0 0 513
2020-05-28 15:26:10 ::1 GET /Datatables/images/sort_both.png - 4721 - ::1 Mozilla/5.0+(Windows+NT+10.0;+Win64;+x64)+AppleWebKit/537.36+(KHTML,+like+Gecko)+Chrome/81.0.4044.138+Safari/537.36 http://localhost:4721/Datatables/CSS/jquery.dataTables.min.css 404 0 2 3
2020-05-28 15:26:10 ::1 GET /Datatables/images/sort_asc.png - 4721 - ::1 Mozilla/5.0+(Windows+NT+10.0;+Win64;+x64)+AppleWebKit/537.36+(KHTML,+like+Gecko)+Chrome/81.0.4044.138+Safari/537.36 http://localhost:4721/Datatables/CSS/jquery.dataTables.min.css 404 0 2 4
2020-05-28 15:26:11 ::1 GET /__browserLink/requestData/574db265216f47b48471abfd00129568 - 4721 - ::1 Mozilla/5.0+(Windows+NT+10.0;+Win64;+x64)+AppleWebKit/537.36+(KHTML,+like+Gecko)+Chrome/81.0.4044.138+Safari/537.36 http://localhost:4721/viewproperties.aspx 200 0 0 11
2020-05-28 15:29:31 ::1 GET /examples/room.png - 4721 - ::1 - - 404 0 2 2
2020-05-28 15:31:10 ::1 GET /06db45719e1b44c7a96a5c76bce92f49/arterySignalR/ping requestUrl=http%3A%2F%2Flocalhost%3A4721%2Fviewproperties.aspx&browserName=Chrome&_=1590679870949 4721 - ::1 Mozilla/5.0+(Windows+NT+10.0;+Win64;+x64)+AppleWebKit/537.36+(KHTML,+like+Gecko)+Chrome/81.0.4044.138+Safari/537.36 http://localhost:4721/viewproperties.aspx 404 0 2 9
2020-05-28 15:36:10 ::1 GET /06db45719e1b44c7a96a5c76bce92f49/arterySignalR/ping requestUrl=http%3A%2F%2Flocalhost%3A4721%2Fviewproperties.aspx&browserName=Chrome&_=1590680170937 4721 - ::1 Mozilla/5.0+(Windows+NT+10.0;+Win64;+x64)+AppleWebKit/537.36+(KHTML,+like+Gecko)+Chrome/81.0.4044.138+Safari/537.36 http://localhost:4721/viewproperties.aspx 404 0 2 5
2020-05-28 15:41:10 ::1 GET /06db45719e1b44c7a96a5c76bce92f49/arterySignalR/ping requestUrl=http%3A%2F%2Flocalhost%3A4721%2Fviewproperties.aspx&browserName=Chrome&_=1590680470937 4721 - ::1 Mozilla/5.0+(Windows+NT+10.0;+Win64;+x64)+AppleWebKit/537.36+(KHTML,+like+Gecko)+Chrome/81.0.4044.138+Safari/537.36 http://localhost:4721/viewproperties.aspx 404 0 2 8
2020-05-28 15:46:10 ::1 GET /06db45719e1b44c7a96a5c76bce92f49/arterySignalR/ping requestUrl=http%3A%2F%2Flocalhost%3A4721%2Fviewproperties.aspx&browserName=Chrome&_=1590680770939 4721 - ::1 Mozilla/5.0+(Windows+NT+10.0;+Win64;+x64)+AppleWebKit/537.36+(KHTML,+like+Gecko)+Chrome/81.0.4044.138+Safari/537.36 http://localhost:4721/viewproperties.aspx 404 0 2 11
2020-05-28 15:51:10 ::1 GET /06db45719e1b44c7a96a5c76bce92f49/arterySignalR/ping requestUrl=http%3A%2F%2Flocalhost%3A4721%2Fviewproperties.aspx&browserName=Chrome&_=1590681070937 4721 - ::1 Mozilla/5.0+(Windows+NT+10.0;+Win64;+x64)+AppleWebKit/537.36+(KHTML,+like+Gecko)+Chrome/81.0.4044.138+Safari/537.36 http://localhost:4721/viewproperties.aspx 404 0 2 12
2020-05-28 15:56:10 ::1 GET /06db45719e1b44c7a96a5c76bce92f49/arterySignalR/ping requestUrl=http%3A%2F%2Flocalhost%3A4721%2Fviewproperties.aspx&browserName=Chrome&_=1590681370937 4721 - ::1 Mozilla/5.0+(Windows+NT+10.0;+Win64;+x64)+AppleWebKit/537.36+(KHTML,+like+Gecko)+Chrome/81.0.4044.138+Safari/537.36 http://localhost:4721/viewproperties.aspx 404 0 2 4
2020-05-28 16:01:10 ::1 GET /06db45719e1b44c7a96a5c76bce92f49/arterySignalR/ping requestUrl=http%3A%2F%2Flocalhost%3A4721%2Fviewproperties.aspx&browserName=Chrome&_=1590681670940 4721 - ::1 Mozilla/5.0+(Windows+NT+10.0;+Win64;+x64)+AppleWebKit/537.36+(KHTML,+like+Gecko)+Chrome/81.0.4044.138+Safari/537.36 http://localhost:4721/viewproperties.aspx 404 0 2 11
2020-05-28 16:06:10 ::1 GET /06db45719e1b44c7a96a5c76bce92f49/arterySignalR/ping requestUrl=http%3A%2F%2Flocalhost%3A4721%2Fviewproperties.aspx&browserName=Chrome&_=1590681970942 4721 - ::1 Mozilla/5.0+(Windows+NT+10.0;+Win64;+x64)+AppleWebKit/537.36+(KHTML,+like+Gecko)+Chrome/81.0.4044.138+Safari/537.36 http://localhost:4721/viewproperties.aspx 404 0 2 5
2020-05-28 16:11:10 ::1 GET /06db45719e1b44c7a96a5c76bce92f49/arterySignalR/ping requestUrl=http%3A%2F%2Flocalhost%3A4721%2Fviewproperties.aspx&browserName=Chrome&_=1590682270938 4721 - ::1 Mozilla/5.0+(Windows+NT+10.0;+Win64;+x64)+AppleWebKit/537.36+(KHTML,+like+Gecko)+Chrome/81.0.4044.138+Safari/537.36 http://localhost:4721/viewproperties.aspx 404 0 2 11
2020-05-28 16:16:10 ::1 GET /06db45719e1b44c7a96a5c76bce92f49/arterySignalR/ping requestUrl=http%3A%2F%2Flocalhost%3A4721%2Fviewproperties.aspx&browserName=Chrome&_=1590682570939 4721 - ::1 Mozilla/5.0+(Windows+NT+10.0;+Win64;+x64)+AppleWebKit/537.36+(KHTML,+like+Gecko)+Chrome/81.0.4044.138+Safari/537.36 http://localhost:4721/viewproperties.aspx 404 0 2 11
2020-05-28 16:21:10 ::1 GET /06db45719e1b44c7a96a5c76bce92f49/arterySignalR/ping requestUrl=http%3A%2F%2Flocalhost%3A4721%2Fviewproperties.aspx&browserName=Chrome&_=1590682870937 4721 - ::1 Mozilla/5.0+(Windows+NT+10.0;+Win64;+x64)+AppleWebKit/537.36+(KHTML,+like+Gecko)+Chrome/81.0.4044.138+Safari/537.36 http://localhost:4721/viewproperties.aspx 404 0 2 12
2020-05-28 16:26:10 ::1 GET /06db45719e1b44c7a96a5c76bce92f49/arterySignalR/ping requestUrl=http%3A%2F%2Flocalhost%3A4721%2Fviewproperties.aspx&browserName=Chrome&_=1590683170940 4721 - ::1 Mozilla/5.0+(Windows+NT+10.0;+Win64;+x64)+AppleWebKit/537.36+(KHTML,+like+Gecko)+Chrome/81.0.4044.138+Safari/537.36 http://localhost:4721/viewproperties.aspx 404 0 2 12
2020-05-28 16:31:10 ::1 GET /06db45719e1b44c7a96a5c76bce92f49/arterySignalR/ping requestUrl=http%3A%2F%2Flocalhost%3A4721%2Fviewproperties.aspx&browserName=Chrome&_=1590683470941 4721 - ::1 Mozilla/5.0+(Windows+NT+10.0;+Win64;+x64)+AppleWebKit/537.36+(KHTML,+like+Gecko)+Chrome/81.0.4044.138+Safari/537.36 http://localhost:4721/viewproperties.aspx 404 0 2 11
2020-05-28 16:36:10 ::1 GET /06db45719e1b44c7a96a5c76bce92f49/arterySignalR/ping requestUrl=http%3A%2F%2Flocalhost%3A4721%2Fviewproperties.aspx&browserName=Chrome&_=1590683770936 4721 - ::1 Mozilla/5.0+(Windows+NT+10.0;+Win64;+x64)+AppleWebKit/537.36+(KHTML,+like+Gecko)+Chrome/81.0.4044.138+Safari/537.36 http://localhost:4721/viewproperties.aspx 404 0 2 4
2020-05-28 16:41:10 ::1 GET /06db45719e1b44c7a96a5c76bce92f49/arterySignalR/ping requestUrl=http%3A%2F%2Flocalhost%3A4721%2Fviewproperties.aspx&browserName=Chrome&_=1590684070938 4721 - ::1 Mozilla/5.0+(Windows+NT+10.0;+Win64;+x64)+AppleWebKit/537.36+(KHTML,+like+Gecko)+Chrome/81.0.4044.138+Safari/537.36 http://localhost:4721/viewproperties.aspx 404 0 2 15
2020-05-28 16:46:10 ::1 GET /06db45719e1b44c7a96a5c76bce92f49/arterySignalR/ping requestUrl=http%3A%2F%2Flocalhost%3A4721%2Fviewproperties.aspx&browserName=Chrome&_=1590684370938 4721 - ::1 Mozilla/5.0+(Windows+NT+10.0;+Win64;+x64)+AppleWebKit/537.36+(KHTML,+like+Gecko)+Chrome/81.0.4044.138+Safari/537.36 http://localhost:4721/viewproperties.aspx 404 0 2 6
2020-05-28 16:51:10 ::1 GET /06db45719e1b44c7a96a5c76bce92f49/arterySignalR/ping requestUrl=http%3A%2F%2Flocalhost%3A4721%2Fviewproperties.aspx&browserName=Chrome&_=1590684670940 4721 - ::1 Mozilla/5.0+(Windows+NT+10.0;+Win64;+x64)+AppleWebKit/537.36+(KHTML,+like+Gecko)+Chrome/81.0.4044.138+Safari/537.36 http://localhost:4721/viewproperties.aspx 404 0 2 11
2020-05-28 16:56:10 ::1 GET /06db45719e1b44c7a96a5c76bce92f49/arterySignalR/ping requestUrl=http%3A%2F%2Flocalhost%3A4721%2Fviewproperties.aspx&browserName=Chrome&_=1590684970936 4721 - ::1 Mozilla/5.0+(Windows+NT+10.0;+Win64;+x64)+AppleWebKit/537.36+(KHTML,+like+Gecko)+Chrome/81.0.4044.138+Safari/537.36 http://localhost:4721/viewproperties.aspx 404 0 2 6
2020-05-28 17:01:10 ::1 GET /06db45719e1b44c7a96a5c76bce92f49/arterySignalR/ping requestUrl=http%3A%2F%2Flocalhost%3A4721%2Fviewproperties.aspx&browserName=Chrome&_=1590685270938 4721 - ::1 Mozilla/5.0+(Windows+NT+10.0;+Win64;+x64)+AppleWebKit/537.36+(KHTML,+like+Gecko)+Chrome/81.0.4044.138+Safari/537.36 http://localhost:4721/viewproperties.aspx 404 0 2 11
2020-05-28 17:06:10 ::1 GET /06db45719e1b44c7a96a5c76bce92f49/arterySignalR/ping requestUrl=http%3A%2F%2Flocalhost%3A4721%2Fviewproperties.aspx&browserName=Chrome&_=1590685570941 4721 - ::1 Mozilla/5.0+(Windows+NT+10.0;+Win64;+x64)+AppleWebKit/537.36+(KHTML,+like+Gecko)+Chrome/81.0.4044.138+Safari/537.36 http://localhost:4721/viewproperties.aspx 404 0 2 5
2020-05-28 17:11:10 ::1 GET /06db45719e1b44c7a96a5c76bce92f49/arterySignalR/ping requestUrl=http%3A%2F%2Flocalhost%3A4721%2Fviewproperties.aspx&browserName=Chrome&_=1590685870938 4721 - ::1 Mozilla/5.0+(Windows+NT+10.0;+Win64;+x64)+AppleWebKit/537.36+(KHTML,+like+Gecko)+Chrome/81.0.4044.138+Safari/537.36 http://localhost:4721/viewproperties.aspx 404 0 2 5
2020-05-28 17:16:10 ::1 GET /06db45719e1b44c7a96a5c76bce92f49/arterySignalR/ping requestUrl=http%3A%2F%2Flocalhost%3A4721%2Fviewproperties.aspx&browserName=Chrome&_=1590686170938 4721 - ::1 Mozilla/5.0+(Windows+NT+10.0;+Win64;+x64)+AppleWebKit/537.36+(KHTML,+like+Gecko)+Chrome/81.0.4044.138+Safari/537.36 http://localhost:4721/viewproperties.aspx 404 0 2 11
2020-05-28 17:21:10 ::1 GET /06db45719e1b44c7a96a5c76bce92f49/arterySignalR/ping requestUrl=http%3A%2F%2Flocalhost%3A4721%2Fviewproperties.aspx&browserName=Chrome&_=1590686470940 4721 - ::1 Mozilla/5.0+(Windows+NT+10.0;+Win64;+x64)+AppleWebKit/537.36+(KHTML,+like+Gecko)+Chrome/81.0.4044.138+Safari/537.36 http://localhost:4721/viewproperties.aspx 404 0 2 6
2020-05-28 17:26:10 ::1 GET /06db45719e1b44c7a96a5c76bce92f49/arterySignalR/ping requestUrl=http%3A%2F%2Flocalhost%3A4721%2Fviewproperties.aspx&browserName=Chrome&_=1590686770941 4721 - ::1 Mozilla/5.0+(Windows+NT+10.0;+Win64;+x64)+AppleWebKit/537.36+(KHTML,+like+Gecko)+Chrome/81.0.4044.138+Safari/537.36 http://localhost:4721/viewproperties.aspx 404 0 2 11
2020-05-28 17:31:10 ::1 GET /06db45719e1b44c7a96a5c76bce92f49/arterySignalR/ping requestUrl=http%3A%2F%2Flocalhost%3A4721%2Fviewproperties.aspx&browserName=Chrome&_=1590687070940 4721 - ::1 Mozilla/5.0+(Windows+NT+10.0;+Win64;+x64)+AppleWebKit/537.36+(KHTML,+like+Gecko)+Chrome/81.0.4044.138+Safari/537.36 http://localhost:4721/viewproperties.aspx 404 0 2 5
2020-05-28 17:36:10 ::1 GET /06db45719e1b44c7a96a5c76bce92f49/arterySignalR/ping requestUrl=http%3A%2F%2Flocalhost%3A4721%2Fviewproperties.aspx&browserName=Chrome&_=1590687370939 4721 - ::1 Mozilla/5.0+(Windows+NT+10.0;+Win64;+x64)+AppleWebKit/537.36+(KHTML,+like+Gecko)+Chrome/81.0.4044.138+Safari/537.36 http://localhost:4721/viewproperties.aspx 404 0 2 11
2020-05-28 17:41:10 ::1 GET /06db45719e1b44c7a96a5c76bce92f49/arterySignalR/ping requestUrl=http%3A%2F%2Flocalhost%3A4721%2Fviewproperties.aspx&browserName=Chrome&_=1590687670939 4721 - ::1 Mozilla/5.0+(Windows+NT+10.0;+Win64;+x64)+AppleWebKit/537.36+(KHTML,+like+Gecko)+Chrome/81.0.4044.138+Safari/537.36 http://localhost:4721/viewproperties.aspx 404 0 2 10
2020-05-28 17:46:10 ::1 GET /06db45719e1b44c7a96a5c76bce92f49/arterySignalR/ping requestUrl=http%3A%2F%2Flocalhost%3A4721%2Fviewproperties.aspx&browserName=Chrome&_=1590687970940 4721 - ::1 Mozilla/5.0+(Windows+NT+10.0;+Win64;+x64)+AppleWebKit/537.36+(KHTML,+like+Gecko)+Chrome/81.0.4044.138+Safari/537.36 http://localhost:4721/viewproperties.aspx 404 0 2 6
2020-05-28 17:51:10 ::1 GET /06db45719e1b44c7a96a5c76bce92f49/arterySignalR/ping requestUrl=http%3A%2F%2Flocalhost%3A4721%2Fviewproperties.aspx&browserName=Chrome&_=1590688270937 4721 - ::1 Mozilla/5.0+(Windows+NT+10.0;+Win64;+x64)+AppleWebKit/537.36+(KHTML,+like+Gecko)+Chrome/81.0.4044.138+Safari/537.36 http://localhost:4721/viewproperties.aspx 404 0 2 11
