#Software: Microsoft Internet Information Services 8.0
#Version: 1.0
#Date: 2020-04-23 00:03:10
#Fields: date time s-ip cs-method cs-uri-stem cs-uri-query s-port cs-username c-ip cs(User-Agent) cs(Referer) sc-status sc-substatus sc-win32-status time-taken
2020-04-23 00:03:10 ::1 GET /8faa0d835fc14257adfdc52675a803ab/arterySignalR/ping requestUrl=http%3A%2F%2Flocalhost%3A4721%2Fusersingup.aspx&browserName=Chrome&_=1587600190052 4721 - ::1 Mozilla/5.0+(Windows+NT+10.0;+Win64;+x64)+AppleWebKit/537.36+(KHTML,+like+Gecko)+Chrome/81.0.4044.113+Safari/537.36 http://localhost:4721/usersingup.aspx 404 0 2 176
2020-04-23 00:08:10 ::1 GET /8faa0d835fc14257adfdc52675a803ab/arterySignalR/ping requestUrl=http%3A%2F%2Flocalhost%3A4721%2Fusersingup.aspx&browserName=Chrome&_=1587600490051 4721 - ::1 Mozilla/5.0+(Windows+NT+10.0;+Win64;+x64)+AppleWebKit/537.36+(KHTML,+like+Gecko)+Chrome/81.0.4044.113+Safari/537.36 http://localhost:4721/usersingup.aspx 404 0 2 47
2020-04-23 00:13:11 ::1 GET /8faa0d835fc14257adfdc52675a803ab/arterySignalR/ping requestUrl=http%3A%2F%2Flocalhost%3A4721%2Fusersingup.aspx&browserName=Chrome&_=1587600791088 4721 - ::1 Mozilla/5.0+(Windows+NT+10.0;+Win64;+x64)+AppleWebKit/537.36+(KHTML,+like+Gecko)+Chrome/81.0.4044.113+Safari/537.36 http://localhost:4721/usersingup.aspx 404 0 2 156
2020-04-23 00:18:10 ::1 GET /8faa0d835fc14257adfdc52675a803ab/arterySignalR/ping requestUrl=http%3A%2F%2Flocalhost%3A4721%2Fusersingup.aspx&browserName=Chrome&_=1587601090054 4721 - ::1 Mozilla/5.0+(Windows+NT+10.0;+Win64;+x64)+AppleWebKit/537.36+(KHTML,+like+Gecko)+Chrome/81.0.4044.113+Safari/537.36 http://localhost:4721/usersingup.aspx 404 0 2 40
2020-04-23 00:23:10 ::1 GET /8faa0d835fc14257adfdc52675a803ab/arterySignalR/ping requestUrl=http%3A%2F%2Flocalhost%3A4721%2Fusersingup.aspx&browserName=Chrome&_=1587601390052 4721 - ::1 Mozilla/5.0+(Windows+NT+10.0;+Win64;+x64)+AppleWebKit/537.36+(KHTML,+like+Gecko)+Chrome/81.0.4044.113+Safari/537.36 http://localhost:4721/usersingup.aspx 404 0 2 4
2020-04-23 00:28:10 ::1 GET /8faa0d835fc14257adfdc52675a803ab/arterySignalR/ping requestUrl=http%3A%2F%2Flocalhost%3A4721%2Fusersingup.aspx&browserName=Chrome&_=1587601690052 4721 - ::1 Mozilla/5.0+(Windows+NT+10.0;+Win64;+x64)+AppleWebKit/537.36+(KHTML,+like+Gecko)+Chrome/81.0.4044.113+Safari/537.36 http://localhost:4721/usersingup.aspx 404 0 2 17
2020-04-23 00:33:10 ::1 GET /8faa0d835fc14257adfdc52675a803ab/arterySignalR/ping requestUrl=http%3A%2F%2Flocalhost%3A4721%2Fusersingup.aspx&browserName=Chrome&_=1587601990060 4721 - ::1 Mozilla/5.0+(Windows+NT+10.0;+Win64;+x64)+AppleWebKit/537.36+(KHTML,+like+Gecko)+Chrome/81.0.4044.113+Safari/537.36 http://localhost:4721/usersingup.aspx 404 0 2 59
2020-04-23 00:38:10 ::1 GET /8faa0d835fc14257adfdc52675a803ab/arterySignalR/ping requestUrl=http%3A%2F%2Flocalhost%3A4721%2Fusersingup.aspx&browserName=Chrome&_=1587602290056 4721 - ::1 Mozilla/5.0+(Windows+NT+10.0;+Win64;+x64)+AppleWebKit/537.36+(KHTML,+like+Gecko)+Chrome/81.0.4044.113+Safari/537.36 http://localhost:4721/usersingup.aspx 404 0 2 34
2020-04-23 00:43:10 ::1 GET /8faa0d835fc14257adfdc52675a803ab/arterySignalR/ping requestUrl=http%3A%2F%2Flocalhost%3A4721%2Fusersingup.aspx&browserName=Chrome&_=1587602590053 4721 - ::1 Mozilla/5.0+(Windows+NT+10.0;+Win64;+x64)+AppleWebKit/537.36+(KHTML,+like+Gecko)+Chrome/81.0.4044.113+Safari/537.36 http://localhost:4721/usersingup.aspx 404 0 2 7
2020-04-23 00:48:10 ::1 GET /8faa0d835fc14257adfdc52675a803ab/arterySignalR/ping requestUrl=http%3A%2F%2Flocalhost%3A4721%2Fusersingup.aspx&browserName=Chrome&_=1587602890051 4721 - ::1 Mozilla/5.0+(Windows+NT+10.0;+Win64;+x64)+AppleWebKit/537.36+(KHTML,+like+Gecko)+Chrome/81.0.4044.113+Safari/537.36 http://localhost:4721/usersingup.aspx 404 0 2 27
2020-04-23 00:53:10 ::1 GET /8faa0d835fc14257adfdc52675a803ab/arterySignalR/ping requestUrl=http%3A%2F%2Flocalhost%3A4721%2Fusersingup.aspx&browserName=Chrome&_=1587603190051 4721 - ::1 Mozilla/5.0+(Windows+NT+10.0;+Win64;+x64)+AppleWebKit/537.36+(KHTML,+like+Gecko)+Chrome/81.0.4044.113+Safari/537.36 http://localhost:4721/usersingup.aspx 404 0 2 43
2020-04-23 00:58:10 ::1 GET /8faa0d835fc14257adfdc52675a803ab/arterySignalR/ping requestUrl=http%3A%2F%2Flocalhost%3A4721%2Fusersingup.aspx&browserName=Chrome&_=1587603490052 4721 - ::1 Mozilla/5.0+(Windows+NT+10.0;+Win64;+x64)+AppleWebKit/537.36+(KHTML,+like+Gecko)+Chrome/81.0.4044.113+Safari/537.36 http://localhost:4721/usersingup.aspx 404 0 2 68
2020-04-23 01:03:10 ::1 GET /8faa0d835fc14257adfdc52675a803ab/arterySignalR/ping requestUrl=http%3A%2F%2Flocalhost%3A4721%2Fusersingup.aspx&browserName=Chrome&_=1587603790063 4721 - ::1 Mozilla/5.0+(Windows+NT+10.0;+Win64;+x64)+AppleWebKit/537.36+(KHTML,+like+Gecko)+Chrome/81.0.4044.113+Safari/537.36 http://localhost:4721/usersingup.aspx 404 0 2 120
2020-04-23 01:08:10 ::1 GET /8faa0d835fc14257adfdc52675a803ab/arterySignalR/ping requestUrl=http%3A%2F%2Flocalhost%3A4721%2Fusersingup.aspx&browserName=Chrome&_=1587604090052 4721 - ::1 Mozilla/5.0+(Windows+NT+10.0;+Win64;+x64)+AppleWebKit/537.36+(KHTML,+like+Gecko)+Chrome/81.0.4044.113+Safari/537.36 http://localhost:4721/usersingup.aspx 404 0 2 11
#Software: Microsoft Internet Information Services 8.0
#Version: 1.0
#Date: 2020-04-23 20:03:53
#Fields: date time s-ip cs-method cs-uri-stem cs-uri-query s-port cs-username c-ip cs(User-Agent) cs(Referer) sc-status sc-substatus sc-win32-status time-taken
2020-04-23 20:03:53 ::1 POST /usersingup.aspx - 4721 - ::1 Mozilla/5.0+(Windows+NT+10.0;+Win64;+x64)+AppleWebKit/537.36+(KHTML,+like+Gecko)+Chrome/81.0.4044.113+Safari/537.36 http://localhost:4721/usersingup.aspx 200 0 0 8044
2020-04-23 20:04:34 ::1 GET /__browserLink/requestData/5d8e9b0564cd436d98a37c7be5def619 - 4721 - ::1 Mozilla/5.0+(Windows+NT+10.0;+Win64;+x64)+AppleWebKit/537.36+(KHTML,+like+Gecko)+Chrome/81.0.4044.113+Safari/537.36 http://localhost:4721/usersingup.aspx 200 0 0 1131
2020-04-23 20:09:13 ::1 GET /8faa0d835fc14257adfdc52675a803ab/arterySignalR/ping requestUrl=http%3A%2F%2Flocalhost%3A4721%2Fusersingup.aspx&browserName=Chrome&_=1587672553167 4721 - ::1 Mozilla/5.0+(Windows+NT+10.0;+Win64;+x64)+AppleWebKit/537.36+(KHTML,+like+Gecko)+Chrome/81.0.4044.113+Safari/537.36 http://localhost:4721/usersingup.aspx 404 0 2 278
2020-04-23 20:13:41 ::1 POST /usersingup.aspx - 4721 - ::1 Mozilla/5.0+(Windows+NT+10.0;+Win64;+x64)+AppleWebKit/537.36+(KHTML,+like+Gecko)+Chrome/81.0.4044.113+Safari/537.36 http://localhost:4721/usersingup.aspx 200 0 0 1490
2020-04-23 20:13:46 ::1 GET /__browserLink/requestData/60b8a8e8dac04994b67df1b7c84f3501 - 4721 - ::1 Mozilla/5.0+(Windows+NT+10.0;+Win64;+x64)+AppleWebKit/537.36+(KHTML,+like+Gecko)+Chrome/81.0.4044.113+Safari/537.36 http://localhost:4721/usersingup.aspx 200 0 0 143
2020-04-23 20:18:44 ::1 GET /8faa0d835fc14257adfdc52675a803ab/arterySignalR/ping requestUrl=http%3A%2F%2Flocalhost%3A4721%2Fusersingup.aspx&browserName=Chrome&_=1587673123918 4721 - ::1 Mozilla/5.0+(Windows+NT+10.0;+Win64;+x64)+AppleWebKit/537.36+(KHTML,+like+Gecko)+Chrome/81.0.4044.113+Safari/537.36 http://localhost:4721/usersingup.aspx 404 0 2 32
2020-04-23 20:23:43 ::1 GET /8faa0d835fc14257adfdc52675a803ab/arterySignalR/ping requestUrl=http%3A%2F%2Flocalhost%3A4721%2Fusersingup.aspx&browserName=Chrome&_=1587673423920 4721 - ::1 Mozilla/5.0+(Windows+NT+10.0;+Win64;+x64)+AppleWebKit/537.36+(KHTML,+like+Gecko)+Chrome/81.0.4044.113+Safari/537.36 http://localhost:4721/usersingup.aspx 404 0 2 4
2020-04-23 20:25:18 ::1 GET /userlogin.aspx - 4721 - ::1 Mozilla/5.0+(Windows+NT+10.0;+Win64;+x64)+AppleWebKit/537.36+(KHTML,+like+Gecko)+Chrome/81.0.4044.113+Safari/537.36 - 200 0 0 666
2020-04-23 20:25:22 ::1 GET /__browserLink/requestData/19e4e87ff7524c19843e8f75481565f1 - 4721 - ::1 Mozilla/5.0+(Windows+NT+10.0;+Win64;+x64)+AppleWebKit/537.36+(KHTML,+like+Gecko)+Chrome/81.0.4044.113+Safari/537.36 http://localhost:4721/userlogin.aspx 200 0 0 6
2020-04-23 20:25:25 ::1 POST /userlogin.aspx - 4721 - ::1 Mozilla/5.0+(Windows+NT+10.0;+Win64;+x64)+AppleWebKit/537.36+(KHTML,+like+Gecko)+Chrome/81.0.4044.113+Safari/537.36 http://localhost:4721/userlogin.aspx 200 0 0 30
2020-04-23 20:25:29 ::1 GET /__browserLink/requestData/e076ecc5ef434453a2a4549e82da557b - 4721 - ::1 Mozilla/5.0+(Windows+NT+10.0;+Win64;+x64)+AppleWebKit/537.36+(KHTML,+like+Gecko)+Chrome/81.0.4044.113+Safari/537.36 http://localhost:4721/userlogin.aspx 200 0 0 7
2020-04-23 20:25:57 ::1 POST /userlogin.aspx - 4721 - ::1 Mozilla/5.0+(Windows+NT+10.0;+Win64;+x64)+AppleWebKit/537.36+(KHTML,+like+Gecko)+Chrome/81.0.4044.113+Safari/537.36 http://localhost:4721/userlogin.aspx 500 0 0 13541
2020-04-23 20:26:59 ::1 POST /userlogin.aspx - 4721 - ::1 Mozilla/5.0+(Windows+NT+10.0;+Win64;+x64)+AppleWebKit/537.36+(KHTML,+like+Gecko)+Chrome/81.0.4044.113+Safari/537.36 http://localhost:4721/userlogin.aspx 200 0 0 8359
2020-04-23 20:27:03 ::1 GET /__browserLink/requestData/3dc1c258c8314024a21cbda2ac11d86d - 4721 - ::1 Mozilla/5.0+(Windows+NT+10.0;+Win64;+x64)+AppleWebKit/537.36+(KHTML,+like+Gecko)+Chrome/81.0.4044.113+Safari/537.36 http://localhost:4721/userlogin.aspx 200 0 0 346
2020-04-23 20:28:20 ::1 POST /userlogin.aspx - 4721 - ::1 Mozilla/5.0+(Windows+NT+10.0;+Win64;+x64)+AppleWebKit/537.36+(KHTML,+like+Gecko)+Chrome/81.0.4044.113+Safari/537.36 http://localhost:4721/userlogin.aspx 200 0 0 127
2020-04-23 20:28:23 ::1 GET /__browserLink/requestData/11948a1c4b6d411f8d08d299fcd6237f - 4721 - ::1 Mozilla/5.0+(Windows+NT+10.0;+Win64;+x64)+AppleWebKit/537.36+(KHTML,+like+Gecko)+Chrome/81.0.4044.113+Safari/537.36 http://localhost:4721/userlogin.aspx 200 0 0 4
2020-04-23 20:29:38 ::1 POST /userlogin.aspx - 4721 - ::1 Mozilla/5.0+(Windows+NT+10.0;+Win64;+x64)+AppleWebKit/537.36+(KHTML,+like+Gecko)+Chrome/81.0.4044.113+Safari/537.36 http://localhost:4721/userlogin.aspx 200 0 0 3692
2020-04-23 20:29:46 ::1 GET /__browserLink/requestData/feb0ebdc71b0493c9f2c74415636a935 - 4721 - ::1 Mozilla/5.0+(Windows+NT+10.0;+Win64;+x64)+AppleWebKit/537.36+(KHTML,+like+Gecko)+Chrome/81.0.4044.113+Safari/537.36 http://localhost:4721/userlogin.aspx 200 0 0 246
2020-04-23 20:29:49 ::1 POST /userlogin.aspx - 4721 - ::1 Mozilla/5.0+(Windows+NT+10.0;+Win64;+x64)+AppleWebKit/537.36+(KHTML,+like+Gecko)+Chrome/81.0.4044.113+Safari/537.36 http://localhost:4721/userlogin.aspx 200 0 0 99
2020-04-23 20:29:52 ::1 GET /__browserLink/requestData/424cc21e7b6b406da8129605cd440175 - 4721 - ::1 Mozilla/5.0+(Windows+NT+10.0;+Win64;+x64)+AppleWebKit/537.36+(KHTML,+like+Gecko)+Chrome/81.0.4044.113+Safari/537.36 http://localhost:4721/userlogin.aspx 200 0 0 161
2020-04-23 20:34:52 ::1 GET /8faa0d835fc14257adfdc52675a803ab/arterySignalR/ping requestUrl=http%3A%2F%2Flocalhost%3A4721%2Fuserlogin.aspx&browserName=Chrome&_=1587674092066 4721 - ::1 Mozilla/5.0+(Windows+NT+10.0;+Win64;+x64)+AppleWebKit/537.36+(KHTML,+like+Gecko)+Chrome/81.0.4044.113+Safari/537.36 http://localhost:4721/userlogin.aspx 404 0 2 214
2020-04-23 20:39:52 ::1 GET /8faa0d835fc14257adfdc52675a803ab/arterySignalR/ping requestUrl=http%3A%2F%2Flocalhost%3A4721%2Fuserlogin.aspx&browserName=Chrome&_=1587674392052 4721 - ::1 Mozilla/5.0+(Windows+NT+10.0;+Win64;+x64)+AppleWebKit/537.36+(KHTML,+like+Gecko)+Chrome/81.0.4044.113+Safari/537.36 http://localhost:4721/userlogin.aspx 404 0 2 61
2020-04-23 20:44:52 ::1 GET /8faa0d835fc14257adfdc52675a803ab/arterySignalR/ping requestUrl=http%3A%2F%2Flocalhost%3A4721%2Fuserlogin.aspx&browserName=Chrome&_=1587674692051 4721 - ::1 Mozilla/5.0+(Windows+NT+10.0;+Win64;+x64)+AppleWebKit/537.36+(KHTML,+like+Gecko)+Chrome/81.0.4044.113+Safari/537.36 http://localhost:4721/userlogin.aspx 404 0 2 27
2020-04-23 20:49:52 ::1 GET /8faa0d835fc14257adfdc52675a803ab/arterySignalR/ping requestUrl=http%3A%2F%2Flocalhost%3A4721%2Fuserlogin.aspx&browserName=Chrome&_=1587674992054 4721 - ::1 Mozilla/5.0+(Windows+NT+10.0;+Win64;+x64)+AppleWebKit/537.36+(KHTML,+like+Gecko)+Chrome/81.0.4044.113+Safari/537.36 http://localhost:4721/userlogin.aspx 404 0 2 6
2020-04-23 20:54:52 ::1 GET /8faa0d835fc14257adfdc52675a803ab/arterySignalR/ping requestUrl=http%3A%2F%2Flocalhost%3A4721%2Fuserlogin.aspx&browserName=Chrome&_=1587675292061 4721 - ::1 Mozilla/5.0+(Windows+NT+10.0;+Win64;+x64)+AppleWebKit/537.36+(KHTML,+like+Gecko)+Chrome/81.0.4044.113+Safari/537.36 http://localhost:4721/userlogin.aspx 404 0 2 68
2020-04-23 20:57:22 ::1 POST /userlogin.aspx - 4721 - ::1 Mozilla/5.0+(Windows+NT+10.0;+Win64;+x64)+AppleWebKit/537.36+(KHTML,+like+Gecko)+Chrome/81.0.4044.113+Safari/537.36 http://localhost:4721/userlogin.aspx 200 0 0 2721
2020-04-23 20:57:26 ::1 GET /__browserLink/requestData/fbfbd8be65e44293ab05f1d6c4af5c8f - 4721 - ::1 Mozilla/5.0+(Windows+NT+10.0;+Win64;+x64)+AppleWebKit/537.36+(KHTML,+like+Gecko)+Chrome/81.0.4044.113+Safari/537.36 http://localhost:4721/userlogin.aspx 200 0 0 23
2020-04-23 20:57:35 ::1 POST /userlogin.aspx - 4721 - ::1 Mozilla/5.0+(Windows+NT+10.0;+Win64;+x64)+AppleWebKit/537.36+(KHTML,+like+Gecko)+Chrome/81.0.4044.113+Safari/537.36 http://localhost:4721/userlogin.aspx 200 0 0 151
2020-04-23 20:57:46 ::1 GET /__browserLink/requestData/7b55948351bc43d388ece6bbe7c5b5c9 - 4721 - ::1 Mozilla/5.0+(Windows+NT+10.0;+Win64;+x64)+AppleWebKit/537.36+(KHTML,+like+Gecko)+Chrome/81.0.4044.113+Safari/537.36 http://localhost:4721/userlogin.aspx 200 0 0 5
2020-04-23 21:03:00 ::1 GET /8faa0d835fc14257adfdc52675a803ab/arterySignalR/ping requestUrl=http%3A%2F%2Flocalhost%3A4721%2Fuserlogin.aspx&browserName=Chrome&_=1587675765062 4721 - ::1 Mozilla/5.0+(Windows+NT+10.0;+Win64;+x64)+AppleWebKit/537.36+(KHTML,+like+Gecko)+Chrome/81.0.4044.113+Safari/537.36 http://localhost:4721/userlogin.aspx 404 0 2 442
2020-04-23 21:07:45 ::1 GET /8faa0d835fc14257adfdc52675a803ab/arterySignalR/ping requestUrl=http%3A%2F%2Flocalhost%3A4721%2Fuserlogin.aspx&browserName=Chrome&_=1587676065057 4721 - ::1 Mozilla/5.0+(Windows+NT+10.0;+Win64;+x64)+AppleWebKit/537.36+(KHTML,+like+Gecko)+Chrome/81.0.4044.113+Safari/537.36 http://localhost:4721/userlogin.aspx 404 0 2 19
2020-04-23 21:12:45 ::1 GET /8faa0d835fc14257adfdc52675a803ab/arterySignalR/ping requestUrl=http%3A%2F%2Flocalhost%3A4721%2Fuserlogin.aspx&browserName=Chrome&_=1587676365055 4721 - ::1 Mozilla/5.0+(Windows+NT+10.0;+Win64;+x64)+AppleWebKit/537.36+(KHTML,+like+Gecko)+Chrome/81.0.4044.113+Safari/537.36 http://localhost:4721/userlogin.aspx 404 0 2 13
2020-04-23 21:17:45 ::1 GET /8faa0d835fc14257adfdc52675a803ab/arterySignalR/ping requestUrl=http%3A%2F%2Flocalhost%3A4721%2Fuserlogin.aspx&browserName=Chrome&_=1587676665052 4721 - ::1 Mozilla/5.0+(Windows+NT+10.0;+Win64;+x64)+AppleWebKit/537.36+(KHTML,+like+Gecko)+Chrome/81.0.4044.113+Safari/537.36 http://localhost:4721/userlogin.aspx 404 0 2 4
2020-04-23 21:22:45 ::1 GET /8faa0d835fc14257adfdc52675a803ab/arterySignalR/ping requestUrl=http%3A%2F%2Flocalhost%3A4721%2Fuserlogin.aspx&browserName=Chrome&_=1587676965052 4721 - ::1 Mozilla/5.0+(Windows+NT+10.0;+Win64;+x64)+AppleWebKit/537.36+(KHTML,+like+Gecko)+Chrome/81.0.4044.113+Safari/537.36 http://localhost:4721/userlogin.aspx 404 0 2 117
2020-04-23 21:27:45 ::1 GET /8faa0d835fc14257adfdc52675a803ab/arterySignalR/ping requestUrl=http%3A%2F%2Flocalhost%3A4721%2Fuserlogin.aspx&browserName=Chrome&_=1587677265059 4721 - ::1 Mozilla/5.0+(Windows+NT+10.0;+Win64;+x64)+AppleWebKit/537.36+(KHTML,+like+Gecko)+Chrome/81.0.4044.113+Safari/537.36 http://localhost:4721/userlogin.aspx 404 0 2 10
2020-04-23 21:32:45 ::1 GET /8faa0d835fc14257adfdc52675a803ab/arterySignalR/ping requestUrl=http%3A%2F%2Flocalhost%3A4721%2Fuserlogin.aspx&browserName=Chrome&_=1587677565060 4721 - ::1 Mozilla/5.0+(Windows+NT+10.0;+Win64;+x64)+AppleWebKit/537.36+(KHTML,+like+Gecko)+Chrome/81.0.4044.113+Safari/537.36 http://localhost:4721/userlogin.aspx 404 0 2 5
2020-04-23 21:37:45 ::1 GET /8faa0d835fc14257adfdc52675a803ab/arterySignalR/ping requestUrl=http%3A%2F%2Flocalhost%3A4721%2Fuserlogin.aspx&browserName=Chrome&_=1587677865052 4721 - ::1 Mozilla/5.0+(Windows+NT+10.0;+Win64;+x64)+AppleWebKit/537.36+(KHTML,+like+Gecko)+Chrome/81.0.4044.113+Safari/537.36 http://localhost:4721/userlogin.aspx 404 0 2 5
2020-04-23 21:42:45 ::1 GET /8faa0d835fc14257adfdc52675a803ab/arterySignalR/ping requestUrl=http%3A%2F%2Flocalhost%3A4721%2Fuserlogin.aspx&browserName=Chrome&_=1587678165054 4721 - ::1 Mozilla/5.0+(Windows+NT+10.0;+Win64;+x64)+AppleWebKit/537.36+(KHTML,+like+Gecko)+Chrome/81.0.4044.113+Safari/537.36 http://localhost:4721/userlogin.aspx 404 0 2 52
2020-04-23 21:44:50 ::1 POST /userlogin.aspx - 4721 - ::1 Mozilla/5.0+(Windows+NT+10.0;+Win64;+x64)+AppleWebKit/537.36+(KHTML,+like+Gecko)+Chrome/81.0.4044.113+Safari/537.36 http://localhost:4721/userlogin.aspx 200 0 0 559
2020-04-23 21:44:53 ::1 GET /__browserLink/requestData/9ed8d5f461544158a3dcb31f9403bdb2 - 4721 - ::1 Mozilla/5.0+(Windows+NT+10.0;+Win64;+x64)+AppleWebKit/537.36+(KHTML,+like+Gecko)+Chrome/81.0.4044.113+Safari/537.36 http://localhost:4721/userlogin.aspx 200 0 0 20
2020-04-23 21:44:56 ::1 GET /homepage.aspx - 4721 - ::1 Mozilla/5.0+(Windows+NT+10.0;+Win64;+x64)+AppleWebKit/537.36+(KHTML,+like+Gecko)+Chrome/81.0.4044.113+Safari/537.36 http://localhost:4721/userlogin.aspx 200 0 0 38
2020-04-23 21:44:56 ::1 GET /imgs/header.jpg - 4721 - ::1 Mozilla/5.0+(Windows+NT+10.0;+Win64;+x64)+AppleWebKit/537.36+(KHTML,+like+Gecko)+Chrome/81.0.4044.113+Safari/537.36 http://localhost:4721/homepage.aspx 304 0 0 272
2020-04-23 21:44:56 ::1 GET /imgs/kitchen+Header.jpg - 4721 - ::1 Mozilla/5.0+(Windows+NT+10.0;+Win64;+x64)+AppleWebKit/537.36+(KHTML,+like+Gecko)+Chrome/81.0.4044.113+Safari/537.36 http://localhost:4721/homepage.aspx 304 0 0 139
2020-04-23 21:44:56 ::1 GET /imgs/Witbank-Mall.jpg - 4721 - ::1 Mozilla/5.0+(Windows+NT+10.0;+Win64;+x64)+AppleWebKit/537.36+(KHTML,+like+Gecko)+Chrome/81.0.4044.113+Safari/537.36 http://localhost:4721/homepage.aspx 304 0 0 144
2020-04-23 21:44:56 ::1 GET /imgs/example+3.jpg - 4721 - ::1 Mozilla/5.0+(Windows+NT+10.0;+Win64;+x64)+AppleWebKit/537.36+(KHTML,+like+Gecko)+Chrome/81.0.4044.113+Safari/537.36 http://localhost:4721/homepage.aspx 304 0 0 34
2020-04-23 21:44:56 ::1 GET /imgs/search.png - 4721 - ::1 Mozilla/5.0+(Windows+NT+10.0;+Win64;+x64)+AppleWebKit/537.36+(KHTML,+like+Gecko)+Chrome/81.0.4044.113+Safari/537.36 http://localhost:4721/homepage.aspx 304 0 0 288
2020-04-23 21:44:56 ::1 GET /imgs/sing+up.png - 4721 - ::1 Mozilla/5.0+(Windows+NT+10.0;+Win64;+x64)+AppleWebKit/537.36+(KHTML,+like+Gecko)+Chrome/81.0.4044.113+Safari/537.36 http://localhost:4721/homepage.aspx 304 0 0 189
2020-04-23 21:45:00 ::1 POST /homepage.aspx - 4721 - ::1 Mozilla/5.0+(Windows+NT+10.0;+Win64;+x64)+AppleWebKit/537.36+(KHTML,+like+Gecko)+Chrome/81.0.4044.113+Safari/537.36 http://localhost:4721/homepage.aspx 200 0 0 11
2020-04-23 21:45:01 ::1 GET /__browserLink/requestData/0fbb21674168408ebde590afd021c86b - 4721 - ::1 Mozilla/5.0+(Windows+NT+10.0;+Win64;+x64)+AppleWebKit/537.36+(KHTML,+like+Gecko)+Chrome/81.0.4044.113+Safari/537.36 http://localhost:4721/homepage.aspx 200 0 0 7
2020-04-23 21:45:01 ::1 POST /homepage.aspx - 4721 - ::1 Mozilla/5.0+(Windows+NT+10.0;+Win64;+x64)+AppleWebKit/537.36+(KHTML,+like+Gecko)+Chrome/81.0.4044.113+Safari/537.36 http://localhost:4721/homepage.aspx 200 0 0 5
2020-04-23 21:45:03 ::1 GET /__browserLink/requestData/a621cbea3ab84d9d860e6bfbd987734f - 4721 - ::1 Mozilla/5.0+(Windows+NT+10.0;+Win64;+x64)+AppleWebKit/537.36+(KHTML,+like+Gecko)+Chrome/81.0.4044.113+Safari/537.36 http://localhost:4721/homepage.aspx 200 0 0 7
2020-04-23 21:45:19 ::1 GET /userlogin.aspx - 4721 - ::1 Mozilla/5.0+(Windows+NT+10.0;+Win64;+x64)+AppleWebKit/537.36+(KHTML,+like+Gecko)+Chrome/81.0.4044.113+Safari/537.36 - 200 0 0 4
2020-04-23 21:45:21 ::1 GET /__browserLink/requestData/9699392b82764f749aaeca6aa054dee5 - 4721 - ::1 Mozilla/5.0+(Windows+NT+10.0;+Win64;+x64)+AppleWebKit/537.36+(KHTML,+like+Gecko)+Chrome/81.0.4044.113+Safari/537.36 http://localhost:4721/userlogin.aspx 200 0 0 4
2020-04-23 21:50:20 ::1 GET /8faa0d835fc14257adfdc52675a803ab/arterySignalR/ping requestUrl=http%3A%2F%2Flocalhost%3A4721%2Fuserlogin.aspx&browserName=Chrome&_=1587678620235 4721 - ::1 Mozilla/5.0+(Windows+NT+10.0;+Win64;+x64)+AppleWebKit/537.36+(KHTML,+like+Gecko)+Chrome/81.0.4044.113+Safari/537.36 http://localhost:4721/userlogin.aspx 404 0 2 12
2020-04-23 21:55:20 ::1 GET /8faa0d835fc14257adfdc52675a803ab/arterySignalR/ping requestUrl=http%3A%2F%2Flocalhost%3A4721%2Fuserlogin.aspx&browserName=Chrome&_=1587678920233 4721 - ::1 Mozilla/5.0+(Windows+NT+10.0;+Win64;+x64)+AppleWebKit/537.36+(KHTML,+like+Gecko)+Chrome/81.0.4044.113+Safari/537.36 http://localhost:4721/userlogin.aspx 404 0 2 6
2020-04-23 22:00:20 ::1 GET /8faa0d835fc14257adfdc52675a803ab/arterySignalR/ping requestUrl=http%3A%2F%2Flocalhost%3A4721%2Fuserlogin.aspx&browserName=Chrome&_=1587679220233 4721 - ::1 Mozilla/5.0+(Windows+NT+10.0;+Win64;+x64)+AppleWebKit/537.36+(KHTML,+like+Gecko)+Chrome/81.0.4044.113+Safari/537.36 http://localhost:4721/userlogin.aspx 404 0 2 7
2020-04-23 22:05:20 ::1 GET /8faa0d835fc14257adfdc52675a803ab/arterySignalR/ping requestUrl=http%3A%2F%2Flocalhost%3A4721%2Fuserlogin.aspx&browserName=Chrome&_=1587679520232 4721 - ::1 Mozilla/5.0+(Windows+NT+10.0;+Win64;+x64)+AppleWebKit/537.36+(KHTML,+like+Gecko)+Chrome/81.0.4044.113+Safari/537.36 http://localhost:4721/userlogin.aspx 404 0 2 8
2020-04-23 22:10:20 ::1 GET /8faa0d835fc14257adfdc52675a803ab/arterySignalR/ping requestUrl=http%3A%2F%2Flocalhost%3A4721%2Fuserlogin.aspx&browserName=Chrome&_=1587679820232 4721 - ::1 Mozilla/5.0+(Windows+NT+10.0;+Win64;+x64)+AppleWebKit/537.36+(KHTML,+like+Gecko)+Chrome/81.0.4044.113+Safari/537.36 http://localhost:4721/userlogin.aspx 404 0 2 10
2020-04-23 22:15:20 ::1 GET /8faa0d835fc14257adfdc52675a803ab/arterySignalR/ping requestUrl=http%3A%2F%2Flocalhost%3A4721%2Fuserlogin.aspx&browserName=Chrome&_=1587680120232 4721 - ::1 Mozilla/5.0+(Windows+NT+10.0;+Win64;+x64)+AppleWebKit/537.36+(KHTML,+like+Gecko)+Chrome/81.0.4044.113+Safari/537.36 http://localhost:4721/userlogin.aspx 404 0 2 11
2020-04-23 22:20:20 ::1 GET /8faa0d835fc14257adfdc52675a803ab/arterySignalR/ping requestUrl=http%3A%2F%2Flocalhost%3A4721%2Fuserlogin.aspx&browserName=Chrome&_=1587680420232 4721 - ::1 Mozilla/5.0+(Windows+NT+10.0;+Win64;+x64)+AppleWebKit/537.36+(KHTML,+like+Gecko)+Chrome/81.0.4044.113+Safari/537.36 http://localhost:4721/userlogin.aspx 404 0 2 13
2020-04-23 22:25:20 ::1 GET /8faa0d835fc14257adfdc52675a803ab/arterySignalR/ping requestUrl=http%3A%2F%2Flocalhost%3A4721%2Fuserlogin.aspx&browserName=Chrome&_=1587680720232 4721 - ::1 Mozilla/5.0+(Windows+NT+10.0;+Win64;+x64)+AppleWebKit/537.36+(KHTML,+like+Gecko)+Chrome/81.0.4044.113+Safari/537.36 http://localhost:4721/userlogin.aspx 404 0 2 12
2020-04-23 22:30:20 ::1 GET /8faa0d835fc14257adfdc52675a803ab/arterySignalR/ping requestUrl=http%3A%2F%2Flocalhost%3A4721%2Fuserlogin.aspx&browserName=Chrome&_=1587681020232 4721 - ::1 Mozilla/5.0+(Windows+NT+10.0;+Win64;+x64)+AppleWebKit/537.36+(KHTML,+like+Gecko)+Chrome/81.0.4044.113+Safari/537.36 http://localhost:4721/userlogin.aspx 404 0 2 5
2020-04-23 22:35:20 ::1 GET /8faa0d835fc14257adfdc52675a803ab/arterySignalR/ping requestUrl=http%3A%2F%2Flocalhost%3A4721%2Fuserlogin.aspx&browserName=Chrome&_=1587681320231 4721 - ::1 Mozilla/5.0+(Windows+NT+10.0;+Win64;+x64)+AppleWebKit/537.36+(KHTML,+like+Gecko)+Chrome/81.0.4044.113+Safari/537.36 http://localhost:4721/userlogin.aspx 404 0 2 17
2020-04-23 22:40:20 ::1 GET /8faa0d835fc14257adfdc52675a803ab/arterySignalR/ping requestUrl=http%3A%2F%2Flocalhost%3A4721%2Fuserlogin.aspx&browserName=Chrome&_=1587681620232 4721 - ::1 Mozilla/5.0+(Windows+NT+10.0;+Win64;+x64)+AppleWebKit/537.36+(KHTML,+like+Gecko)+Chrome/81.0.4044.113+Safari/537.36 http://localhost:4721/userlogin.aspx 404 0 2 5
2020-04-23 22:45:20 ::1 GET /8faa0d835fc14257adfdc52675a803ab/arterySignalR/ping requestUrl=http%3A%2F%2Flocalhost%3A4721%2Fuserlogin.aspx&browserName=Chrome&_=1587681920232 4721 - ::1 Mozilla/5.0+(Windows+NT+10.0;+Win64;+x64)+AppleWebKit/537.36+(KHTML,+like+Gecko)+Chrome/81.0.4044.113+Safari/537.36 http://localhost:4721/userlogin.aspx 404 0 2 11
2020-04-23 22:50:20 ::1 GET /8faa0d835fc14257adfdc52675a803ab/arterySignalR/ping requestUrl=http%3A%2F%2Flocalhost%3A4721%2Fuserlogin.aspx&browserName=Chrome&_=1587682220232 4721 - ::1 Mozilla/5.0+(Windows+NT+10.0;+Win64;+x64)+AppleWebKit/537.36+(KHTML,+like+Gecko)+Chrome/81.0.4044.113+Safari/537.36 http://localhost:4721/userlogin.aspx 404 0 2 7
2020-04-23 22:55:20 ::1 GET /8faa0d835fc14257adfdc52675a803ab/arterySignalR/ping requestUrl=http%3A%2F%2Flocalhost%3A4721%2Fuserlogin.aspx&browserName=Chrome&_=1587682520233 4721 - ::1 Mozilla/5.0+(Windows+NT+10.0;+Win64;+x64)+AppleWebKit/537.36+(KHTML,+like+Gecko)+Chrome/81.0.4044.113+Safari/537.36 http://localhost:4721/userlogin.aspx 404 0 2 5
2020-04-23 23:00:21 ::1 GET /8faa0d835fc14257adfdc52675a803ab/arterySignalR/ping requestUrl=http%3A%2F%2Flocalhost%3A4721%2Fuserlogin.aspx&browserName=Chrome&_=1587682821066 4721 - ::1 Mozilla/5.0+(Windows+NT+10.0;+Win64;+x64)+AppleWebKit/537.36+(KHTML,+like+Gecko)+Chrome/81.0.4044.113+Safari/537.36 http://localhost:4721/userlogin.aspx 404 0 2 7
2020-04-23 23:05:21 ::1 GET /8faa0d835fc14257adfdc52675a803ab/arterySignalR/ping requestUrl=http%3A%2F%2Flocalhost%3A4721%2Fuserlogin.aspx&browserName=Chrome&_=1587683121054 4721 - ::1 Mozilla/5.0+(Windows+NT+10.0;+Win64;+x64)+AppleWebKit/537.36+(KHTML,+like+Gecko)+Chrome/81.0.4044.113+Safari/537.36 http://localhost:4721/userlogin.aspx 404 0 2 9
2020-04-23 23:10:21 ::1 GET /8faa0d835fc14257adfdc52675a803ab/arterySignalR/ping requestUrl=http%3A%2F%2Flocalhost%3A4721%2Fuserlogin.aspx&browserName=Chrome&_=1587683421055 4721 - ::1 Mozilla/5.0+(Windows+NT+10.0;+Win64;+x64)+AppleWebKit/537.36+(KHTML,+like+Gecko)+Chrome/81.0.4044.113+Safari/537.36 http://localhost:4721/userlogin.aspx 404 0 2 8
2020-04-23 23:12:35 ::1 GET /userlogin.aspx - 4721 - ::1 Mozilla/5.0+(Windows+NT+10.0;+Win64;+x64)+AppleWebKit/537.36+(KHTML,+like+Gecko)+Chrome/81.0.4044.113+Safari/537.36 http://localhost:4721/userlogin.aspx 500 0 64 6629
2020-04-23 23:12:35 ::1 GET /homepage.aspx - 4721 - ::1 Mozilla/5.0+(Windows+NT+10.0;+Win64;+x64)+AppleWebKit/537.36+(KHTML,+like+Gecko)+Chrome/81.0.4044.113+Safari/537.36 http://localhost:4721/userlogin.aspx 500 0 0 3723
2020-04-23 23:12:42 ::1 GET /homepage.aspx - 4721 - ::1 Mozilla/5.0+(Windows+NT+10.0;+Win64;+x64)+AppleWebKit/537.36+(KHTML,+like+Gecko)+Chrome/81.0.4044.113+Safari/537.36 http://localhost:4721/userlogin.aspx 500 0 0 133
2020-04-23 23:16:42 ::1 GET /homepage.aspx - 4721 - ::1 Mozilla/5.0+(Windows+NT+10.0;+Win64;+x64)+AppleWebKit/537.36+(KHTML,+like+Gecko)+Chrome/81.0.4044.113+Safari/537.36 http://localhost:4721/userlogin.aspx 500 0 0 1316
2020-04-23 23:18:25 ::1 GET /homepage.aspx - 4721 - ::1 Mozilla/5.0+(Windows+NT+10.0;+Win64;+x64)+AppleWebKit/537.36+(KHTML,+like+Gecko)+Chrome/81.0.4044.113+Safari/537.36 http://localhost:4721/userlogin.aspx 500 0 0 1660
2020-04-23 23:18:28 ::1 GET /homepage.aspx - 4721 - ::1 Mozilla/5.0+(Windows+NT+10.0;+Win64;+x64)+AppleWebKit/537.36+(KHTML,+like+Gecko)+Chrome/81.0.4044.113+Safari/537.36 http://localhost:4721/userlogin.aspx 500 0 0 133
2020-04-23 23:19:57 ::1 GET /homepage.aspx - 4721 - ::1 Mozilla/5.0+(Windows+NT+10.0;+Win64;+x64)+AppleWebKit/537.36+(KHTML,+like+Gecko)+Chrome/81.0.4044.113+Safari/537.36 http://localhost:4721/userlogin.aspx 500 0 0 1742
2020-04-23 23:24:13 ::1 GET /homepage.aspx - 4721 - ::1 Mozilla/5.0+(Windows+NT+10.0;+Win64;+x64)+AppleWebKit/537.36+(KHTML,+like+Gecko)+Chrome/81.0.4044.113+Safari/537.36 http://localhost:4721/userlogin.aspx 500 0 0 1273
2020-04-23 23:27:43 ::1 GET /homepage.aspx - 4721 - ::1 Mozilla/5.0+(Windows+NT+10.0;+Win64;+x64)+AppleWebKit/537.36+(KHTML,+like+Gecko)+Chrome/81.0.4044.113+Safari/537.36 http://localhost:4721/userlogin.aspx 500 0 0 1171
2020-04-23 23:27:46 ::1 GET /homepage.aspx - 4721 - ::1 Mozilla/5.0+(Windows+NT+10.0;+Win64;+x64)+AppleWebKit/537.36+(KHTML,+like+Gecko)+Chrome/81.0.4044.113+Safari/537.36 http://localhost:4721/userlogin.aspx 500 0 0 32
2020-04-23 23:27:47 ::1 GET /homepage.aspx - 4721 - ::1 Mozilla/5.0+(Windows+NT+10.0;+Win64;+x64)+AppleWebKit/537.36+(KHTML,+like+Gecko)+Chrome/81.0.4044.113+Safari/537.36 http://localhost:4721/userlogin.aspx 500 0 0 45
2020-04-23 23:29:13 ::1 GET /homepage.aspx - 4721 - ::1 Mozilla/5.0+(Windows+NT+10.0;+Win64;+x64)+AppleWebKit/537.36+(KHTML,+like+Gecko)+Chrome/81.0.4044.113+Safari/537.36 http://localhost:4721/userlogin.aspx 500 0 0 1368
2020-04-23 23:35:48 ::1 GET /homepage.aspx - 4721 - ::1 Mozilla/5.0+(Windows+NT+10.0;+Win64;+x64)+AppleWebKit/537.36+(KHTML,+like+Gecko)+Chrome/81.0.4044.113+Safari/537.36 http://localhost:4721/userlogin.aspx 500 0 0 2725
2020-04-23 23:37:47 ::1 GET /homepage.aspx - 4721 - ::1 Mozilla/5.0+(Windows+NT+10.0;+Win64;+x64)+AppleWebKit/537.36+(KHTML,+like+Gecko)+Chrome/81.0.4044.113+Safari/537.36 http://localhost:4721/userlogin.aspx 500 0 0 1192
