#Software: Microsoft Internet Information Services 8.0
#Version: 1.0
#Date: 2020-05-06 16:29:19
#Fields: date time s-ip cs-method cs-uri-stem cs-uri-query s-port cs-username c-ip cs(User-Agent) cs(Referer) sc-status sc-substatus sc-win32-status time-taken
2020-05-06 16:29:19 ::1 POST /registerproperty.aspx - 4721 - ::1 Mozilla/5.0+(Windows+NT+10.0;+Win64;+x64)+AppleWebKit/537.36+(KHTML,+like+Gecko)+Chrome/81.0.4044.122+Safari/537.36 http://localhost:4721/registerproperty.aspx 200 0 0 20276
2020-05-06 16:29:23 ::1 GET /Bootstrap/CSS/bootstrap.min.css - 4721 - ::1 Mozilla/5.0+(Windows+NT+10.0;+Win64;+x64)+AppleWebKit/537.36+(KHTML,+like+Gecko)+Chrome/81.0.4044.122+Safari/537.36 http://localhost:4721/registerproperty.aspx 304 0 0 1655
2020-05-06 16:29:23 ::1 GET /Datatables/CSS/jquery.dataTables.min.css - 4721 - ::1 Mozilla/5.0+(Windows+NT+10.0;+Win64;+x64)+AppleWebKit/537.36+(KHTML,+like+Gecko)+Chrome/81.0.4044.122+Safari/537.36 http://localhost:4721/registerproperty.aspx 304 0 0 1664
2020-05-06 16:29:23 ::1 GET /Fontawesome/css/all.css - 4721 - ::1 Mozilla/5.0+(Windows+NT+10.0;+Win64;+x64)+AppleWebKit/537.36+(KHTML,+like+Gecko)+Chrome/81.0.4044.122+Safari/537.36 http://localhost:4721/registerproperty.aspx 304 0 0 1620
2020-05-06 16:29:23 ::1 GET /CSS/MYstyleSheet.css - 4721 - ::1 Mozilla/5.0+(Windows+NT+10.0;+Win64;+x64)+AppleWebKit/537.36+(KHTML,+like+Gecko)+Chrome/81.0.4044.122+Safari/537.36 http://localhost:4721/registerproperty.aspx 304 0 0 115
2020-05-06 16:29:25 ::1 GET /Datatables/JS/jquery.dataTables.min.js - 4721 - ::1 Mozilla/5.0+(Windows+NT+10.0;+Win64;+x64)+AppleWebKit/537.36+(KHTML,+like+Gecko)+Chrome/81.0.4044.122+Safari/537.36 http://localhost:4721/registerproperty.aspx 304 0 0 1556
2020-05-06 16:29:25 ::1 GET /Bootstrap/JS/bootstrap.min.js - 4721 - ::1 Mozilla/5.0+(Windows+NT+10.0;+Win64;+x64)+AppleWebKit/537.36+(KHTML,+like+Gecko)+Chrome/81.0.4044.122+Safari/537.36 http://localhost:4721/registerproperty.aspx 304 0 0 3145
2020-05-06 16:29:25 ::1 GET /Bootstrap/JS/popper.min.js - 4721 - ::1 Mozilla/5.0+(Windows+NT+10.0;+Win64;+x64)+AppleWebKit/537.36+(KHTML,+like+Gecko)+Chrome/81.0.4044.122+Safari/537.36 http://localhost:4721/registerproperty.aspx 304 0 0 3239
2020-05-06 16:29:25 ::1 GET /imgs/cartoon-house_6460-139.jpg - 4721 - ::1 Mozilla/5.0+(Windows+NT+10.0;+Win64;+x64)+AppleWebKit/537.36+(KHTML,+like+Gecko)+Chrome/81.0.4044.122+Safari/537.36 http://localhost:4721/registerproperty.aspx 304 0 0 157
2020-05-06 16:29:25 ::1 GET /examples/room.png - 4721 - ::1 Mozilla/5.0+(Windows+NT+10.0;+Win64;+x64)+AppleWebKit/537.36+(KHTML,+like+Gecko)+Chrome/81.0.4044.122+Safari/537.36 http://localhost:4721/registerproperty.aspx 404 0 2 97
2020-05-06 16:29:25 ::1 GET /imgs/example4.jpeg - 4721 - ::1 Mozilla/5.0+(Windows+NT+10.0;+Win64;+x64)+AppleWebKit/537.36+(KHTML,+like+Gecko)+Chrome/81.0.4044.122+Safari/537.36 http://localhost:4721/registerproperty.aspx 304 0 0 55
2020-05-06 16:29:25 ::1 GET /Bootstrap/JS/jquery-3.4.1.slim.min.js - 4721 - ::1 Mozilla/5.0+(Windows+NT+10.0;+Win64;+x64)+AppleWebKit/537.36+(KHTML,+like+Gecko)+Chrome/81.0.4044.122+Safari/537.36 http://localhost:4721/registerproperty.aspx 304 0 0 3835
2020-05-06 16:29:26 ::1 GET /examples/example4.jpeg - 4721 - ::1 Mozilla/5.0+(Windows+NT+10.0;+Win64;+x64)+AppleWebKit/537.36+(KHTML,+like+Gecko)+Chrome/81.0.4044.122+Safari/537.36 http://localhost:4721/registerproperty.aspx 200 0 0 321
2020-05-06 16:29:27 ::1 GET /Datatables/images/sort_both.png - 4721 - ::1 Mozilla/5.0+(Windows+NT+10.0;+Win64;+x64)+AppleWebKit/537.36+(KHTML,+like+Gecko)+Chrome/81.0.4044.122+Safari/537.36 http://localhost:4721/Datatables/CSS/jquery.dataTables.min.css 404 0 2 168
2020-05-06 16:29:27 ::1 GET /Datatables/images/sort_asc.png - 4721 - ::1 Mozilla/5.0+(Windows+NT+10.0;+Win64;+x64)+AppleWebKit/537.36+(KHTML,+like+Gecko)+Chrome/81.0.4044.122+Safari/537.36 http://localhost:4721/Datatables/CSS/jquery.dataTables.min.css 404 0 2 50
2020-05-06 16:29:41 ::1 GET /__browserLink/requestData/6e54fe3daedb4f22b57f696bb7cba7ba - 4721 - ::1 Mozilla/5.0+(Windows+NT+10.0;+Win64;+x64)+AppleWebKit/537.36+(KHTML,+like+Gecko)+Chrome/81.0.4044.122+Safari/537.36 http://localhost:4721/registerproperty.aspx 200 0 0 491
2020-05-06 16:34:29 ::1 GET /52632f74cec9454d8e952e33aeb39fbb/arterySignalR/ping requestUrl=http%3A%2F%2Flocalhost%3A4721%2Fregisterproperty.aspx&browserName=Chrome&_=1588782869368 4721 - ::1 Mozilla/5.0+(Windows+NT+10.0;+Win64;+x64)+AppleWebKit/537.36+(KHTML,+like+Gecko)+Chrome/81.0.4044.122+Safari/537.36 http://localhost:4721/registerproperty.aspx 404 0 2 144
2020-05-06 16:39:29 ::1 GET /52632f74cec9454d8e952e33aeb39fbb/arterySignalR/ping requestUrl=http%3A%2F%2Flocalhost%3A4721%2Fregisterproperty.aspx&browserName=Chrome&_=1588783169596 4721 - ::1 Mozilla/5.0+(Windows+NT+10.0;+Win64;+x64)+AppleWebKit/537.36+(KHTML,+like+Gecko)+Chrome/81.0.4044.122+Safari/537.36 http://localhost:4721/registerproperty.aspx 404 0 2 15
2020-05-06 16:40:06 ::1 POST /registerproperty.aspx - 4721 - ::1 Mozilla/5.0+(Windows+NT+10.0;+Win64;+x64)+AppleWebKit/537.36+(KHTML,+like+Gecko)+Chrome/81.0.4044.122+Safari/537.36 http://localhost:4721/registerproperty.aspx 200 0 0 4310
2020-05-06 16:40:06 ::1 GET /examples/room.png - 4721 - ::1 Mozilla/5.0+(Windows+NT+10.0;+Win64;+x64)+AppleWebKit/537.36+(KHTML,+like+Gecko)+Chrome/81.0.4044.122+Safari/537.36 http://localhost:4721/registerproperty.aspx 404 0 2 2
2020-05-06 16:40:07 ::1 GET /Datatables/images/sort_both.png - 4721 - ::1 Mozilla/5.0+(Windows+NT+10.0;+Win64;+x64)+AppleWebKit/537.36+(KHTML,+like+Gecko)+Chrome/81.0.4044.122+Safari/537.36 http://localhost:4721/Datatables/CSS/jquery.dataTables.min.css 404 0 2 3
2020-05-06 16:40:07 ::1 GET /Datatables/images/sort_asc.png - 4721 - ::1 Mozilla/5.0+(Windows+NT+10.0;+Win64;+x64)+AppleWebKit/537.36+(KHTML,+like+Gecko)+Chrome/81.0.4044.122+Safari/537.36 http://localhost:4721/Datatables/CSS/jquery.dataTables.min.css 404 0 2 5
2020-05-06 16:40:10 ::1 GET /__browserLink/requestData/ab2bcd12439449f8a15ada2d07c05d29 - 4721 - ::1 Mozilla/5.0+(Windows+NT+10.0;+Win64;+x64)+AppleWebKit/537.36+(KHTML,+like+Gecko)+Chrome/81.0.4044.122+Safari/537.36 http://localhost:4721/registerproperty.aspx 200 0 0 321
2020-05-06 16:45:14 ::1 GET /52632f74cec9454d8e952e33aeb39fbb/arterySignalR/ping requestUrl=http%3A%2F%2Flocalhost%3A4721%2Fregisterproperty.aspx&browserName=Chrome&_=1588783508501 4721 - ::1 Mozilla/5.0+(Windows+NT+10.0;+Win64;+x64)+AppleWebKit/537.36+(KHTML,+like+Gecko)+Chrome/81.0.4044.122+Safari/537.36 http://localhost:4721/registerproperty.aspx 404 0 2 5668
2020-05-06 16:50:08 ::1 GET /52632f74cec9454d8e952e33aeb39fbb/arterySignalR/ping requestUrl=http%3A%2F%2Flocalhost%3A4721%2Fregisterproperty.aspx&browserName=Chrome&_=1588783808488 4721 - ::1 Mozilla/5.0+(Windows+NT+10.0;+Win64;+x64)+AppleWebKit/537.36+(KHTML,+like+Gecko)+Chrome/81.0.4044.122+Safari/537.36 http://localhost:4721/registerproperty.aspx 404 0 2 7
2020-05-06 16:53:22 ::1 POST /registerproperty.aspx - 4721 - ::1 Mozilla/5.0+(Windows+NT+10.0;+Win64;+x64)+AppleWebKit/537.36+(KHTML,+like+Gecko)+Chrome/81.0.4044.122+Safari/537.36 http://localhost:4721/registerproperty.aspx 200 0 0 5336
2020-05-06 16:53:22 ::1 GET /examples/room.png - 4721 - ::1 Mozilla/5.0+(Windows+NT+10.0;+Win64;+x64)+AppleWebKit/537.36+(KHTML,+like+Gecko)+Chrome/81.0.4044.122+Safari/537.36 http://localhost:4721/registerproperty.aspx 404 0 2 8
2020-05-06 16:53:22 ::1 GET /Datatables/images/sort_both.png - 4721 - ::1 Mozilla/5.0+(Windows+NT+10.0;+Win64;+x64)+AppleWebKit/537.36+(KHTML,+like+Gecko)+Chrome/81.0.4044.122+Safari/537.36 http://localhost:4721/Datatables/CSS/jquery.dataTables.min.css 404 0 2 2
2020-05-06 16:53:22 ::1 GET /Datatables/images/sort_asc.png - 4721 - ::1 Mozilla/5.0+(Windows+NT+10.0;+Win64;+x64)+AppleWebKit/537.36+(KHTML,+like+Gecko)+Chrome/81.0.4044.122+Safari/537.36 http://localhost:4721/Datatables/CSS/jquery.dataTables.min.css 404 0 2 2
2020-05-06 16:53:24 ::1 GET /__browserLink/requestData/79d4c9ef43f24b1e80679fb2c3138d7a - 4721 - ::1 Mozilla/5.0+(Windows+NT+10.0;+Win64;+x64)+AppleWebKit/537.36+(KHTML,+like+Gecko)+Chrome/81.0.4044.122+Safari/537.36 http://localhost:4721/registerproperty.aspx 200 0 0 395
2020-05-06 16:58:23 ::1 GET /52632f74cec9454d8e952e33aeb39fbb/arterySignalR/ping requestUrl=http%3A%2F%2Flocalhost%3A4721%2Fregisterproperty.aspx&browserName=Chrome&_=1588784303494 4721 - ::1 Mozilla/5.0+(Windows+NT+10.0;+Win64;+x64)+AppleWebKit/537.36+(KHTML,+like+Gecko)+Chrome/81.0.4044.122+Safari/537.36 http://localhost:4721/registerproperty.aspx 404 0 2 31
2020-05-06 17:03:23 ::1 GET /52632f74cec9454d8e952e33aeb39fbb/arterySignalR/ping requestUrl=http%3A%2F%2Flocalhost%3A4721%2Fregisterproperty.aspx&browserName=Chrome&_=1588784603495 4721 - ::1 Mozilla/5.0+(Windows+NT+10.0;+Win64;+x64)+AppleWebKit/537.36+(KHTML,+like+Gecko)+Chrome/81.0.4044.122+Safari/537.36 http://localhost:4721/registerproperty.aspx 404 0 2 61
2020-05-06 17:08:23 ::1 GET /52632f74cec9454d8e952e33aeb39fbb/arterySignalR/ping requestUrl=http%3A%2F%2Flocalhost%3A4721%2Fregisterproperty.aspx&browserName=Chrome&_=1588784903498 4721 - ::1 Mozilla/5.0+(Windows+NT+10.0;+Win64;+x64)+AppleWebKit/537.36+(KHTML,+like+Gecko)+Chrome/81.0.4044.122+Safari/537.36 http://localhost:4721/registerproperty.aspx 404 0 2 10
2020-05-06 17:13:22 ::1 GET /52632f74cec9454d8e952e33aeb39fbb/arterySignalR/ping requestUrl=http%3A%2F%2Flocalhost%3A4721%2Fregisterproperty.aspx&browserName=Chrome&_=1588785202849 4721 - ::1 Mozilla/5.0+(Windows+NT+10.0;+Win64;+x64)+AppleWebKit/537.36+(KHTML,+like+Gecko)+Chrome/81.0.4044.122+Safari/537.36 http://localhost:4721/registerproperty.aspx 404 0 2 11
2020-05-06 17:18:23 ::1 GET /52632f74cec9454d8e952e33aeb39fbb/arterySignalR/ping requestUrl=http%3A%2F%2Flocalhost%3A4721%2Fregisterproperty.aspx&browserName=Chrome&_=1588785503513 4721 - ::1 Mozilla/5.0+(Windows+NT+10.0;+Win64;+x64)+AppleWebKit/537.36+(KHTML,+like+Gecko)+Chrome/81.0.4044.122+Safari/537.36 http://localhost:4721/registerproperty.aspx 404 0 2 7
2020-05-06 17:23:23 ::1 GET /52632f74cec9454d8e952e33aeb39fbb/arterySignalR/ping requestUrl=http%3A%2F%2Flocalhost%3A4721%2Fregisterproperty.aspx&browserName=Chrome&_=1588785803482 4721 - ::1 Mozilla/5.0+(Windows+NT+10.0;+Win64;+x64)+AppleWebKit/537.36+(KHTML,+like+Gecko)+Chrome/81.0.4044.122+Safari/537.36 http://localhost:4721/registerproperty.aspx 404 0 2 12
2020-05-06 17:28:23 ::1 GET /52632f74cec9454d8e952e33aeb39fbb/arterySignalR/ping requestUrl=http%3A%2F%2Flocalhost%3A4721%2Fregisterproperty.aspx&browserName=Chrome&_=1588786103490 4721 - ::1 Mozilla/5.0+(Windows+NT+10.0;+Win64;+x64)+AppleWebKit/537.36+(KHTML,+like+Gecko)+Chrome/81.0.4044.122+Safari/537.36 http://localhost:4721/registerproperty.aspx 404 0 2 7
2020-05-06 17:33:23 ::1 GET /52632f74cec9454d8e952e33aeb39fbb/arterySignalR/ping requestUrl=http%3A%2F%2Flocalhost%3A4721%2Fregisterproperty.aspx&browserName=Chrome&_=1588786403503 4721 - ::1 Mozilla/5.0+(Windows+NT+10.0;+Win64;+x64)+AppleWebKit/537.36+(KHTML,+like+Gecko)+Chrome/81.0.4044.122+Safari/537.36 http://localhost:4721/registerproperty.aspx 404 0 2 33
2020-05-06 17:38:23 ::1 GET /52632f74cec9454d8e952e33aeb39fbb/arterySignalR/ping requestUrl=http%3A%2F%2Flocalhost%3A4721%2Fregisterproperty.aspx&browserName=Chrome&_=1588786703491 4721 - ::1 Mozilla/5.0+(Windows+NT+10.0;+Win64;+x64)+AppleWebKit/537.36+(KHTML,+like+Gecko)+Chrome/81.0.4044.122+Safari/537.36 http://localhost:4721/registerproperty.aspx 404 0 2 10
2020-05-06 17:43:23 ::1 GET /52632f74cec9454d8e952e33aeb39fbb/arterySignalR/ping requestUrl=http%3A%2F%2Flocalhost%3A4721%2Fregisterproperty.aspx&browserName=Chrome&_=1588787003485 4721 - ::1 Mozilla/5.0+(Windows+NT+10.0;+Win64;+x64)+AppleWebKit/537.36+(KHTML,+like+Gecko)+Chrome/81.0.4044.122+Safari/537.36 http://localhost:4721/registerproperty.aspx 404 0 2 31
2020-05-06 17:48:23 ::1 GET /52632f74cec9454d8e952e33aeb39fbb/arterySignalR/ping requestUrl=http%3A%2F%2Flocalhost%3A4721%2Fregisterproperty.aspx&browserName=Chrome&_=1588787303488 4721 - ::1 Mozilla/5.0+(Windows+NT+10.0;+Win64;+x64)+AppleWebKit/537.36+(KHTML,+like+Gecko)+Chrome/81.0.4044.122+Safari/537.36 http://localhost:4721/registerproperty.aspx 404 0 2 12
2020-05-06 17:53:23 ::1 GET /52632f74cec9454d8e952e33aeb39fbb/arterySignalR/ping requestUrl=http%3A%2F%2Flocalhost%3A4721%2Fregisterproperty.aspx&browserName=Chrome&_=1588787603484 4721 - ::1 Mozilla/5.0+(Windows+NT+10.0;+Win64;+x64)+AppleWebKit/537.36+(KHTML,+like+Gecko)+Chrome/81.0.4044.122+Safari/537.36 http://localhost:4721/registerproperty.aspx 404 0 2 32
2020-05-06 17:58:23 ::1 GET /52632f74cec9454d8e952e33aeb39fbb/arterySignalR/ping requestUrl=http%3A%2F%2Flocalhost%3A4721%2Fregisterproperty.aspx&browserName=Chrome&_=1588787903487 4721 - ::1 Mozilla/5.0+(Windows+NT+10.0;+Win64;+x64)+AppleWebKit/537.36+(KHTML,+like+Gecko)+Chrome/81.0.4044.122+Safari/537.36 http://localhost:4721/registerproperty.aspx 404 0 2 10
2020-05-06 18:03:23 ::1 GET /52632f74cec9454d8e952e33aeb39fbb/arterySignalR/ping requestUrl=http%3A%2F%2Flocalhost%3A4721%2Fregisterproperty.aspx&browserName=Chrome&_=1588788203486 4721 - ::1 Mozilla/5.0+(Windows+NT+10.0;+Win64;+x64)+AppleWebKit/537.36+(KHTML,+like+Gecko)+Chrome/81.0.4044.122+Safari/537.36 http://localhost:4721/registerproperty.aspx 404 0 2 39
2020-05-06 18:08:23 ::1 GET /52632f74cec9454d8e952e33aeb39fbb/arterySignalR/ping requestUrl=http%3A%2F%2Flocalhost%3A4721%2Fregisterproperty.aspx&browserName=Chrome&_=1588788503488 4721 - ::1 Mozilla/5.0+(Windows+NT+10.0;+Win64;+x64)+AppleWebKit/537.36+(KHTML,+like+Gecko)+Chrome/81.0.4044.122+Safari/537.36 http://localhost:4721/registerproperty.aspx 404 0 2 33
2020-05-06 18:13:23 ::1 GET /52632f74cec9454d8e952e33aeb39fbb/arterySignalR/ping requestUrl=http%3A%2F%2Flocalhost%3A4721%2Fregisterproperty.aspx&browserName=Chrome&_=1588788803490 4721 - ::1 Mozilla/5.0+(Windows+NT+10.0;+Win64;+x64)+AppleWebKit/537.36+(KHTML,+like+Gecko)+Chrome/81.0.4044.122+Safari/537.36 http://localhost:4721/registerproperty.aspx 404 0 2 12
2020-05-06 18:18:23 ::1 GET /52632f74cec9454d8e952e33aeb39fbb/arterySignalR/ping requestUrl=http%3A%2F%2Flocalhost%3A4721%2Fregisterproperty.aspx&browserName=Chrome&_=1588789103498 4721 - ::1 Mozilla/5.0+(Windows+NT+10.0;+Win64;+x64)+AppleWebKit/537.36+(KHTML,+like+Gecko)+Chrome/81.0.4044.122+Safari/537.36 http://localhost:4721/registerproperty.aspx 404 0 2 11
2020-05-06 18:23:23 ::1 GET /52632f74cec9454d8e952e33aeb39fbb/arterySignalR/ping requestUrl=http%3A%2F%2Flocalhost%3A4721%2Fregisterproperty.aspx&browserName=Chrome&_=1588789403485 4721 - ::1 Mozilla/5.0+(Windows+NT+10.0;+Win64;+x64)+AppleWebKit/537.36+(KHTML,+like+Gecko)+Chrome/81.0.4044.122+Safari/537.36 http://localhost:4721/registerproperty.aspx 404 0 2 12
2020-05-06 18:28:23 ::1 GET /52632f74cec9454d8e952e33aeb39fbb/arterySignalR/ping requestUrl=http%3A%2F%2Flocalhost%3A4721%2Fregisterproperty.aspx&browserName=Chrome&_=1588789703490 4721 - ::1 Mozilla/5.0+(Windows+NT+10.0;+Win64;+x64)+AppleWebKit/537.36+(KHTML,+like+Gecko)+Chrome/81.0.4044.122+Safari/537.36 http://localhost:4721/registerproperty.aspx 404 0 2 53
2020-05-06 18:33:23 ::1 GET /52632f74cec9454d8e952e33aeb39fbb/arterySignalR/ping requestUrl=http%3A%2F%2Flocalhost%3A4721%2Fregisterproperty.aspx&browserName=Chrome&_=1588790003483 4721 - ::1 Mozilla/5.0+(Windows+NT+10.0;+Win64;+x64)+AppleWebKit/537.36+(KHTML,+like+Gecko)+Chrome/81.0.4044.122+Safari/537.36 http://localhost:4721/registerproperty.aspx 404 0 2 12
2020-05-06 18:38:23 ::1 GET /52632f74cec9454d8e952e33aeb39fbb/arterySignalR/ping requestUrl=http%3A%2F%2Flocalhost%3A4721%2Fregisterproperty.aspx&browserName=Chrome&_=1588790303482 4721 - ::1 Mozilla/5.0+(Windows+NT+10.0;+Win64;+x64)+AppleWebKit/537.36+(KHTML,+like+Gecko)+Chrome/81.0.4044.122+Safari/537.36 http://localhost:4721/registerproperty.aspx 404 0 2 12
2020-05-06 18:38:41 ::1 POST /registerproperty.aspx - 4721 - ::1 Mozilla/5.0+(Windows+NT+10.0;+Win64;+x64)+AppleWebKit/537.36+(KHTML,+like+Gecko)+Chrome/81.0.4044.122+Safari/537.36 http://localhost:4721/registerproperty.aspx 200 0 0 2292
2020-05-06 18:38:43 ::1 GET /examples/room.png - 4721 - ::1 Mozilla/5.0+(Windows+NT+10.0;+Win64;+x64)+AppleWebKit/537.36+(KHTML,+like+Gecko)+Chrome/81.0.4044.122+Safari/537.36 http://localhost:4721/registerproperty.aspx 404 0 2 1
2020-05-06 18:38:43 ::1 GET /Datatables/images/sort_both.png - 4721 - ::1 Mozilla/5.0+(Windows+NT+10.0;+Win64;+x64)+AppleWebKit/537.36+(KHTML,+like+Gecko)+Chrome/81.0.4044.122+Safari/537.36 http://localhost:4721/Datatables/CSS/jquery.dataTables.min.css 404 0 2 1
2020-05-06 18:38:43 ::1 GET /Datatables/images/sort_asc.png - 4721 - ::1 Mozilla/5.0+(Windows+NT+10.0;+Win64;+x64)+AppleWebKit/537.36+(KHTML,+like+Gecko)+Chrome/81.0.4044.122+Safari/537.36 http://localhost:4721/Datatables/CSS/jquery.dataTables.min.css 404 0 2 2
2020-05-06 18:38:47 ::1 POST /registerproperty.aspx - 4721 - ::1 Mozilla/5.0+(Windows+NT+10.0;+Win64;+x64)+AppleWebKit/537.36+(KHTML,+like+Gecko)+Chrome/81.0.4044.122+Safari/537.36 http://localhost:4721/registerproperty.aspx 200 0 0 64
2020-05-06 18:38:47 ::1 GET /examples/room.png - 4721 - ::1 Mozilla/5.0+(Windows+NT+10.0;+Win64;+x64)+AppleWebKit/537.36+(KHTML,+like+Gecko)+Chrome/81.0.4044.122+Safari/537.36 http://localhost:4721/registerproperty.aspx 404 0 2 2
2020-05-06 18:38:56 ::1 GET /__browserLink/requestData/d4afe4d68f7a4dea99bc0b7c113c5748 - 4721 - ::1 Mozilla/5.0+(Windows+NT+10.0;+Win64;+x64)+AppleWebKit/537.36+(KHTML,+like+Gecko)+Chrome/81.0.4044.122+Safari/537.36 http://localhost:4721/registerproperty.aspx 200 0 0 607
2020-05-06 18:43:48 ::1 GET /52632f74cec9454d8e952e33aeb39fbb/arterySignalR/ping requestUrl=http%3A%2F%2Flocalhost%3A4721%2Fregisterproperty.aspx&browserName=Chrome&_=1588790628683 4721 - ::1 Mozilla/5.0+(Windows+NT+10.0;+Win64;+x64)+AppleWebKit/537.36+(KHTML,+like+Gecko)+Chrome/81.0.4044.122+Safari/537.36 http://localhost:4721/registerproperty.aspx 404 0 2 35
2020-05-06 18:47:05 ::1 POST /registerproperty.aspx - 4721 - ::1 Mozilla/5.0+(Windows+NT+10.0;+Win64;+x64)+AppleWebKit/537.36+(KHTML,+like+Gecko)+Chrome/81.0.4044.122+Safari/537.36 http://localhost:4721/registerproperty.aspx 302 0 64 14098
2020-05-06 18:47:05 ::1 POST /registerproperty.aspx - 4721 - ::1 Mozilla/5.0+(Windows+NT+10.0;+Win64;+x64)+AppleWebKit/537.36+(KHTML,+like+Gecko)+Chrome/81.0.4044.122+Safari/537.36 http://localhost:4721/registerproperty.aspx 302 0 0 8816
2020-05-06 18:47:12 ::1 GET /viewproperties.aspx - 4721 - ::1 Mozilla/5.0+(Windows+NT+10.0;+Win64;+x64)+AppleWebKit/537.36+(KHTML,+like+Gecko)+Chrome/81.0.4044.122+Safari/537.36 http://localhost:4721/registerproperty.aspx 200 0 0 6536
2020-05-06 18:47:18 ::1 GET /__browserLink/requestData/8f7a7d853602407d8d5515d3c2608fdd - 4721 - ::1 Mozilla/5.0+(Windows+NT+10.0;+Win64;+x64)+AppleWebKit/537.36+(KHTML,+like+Gecko)+Chrome/81.0.4044.122+Safari/537.36 http://localhost:4721/viewproperties.aspx 200 0 0 449
2020-05-06 18:52:15 ::1 GET /52632f74cec9454d8e952e33aeb39fbb/arterySignalR/ping requestUrl=http%3A%2F%2Flocalhost%3A4721%2Fviewproperties.aspx&browserName=Chrome&_=1588791135499 4721 - ::1 Mozilla/5.0+(Windows+NT+10.0;+Win64;+x64)+AppleWebKit/537.36+(KHTML,+like+Gecko)+Chrome/81.0.4044.122+Safari/537.36 http://localhost:4721/viewproperties.aspx 404 0 2 120
2020-05-06 18:53:29 ::1 GET /viewproperties.aspx - 4721 - ::1 Mozilla/5.0+(Windows+NT+10.0;+Win64;+x64)+AppleWebKit/537.36+(KHTML,+like+Gecko)+Chrome/81.0.4044.122+Safari/537.36 http://localhost:4721/viewproperties.aspx 200 0 0 3060
2020-05-06 18:53:30 ::1 GET /__browserLink/requestData/e1fd53bb004c40498637095943d5877f - 4721 - ::1 Mozilla/5.0+(Windows+NT+10.0;+Win64;+x64)+AppleWebKit/537.36+(KHTML,+like+Gecko)+Chrome/81.0.4044.122+Safari/537.36 http://localhost:4721/viewproperties.aspx 200 0 0 4
2020-05-06 18:54:10 ::1 GET /viewproperties.aspx - 4721 - ::1 Mozilla/5.0+(Windows+NT+10.0;+Win64;+x64)+AppleWebKit/537.36+(KHTML,+like+Gecko)+Chrome/81.0.4044.122+Safari/537.36 http://localhost:4721/viewproperties.aspx 200 0 0 1237
2020-05-06 18:54:12 ::1 GET /__browserLink/requestData/acac6fe61f744609a10b8b4a87a31a5a - 4721 - ::1 Mozilla/5.0+(Windows+NT+10.0;+Win64;+x64)+AppleWebKit/537.36+(KHTML,+like+Gecko)+Chrome/81.0.4044.122+Safari/537.36 http://localhost:4721/viewproperties.aspx 200 0 0 5
2020-05-06 18:59:12 ::1 GET /52632f74cec9454d8e952e33aeb39fbb/arterySignalR/ping requestUrl=http%3A%2F%2Flocalhost%3A4721%2Fviewproperties.aspx&browserName=Chrome&_=1588791552497 4721 - ::1 Mozilla/5.0+(Windows+NT+10.0;+Win64;+x64)+AppleWebKit/537.36+(KHTML,+like+Gecko)+Chrome/81.0.4044.122+Safari/537.36 http://localhost:4721/viewproperties.aspx 404 0 2 20
2020-05-06 19:04:12 ::1 GET /52632f74cec9454d8e952e33aeb39fbb/arterySignalR/ping requestUrl=http%3A%2F%2Flocalhost%3A4721%2Fviewproperties.aspx&browserName=Chrome&_=1588791852501 4721 - ::1 Mozilla/5.0+(Windows+NT+10.0;+Win64;+x64)+AppleWebKit/537.36+(KHTML,+like+Gecko)+Chrome/81.0.4044.122+Safari/537.36 http://localhost:4721/viewproperties.aspx 404 0 2 52
2020-05-06 19:09:12 ::1 GET /52632f74cec9454d8e952e33aeb39fbb/arterySignalR/ping requestUrl=http%3A%2F%2Flocalhost%3A4721%2Fviewproperties.aspx&browserName=Chrome&_=1588792152504 4721 - ::1 Mozilla/5.0+(Windows+NT+10.0;+Win64;+x64)+AppleWebKit/537.36+(KHTML,+like+Gecko)+Chrome/81.0.4044.122+Safari/537.36 http://localhost:4721/viewproperties.aspx 404 0 2 6
2020-05-06 19:14:12 ::1 GET /52632f74cec9454d8e952e33aeb39fbb/arterySignalR/ping requestUrl=http%3A%2F%2Flocalhost%3A4721%2Fviewproperties.aspx&browserName=Chrome&_=1588792452493 4721 - ::1 Mozilla/5.0+(Windows+NT+10.0;+Win64;+x64)+AppleWebKit/537.36+(KHTML,+like+Gecko)+Chrome/81.0.4044.122+Safari/537.36 http://localhost:4721/viewproperties.aspx 404 0 2 11
2020-05-06 19:19:12 ::1 GET /52632f74cec9454d8e952e33aeb39fbb/arterySignalR/ping requestUrl=http%3A%2F%2Flocalhost%3A4721%2Fviewproperties.aspx&browserName=Chrome&_=1588792752486 4721 - ::1 Mozilla/5.0+(Windows+NT+10.0;+Win64;+x64)+AppleWebKit/537.36+(KHTML,+like+Gecko)+Chrome/81.0.4044.122+Safari/537.36 http://localhost:4721/viewproperties.aspx 404 0 2 7
2020-05-06 19:20:50 ::1 GET /viewproperties.aspx - 4721 - ::1 Mozilla/5.0+(Windows+NT+10.0;+Win64;+x64)+AppleWebKit/537.36+(KHTML,+like+Gecko)+Chrome/81.0.4044.122+Safari/537.36 http://localhost:4721/viewproperties.aspx 200 0 0 3943
2020-05-06 19:20:52 ::1 GET /__browserLink/requestData/60c9588d9ce441d2b417760db9b83999 - 4721 - ::1 Mozilla/5.0+(Windows+NT+10.0;+Win64;+x64)+AppleWebKit/537.36+(KHTML,+like+Gecko)+Chrome/81.0.4044.122+Safari/537.36 http://localhost:4721/viewproperties.aspx 200 0 0 45
2020-05-06 19:24:54 ::1 GET /viewproperties.aspx - 4721 - ::1 Mozilla/5.0+(Windows+NT+10.0;+Win64;+x64)+AppleWebKit/537.36+(KHTML,+like+Gecko)+Chrome/81.0.4044.122+Safari/537.36 http://localhost:4721/viewproperties.aspx 500 0 0 7130
2020-05-06 19:27:19 ::1 GET /viewproperties.aspx - 4721 - ::1 Mozilla/5.0+(Windows+NT+10.0;+Win64;+x64)+AppleWebKit/537.36+(KHTML,+like+Gecko)+Chrome/81.0.4044.122+Safari/537.36 http://localhost:4721/viewproperties.aspx 500 0 0 118
2020-05-06 19:27:22 ::1 GET /viewproperties.aspx - 4721 - ::1 Mozilla/5.0+(Windows+NT+10.0;+Win64;+x64)+AppleWebKit/537.36+(KHTML,+like+Gecko)+Chrome/81.0.4044.122+Safari/537.36 http://localhost:4721/viewproperties.aspx 500 0 0 117
2020-05-06 19:27:23 ::1 GET /viewproperties.aspx - 4721 - ::1 Mozilla/5.0+(Windows+NT+10.0;+Win64;+x64)+AppleWebKit/537.36+(KHTML,+like+Gecko)+Chrome/81.0.4044.122+Safari/537.36 http://localhost:4721/viewproperties.aspx 500 0 0 33
2020-05-06 19:28:10 ::1 GET /viewproperties.aspx - 4721 - ::1 Mozilla/5.0+(Windows+NT+10.0;+Win64;+x64)+AppleWebKit/537.36+(KHTML,+like+Gecko)+Chrome/81.0.4044.122+Safari/537.36 http://localhost:4721/viewproperties.aspx 500 0 0 62
2020-05-06 19:28:12 ::1 GET /viewproperties.aspx - 4721 - ::1 Mozilla/5.0+(Windows+NT+10.0;+Win64;+x64)+AppleWebKit/537.36+(KHTML,+like+Gecko)+Chrome/81.0.4044.122+Safari/537.36 http://localhost:4721/viewproperties.aspx 500 0 0 27
2020-05-06 19:28:13 ::1 GET /viewproperties.aspx - 4721 - ::1 Mozilla/5.0+(Windows+NT+10.0;+Win64;+x64)+AppleWebKit/537.36+(KHTML,+like+Gecko)+Chrome/81.0.4044.122+Safari/537.36 http://localhost:4721/viewproperties.aspx 500 0 0 104
2020-05-06 19:30:53 ::1 GET /viewproperties.aspx - 4721 - ::1 Mozilla/5.0+(Windows+NT+10.0;+Win64;+x64)+AppleWebKit/537.36+(KHTML,+like+Gecko)+Chrome/81.0.4044.122+Safari/537.36 http://localhost:4721/viewproperties.aspx 200 0 0 2307
2020-05-06 19:30:55 ::1 GET /__browserLink/requestData/5147df3e35964c86a16c7121abef497a - 4721 - ::1 Mozilla/5.0+(Windows+NT+10.0;+Win64;+x64)+AppleWebKit/537.36+(KHTML,+like+Gecko)+Chrome/81.0.4044.122+Safari/537.36 http://localhost:4721/viewproperties.aspx 200 0 0 166
2020-05-06 19:32:21 ::1 GET /viewproperties.aspx - 4721 - ::1 Mozilla/5.0+(Windows+NT+10.0;+Win64;+x64)+AppleWebKit/537.36+(KHTML,+like+Gecko)+Chrome/81.0.4044.122+Safari/537.36 http://localhost:4721/viewproperties.aspx 200 0 0 1618
2020-05-06 19:32:23 ::1 GET /__browserLink/requestData/06b6b662371546eb9fb8e3a3169b541c - 4721 - ::1 Mozilla/5.0+(Windows+NT+10.0;+Win64;+x64)+AppleWebKit/537.36+(KHTML,+like+Gecko)+Chrome/81.0.4044.122+Safari/537.36 http://localhost:4721/viewproperties.aspx 200 0 0 7
2020-05-06 19:33:18 ::1 GET /viewproperties.aspx - 4721 - ::1 Mozilla/5.0+(Windows+NT+10.0;+Win64;+x64)+AppleWebKit/537.36+(KHTML,+like+Gecko)+Chrome/81.0.4044.122+Safari/537.36 http://localhost:4721/viewproperties.aspx 200 0 0 1349
2020-05-06 19:33:22 ::1 GET /__browserLink/requestData/e7ba769e03ec4e53a958bf63bc1436e3 - 4721 - ::1 Mozilla/5.0+(Windows+NT+10.0;+Win64;+x64)+AppleWebKit/537.36+(KHTML,+like+Gecko)+Chrome/81.0.4044.122+Safari/537.36 http://localhost:4721/viewproperties.aspx 200 0 0 10
2020-05-06 19:33:24 ::1 GET /viewproperties.aspx - 4721 - ::1 Mozilla/5.0+(Windows+NT+10.0;+Win64;+x64)+AppleWebKit/537.36+(KHTML,+like+Gecko)+Chrome/81.0.4044.122+Safari/537.36 http://localhost:4721/viewproperties.aspx 200 0 0 711
2020-05-06 19:33:25 ::1 GET /__browserLink/requestData/cf3feca0fe404063bf8a07c25a04c371 - 4721 - ::1 Mozilla/5.0+(Windows+NT+10.0;+Win64;+x64)+AppleWebKit/537.36+(KHTML,+like+Gecko)+Chrome/81.0.4044.122+Safari/537.36 http://localhost:4721/viewproperties.aspx 200 0 0 10
2020-05-06 19:33:28 ::1 GET /viewproperties.aspx - 4721 - ::1 Mozilla/5.0+(Windows+NT+10.0;+Win64;+x64)+AppleWebKit/537.36+(KHTML,+like+Gecko)+Chrome/81.0.4044.122+Safari/537.36 http://localhost:4721/viewproperties.aspx 200 0 0 14
2020-05-06 19:33:30 ::1 GET /__browserLink/requestData/7d2a4c98e1664f129492dc10823166ec - 4721 - ::1 Mozilla/5.0+(Windows+NT+10.0;+Win64;+x64)+AppleWebKit/537.36+(KHTML,+like+Gecko)+Chrome/81.0.4044.122+Safari/537.36 http://localhost:4721/viewproperties.aspx 200 0 0 6
2020-05-06 19:35:30 ::1 GET /viewproperties.aspx - 4721 - ::1 Mozilla/5.0+(Windows+NT+10.0;+Win64;+x64)+AppleWebKit/537.36+(KHTML,+like+Gecko)+Chrome/81.0.4044.122+Safari/537.36 http://localhost:4721/viewproperties.aspx 200 0 0 1810
2020-05-06 19:35:32 ::1 GET /__browserLink/requestData/c07fe37337f549dbab6fba8bca578977 - 4721 - ::1 Mozilla/5.0+(Windows+NT+10.0;+Win64;+x64)+AppleWebKit/537.36+(KHTML,+like+Gecko)+Chrome/81.0.4044.122+Safari/537.36 http://localhost:4721/viewproperties.aspx 200 0 0 9
2020-05-06 19:35:34 ::1 GET /viewproperties.aspx - 4721 - ::1 Mozilla/5.0+(Windows+NT+10.0;+Win64;+x64)+AppleWebKit/537.36+(KHTML,+like+Gecko)+Chrome/81.0.4044.122+Safari/537.36 http://localhost:4721/viewproperties.aspx 200 0 0 19
2020-05-06 19:35:35 ::1 GET /__browserLink/requestData/b43cbbf9c44e47a7b684f50bd43635da - 4721 - ::1 Mozilla/5.0+(Windows+NT+10.0;+Win64;+x64)+AppleWebKit/537.36+(KHTML,+like+Gecko)+Chrome/81.0.4044.122+Safari/537.36 http://localhost:4721/viewproperties.aspx 200 0 0 9
2020-05-06 19:35:35 ::1 GET /viewproperties.aspx - 4721 - ::1 Mozilla/5.0+(Windows+NT+10.0;+Win64;+x64)+AppleWebKit/537.36+(KHTML,+like+Gecko)+Chrome/81.0.4044.122+Safari/537.36 http://localhost:4721/viewproperties.aspx 200 0 0 9
2020-05-06 19:35:37 ::1 GET /__browserLink/requestData/03b39ec5045548599af4e4784b37b7a4 - 4721 - ::1 Mozilla/5.0+(Windows+NT+10.0;+Win64;+x64)+AppleWebKit/537.36+(KHTML,+like+Gecko)+Chrome/81.0.4044.122+Safari/537.36 http://localhost:4721/viewproperties.aspx 200 0 0 18
2020-05-06 19:36:31 ::1 GET /viewproperties.aspx - 4721 - ::1 Mozilla/5.0+(Windows+NT+10.0;+Win64;+x64)+AppleWebKit/537.36+(KHTML,+like+Gecko)+Chrome/81.0.4044.122+Safari/537.36 http://localhost:4721/viewproperties.aspx 200 0 0 3682
2020-05-06 19:36:33 ::1 GET /__browserLink/requestData/a4b7ac0b8958403d9d1c4d37ecc7e4f2 - 4721 - ::1 Mozilla/5.0+(Windows+NT+10.0;+Win64;+x64)+AppleWebKit/537.36+(KHTML,+like+Gecko)+Chrome/81.0.4044.122+Safari/537.36 http://localhost:4721/viewproperties.aspx 200 0 0 16
2020-05-06 19:37:08 ::1 GET /viewproperties.aspx - 4721 - ::1 Mozilla/5.0+(Windows+NT+10.0;+Win64;+x64)+AppleWebKit/537.36+(KHTML,+like+Gecko)+Chrome/81.0.4044.122+Safari/537.36 http://localhost:4721/viewproperties.aspx 200 0 0 1694
2020-05-06 19:37:10 ::1 GET /__browserLink/requestData/233fb90524274787b2eca8c61dda3b8f - 4721 - ::1 Mozilla/5.0+(Windows+NT+10.0;+Win64;+x64)+AppleWebKit/537.36+(KHTML,+like+Gecko)+Chrome/81.0.4044.122+Safari/537.36 http://localhost:4721/viewproperties.aspx 200 0 0 6
2020-05-06 19:38:10 ::1 GET /viewproperties.aspx - 4721 - ::1 Mozilla/5.0+(Windows+NT+10.0;+Win64;+x64)+AppleWebKit/537.36+(KHTML,+like+Gecko)+Chrome/81.0.4044.122+Safari/537.36 http://localhost:4721/viewproperties.aspx 200 0 0 1163
2020-05-06 19:38:10 ::1 GET /Datatables/images/sort_both.png - 4721 - ::1 Mozilla/5.0+(Windows+NT+10.0;+Win64;+x64)+AppleWebKit/537.36+(KHTML,+like+Gecko)+Chrome/81.0.4044.122+Safari/537.36 http://localhost:4721/Datatables/CSS/jquery.dataTables.min.css 404 0 2 3
2020-05-06 19:38:10 ::1 GET /Datatables/images/sort_asc.png - 4721 - ::1 Mozilla/5.0+(Windows+NT+10.0;+Win64;+x64)+AppleWebKit/537.36+(KHTML,+like+Gecko)+Chrome/81.0.4044.122+Safari/537.36 http://localhost:4721/Datatables/CSS/jquery.dataTables.min.css 404 0 2 1
2020-05-06 19:38:11 ::1 GET /__browserLink/requestData/98b85715b3da44c38fa3eebb69cf4e85 - 4721 - ::1 Mozilla/5.0+(Windows+NT+10.0;+Win64;+x64)+AppleWebKit/537.36+(KHTML,+like+Gecko)+Chrome/81.0.4044.122+Safari/537.36 http://localhost:4721/viewproperties.aspx 200 0 0 30
2020-05-06 19:43:11 ::1 GET /52632f74cec9454d8e952e33aeb39fbb/arterySignalR/ping requestUrl=http%3A%2F%2Flocalhost%3A4721%2Fviewproperties.aspx&browserName=Chrome&_=1588794191496 4721 - ::1 Mozilla/5.0+(Windows+NT+10.0;+Win64;+x64)+AppleWebKit/537.36+(KHTML,+like+Gecko)+Chrome/81.0.4044.122+Safari/537.36 http://localhost:4721/viewproperties.aspx 404 0 2 4
2020-05-06 19:44:42 ::1 GET /viewproperties.aspx - 4721 - ::1 Mozilla/5.0+(Windows+NT+10.0;+Win64;+x64)+AppleWebKit/537.36+(KHTML,+like+Gecko)+Chrome/81.0.4044.122+Safari/537.36 http://localhost:4721/viewproperties.aspx 200 0 0 1388
2020-05-06 19:44:42 ::1 GET /Datatables/images/sort_both.png - 4721 - ::1 Mozilla/5.0+(Windows+NT+10.0;+Win64;+x64)+AppleWebKit/537.36+(KHTML,+like+Gecko)+Chrome/81.0.4044.122+Safari/537.36 http://localhost:4721/Datatables/CSS/jquery.dataTables.min.css 404 0 2 2
2020-05-06 19:44:43 ::1 GET /Datatables/images/sort_asc.png - 4721 - ::1 Mozilla/5.0+(Windows+NT+10.0;+Win64;+x64)+AppleWebKit/537.36+(KHTML,+like+Gecko)+Chrome/81.0.4044.122+Safari/537.36 http://localhost:4721/Datatables/CSS/jquery.dataTables.min.css 404 0 2 5
2020-05-06 19:44:43 ::1 GET /__browserLink/requestData/8a52895db4ae4c978c6fc40919848cd1 - 4721 - ::1 Mozilla/5.0+(Windows+NT+10.0;+Win64;+x64)+AppleWebKit/537.36+(KHTML,+like+Gecko)+Chrome/81.0.4044.122+Safari/537.36 http://localhost:4721/viewproperties.aspx 200 0 0 8
2020-05-06 19:44:46 ::1 GET /viewproperties.aspx - 4721 - ::1 Mozilla/5.0+(Windows+NT+10.0;+Win64;+x64)+AppleWebKit/537.36+(KHTML,+like+Gecko)+Chrome/81.0.4044.122+Safari/537.36 http://localhost:4721/viewproperties.aspx 200 0 0 13
2020-05-06 19:44:46 ::1 GET /__browserLink/requestData/8564f73881f444c2ac037056421f26cd - 4721 - ::1 Mozilla/5.0+(Windows+NT+10.0;+Win64;+x64)+AppleWebKit/537.36+(KHTML,+like+Gecko)+Chrome/81.0.4044.122+Safari/537.36 http://localhost:4721/viewproperties.aspx 200 0 0 6
2020-05-06 19:46:01 ::1 GET /viewproperties.aspx - 4721 - ::1 Mozilla/5.0+(Windows+NT+10.0;+Win64;+x64)+AppleWebKit/537.36+(KHTML,+like+Gecko)+Chrome/81.0.4044.122+Safari/537.36 http://localhost:4721/viewproperties.aspx 200 0 0 1304
2020-05-06 19:46:02 ::1 GET /__browserLink/requestData/b17c37b0e6f041ab9d01ae24329215bf - 4721 - ::1 Mozilla/5.0+(Windows+NT+10.0;+Win64;+x64)+AppleWebKit/537.36+(KHTML,+like+Gecko)+Chrome/81.0.4044.122+Safari/537.36 http://localhost:4721/viewproperties.aspx 200 0 0 7
2020-05-06 19:46:05 ::1 GET /viewproperties.aspx - 4721 - ::1 Mozilla/5.0+(Windows+NT+10.0;+Win64;+x64)+AppleWebKit/537.36+(KHTML,+like+Gecko)+Chrome/81.0.4044.122+Safari/537.36 http://localhost:4721/viewproperties.aspx 200 0 0 11
2020-05-06 19:46:06 ::1 GET /__browserLink/requestData/43b0a5c1c522473ca6be5a096e84e6c7 - 4721 - ::1 Mozilla/5.0+(Windows+NT+10.0;+Win64;+x64)+AppleWebKit/537.36+(KHTML,+like+Gecko)+Chrome/81.0.4044.122+Safari/537.36 http://localhost:4721/viewproperties.aspx 200 0 0 21
2020-05-06 19:46:46 ::1 GET /viewproperties.aspx - 4721 - ::1 Mozilla/5.0+(Windows+NT+10.0;+Win64;+x64)+AppleWebKit/537.36+(KHTML,+like+Gecko)+Chrome/81.0.4044.122+Safari/537.36 http://localhost:4721/viewproperties.aspx 200 0 0 1428
2020-05-06 19:46:48 ::1 GET /__browserLink/requestData/2532689bc3f84f25a5e80ba470eeca63 - 4721 - ::1 Mozilla/5.0+(Windows+NT+10.0;+Win64;+x64)+AppleWebKit/537.36+(KHTML,+like+Gecko)+Chrome/81.0.4044.122+Safari/537.36 http://localhost:4721/viewproperties.aspx 200 0 0 6
2020-05-06 19:46:50 ::1 GET /viewproperties.aspx - 4721 - ::1 Mozilla/5.0+(Windows+NT+10.0;+Win64;+x64)+AppleWebKit/537.36+(KHTML,+like+Gecko)+Chrome/81.0.4044.122+Safari/537.36 http://localhost:4721/viewproperties.aspx 200 0 0 8
2020-05-06 19:46:51 ::1 GET /__browserLink/requestData/6c614816929d47149bfd12df90a11a59 - 4721 - ::1 Mozilla/5.0+(Windows+NT+10.0;+Win64;+x64)+AppleWebKit/537.36+(KHTML,+like+Gecko)+Chrome/81.0.4044.122+Safari/537.36 http://localhost:4721/viewproperties.aspx 200 0 0 15
2020-05-06 19:47:54 ::1 GET /viewproperties.aspx - 4721 - ::1 Mozilla/5.0+(Windows+NT+10.0;+Win64;+x64)+AppleWebKit/537.36+(KHTML,+like+Gecko)+Chrome/81.0.4044.122+Safari/537.36 http://localhost:4721/viewproperties.aspx 200 0 0 1565
2020-05-06 19:47:55 ::1 GET /__browserLink/requestData/9fc1e1bcb3a049cfa09d7093e37376eb - 4721 - ::1 Mozilla/5.0+(Windows+NT+10.0;+Win64;+x64)+AppleWebKit/537.36+(KHTML,+like+Gecko)+Chrome/81.0.4044.122+Safari/537.36 http://localhost:4721/viewproperties.aspx 200 0 0 44
2020-05-06 19:47:57 ::1 GET /viewproperties.aspx - 4721 - ::1 Mozilla/5.0+(Windows+NT+10.0;+Win64;+x64)+AppleWebKit/537.36+(KHTML,+like+Gecko)+Chrome/81.0.4044.122+Safari/537.36 http://localhost:4721/viewproperties.aspx 200 0 0 12
2020-05-06 19:47:57 ::1 GET /__browserLink/requestData/1b2171e03c274cf6b21139488eaf805a - 4721 - ::1 Mozilla/5.0+(Windows+NT+10.0;+Win64;+x64)+AppleWebKit/537.36+(KHTML,+like+Gecko)+Chrome/81.0.4044.122+Safari/537.36 http://localhost:4721/viewproperties.aspx 200 0 0 9
2020-05-06 19:52:58 ::1 GET /52632f74cec9454d8e952e33aeb39fbb/arterySignalR/ping requestUrl=http%3A%2F%2Flocalhost%3A4721%2Fviewproperties.aspx&browserName=Chrome&_=1588794778507 4721 - ::1 Mozilla/5.0+(Windows+NT+10.0;+Win64;+x64)+AppleWebKit/537.36+(KHTML,+like+Gecko)+Chrome/81.0.4044.122+Safari/537.36 http://localhost:4721/viewproperties.aspx 404 0 2 9
2020-05-06 19:57:58 ::1 GET /52632f74cec9454d8e952e33aeb39fbb/arterySignalR/ping requestUrl=http%3A%2F%2Flocalhost%3A4721%2Fviewproperties.aspx&browserName=Chrome&_=1588795078498 4721 - ::1 Mozilla/5.0+(Windows+NT+10.0;+Win64;+x64)+AppleWebKit/537.36+(KHTML,+like+Gecko)+Chrome/81.0.4044.122+Safari/537.36 http://localhost:4721/viewproperties.aspx 404 0 2 6
2020-05-06 20:01:28 ::1 GET /viewproperties.aspx - 4721 - ::1 Mozilla/5.0+(Windows+NT+10.0;+Win64;+x64)+AppleWebKit/537.36+(KHTML,+like+Gecko)+Chrome/81.0.4044.122+Safari/537.36 http://localhost:4721/viewproperties.aspx 200 0 0 1395
2020-05-06 20:01:28 ::1 GET /Datatables/images/sort_both.png - 4721 - ::1 Mozilla/5.0+(Windows+NT+10.0;+Win64;+x64)+AppleWebKit/537.36+(KHTML,+like+Gecko)+Chrome/81.0.4044.122+Safari/537.36 http://localhost:4721/Datatables/CSS/jquery.dataTables.min.css 404 0 2 2
2020-05-06 20:01:28 ::1 GET /Datatables/images/sort_asc.png - 4721 - ::1 Mozilla/5.0+(Windows+NT+10.0;+Win64;+x64)+AppleWebKit/537.36+(KHTML,+like+Gecko)+Chrome/81.0.4044.122+Safari/537.36 http://localhost:4721/Datatables/CSS/jquery.dataTables.min.css 404 0 2 5
2020-05-06 20:01:29 ::1 GET /__browserLink/requestData/c203c39768854e91af5f9b31c5864f79 - 4721 - ::1 Mozilla/5.0+(Windows+NT+10.0;+Win64;+x64)+AppleWebKit/537.36+(KHTML,+like+Gecko)+Chrome/81.0.4044.122+Safari/537.36 http://localhost:4721/viewproperties.aspx 200 0 0 7
2020-05-06 20:01:31 ::1 GET /viewproperties.aspx - 4721 - ::1 Mozilla/5.0+(Windows+NT+10.0;+Win64;+x64)+AppleWebKit/537.36+(KHTML,+like+Gecko)+Chrome/81.0.4044.122+Safari/537.36 http://localhost:4721/viewproperties.aspx 200 0 0 14
2020-05-06 20:01:32 ::1 GET /__browserLink/requestData/629df73a2cae4678b8199d3abe740621 - 4721 - ::1 Mozilla/5.0+(Windows+NT+10.0;+Win64;+x64)+AppleWebKit/537.36+(KHTML,+like+Gecko)+Chrome/81.0.4044.122+Safari/537.36 http://localhost:4721/viewproperties.aspx 200 0 0 6
2020-05-06 20:01:34 ::1 GET /viewproperties.aspx - 4721 - ::1 Mozilla/5.0+(Windows+NT+10.0;+Win64;+x64)+AppleWebKit/537.36+(KHTML,+like+Gecko)+Chrome/81.0.4044.122+Safari/537.36 http://localhost:4721/viewproperties.aspx 200 0 0 14
2020-05-06 20:01:34 ::1 GET /__browserLink/requestData/e15361f059de43d5bb001d907fa19d12 - 4721 - ::1 Mozilla/5.0+(Windows+NT+10.0;+Win64;+x64)+AppleWebKit/537.36+(KHTML,+like+Gecko)+Chrome/81.0.4044.122+Safari/537.36 http://localhost:4721/viewproperties.aspx 200 0 0 10
2020-05-06 20:03:55 ::1 GET /viewproperties.aspx - 4721 - ::1 Mozilla/5.0+(Windows+NT+10.0;+Win64;+x64)+AppleWebKit/537.36+(KHTML,+like+Gecko)+Chrome/81.0.4044.122+Safari/537.36 http://localhost:4721/viewproperties.aspx 200 0 0 20
2020-05-06 20:03:57 ::1 GET /__browserLink/requestData/2c4997e72b88468786031d0c08bae829 - 4721 - ::1 Mozilla/5.0+(Windows+NT+10.0;+Win64;+x64)+AppleWebKit/537.36+(KHTML,+like+Gecko)+Chrome/81.0.4044.122+Safari/537.36 http://localhost:4721/viewproperties.aspx 200 0 0 6
2020-05-06 20:04:04 ::1 GET /viewproperties.aspx - 4721 - ::1 Mozilla/5.0+(Windows+NT+10.0;+Win64;+x64)+AppleWebKit/537.36+(KHTML,+like+Gecko)+Chrome/81.0.4044.122+Safari/537.36 http://localhost:4721/viewproperties.aspx 200 0 0 9
2020-05-06 20:04:05 ::1 GET /__browserLink/requestData/51c1305c3db7429cb9f1b57c63210bbf - 4721 - ::1 Mozilla/5.0+(Windows+NT+10.0;+Win64;+x64)+AppleWebKit/537.36+(KHTML,+like+Gecko)+Chrome/81.0.4044.122+Safari/537.36 http://localhost:4721/viewproperties.aspx 200 0 0 19
2020-05-06 20:04:05 ::1 GET /viewproperties.aspx - 4721 - ::1 Mozilla/5.0+(Windows+NT+10.0;+Win64;+x64)+AppleWebKit/537.36+(KHTML,+like+Gecko)+Chrome/81.0.4044.122+Safari/537.36 http://localhost:4721/viewproperties.aspx 200 0 0 17
2020-05-06 20:04:05 ::1 GET /viewproperties.aspx - 4721 - ::1 Mozilla/5.0+(Windows+NT+10.0;+Win64;+x64)+AppleWebKit/537.36+(KHTML,+like+Gecko)+Chrome/81.0.4044.122+Safari/537.36 http://localhost:4721/viewproperties.aspx 200 0 64 15
2020-05-06 20:04:05 ::1 GET /viewproperties.aspx - 4721 - ::1 Mozilla/5.0+(Windows+NT+10.0;+Win64;+x64)+AppleWebKit/537.36+(KHTML,+like+Gecko)+Chrome/81.0.4044.122+Safari/537.36 http://localhost:4721/viewproperties.aspx 200 0 0 11
2020-05-06 20:04:07 ::1 GET /__browserLink/requestData/40e1b8b46b304c478e82bb32ddd189aa - 4721 - ::1 Mozilla/5.0+(Windows+NT+10.0;+Win64;+x64)+AppleWebKit/537.36+(KHTML,+like+Gecko)+Chrome/81.0.4044.122+Safari/537.36 http://localhost:4721/viewproperties.aspx 200 0 0 6
2020-05-06 20:04:12 ::1 GET /viewproperties.aspx - 4721 - ::1 Mozilla/5.0+(Windows+NT+10.0;+Win64;+x64)+AppleWebKit/537.36+(KHTML,+like+Gecko)+Chrome/81.0.4044.122+Safari/537.36 http://localhost:4721/viewproperties.aspx 200 0 0 9
2020-05-06 20:04:12 ::1 GET /__browserLink/requestData/fec6c5cdc90e44e88c74d2684d240dd5 - 4721 - ::1 Mozilla/5.0+(Windows+NT+10.0;+Win64;+x64)+AppleWebKit/537.36+(KHTML,+like+Gecko)+Chrome/81.0.4044.122+Safari/537.36 http://localhost:4721/viewproperties.aspx 200 0 0 12
2020-05-06 20:04:13 ::1 GET /viewproperties.aspx - 4721 - ::1 Mozilla/5.0+(Windows+NT+10.0;+Win64;+x64)+AppleWebKit/537.36+(KHTML,+like+Gecko)+Chrome/81.0.4044.122+Safari/537.36 http://localhost:4721/viewproperties.aspx 200 0 0 29
2020-05-06 20:04:14 ::1 GET /__browserLink/requestData/cb890e14a04b473e97c0e814b96e7446 - 4721 - ::1 Mozilla/5.0+(Windows+NT+10.0;+Win64;+x64)+AppleWebKit/537.36+(KHTML,+like+Gecko)+Chrome/81.0.4044.122+Safari/537.36 http://localhost:4721/viewproperties.aspx 200 0 0 9
2020-05-06 20:04:58 ::1 GET /viewproperties.aspx - 4721 - ::1 Mozilla/5.0+(Windows+NT+10.0;+Win64;+x64)+AppleWebKit/537.36+(KHTML,+like+Gecko)+Chrome/81.0.4044.122+Safari/537.36 http://localhost:4721/viewproperties.aspx 200 0 0 1350
2020-05-06 20:05:00 ::1 GET /__browserLink/requestData/b8ddeb48807349778007062c4ce4900a - 4721 - ::1 Mozilla/5.0+(Windows+NT+10.0;+Win64;+x64)+AppleWebKit/537.36+(KHTML,+like+Gecko)+Chrome/81.0.4044.122+Safari/537.36 http://localhost:4721/viewproperties.aspx 200 0 0 7
2020-05-06 20:09:59 ::1 GET /52632f74cec9454d8e952e33aeb39fbb/arterySignalR/ping requestUrl=http%3A%2F%2Flocalhost%3A4721%2Fviewproperties.aspx&browserName=Chrome&_=1588795799550 4721 - ::1 Mozilla/5.0+(Windows+NT+10.0;+Win64;+x64)+AppleWebKit/537.36+(KHTML,+like+Gecko)+Chrome/81.0.4044.122+Safari/537.36 http://localhost:4721/viewproperties.aspx 404 0 2 11
2020-05-06 20:10:46 ::1 GET /viewproperties.aspx - 4721 - ::1 Mozilla/5.0+(Windows+NT+10.0;+Win64;+x64)+AppleWebKit/537.36+(KHTML,+like+Gecko)+Chrome/81.0.4044.122+Safari/537.36 http://localhost:4721/viewproperties.aspx 200 0 0 1577
2020-05-06 20:10:46 ::1 GET /Datatables/images/sort_both.png - 4721 - ::1 Mozilla/5.0+(Windows+NT+10.0;+Win64;+x64)+AppleWebKit/537.36+(KHTML,+like+Gecko)+Chrome/81.0.4044.122+Safari/537.36 http://localhost:4721/Datatables/CSS/jquery.dataTables.min.css 404 0 2 2
2020-05-06 20:10:46 ::1 GET /Datatables/images/sort_asc.png - 4721 - ::1 Mozilla/5.0+(Windows+NT+10.0;+Win64;+x64)+AppleWebKit/537.36+(KHTML,+like+Gecko)+Chrome/81.0.4044.122+Safari/537.36 http://localhost:4721/Datatables/CSS/jquery.dataTables.min.css 404 0 2 2
2020-05-06 20:10:48 ::1 GET /__browserLink/requestData/abf8ce925f2d4ee7a5e34d286eb501da - 4721 - ::1 Mozilla/5.0+(Windows+NT+10.0;+Win64;+x64)+AppleWebKit/537.36+(KHTML,+like+Gecko)+Chrome/81.0.4044.122+Safari/537.36 http://localhost:4721/viewproperties.aspx 200 0 0 8
2020-05-06 20:10:51 ::1 GET /viewproperties.aspx - 4721 - ::1 Mozilla/5.0+(Windows+NT+10.0;+Win64;+x64)+AppleWebKit/537.36+(KHTML,+like+Gecko)+Chrome/81.0.4044.122+Safari/537.36 http://localhost:4721/viewproperties.aspx 200 0 0 14
2020-05-06 20:10:52 ::1 GET /__browserLink/requestData/75785a8b589f4ce5920ee0dcd7b40353 - 4721 - ::1 Mozilla/5.0+(Windows+NT+10.0;+Win64;+x64)+AppleWebKit/537.36+(KHTML,+like+Gecko)+Chrome/81.0.4044.122+Safari/537.36 http://localhost:4721/viewproperties.aspx 200 0 0 11
2020-05-06 20:10:52 ::1 GET /viewproperties.aspx - 4721 - ::1 Mozilla/5.0+(Windows+NT+10.0;+Win64;+x64)+AppleWebKit/537.36+(KHTML,+like+Gecko)+Chrome/81.0.4044.122+Safari/537.36 http://localhost:4721/viewproperties.aspx 200 0 0 15
2020-05-06 20:10:54 ::1 GET /__browserLink/requestData/1b2b4dc3de5842c795d4bf2a393d8f97 - 4721 - ::1 Mozilla/5.0+(Windows+NT+10.0;+Win64;+x64)+AppleWebKit/537.36+(KHTML,+like+Gecko)+Chrome/81.0.4044.122+Safari/537.36 http://localhost:4721/viewproperties.aspx 200 0 0 6
2020-05-06 20:15:55 ::1 GET /52632f74cec9454d8e952e33aeb39fbb/arterySignalR/ping requestUrl=http%3A%2F%2Flocalhost%3A4721%2Fviewproperties.aspx&browserName=Chrome&_=1588796154488 4721 - ::1 Mozilla/5.0+(Windows+NT+10.0;+Win64;+x64)+AppleWebKit/537.36+(KHTML,+like+Gecko)+Chrome/81.0.4044.122+Safari/537.36 http://localhost:4721/viewproperties.aspx 404 0 2 1076
2020-05-06 20:16:00 ::1 GET /viewproperties.aspx - 4721 - ::1 Mozilla/5.0+(Windows+NT+10.0;+Win64;+x64)+AppleWebKit/537.36+(KHTML,+like+Gecko)+Chrome/81.0.4044.122+Safari/537.36 http://localhost:4721/viewproperties.aspx 200 0 0 3414
2020-05-06 20:16:00 ::1 GET /Datatables/images/sort_both.png - 4721 - ::1 Mozilla/5.0+(Windows+NT+10.0;+Win64;+x64)+AppleWebKit/537.36+(KHTML,+like+Gecko)+Chrome/81.0.4044.122+Safari/537.36 http://localhost:4721/Datatables/CSS/jquery.dataTables.min.css 404 0 2 2
2020-05-06 20:16:00 ::1 GET /Datatables/images/sort_asc.png - 4721 - ::1 Mozilla/5.0+(Windows+NT+10.0;+Win64;+x64)+AppleWebKit/537.36+(KHTML,+like+Gecko)+Chrome/81.0.4044.122+Safari/537.36 http://localhost:4721/Datatables/CSS/jquery.dataTables.min.css 404 0 2 3
2020-05-06 20:16:01 ::1 GET /__browserLink/requestData/51432a35d4da420b94e7438a9e0821be - 4721 - ::1 Mozilla/5.0+(Windows+NT+10.0;+Win64;+x64)+AppleWebKit/537.36+(KHTML,+like+Gecko)+Chrome/81.0.4044.122+Safari/537.36 http://localhost:4721/viewproperties.aspx 200 0 0 60
2020-05-06 20:16:04 ::1 GET /viewproperties.aspx - 4721 - ::1 Mozilla/5.0+(Windows+NT+10.0;+Win64;+x64)+AppleWebKit/537.36+(KHTML,+like+Gecko)+Chrome/81.0.4044.122+Safari/537.36 http://localhost:4721/viewproperties.aspx 200 0 0 17
2020-05-06 20:16:05 ::1 GET /__browserLink/requestData/dcb491b6dfb948da9c6a46de59dee085 - 4721 - ::1 Mozilla/5.0+(Windows+NT+10.0;+Win64;+x64)+AppleWebKit/537.36+(KHTML,+like+Gecko)+Chrome/81.0.4044.122+Safari/537.36 http://localhost:4721/viewproperties.aspx 200 0 0 21
2020-05-06 20:18:56 ::1 GET /viewproperties.aspx - 4721 - ::1 Mozilla/5.0+(Windows+NT+10.0;+Win64;+x64)+AppleWebKit/537.36+(KHTML,+like+Gecko)+Chrome/81.0.4044.122+Safari/537.36 http://localhost:4721/viewproperties.aspx 200 0 0 1170
2020-05-06 20:18:56 ::1 GET /Datatables/images/sort_both.png - 4721 - ::1 Mozilla/5.0+(Windows+NT+10.0;+Win64;+x64)+AppleWebKit/537.36+(KHTML,+like+Gecko)+Chrome/81.0.4044.122+Safari/537.36 http://localhost:4721/Datatables/CSS/jquery.dataTables.min.css 404 0 2 2
2020-05-06 20:18:56 ::1 GET /Datatables/images/sort_asc.png - 4721 - ::1 Mozilla/5.0+(Windows+NT+10.0;+Win64;+x64)+AppleWebKit/537.36+(KHTML,+like+Gecko)+Chrome/81.0.4044.122+Safari/537.36 http://localhost:4721/Datatables/CSS/jquery.dataTables.min.css 404 0 2 1
2020-05-06 20:18:57 ::1 GET /__browserLink/requestData/fd3ec5d018394b11ac93af1de3996ee1 - 4721 - ::1 Mozilla/5.0+(Windows+NT+10.0;+Win64;+x64)+AppleWebKit/537.36+(KHTML,+like+Gecko)+Chrome/81.0.4044.122+Safari/537.36 http://localhost:4721/viewproperties.aspx 200 0 0 10
2020-05-06 20:20:26 ::1 POST /viewproperties.aspx - 4721 - ::1 Mozilla/5.0+(Windows+NT+10.0;+Win64;+x64)+AppleWebKit/537.36+(KHTML,+like+Gecko)+Chrome/81.0.4044.122+Safari/537.36 http://localhost:4721/viewproperties.aspx 302 0 0 36
2020-05-06 20:20:26 ::1 GET /userlogin.aspx - 4721 - ::1 Mozilla/5.0+(Windows+NT+10.0;+Win64;+x64)+AppleWebKit/537.36+(KHTML,+like+Gecko)+Chrome/81.0.4044.122+Safari/537.36 http://localhost:4721/viewproperties.aspx 200 0 0 67
2020-05-06 20:20:26 ::1 GET /imgs/generaluser.png - 4721 - ::1 Mozilla/5.0+(Windows+NT+10.0;+Win64;+x64)+AppleWebKit/537.36+(KHTML,+like+Gecko)+Chrome/81.0.4044.122+Safari/537.36 http://localhost:4721/userlogin.aspx 304 0 0 172
2020-05-06 20:20:28 ::1 GET /__browserLink/requestData/48981ffb9aa6498ca064547e7bab7dfd - 4721 - ::1 Mozilla/5.0+(Windows+NT+10.0;+Win64;+x64)+AppleWebKit/537.36+(KHTML,+like+Gecko)+Chrome/81.0.4044.122+Safari/537.36 http://localhost:4721/userlogin.aspx 200 0 0 5
2020-05-06 20:20:39 ::1 POST /userlogin.aspx - 4721 - ::1 Mozilla/5.0+(Windows+NT+10.0;+Win64;+x64)+AppleWebKit/537.36+(KHTML,+like+Gecko)+Chrome/81.0.4044.122+Safari/537.36 http://localhost:4721/userlogin.aspx 302 0 0 332
2020-05-06 20:20:39 ::1 GET /homepage.aspx - 4721 - ::1 Mozilla/5.0+(Windows+NT+10.0;+Win64;+x64)+AppleWebKit/537.36+(KHTML,+like+Gecko)+Chrome/81.0.4044.122+Safari/537.36 http://localhost:4721/userlogin.aspx 200 0 0 33
2020-05-06 20:20:39 ::1 GET /imgs/header.jpg - 4721 - ::1 Mozilla/5.0+(Windows+NT+10.0;+Win64;+x64)+AppleWebKit/537.36+(KHTML,+like+Gecko)+Chrome/81.0.4044.122+Safari/537.36 http://localhost:4721/homepage.aspx 304 0 0 203
2020-05-06 20:20:39 ::1 GET /imgs/sing+up.png - 4721 - ::1 Mozilla/5.0+(Windows+NT+10.0;+Win64;+x64)+AppleWebKit/537.36+(KHTML,+like+Gecko)+Chrome/81.0.4044.122+Safari/537.36 http://localhost:4721/homepage.aspx 304 0 0 103
2020-05-06 20:20:40 ::1 GET /imgs/search.png - 4721 - ::1 Mozilla/5.0+(Windows+NT+10.0;+Win64;+x64)+AppleWebKit/537.36+(KHTML,+like+Gecko)+Chrome/81.0.4044.122+Safari/537.36 http://localhost:4721/homepage.aspx 304 0 0 62
2020-05-06 20:20:40 ::1 GET /imgs/kitchen+Header.jpg - 4721 - ::1 Mozilla/5.0+(Windows+NT+10.0;+Win64;+x64)+AppleWebKit/537.36+(KHTML,+like+Gecko)+Chrome/81.0.4044.122+Safari/537.36 http://localhost:4721/homepage.aspx 304 0 0 365
2020-05-06 20:20:40 ::1 GET /imgs/example+3.jpg - 4721 - ::1 Mozilla/5.0+(Windows+NT+10.0;+Win64;+x64)+AppleWebKit/537.36+(KHTML,+like+Gecko)+Chrome/81.0.4044.122+Safari/537.36 http://localhost:4721/homepage.aspx 304 0 0 414
2020-05-06 20:20:40 ::1 GET /imgs/Witbank-Mall.jpg - 4721 - ::1 Mozilla/5.0+(Windows+NT+10.0;+Win64;+x64)+AppleWebKit/537.36+(KHTML,+like+Gecko)+Chrome/81.0.4044.122+Safari/537.36 http://localhost:4721/homepage.aspx 304 0 0 579
2020-05-06 20:20:41 ::1 GET /__browserLink/requestData/f9897cd8fce44a4fbfa893adcc00f7ba - 4721 - ::1 Mozilla/5.0+(Windows+NT+10.0;+Win64;+x64)+AppleWebKit/537.36+(KHTML,+like+Gecko)+Chrome/81.0.4044.122+Safari/537.36 http://localhost:4721/homepage.aspx 200 0 0 7
2020-05-06 20:20:50 ::1 POST /homepage.aspx - 4721 - ::1 Mozilla/5.0+(Windows+NT+10.0;+Win64;+x64)+AppleWebKit/537.36+(KHTML,+like+Gecko)+Chrome/81.0.4044.122+Safari/537.36 http://localhost:4721/homepage.aspx 302 0 0 9
2020-05-06 20:20:50 ::1 GET /homepage.aspx - 4721 - ::1 Mozilla/5.0+(Windows+NT+10.0;+Win64;+x64)+AppleWebKit/537.36+(KHTML,+like+Gecko)+Chrome/81.0.4044.122+Safari/537.36 http://localhost:4721/homepage.aspx 200 0 0 5
2020-05-06 20:20:51 ::1 GET /__browserLink/requestData/85542d28cf3f498ea89512c16fcadb8c - 4721 - ::1 Mozilla/5.0+(Windows+NT+10.0;+Win64;+x64)+AppleWebKit/537.36+(KHTML,+like+Gecko)+Chrome/81.0.4044.122+Safari/537.36 http://localhost:4721/homepage.aspx 200 0 0 4
2020-05-06 20:20:55 ::1 POST /homepage.aspx - 4721 - ::1 Mozilla/5.0+(Windows+NT+10.0;+Win64;+x64)+AppleWebKit/537.36+(KHTML,+like+Gecko)+Chrome/81.0.4044.122+Safari/537.36 http://localhost:4721/homepage.aspx 302 0 0 4
2020-05-06 20:20:55 ::1 GET /viewproperties.aspx - 4721 - ::1 Mozilla/5.0+(Windows+NT+10.0;+Win64;+x64)+AppleWebKit/537.36+(KHTML,+like+Gecko)+Chrome/81.0.4044.122+Safari/537.36 http://localhost:4721/homepage.aspx 200 0 0 77
2020-05-06 20:20:56 ::1 GET /__browserLink/requestData/02faf8d04ecc446380e2125e37761d1b - 4721 - ::1 Mozilla/5.0+(Windows+NT+10.0;+Win64;+x64)+AppleWebKit/537.36+(KHTML,+like+Gecko)+Chrome/81.0.4044.122+Safari/537.36 http://localhost:4721/viewproperties.aspx 200 0 0 10
2020-05-06 20:21:41 ::1 GET /viewproperties.aspx - 4721 - ::1 Mozilla/5.0+(Windows+NT+10.0;+Win64;+x64)+AppleWebKit/537.36+(KHTML,+like+Gecko)+Chrome/81.0.4044.122+Safari/537.36 http://localhost:4721/viewproperties.aspx 200 0 0 1556
2020-05-06 20:21:43 ::1 GET /__browserLink/requestData/0e8d046db5904406a0c55f3bed97c369 - 4721 - ::1 Mozilla/5.0+(Windows+NT+10.0;+Win64;+x64)+AppleWebKit/537.36+(KHTML,+like+Gecko)+Chrome/81.0.4044.122+Safari/537.36 http://localhost:4721/viewproperties.aspx 200 0 0 11
2020-05-06 20:22:05 ::1 GET /viewproperties.aspx - 4721 - ::1 Mozilla/5.0+(Windows+NT+10.0;+Win64;+x64)+AppleWebKit/537.36+(KHTML,+like+Gecko)+Chrome/81.0.4044.122+Safari/537.36 http://localhost:4721/viewproperties.aspx 200 0 0 1315
2020-05-06 20:22:05 ::1 GET /__browserLink/requestData/69073b469e574cb0a9a935c5fb53ee38 - 4721 - ::1 Mozilla/5.0+(Windows+NT+10.0;+Win64;+x64)+AppleWebKit/537.36+(KHTML,+like+Gecko)+Chrome/81.0.4044.122+Safari/537.36 http://localhost:4721/viewproperties.aspx 200 0 0 9
2020-05-06 20:24:42 ::1 GET /abutus.aspx - 4721 - ::1 Mozilla/5.0+(Windows+NT+10.0;+Win64;+x64)+AppleWebKit/537.36+(KHTML,+like+Gecko)+Chrome/81.0.4044.122+Safari/537.36 http://localhost:4721/viewproperties.aspx 404 0 0 79
2020-05-06 20:24:45 ::1 GET /__browserLink/requestData/69073b469e574cb0a9a935c5fb53ee38 - 4721 - ::1 Mozilla/5.0+(Windows+NT+10.0;+Win64;+x64)+AppleWebKit/537.36+(KHTML,+like+Gecko)+Chrome/81.0.4044.122+Safari/537.36 http://localhost:4721/viewproperties.aspx 404 0 0 6
2020-05-06 20:24:46 ::1 GET /homepage.aspx - 4721 - ::1 Mozilla/5.0+(Windows+NT+10.0;+Win64;+x64)+AppleWebKit/537.36+(KHTML,+like+Gecko)+Chrome/81.0.4044.122+Safari/537.36 http://localhost:4721/viewproperties.aspx 200 0 0 25
2020-05-06 20:24:46 ::1 GET /__browserLink/requestData/bbe89256f9d8477294b497323c0920f0 - 4721 - ::1 Mozilla/5.0+(Windows+NT+10.0;+Win64;+x64)+AppleWebKit/537.36+(KHTML,+like+Gecko)+Chrome/81.0.4044.122+Safari/537.36 http://localhost:4721/homepage.aspx 200 0 0 4
2020-05-06 20:25:09 ::1 POST /homepage.aspx - 4721 - ::1 Mozilla/5.0+(Windows+NT+10.0;+Win64;+x64)+AppleWebKit/537.36+(KHTML,+like+Gecko)+Chrome/81.0.4044.122+Safari/537.36 http://localhost:4721/homepage.aspx 302 0 0 4
2020-05-06 20:25:09 ::1 GET /viewproperties.aspx - 4721 - ::1 Mozilla/5.0+(Windows+NT+10.0;+Win64;+x64)+AppleWebKit/537.36+(KHTML,+like+Gecko)+Chrome/81.0.4044.122+Safari/537.36 http://localhost:4721/homepage.aspx 200 0 0 13
2020-05-06 20:25:10 ::1 GET /__browserLink/requestData/f03f1444f0af4c61ad455ea3cf65fd44 - 4721 - ::1 Mozilla/5.0+(Windows+NT+10.0;+Win64;+x64)+AppleWebKit/537.36+(KHTML,+like+Gecko)+Chrome/81.0.4044.122+Safari/537.36 http://localhost:4721/viewproperties.aspx 200 0 0 9
2020-05-06 20:27:36 ::1 GET /viewproperties.aspx - 4721 - ::1 Mozilla/5.0+(Windows+NT+10.0;+Win64;+x64)+AppleWebKit/537.36+(KHTML,+like+Gecko)+Chrome/81.0.4044.122+Safari/537.36 http://localhost:4721/viewproperties.aspx 200 0 0 3357
2020-05-06 20:27:36 ::1 GET /Datatables/images/sort_both.png - 4721 - ::1 Mozilla/5.0+(Windows+NT+10.0;+Win64;+x64)+AppleWebKit/537.36+(KHTML,+like+Gecko)+Chrome/81.0.4044.122+Safari/537.36 http://localhost:4721/Datatables/CSS/jquery.dataTables.min.css 404 0 2 3
2020-05-06 20:27:36 ::1 GET /Datatables/images/sort_asc.png - 4721 - ::1 Mozilla/5.0+(Windows+NT+10.0;+Win64;+x64)+AppleWebKit/537.36+(KHTML,+like+Gecko)+Chrome/81.0.4044.122+Safari/537.36 http://localhost:4721/Datatables/CSS/jquery.dataTables.min.css 404 0 2 3
2020-05-06 20:27:37 ::1 GET /__browserLink/requestData/04f127802cea42d9819151f507725835 - 4721 - ::1 Mozilla/5.0+(Windows+NT+10.0;+Win64;+x64)+AppleWebKit/537.36+(KHTML,+like+Gecko)+Chrome/81.0.4044.122+Safari/537.36 http://localhost:4721/viewproperties.aspx 200 0 0 11
2020-05-06 20:27:42 ::1 GET /aboutus.aspx - 4721 - ::1 Mozilla/5.0+(Windows+NT+10.0;+Win64;+x64)+AppleWebKit/537.36+(KHTML,+like+Gecko)+Chrome/81.0.4044.122+Safari/537.36 http://localhost:4721/viewproperties.aspx 200 0 0 23
2020-05-06 20:27:42 ::1 GET /imgs/WhatsApp+Image+2020-04-02+at+12.27.35.jpeg - 4721 - ::1 Mozilla/5.0+(Windows+NT+10.0;+Win64;+x64)+AppleWebKit/537.36+(KHTML,+like+Gecko)+Chrome/81.0.4044.122+Safari/537.36 http://localhost:4721/aboutus.aspx 404 0 2 1
2020-05-06 20:27:42 ::1 GET /imgs/logo.jpeg - 4721 - ::1 Mozilla/5.0+(Windows+NT+10.0;+Win64;+x64)+AppleWebKit/537.36+(KHTML,+like+Gecko)+Chrome/81.0.4044.122+Safari/537.36 http://localhost:4721/aboutus.aspx 200 0 0 47
2020-05-06 20:27:42 ::1 GET /imgs/WhatsApp+Image+2020-04-02+at+12.27.36.jpeg - 4721 - ::1 Mozilla/5.0+(Windows+NT+10.0;+Win64;+x64)+AppleWebKit/537.36+(KHTML,+like+Gecko)+Chrome/81.0.4044.122+Safari/537.36 http://localhost:4721/aboutus.aspx 200 0 0 97
2020-05-06 20:27:44 ::1 GET /__browserLink/requestData/5c9d04e35b9546eba23e69ea21bde083 - 4721 - ::1 Mozilla/5.0+(Windows+NT+10.0;+Win64;+x64)+AppleWebKit/537.36+(KHTML,+like+Gecko)+Chrome/81.0.4044.122+Safari/537.36 http://localhost:4721/aboutus.aspx 200 0 0 7
2020-05-06 20:28:00 ::1 POST /aboutus.aspx - 4721 - ::1 Mozilla/5.0+(Windows+NT+10.0;+Win64;+x64)+AppleWebKit/537.36+(KHTML,+like+Gecko)+Chrome/81.0.4044.122+Safari/537.36 http://localhost:4721/aboutus.aspx 302 0 0 8
2020-05-06 20:28:00 ::1 GET /viewproperties.aspx - 4721 - ::1 Mozilla/5.0+(Windows+NT+10.0;+Win64;+x64)+AppleWebKit/537.36+(KHTML,+like+Gecko)+Chrome/81.0.4044.122+Safari/537.36 http://localhost:4721/aboutus.aspx 200 0 0 12
2020-05-06 20:28:00 ::1 GET /__browserLink/requestData/421212ce6ad1474d89dfa17cca01576e - 4721 - ::1 Mozilla/5.0+(Windows+NT+10.0;+Win64;+x64)+AppleWebKit/537.36+(KHTML,+like+Gecko)+Chrome/81.0.4044.122+Safari/537.36 http://localhost:4721/viewproperties.aspx 200 0 0 8
2020-05-06 20:30:07 ::1 GET /viewproperties.aspx - 4721 - ::1 Mozilla/5.0+(Windows+NT+10.0;+Win64;+x64)+AppleWebKit/537.36+(KHTML,+like+Gecko)+Chrome/81.0.4044.122+Safari/537.36 http://localhost:4721/viewproperties.aspx 200 0 0 1326
2020-05-06 20:30:09 ::1 GET /__browserLink/requestData/9940d898b5ed4a0fa37d5e21623cf775 - 4721 - ::1 Mozilla/5.0+(Windows+NT+10.0;+Win64;+x64)+AppleWebKit/537.36+(KHTML,+like+Gecko)+Chrome/81.0.4044.122+Safari/537.36 http://localhost:4721/viewproperties.aspx 200 0 0 7
2020-05-06 20:30:21 ::1 GET /aboutus.aspx - 4721 - ::1 Mozilla/5.0+(Windows+NT+10.0;+Win64;+x64)+AppleWebKit/537.36+(KHTML,+like+Gecko)+Chrome/81.0.4044.122+Safari/537.36 http://localhost:4721/viewproperties.aspx 200 0 0 30
2020-05-06 20:30:21 ::1 GET /WhatsApp+Image+2020-04-02+at+12.27.35.jpeg - 4721 - ::1 Mozilla/5.0+(Windows+NT+10.0;+Win64;+x64)+AppleWebKit/537.36+(KHTML,+like+Gecko)+Chrome/81.0.4044.122+Safari/537.36 http://localhost:4721/aboutus.aspx 404 0 2 2
2020-05-06 20:30:22 ::1 GET /__browserLink/requestData/4b85bf09427c49348d9ca6dd7a27f39e - 4721 - ::1 Mozilla/5.0+(Windows+NT+10.0;+Win64;+x64)+AppleWebKit/537.36+(KHTML,+like+Gecko)+Chrome/81.0.4044.122+Safari/537.36 http://localhost:4721/aboutus.aspx 200 0 0 6
2020-05-06 20:30:34 ::1 POST /aboutus.aspx - 4721 - ::1 Mozilla/5.0+(Windows+NT+10.0;+Win64;+x64)+AppleWebKit/537.36+(KHTML,+like+Gecko)+Chrome/81.0.4044.122+Safari/537.36 http://localhost:4721/aboutus.aspx 302 0 0 4
2020-05-06 20:30:34 ::1 GET /viewproperties.aspx - 4721 - ::1 Mozilla/5.0+(Windows+NT+10.0;+Win64;+x64)+AppleWebKit/537.36+(KHTML,+like+Gecko)+Chrome/81.0.4044.122+Safari/537.36 http://localhost:4721/aboutus.aspx 200 0 0 13
2020-05-06 20:30:34 ::1 GET /Datatables/images/sort_both.png - 4721 - ::1 Mozilla/5.0+(Windows+NT+10.0;+Win64;+x64)+AppleWebKit/537.36+(KHTML,+like+Gecko)+Chrome/81.0.4044.122+Safari/537.36 http://localhost:4721/Datatables/CSS/jquery.dataTables.min.css 404 0 2 1
2020-05-06 20:30:34 ::1 GET /Datatables/images/sort_asc.png - 4721 - ::1 Mozilla/5.0+(Windows+NT+10.0;+Win64;+x64)+AppleWebKit/537.36+(KHTML,+like+Gecko)+Chrome/81.0.4044.122+Safari/537.36 http://localhost:4721/Datatables/CSS/jquery.dataTables.min.css 404 0 2 3
2020-05-06 20:30:35 ::1 GET /__browserLink/requestData/a0b6a0aa5781481396905dad579bb826 - 4721 - ::1 Mozilla/5.0+(Windows+NT+10.0;+Win64;+x64)+AppleWebKit/537.36+(KHTML,+like+Gecko)+Chrome/81.0.4044.122+Safari/537.36 http://localhost:4721/viewproperties.aspx 200 0 0 6
2020-05-06 20:31:47 ::1 GET /viewproperties.aspx - 4721 - ::1 Mozilla/5.0+(Windows+NT+10.0;+Win64;+x64)+AppleWebKit/537.36+(KHTML,+like+Gecko)+Chrome/81.0.4044.122+Safari/537.36 http://localhost:4721/viewproperties.aspx 200 0 0 2930
2020-05-06 20:31:47 ::1 GET /Datatables/images/sort_both.png - 4721 - ::1 Mozilla/5.0+(Windows+NT+10.0;+Win64;+x64)+AppleWebKit/537.36+(KHTML,+like+Gecko)+Chrome/81.0.4044.122+Safari/537.36 http://localhost:4721/Datatables/CSS/jquery.dataTables.min.css 404 0 2 2
2020-05-06 20:31:47 ::1 GET /Datatables/images/sort_asc.png - 4721 - ::1 Mozilla/5.0+(Windows+NT+10.0;+Win64;+x64)+AppleWebKit/537.36+(KHTML,+like+Gecko)+Chrome/81.0.4044.122+Safari/537.36 http://localhost:4721/Datatables/CSS/jquery.dataTables.min.css 404 0 2 2
2020-05-06 20:31:48 ::1 GET /__browserLink/requestData/aeb509346cb04488a89b36b01b35c586 - 4721 - ::1 Mozilla/5.0+(Windows+NT+10.0;+Win64;+x64)+AppleWebKit/537.36+(KHTML,+like+Gecko)+Chrome/81.0.4044.122+Safari/537.36 http://localhost:4721/viewproperties.aspx 200 0 0 6
2020-05-06 20:31:52 ::1 GET /aboutus.aspx - 4721 - ::1 Mozilla/5.0+(Windows+NT+10.0;+Win64;+x64)+AppleWebKit/537.36+(KHTML,+like+Gecko)+Chrome/81.0.4044.122+Safari/537.36 http://localhost:4721/viewproperties.aspx 200 0 0 23
2020-05-06 20:31:52 ::1 GET /TUT.jpg - 4721 - ::1 Mozilla/5.0+(Windows+NT+10.0;+Win64;+x64)+AppleWebKit/537.36+(KHTML,+like+Gecko)+Chrome/81.0.4044.122+Safari/537.36 http://localhost:4721/aboutus.aspx 404 0 2 2
2020-05-06 20:31:52 ::1 GET /__browserLink/requestData/9ad140884fd543f9b7a4dd7f76bc75b9 - 4721 - ::1 Mozilla/5.0+(Windows+NT+10.0;+Win64;+x64)+AppleWebKit/537.36+(KHTML,+like+Gecko)+Chrome/81.0.4044.122+Safari/537.36 http://localhost:4721/aboutus.aspx 200 0 0 4
2020-05-06 20:32:03 ::1 POST /aboutus.aspx - 4721 - ::1 Mozilla/5.0+(Windows+NT+10.0;+Win64;+x64)+AppleWebKit/537.36+(KHTML,+like+Gecko)+Chrome/81.0.4044.122+Safari/537.36 http://localhost:4721/aboutus.aspx 302 0 0 3
2020-05-06 20:32:03 ::1 GET /viewproperties.aspx - 4721 - ::1 Mozilla/5.0+(Windows+NT+10.0;+Win64;+x64)+AppleWebKit/537.36+(KHTML,+like+Gecko)+Chrome/81.0.4044.122+Safari/537.36 http://localhost:4721/aboutus.aspx 200 0 0 11
2020-05-06 20:32:04 ::1 GET /__browserLink/requestData/bf58fe1bc83b43b4be20edcfd4d1e9b2 - 4721 - ::1 Mozilla/5.0+(Windows+NT+10.0;+Win64;+x64)+AppleWebKit/537.36+(KHTML,+like+Gecko)+Chrome/81.0.4044.122+Safari/537.36 http://localhost:4721/viewproperties.aspx 200 0 0 6
2020-05-06 20:34:57 ::1 GET /viewproperties.aspx - 4721 - ::1 Mozilla/5.0+(Windows+NT+10.0;+Win64;+x64)+AppleWebKit/537.36+(KHTML,+like+Gecko)+Chrome/81.0.4044.122+Safari/537.36 http://localhost:4721/viewproperties.aspx 200 0 0 1470
2020-05-06 20:34:57 ::1 GET /__browserLink/requestData/b9be68538e2042e0be047f55d7c9eeff - 4721 - ::1 Mozilla/5.0+(Windows+NT+10.0;+Win64;+x64)+AppleWebKit/537.36+(KHTML,+like+Gecko)+Chrome/81.0.4044.122+Safari/537.36 http://localhost:4721/viewproperties.aspx 200 0 0 16
2020-05-06 20:35:05 ::1 GET /aboutus.aspx - 4721 - ::1 Mozilla/5.0+(Windows+NT+10.0;+Win64;+x64)+AppleWebKit/537.36+(KHTML,+like+Gecko)+Chrome/81.0.4044.122+Safari/537.36 http://localhost:4721/viewproperties.aspx 200 0 0 26
2020-05-06 20:35:05 ::1 GET /imgs/TUT.jpg - 4721 - ::1 Mozilla/5.0+(Windows+NT+10.0;+Win64;+x64)+AppleWebKit/537.36+(KHTML,+like+Gecko)+Chrome/81.0.4044.122+Safari/537.36 http://localhost:4721/aboutus.aspx 200 0 0 19
2020-05-06 20:35:06 ::1 GET /__browserLink/requestData/e4208a5fe1a8406bb84543884d2a6841 - 4721 - ::1 Mozilla/5.0+(Windows+NT+10.0;+Win64;+x64)+AppleWebKit/537.36+(KHTML,+like+Gecko)+Chrome/81.0.4044.122+Safari/537.36 http://localhost:4721/aboutus.aspx 200 0 0 5
2020-05-06 20:37:19 ::1 GET /aboutus.aspx - 4721 - ::1 Mozilla/5.0+(Windows+NT+10.0;+Win64;+x64)+AppleWebKit/537.36+(KHTML,+like+Gecko)+Chrome/81.0.4044.122+Safari/537.36 http://localhost:4721/aboutus.aspx 200 0 0 1544
2020-05-06 20:37:20 ::1 GET /__browserLink/requestData/0203d34027be409a83399e3c8064b454 - 4721 - ::1 Mozilla/5.0+(Windows+NT+10.0;+Win64;+x64)+AppleWebKit/537.36+(KHTML,+like+Gecko)+Chrome/81.0.4044.122+Safari/537.36 http://localhost:4721/aboutus.aspx 200 0 0 4
2020-05-06 20:37:31 ::1 POST /aboutus.aspx - 4721 - ::1 Mozilla/5.0+(Windows+NT+10.0;+Win64;+x64)+AppleWebKit/537.36+(KHTML,+like+Gecko)+Chrome/81.0.4044.122+Safari/537.36 http://localhost:4721/aboutus.aspx 302 0 0 5
2020-05-06 20:37:31 ::1 GET /viewproperties.aspx - 4721 - ::1 Mozilla/5.0+(Windows+NT+10.0;+Win64;+x64)+AppleWebKit/537.36+(KHTML,+like+Gecko)+Chrome/81.0.4044.122+Safari/537.36 http://localhost:4721/aboutus.aspx 200 0 0 35
2020-05-06 20:37:31 ::1 GET /Datatables/images/sort_both.png - 4721 - ::1 Mozilla/5.0+(Windows+NT+10.0;+Win64;+x64)+AppleWebKit/537.36+(KHTML,+like+Gecko)+Chrome/81.0.4044.122+Safari/537.36 http://localhost:4721/Datatables/CSS/jquery.dataTables.min.css 404 0 2 2
2020-05-06 20:37:31 ::1 GET /Datatables/images/sort_asc.png - 4721 - ::1 Mozilla/5.0+(Windows+NT+10.0;+Win64;+x64)+AppleWebKit/537.36+(KHTML,+like+Gecko)+Chrome/81.0.4044.122+Safari/537.36 http://localhost:4721/Datatables/CSS/jquery.dataTables.min.css 404 0 2 2
2020-05-06 20:37:32 ::1 GET /__browserLink/requestData/b4be9749d3d145ea9ab2a86a59fa1376 - 4721 - ::1 Mozilla/5.0+(Windows+NT+10.0;+Win64;+x64)+AppleWebKit/537.36+(KHTML,+like+Gecko)+Chrome/81.0.4044.122+Safari/537.36 http://localhost:4721/viewproperties.aspx 200 0 0 6
2020-05-06 20:42:32 ::1 GET /52632f74cec9454d8e952e33aeb39fbb/arterySignalR/ping requestUrl=http%3A%2F%2Flocalhost%3A4721%2Fviewproperties.aspx&browserName=Chrome&_=1588797752500 4721 - ::1 Mozilla/5.0+(Windows+NT+10.0;+Win64;+x64)+AppleWebKit/537.36+(KHTML,+like+Gecko)+Chrome/81.0.4044.122+Safari/537.36 http://localhost:4721/viewproperties.aspx 404 0 2 7
2020-05-06 20:47:32 ::1 GET /52632f74cec9454d8e952e33aeb39fbb/arterySignalR/ping requestUrl=http%3A%2F%2Flocalhost%3A4721%2Fviewproperties.aspx&browserName=Chrome&_=1588798052491 4721 - ::1 Mozilla/5.0+(Windows+NT+10.0;+Win64;+x64)+AppleWebKit/537.36+(KHTML,+like+Gecko)+Chrome/81.0.4044.122+Safari/537.36 http://localhost:4721/viewproperties.aspx 404 0 2 65
2020-05-06 20:52:32 ::1 GET /52632f74cec9454d8e952e33aeb39fbb/arterySignalR/ping requestUrl=http%3A%2F%2Flocalhost%3A4721%2Fviewproperties.aspx&browserName=Chrome&_=1588798352486 4721 - ::1 Mozilla/5.0+(Windows+NT+10.0;+Win64;+x64)+AppleWebKit/537.36+(KHTML,+like+Gecko)+Chrome/81.0.4044.122+Safari/537.36 http://localhost:4721/viewproperties.aspx 404 0 2 10
2020-05-06 20:57:32 ::1 GET /52632f74cec9454d8e952e33aeb39fbb/arterySignalR/ping requestUrl=http%3A%2F%2Flocalhost%3A4721%2Fviewproperties.aspx&browserName=Chrome&_=1588798652490 4721 - ::1 Mozilla/5.0+(Windows+NT+10.0;+Win64;+x64)+AppleWebKit/537.36+(KHTML,+like+Gecko)+Chrome/81.0.4044.122+Safari/537.36 http://localhost:4721/viewproperties.aspx 404 0 2 11
2020-05-06 21:02:32 ::1 GET /52632f74cec9454d8e952e33aeb39fbb/arterySignalR/ping requestUrl=http%3A%2F%2Flocalhost%3A4721%2Fviewproperties.aspx&browserName=Chrome&_=1588798952484 4721 - ::1 Mozilla/5.0+(Windows+NT+10.0;+Win64;+x64)+AppleWebKit/537.36+(KHTML,+like+Gecko)+Chrome/81.0.4044.122+Safari/537.36 http://localhost:4721/viewproperties.aspx 404 0 2 154
