#Software: Microsoft Internet Information Services 8.0
#Version: 1.0
#Date: 2020-06-27 17:28:25
#Fields: date time s-ip cs-method cs-uri-stem cs-uri-query s-port cs-username c-ip cs(User-Agent) cs(Referer) sc-status sc-substatus sc-win32-status time-taken
2020-06-27 17:28:25 ::1 GET /homepage.aspx - 4721 - ::1 Mozilla/5.0+(Windows+NT+10.0;+Win64;+x64)+AppleWebKit/537.36+(KHTML,+like+Gecko)+Chrome/83.0.4103.97+Safari/537.36 - 200 0 0 20665
2020-06-27 17:28:47 ::1 GET /__browserLink/requestData/934a94d0ee1046f78d2889a25fbe9079 - 4721 - ::1 Mozilla/5.0+(Windows+NT+10.0;+Win64;+x64)+AppleWebKit/537.36+(KHTML,+like+Gecko)+Chrome/83.0.4103.97+Safari/537.36 http://localhost:4721/homepage.aspx 200 0 0 139
2020-06-27 17:29:10 ::1 POST /homepage.aspx - 4721 - ::1 Mozilla/5.0+(Windows+NT+10.0;+Win64;+x64)+AppleWebKit/537.36+(KHTML,+like+Gecko)+Chrome/83.0.4103.97+Safari/537.36 http://localhost:4721/homepage.aspx 302 0 0 226
2020-06-27 17:29:13 ::1 GET /viewproperties.aspx - 4721 - ::1 Mozilla/5.0+(Windows+NT+10.0;+Win64;+x64)+AppleWebKit/537.36+(KHTML,+like+Gecko)+Chrome/83.0.4103.97+Safari/537.36 http://localhost:4721/homepage.aspx 200 0 0 2430
2020-06-27 17:29:13 ::1 GET /examples/example4.jpeg - 4721 - ::1 Mozilla/5.0+(Windows+NT+10.0;+Win64;+x64)+AppleWebKit/537.36+(KHTML,+like+Gecko)+Chrome/83.0.4103.97+Safari/537.36 http://localhost:4721/viewproperties.aspx 200 0 0 109
2020-06-27 17:29:13 ::1 GET /imgs/example4.jpeg - 4721 - ::1 Mozilla/5.0+(Windows+NT+10.0;+Win64;+x64)+AppleWebKit/537.36+(KHTML,+like+Gecko)+Chrome/83.0.4103.97+Safari/537.36 http://localhost:4721/viewproperties.aspx 200 0 0 146
2020-06-27 17:29:14 ::1 GET /Datatables/images/sort_both.png - 4721 - ::1 Mozilla/5.0+(Windows+NT+10.0;+Win64;+x64)+AppleWebKit/537.36+(KHTML,+like+Gecko)+Chrome/83.0.4103.97+Safari/537.36 http://localhost:4721/Datatables/CSS/jquery.dataTables.min.css 404 0 2 45
2020-06-27 17:29:14 ::1 GET /Datatables/images/sort_asc.png - 4721 - ::1 Mozilla/5.0+(Windows+NT+10.0;+Win64;+x64)+AppleWebKit/537.36+(KHTML,+like+Gecko)+Chrome/83.0.4103.97+Safari/537.36 http://localhost:4721/Datatables/CSS/jquery.dataTables.min.css 404 0 2 4
2020-06-27 17:29:17 ::1 GET /__browserLink/requestData/b5817c31a6db45a59a0fe99df8282dfd - 4721 - ::1 Mozilla/5.0+(Windows+NT+10.0;+Win64;+x64)+AppleWebKit/537.36+(KHTML,+like+Gecko)+Chrome/83.0.4103.97+Safari/537.36 http://localhost:4721/viewproperties.aspx 200 0 0 20
2020-06-27 17:29:47 ::1 POST /viewproperties.aspx - 4721 - ::1 Mozilla/5.0+(Windows+NT+10.0;+Win64;+x64)+AppleWebKit/537.36+(KHTML,+like+Gecko)+Chrome/83.0.4103.97+Safari/537.36 http://localhost:4721/viewproperties.aspx 302 0 0 220
2020-06-27 17:29:47 ::1 GET /usersingup.aspx - 4721 - ::1 Mozilla/5.0+(Windows+NT+10.0;+Win64;+x64)+AppleWebKit/537.36+(KHTML,+like+Gecko)+Chrome/83.0.4103.97+Safari/537.36 http://localhost:4721/viewproperties.aspx 200 0 0 109
2020-06-27 17:29:50 ::1 GET /__browserLink/requestData/46ba2f322bc4478581e2dcb5f2a85122 - 4721 - ::1 Mozilla/5.0+(Windows+NT+10.0;+Win64;+x64)+AppleWebKit/537.36+(KHTML,+like+Gecko)+Chrome/83.0.4103.97+Safari/537.36 http://localhost:4721/usersingup.aspx 200 0 0 14
2020-06-27 17:30:07 ::1 POST /usersingup.aspx - 4721 - ::1 Mozilla/5.0+(Windows+NT+10.0;+Win64;+x64)+AppleWebKit/537.36+(KHTML,+like+Gecko)+Chrome/83.0.4103.97+Safari/537.36 http://localhost:4721/usersingup.aspx 302 0 0 11
2020-06-27 17:30:07 ::1 GET /userlogin.aspx - 4721 - ::1 Mozilla/5.0+(Windows+NT+10.0;+Win64;+x64)+AppleWebKit/537.36+(KHTML,+like+Gecko)+Chrome/83.0.4103.97+Safari/537.36 http://localhost:4721/usersingup.aspx 200 0 0 119
2020-06-27 17:30:08 ::1 GET /__browserLink/requestData/961794a1042a43ecb49468aa8cfc45a2 - 4721 - ::1 Mozilla/5.0+(Windows+NT+10.0;+Win64;+x64)+AppleWebKit/537.36+(KHTML,+like+Gecko)+Chrome/83.0.4103.97+Safari/537.36 http://localhost:4721/userlogin.aspx 200 0 0 5
2020-06-27 17:30:24 ::1 POST /userlogin.aspx - 4721 - ::1 Mozilla/5.0+(Windows+NT+10.0;+Win64;+x64)+AppleWebKit/537.36+(KHTML,+like+Gecko)+Chrome/83.0.4103.97+Safari/537.36 http://localhost:4721/userlogin.aspx 302 0 0 1920
2020-06-27 17:30:24 ::1 GET /homepage.aspx - 4721 - ::1 Mozilla/5.0+(Windows+NT+10.0;+Win64;+x64)+AppleWebKit/537.36+(KHTML,+like+Gecko)+Chrome/83.0.4103.97+Safari/537.36 http://localhost:4721/userlogin.aspx 200 0 0 15
2020-06-27 17:30:26 ::1 GET /__browserLink/requestData/17c87c3b021c406e8d9444f69ff60fb5 - 4721 - ::1 Mozilla/5.0+(Windows+NT+10.0;+Win64;+x64)+AppleWebKit/537.36+(KHTML,+like+Gecko)+Chrome/83.0.4103.97+Safari/537.36 http://localhost:4721/homepage.aspx 200 0 0 5
2020-06-27 17:30:34 ::1 POST /homepage.aspx - 4721 - ::1 Mozilla/5.0+(Windows+NT+10.0;+Win64;+x64)+AppleWebKit/537.36+(KHTML,+like+Gecko)+Chrome/83.0.4103.97+Safari/537.36 http://localhost:4721/homepage.aspx 302 0 0 12
2020-06-27 17:30:34 ::1 GET /registerproperty.aspx - 4721 - ::1 Mozilla/5.0+(Windows+NT+10.0;+Win64;+x64)+AppleWebKit/537.36+(KHTML,+like+Gecko)+Chrome/83.0.4103.97+Safari/537.36 http://localhost:4721/homepage.aspx 200 0 0 75
2020-06-27 17:30:35 ::1 GET /examples/room.png - 4721 - ::1 Mozilla/5.0+(Windows+NT+10.0;+Win64;+x64)+AppleWebKit/537.36+(KHTML,+like+Gecko)+Chrome/83.0.4103.97+Safari/537.36 http://localhost:4721/registerproperty.aspx 404 0 2 4
2020-06-27 17:30:37 ::1 GET /__browserLink/requestData/85cd03f59ca54c5dbea513fd9a44cc96 - 4721 - ::1 Mozilla/5.0+(Windows+NT+10.0;+Win64;+x64)+AppleWebKit/537.36+(KHTML,+like+Gecko)+Chrome/83.0.4103.97+Safari/537.36 http://localhost:4721/registerproperty.aspx 200 0 0 5
2020-06-27 17:31:58 ::1 POST /registerproperty.aspx - 4721 - ::1 Mozilla/5.0+(Windows+NT+10.0;+Win64;+x64)+AppleWebKit/537.36+(KHTML,+like+Gecko)+Chrome/83.0.4103.97+Safari/537.36 http://localhost:4721/registerproperty.aspx 200 0 0 1392
2020-06-27 17:32:01 ::1 GET /examples/room.png - 4721 - ::1 Mozilla/5.0+(Windows+NT+10.0;+Win64;+x64)+AppleWebKit/537.36+(KHTML,+like+Gecko)+Chrome/83.0.4103.97+Safari/537.36 http://localhost:4721/registerproperty.aspx 404 0 2 5
2020-06-27 17:32:04 ::1 GET /__browserLink/requestData/0171410270944402b0b774b9f7b1b869 - 4721 - ::1 Mozilla/5.0+(Windows+NT+10.0;+Win64;+x64)+AppleWebKit/537.36+(KHTML,+like+Gecko)+Chrome/83.0.4103.97+Safari/537.36 http://localhost:4721/registerproperty.aspx 200 0 0 14
2020-06-27 17:32:07 ::1 POST /registerproperty.aspx - 4721 - ::1 Mozilla/5.0+(Windows+NT+10.0;+Win64;+x64)+AppleWebKit/537.36+(KHTML,+like+Gecko)+Chrome/83.0.4103.97+Safari/537.36 http://localhost:4721/registerproperty.aspx 302 0 0 10
2020-06-27 17:32:07 ::1 GET /homepage.aspx - 4721 - ::1 Mozilla/5.0+(Windows+NT+10.0;+Win64;+x64)+AppleWebKit/537.36+(KHTML,+like+Gecko)+Chrome/83.0.4103.97+Safari/537.36 http://localhost:4721/registerproperty.aspx 200 0 0 10
2020-06-27 17:32:10 ::1 GET /__browserLink/requestData/a1fa96d4d79e4ba18fe678e7e2d520db - 4721 - ::1 Mozilla/5.0+(Windows+NT+10.0;+Win64;+x64)+AppleWebKit/537.36+(KHTML,+like+Gecko)+Chrome/83.0.4103.97+Safari/537.36 http://localhost:4721/homepage.aspx 200 0 0 10
2020-06-27 17:32:13 ::1 POST /homepage.aspx - 4721 - ::1 Mozilla/5.0+(Windows+NT+10.0;+Win64;+x64)+AppleWebKit/537.36+(KHTML,+like+Gecko)+Chrome/83.0.4103.97+Safari/537.36 http://localhost:4721/homepage.aspx 302 0 0 4
2020-06-27 17:32:13 ::1 GET /viewproperties.aspx - 4721 - ::1 Mozilla/5.0+(Windows+NT+10.0;+Win64;+x64)+AppleWebKit/537.36+(KHTML,+like+Gecko)+Chrome/83.0.4103.97+Safari/537.36 http://localhost:4721/homepage.aspx 200 0 0 14
2020-06-27 17:32:13 ::1 GET /Datatables/images/sort_both.png - 4721 - ::1 Mozilla/5.0+(Windows+NT+10.0;+Win64;+x64)+AppleWebKit/537.36+(KHTML,+like+Gecko)+Chrome/83.0.4103.97+Safari/537.36 http://localhost:4721/Datatables/CSS/jquery.dataTables.min.css 404 0 2 2
2020-06-27 17:32:13 ::1 GET /examples/example+3.jpg - 4721 - ::1 Mozilla/5.0+(Windows+NT+10.0;+Win64;+x64)+AppleWebKit/537.36+(KHTML,+like+Gecko)+Chrome/83.0.4103.97+Safari/537.36 http://localhost:4721/viewproperties.aspx 200 0 0 137
2020-06-27 17:32:13 ::1 GET /Datatables/images/sort_asc.png - 4721 - ::1 Mozilla/5.0+(Windows+NT+10.0;+Win64;+x64)+AppleWebKit/537.36+(KHTML,+like+Gecko)+Chrome/83.0.4103.97+Safari/537.36 http://localhost:4721/Datatables/CSS/jquery.dataTables.min.css 404 0 2 4
2020-06-27 17:32:15 ::1 GET /__browserLink/requestData/77591c3085d64fd692a7f0476774f30e - 4721 - ::1 Mozilla/5.0+(Windows+NT+10.0;+Win64;+x64)+AppleWebKit/537.36+(KHTML,+like+Gecko)+Chrome/83.0.4103.97+Safari/537.36 http://localhost:4721/viewproperties.aspx 200 0 0 10
2020-06-27 17:37:15 ::1 GET /bdc65d2fe1254f0fa82c6573a9e80cc3/arterySignalR/ping requestUrl=http%3A%2F%2Flocalhost%3A4721%2Fviewproperties.aspx&browserName=Chrome&_=1593279435447 4721 - ::1 Mozilla/5.0+(Windows+NT+10.0;+Win64;+x64)+AppleWebKit/537.36+(KHTML,+like+Gecko)+Chrome/83.0.4103.97+Safari/537.36 http://localhost:4721/viewproperties.aspx 404 0 2 123
2020-06-27 17:42:15 ::1 GET /bdc65d2fe1254f0fa82c6573a9e80cc3/arterySignalR/ping requestUrl=http%3A%2F%2Flocalhost%3A4721%2Fviewproperties.aspx&browserName=Chrome&_=1593279735436 4721 - ::1 Mozilla/5.0+(Windows+NT+10.0;+Win64;+x64)+AppleWebKit/537.36+(KHTML,+like+Gecko)+Chrome/83.0.4103.97+Safari/537.36 http://localhost:4721/viewproperties.aspx 404 0 2 11
2020-06-27 17:47:15 ::1 GET /bdc65d2fe1254f0fa82c6573a9e80cc3/arterySignalR/ping requestUrl=http%3A%2F%2Flocalhost%3A4721%2Fviewproperties.aspx&browserName=Chrome&_=1593280035439 4721 - ::1 Mozilla/5.0+(Windows+NT+10.0;+Win64;+x64)+AppleWebKit/537.36+(KHTML,+like+Gecko)+Chrome/83.0.4103.97+Safari/537.36 http://localhost:4721/viewproperties.aspx 404 0 2 12
2020-06-27 17:52:15 ::1 GET /bdc65d2fe1254f0fa82c6573a9e80cc3/arterySignalR/ping requestUrl=http%3A%2F%2Flocalhost%3A4721%2Fviewproperties.aspx&browserName=Chrome&_=1593280335434 4721 - ::1 Mozilla/5.0+(Windows+NT+10.0;+Win64;+x64)+AppleWebKit/537.36+(KHTML,+like+Gecko)+Chrome/83.0.4103.97+Safari/537.36 http://localhost:4721/viewproperties.aspx 404 0 2 11
2020-06-27 17:57:15 ::1 GET /bdc65d2fe1254f0fa82c6573a9e80cc3/arterySignalR/ping requestUrl=http%3A%2F%2Flocalhost%3A4721%2Fviewproperties.aspx&browserName=Chrome&_=1593280635432 4721 - ::1 Mozilla/5.0+(Windows+NT+10.0;+Win64;+x64)+AppleWebKit/537.36+(KHTML,+like+Gecko)+Chrome/83.0.4103.97+Safari/537.36 http://localhost:4721/viewproperties.aspx 404 0 2 12
2020-06-27 18:02:15 ::1 GET /bdc65d2fe1254f0fa82c6573a9e80cc3/arterySignalR/ping requestUrl=http%3A%2F%2Flocalhost%3A4721%2Fviewproperties.aspx&browserName=Chrome&_=1593280935435 4721 - ::1 Mozilla/5.0+(Windows+NT+10.0;+Win64;+x64)+AppleWebKit/537.36+(KHTML,+like+Gecko)+Chrome/83.0.4103.97+Safari/537.36 http://localhost:4721/viewproperties.aspx 404 0 2 12
2020-06-27 18:07:15 ::1 GET /bdc65d2fe1254f0fa82c6573a9e80cc3/arterySignalR/ping requestUrl=http%3A%2F%2Flocalhost%3A4721%2Fviewproperties.aspx&browserName=Chrome&_=1593281235431 4721 - ::1 Mozilla/5.0+(Windows+NT+10.0;+Win64;+x64)+AppleWebKit/537.36+(KHTML,+like+Gecko)+Chrome/83.0.4103.97+Safari/537.36 http://localhost:4721/viewproperties.aspx 404 0 2 11
2020-06-27 18:12:15 ::1 GET /bdc65d2fe1254f0fa82c6573a9e80cc3/arterySignalR/ping requestUrl=http%3A%2F%2Flocalhost%3A4721%2Fviewproperties.aspx&browserName=Chrome&_=1593281535436 4721 - ::1 Mozilla/5.0+(Windows+NT+10.0;+Win64;+x64)+AppleWebKit/537.36+(KHTML,+like+Gecko)+Chrome/83.0.4103.97+Safari/537.36 http://localhost:4721/viewproperties.aspx 404 0 2 12
2020-06-27 18:17:15 ::1 GET /bdc65d2fe1254f0fa82c6573a9e80cc3/arterySignalR/ping requestUrl=http%3A%2F%2Flocalhost%3A4721%2Fviewproperties.aspx&browserName=Chrome&_=1593281835435 4721 - ::1 Mozilla/5.0+(Windows+NT+10.0;+Win64;+x64)+AppleWebKit/537.36+(KHTML,+like+Gecko)+Chrome/83.0.4103.97+Safari/537.36 http://localhost:4721/viewproperties.aspx 404 0 2 12
2020-06-27 18:22:15 ::1 GET /bdc65d2fe1254f0fa82c6573a9e80cc3/arterySignalR/ping requestUrl=http%3A%2F%2Flocalhost%3A4721%2Fviewproperties.aspx&browserName=Chrome&_=1593282135433 4721 - ::1 Mozilla/5.0+(Windows+NT+10.0;+Win64;+x64)+AppleWebKit/537.36+(KHTML,+like+Gecko)+Chrome/83.0.4103.97+Safari/537.36 http://localhost:4721/viewproperties.aspx 404 0 2 11
2020-06-27 18:27:15 ::1 GET /bdc65d2fe1254f0fa82c6573a9e80cc3/arterySignalR/ping requestUrl=http%3A%2F%2Flocalhost%3A4721%2Fviewproperties.aspx&browserName=Chrome&_=1593282435432 4721 - ::1 Mozilla/5.0+(Windows+NT+10.0;+Win64;+x64)+AppleWebKit/537.36+(KHTML,+like+Gecko)+Chrome/83.0.4103.97+Safari/537.36 http://localhost:4721/viewproperties.aspx 404 0 2 11
2020-06-27 18:32:15 ::1 GET /bdc65d2fe1254f0fa82c6573a9e80cc3/arterySignalR/ping requestUrl=http%3A%2F%2Flocalhost%3A4721%2Fviewproperties.aspx&browserName=Chrome&_=1593282735433 4721 - ::1 Mozilla/5.0+(Windows+NT+10.0;+Win64;+x64)+AppleWebKit/537.36+(KHTML,+like+Gecko)+Chrome/83.0.4103.97+Safari/537.36 http://localhost:4721/viewproperties.aspx 404 0 2 12
2020-06-27 18:37:15 ::1 GET /bdc65d2fe1254f0fa82c6573a9e80cc3/arterySignalR/ping requestUrl=http%3A%2F%2Flocalhost%3A4721%2Fviewproperties.aspx&browserName=Chrome&_=1593283035442 4721 - ::1 Mozilla/5.0+(Windows+NT+10.0;+Win64;+x64)+AppleWebKit/537.36+(KHTML,+like+Gecko)+Chrome/83.0.4103.97+Safari/537.36 http://localhost:4721/viewproperties.aspx 404 0 2 13
2020-06-27 18:42:15 ::1 GET /bdc65d2fe1254f0fa82c6573a9e80cc3/arterySignalR/ping requestUrl=http%3A%2F%2Flocalhost%3A4721%2Fviewproperties.aspx&browserName=Chrome&_=1593283335432 4721 - ::1 Mozilla/5.0+(Windows+NT+10.0;+Win64;+x64)+AppleWebKit/537.36+(KHTML,+like+Gecko)+Chrome/83.0.4103.97+Safari/537.36 http://localhost:4721/viewproperties.aspx 404 0 2 15
2020-06-27 18:47:15 ::1 GET /bdc65d2fe1254f0fa82c6573a9e80cc3/arterySignalR/ping requestUrl=http%3A%2F%2Flocalhost%3A4721%2Fviewproperties.aspx&browserName=Chrome&_=1593283635438 4721 - ::1 Mozilla/5.0+(Windows+NT+10.0;+Win64;+x64)+AppleWebKit/537.36+(KHTML,+like+Gecko)+Chrome/83.0.4103.97+Safari/537.36 http://localhost:4721/viewproperties.aspx 404 0 2 10
2020-06-27 18:52:15 ::1 GET /bdc65d2fe1254f0fa82c6573a9e80cc3/arterySignalR/ping requestUrl=http%3A%2F%2Flocalhost%3A4721%2Fviewproperties.aspx&browserName=Chrome&_=1593283935434 4721 - ::1 Mozilla/5.0+(Windows+NT+10.0;+Win64;+x64)+AppleWebKit/537.36+(KHTML,+like+Gecko)+Chrome/83.0.4103.97+Safari/537.36 http://localhost:4721/viewproperties.aspx 404 0 2 12
2020-06-27 18:57:15 ::1 GET /bdc65d2fe1254f0fa82c6573a9e80cc3/arterySignalR/ping requestUrl=http%3A%2F%2Flocalhost%3A4721%2Fviewproperties.aspx&browserName=Chrome&_=1593284235430 4721 - ::1 Mozilla/5.0+(Windows+NT+10.0;+Win64;+x64)+AppleWebKit/537.36+(KHTML,+like+Gecko)+Chrome/83.0.4103.97+Safari/537.36 http://localhost:4721/viewproperties.aspx 404 0 2 12
2020-06-27 19:02:15 ::1 GET /bdc65d2fe1254f0fa82c6573a9e80cc3/arterySignalR/ping requestUrl=http%3A%2F%2Flocalhost%3A4721%2Fviewproperties.aspx&browserName=Chrome&_=1593284535435 4721 - ::1 Mozilla/5.0+(Windows+NT+10.0;+Win64;+x64)+AppleWebKit/537.36+(KHTML,+like+Gecko)+Chrome/83.0.4103.97+Safari/537.36 http://localhost:4721/viewproperties.aspx 404 0 2 11
2020-06-27 19:07:15 ::1 GET /bdc65d2fe1254f0fa82c6573a9e80cc3/arterySignalR/ping requestUrl=http%3A%2F%2Flocalhost%3A4721%2Fviewproperties.aspx&browserName=Chrome&_=1593284835436 4721 - ::1 Mozilla/5.0+(Windows+NT+10.0;+Win64;+x64)+AppleWebKit/537.36+(KHTML,+like+Gecko)+Chrome/83.0.4103.97+Safari/537.36 http://localhost:4721/viewproperties.aspx 404 0 2 12
2020-06-27 19:12:15 ::1 GET /bdc65d2fe1254f0fa82c6573a9e80cc3/arterySignalR/ping requestUrl=http%3A%2F%2Flocalhost%3A4721%2Fviewproperties.aspx&browserName=Chrome&_=1593285135432 4721 - ::1 Mozilla/5.0+(Windows+NT+10.0;+Win64;+x64)+AppleWebKit/537.36+(KHTML,+like+Gecko)+Chrome/83.0.4103.97+Safari/537.36 http://localhost:4721/viewproperties.aspx 404 0 2 10
2020-06-27 19:17:15 ::1 GET /bdc65d2fe1254f0fa82c6573a9e80cc3/arterySignalR/ping requestUrl=http%3A%2F%2Flocalhost%3A4721%2Fviewproperties.aspx&browserName=Chrome&_=1593285435437 4721 - ::1 Mozilla/5.0+(Windows+NT+10.0;+Win64;+x64)+AppleWebKit/537.36+(KHTML,+like+Gecko)+Chrome/83.0.4103.97+Safari/537.36 http://localhost:4721/viewproperties.aspx 404 0 2 8
2020-06-27 19:22:15 ::1 GET /bdc65d2fe1254f0fa82c6573a9e80cc3/arterySignalR/ping requestUrl=http%3A%2F%2Flocalhost%3A4721%2Fviewproperties.aspx&browserName=Chrome&_=1593285735438 4721 - ::1 Mozilla/5.0+(Windows+NT+10.0;+Win64;+x64)+AppleWebKit/537.36+(KHTML,+like+Gecko)+Chrome/83.0.4103.97+Safari/537.36 http://localhost:4721/viewproperties.aspx 404 0 2 10
2020-06-27 19:27:15 ::1 GET /bdc65d2fe1254f0fa82c6573a9e80cc3/arterySignalR/ping requestUrl=http%3A%2F%2Flocalhost%3A4721%2Fviewproperties.aspx&browserName=Chrome&_=1593286035433 4721 - ::1 Mozilla/5.0+(Windows+NT+10.0;+Win64;+x64)+AppleWebKit/537.36+(KHTML,+like+Gecko)+Chrome/83.0.4103.97+Safari/537.36 http://localhost:4721/viewproperties.aspx 404 0 2 10
2020-06-27 19:32:15 ::1 GET /bdc65d2fe1254f0fa82c6573a9e80cc3/arterySignalR/ping requestUrl=http%3A%2F%2Flocalhost%3A4721%2Fviewproperties.aspx&browserName=Chrome&_=1593286335434 4721 - ::1 Mozilla/5.0+(Windows+NT+10.0;+Win64;+x64)+AppleWebKit/537.36+(KHTML,+like+Gecko)+Chrome/83.0.4103.97+Safari/537.36 http://localhost:4721/viewproperties.aspx 404 0 2 11
2020-06-27 19:37:15 ::1 GET /bdc65d2fe1254f0fa82c6573a9e80cc3/arterySignalR/ping requestUrl=http%3A%2F%2Flocalhost%3A4721%2Fviewproperties.aspx&browserName=Chrome&_=1593286635433 4721 - ::1 Mozilla/5.0+(Windows+NT+10.0;+Win64;+x64)+AppleWebKit/537.36+(KHTML,+like+Gecko)+Chrome/83.0.4103.97+Safari/537.36 http://localhost:4721/viewproperties.aspx 404 0 2 11
2020-06-27 19:42:15 ::1 GET /bdc65d2fe1254f0fa82c6573a9e80cc3/arterySignalR/ping requestUrl=http%3A%2F%2Flocalhost%3A4721%2Fviewproperties.aspx&browserName=Chrome&_=1593286935437 4721 - ::1 Mozilla/5.0+(Windows+NT+10.0;+Win64;+x64)+AppleWebKit/537.36+(KHTML,+like+Gecko)+Chrome/83.0.4103.97+Safari/537.36 http://localhost:4721/viewproperties.aspx 404 0 2 10
2020-06-27 19:47:15 ::1 GET /bdc65d2fe1254f0fa82c6573a9e80cc3/arterySignalR/ping requestUrl=http%3A%2F%2Flocalhost%3A4721%2Fviewproperties.aspx&browserName=Chrome&_=1593287235433 4721 - ::1 Mozilla/5.0+(Windows+NT+10.0;+Win64;+x64)+AppleWebKit/537.36+(KHTML,+like+Gecko)+Chrome/83.0.4103.97+Safari/537.36 http://localhost:4721/viewproperties.aspx 404 0 2 13
2020-06-27 19:52:15 ::1 GET /bdc65d2fe1254f0fa82c6573a9e80cc3/arterySignalR/ping requestUrl=http%3A%2F%2Flocalhost%3A4721%2Fviewproperties.aspx&browserName=Chrome&_=1593287535432 4721 - ::1 Mozilla/5.0+(Windows+NT+10.0;+Win64;+x64)+AppleWebKit/537.36+(KHTML,+like+Gecko)+Chrome/83.0.4103.97+Safari/537.36 http://localhost:4721/viewproperties.aspx 404 0 2 11
2020-06-27 19:57:15 ::1 GET /bdc65d2fe1254f0fa82c6573a9e80cc3/arterySignalR/ping requestUrl=http%3A%2F%2Flocalhost%3A4721%2Fviewproperties.aspx&browserName=Chrome&_=1593287835432 4721 - ::1 Mozilla/5.0+(Windows+NT+10.0;+Win64;+x64)+AppleWebKit/537.36+(KHTML,+like+Gecko)+Chrome/83.0.4103.97+Safari/537.36 http://localhost:4721/viewproperties.aspx 404 0 2 11
