#Software: Microsoft Internet Information Services 8.0
#Version: 1.0
#Date: 2020-06-21 20:32:29
#Fields: date time s-ip cs-method cs-uri-stem cs-uri-query s-port cs-username c-ip cs(User-Agent) cs(Referer) sc-status sc-substatus sc-win32-status time-taken
2020-06-21 20:32:29 ::1 GET /homepage.aspx - 4721 - ::1 Mozilla/5.0+(Windows+NT+10.0;+Win64;+x64)+AppleWebKit/537.36+(KHTML,+like+Gecko)+Chrome/83.0.4103.97+Safari/537.36 - 200 0 0 14778
2020-06-21 20:32:31 ::1 GET /Datatables/CSS/jquery.dataTables.min.css - 4721 - ::1 Mozilla/5.0+(Windows+NT+10.0;+Win64;+x64)+AppleWebKit/537.36+(KHTML,+like+Gecko)+Chrome/83.0.4103.97+Safari/537.36 http://localhost:4721/homepage.aspx 200 0 0 156
2020-06-21 20:32:31 ::1 GET /Fontawesome/css/all.css - 4721 - ::1 Mozilla/5.0+(Windows+NT+10.0;+Win64;+x64)+AppleWebKit/537.36+(KHTML,+like+Gecko)+Chrome/83.0.4103.97+Safari/537.36 http://localhost:4721/homepage.aspx 200 0 0 163
2020-06-21 20:32:31 ::1 GET /CSS/MYstyleSheet.css - 4721 - ::1 Mozilla/5.0+(Windows+NT+10.0;+Win64;+x64)+AppleWebKit/537.36+(KHTML,+like+Gecko)+Chrome/83.0.4103.97+Safari/537.36 http://localhost:4721/homepage.aspx 200 0 0 200
2020-06-21 20:32:31 ::1 GET /Bootstrap/CSS/bootstrap.min.css - 4721 - ::1 Mozilla/5.0+(Windows+NT+10.0;+Win64;+x64)+AppleWebKit/537.36+(KHTML,+like+Gecko)+Chrome/83.0.4103.97+Safari/537.36 http://localhost:4721/homepage.aspx 200 0 0 523
2020-06-21 20:32:31 ::1 GET /Bootstrap/JS/popper.min.js - 4721 - ::1 Mozilla/5.0+(Windows+NT+10.0;+Win64;+x64)+AppleWebKit/537.36+(KHTML,+like+Gecko)+Chrome/83.0.4103.97+Safari/537.36 http://localhost:4721/homepage.aspx 200 0 0 1032
2020-06-21 20:32:31 ::1 GET /Bootstrap/JS/bootstrap.min.js - 4721 - ::1 Mozilla/5.0+(Windows+NT+10.0;+Win64;+x64)+AppleWebKit/537.36+(KHTML,+like+Gecko)+Chrome/83.0.4103.97+Safari/537.36 http://localhost:4721/homepage.aspx 200 0 0 882
2020-06-21 20:32:31 ::1 GET /Bootstrap/JS/jquery-3.4.1.slim.min.js - 4721 - ::1 Mozilla/5.0+(Windows+NT+10.0;+Win64;+x64)+AppleWebKit/537.36+(KHTML,+like+Gecko)+Chrome/83.0.4103.97+Safari/537.36 http://localhost:4721/homepage.aspx 200 0 0 1060
2020-06-21 20:32:32 ::1 GET /Datatables/JS/jquery.dataTables.min.js - 4721 - ::1 Mozilla/5.0+(Windows+NT+10.0;+Win64;+x64)+AppleWebKit/537.36+(KHTML,+like+Gecko)+Chrome/83.0.4103.97+Safari/537.36 http://localhost:4721/homepage.aspx 200 0 0 1054
2020-06-21 20:32:32 ::1 GET /imgs/cartoon-house_6460-139.jpg - 4721 - ::1 Mozilla/5.0+(Windows+NT+10.0;+Win64;+x64)+AppleWebKit/537.36+(KHTML,+like+Gecko)+Chrome/83.0.4103.97+Safari/537.36 http://localhost:4721/homepage.aspx 200 0 0 75
2020-06-21 20:32:32 ::1 GET /imgs/Witbank-Mall.jpg - 4721 - ::1 Mozilla/5.0+(Windows+NT+10.0;+Win64;+x64)+AppleWebKit/537.36+(KHTML,+like+Gecko)+Chrome/83.0.4103.97+Safari/537.36 http://localhost:4721/homepage.aspx 200 0 0 17
2020-06-21 20:32:32 ::1 GET /imgs/search.png - 4721 - ::1 Mozilla/5.0+(Windows+NT+10.0;+Win64;+x64)+AppleWebKit/537.36+(KHTML,+like+Gecko)+Chrome/83.0.4103.97+Safari/537.36 http://localhost:4721/homepage.aspx 200 0 0 36
2020-06-21 20:32:32 ::1 GET /imgs/example+3.jpg - 4721 - ::1 Mozilla/5.0+(Windows+NT+10.0;+Win64;+x64)+AppleWebKit/537.36+(KHTML,+like+Gecko)+Chrome/83.0.4103.97+Safari/537.36 http://localhost:4721/homepage.aspx 200 0 0 111
2020-06-21 20:32:32 ::1 GET /imgs/header.jpg - 4721 - ::1 Mozilla/5.0+(Windows+NT+10.0;+Win64;+x64)+AppleWebKit/537.36+(KHTML,+like+Gecko)+Chrome/83.0.4103.97+Safari/537.36 http://localhost:4721/homepage.aspx 200 0 0 135
2020-06-21 20:32:32 ::1 GET /imgs/sing+up.png - 4721 - ::1 Mozilla/5.0+(Windows+NT+10.0;+Win64;+x64)+AppleWebKit/537.36+(KHTML,+like+Gecko)+Chrome/83.0.4103.97+Safari/537.36 http://localhost:4721/homepage.aspx 200 0 0 6
2020-06-21 20:32:32 ::1 GET /imgs/kitchen+Header.jpg - 4721 - ::1 Mozilla/5.0+(Windows+NT+10.0;+Win64;+x64)+AppleWebKit/537.36+(KHTML,+like+Gecko)+Chrome/83.0.4103.97+Safari/537.36 http://localhost:4721/homepage.aspx 200 0 0 42
2020-06-21 20:32:35 ::1 GET /favicon.ico - 4721 - ::1 Mozilla/5.0+(Windows+NT+10.0;+Win64;+x64)+AppleWebKit/537.36+(KHTML,+like+Gecko)+Chrome/83.0.4103.97+Safari/537.36 http://localhost:4721/homepage.aspx 404 0 2 103
2020-06-21 20:32:44 ::1 GET /__browserLink/requestData/3a19a36cbef941e0b30945a6bb0dda77 - 4721 - ::1 Mozilla/5.0+(Windows+NT+10.0;+Win64;+x64)+AppleWebKit/537.36+(KHTML,+like+Gecko)+Chrome/83.0.4103.97+Safari/537.36 http://localhost:4721/homepage.aspx 200 0 0 419
2020-06-21 20:32:44 ::1 POST /homepage.aspx - 4721 - ::1 Mozilla/5.0+(Windows+NT+10.0;+Win64;+x64)+AppleWebKit/537.36+(KHTML,+like+Gecko)+Chrome/83.0.4103.97+Safari/537.36 http://localhost:4721/homepage.aspx 302 0 0 267
2020-06-21 20:32:44 ::1 GET /userlogin.aspx - 4721 - ::1 Mozilla/5.0+(Windows+NT+10.0;+Win64;+x64)+AppleWebKit/537.36+(KHTML,+like+Gecko)+Chrome/83.0.4103.97+Safari/537.36 http://localhost:4721/homepage.aspx 200 0 0 48
2020-06-21 20:32:46 ::1 GET /imgs/generaluser.png - 4721 - ::1 Mozilla/5.0+(Windows+NT+10.0;+Win64;+x64)+AppleWebKit/537.36+(KHTML,+like+Gecko)+Chrome/83.0.4103.97+Safari/537.36 http://localhost:4721/userlogin.aspx 200 0 0 134
2020-06-21 20:32:47 ::1 GET /__browserLink/requestData/18e0fc61dfdf4fa3b83d7efd39b4a9e2 - 4721 - ::1 Mozilla/5.0+(Windows+NT+10.0;+Win64;+x64)+AppleWebKit/537.36+(KHTML,+like+Gecko)+Chrome/83.0.4103.97+Safari/537.36 http://localhost:4721/userlogin.aspx 200 0 0 4
2020-06-21 20:33:00 ::1 POST /userlogin.aspx - 4721 - ::1 Mozilla/5.0+(Windows+NT+10.0;+Win64;+x64)+AppleWebKit/537.36+(KHTML,+like+Gecko)+Chrome/83.0.4103.97+Safari/537.36 http://localhost:4721/userlogin.aspx 302 0 0 1420
2020-06-21 20:33:00 ::1 GET /homepage.aspx - 4721 - ::1 Mozilla/5.0+(Windows+NT+10.0;+Win64;+x64)+AppleWebKit/537.36+(KHTML,+like+Gecko)+Chrome/83.0.4103.97+Safari/537.36 http://localhost:4721/userlogin.aspx 200 0 0 31
2020-06-21 20:33:02 ::1 GET /__browserLink/requestData/7e594a5e197848ff875bc5badf247a01 - 4721 - ::1 Mozilla/5.0+(Windows+NT+10.0;+Win64;+x64)+AppleWebKit/537.36+(KHTML,+like+Gecko)+Chrome/83.0.4103.97+Safari/537.36 http://localhost:4721/homepage.aspx 200 0 0 8
2020-06-21 20:33:06 ::1 POST /homepage.aspx - 4721 - ::1 Mozilla/5.0+(Windows+NT+10.0;+Win64;+x64)+AppleWebKit/537.36+(KHTML,+like+Gecko)+Chrome/83.0.4103.97+Safari/537.36 http://localhost:4721/homepage.aspx 302 0 0 27
2020-06-21 20:33:06 ::1 GET /homepage.aspx - 4721 - ::1 Mozilla/5.0+(Windows+NT+10.0;+Win64;+x64)+AppleWebKit/537.36+(KHTML,+like+Gecko)+Chrome/83.0.4103.97+Safari/537.36 http://localhost:4721/homepage.aspx 200 0 0 4
2020-06-21 20:33:07 ::1 GET /__browserLink/requestData/f4a069b7552c4dafa6ae079f89877386 - 4721 - ::1 Mozilla/5.0+(Windows+NT+10.0;+Win64;+x64)+AppleWebKit/537.36+(KHTML,+like+Gecko)+Chrome/83.0.4103.97+Safari/537.36 http://localhost:4721/homepage.aspx 200 0 0 4
#Software: Microsoft Internet Information Services 8.0
#Version: 1.0
#Date: 2020-06-21 20:57:43
#Fields: date time s-ip cs-method cs-uri-stem cs-uri-query s-port cs-username c-ip cs(User-Agent) cs(Referer) sc-status sc-substatus sc-win32-status time-taken
2020-06-21 20:57:43 ::1 GET /homepage.aspx - 4721 - ::1 Mozilla/5.0+(Windows+NT+10.0;+Win64;+x64)+AppleWebKit/537.36+(KHTML,+like+Gecko)+Chrome/83.0.4103.97+Safari/537.36 - 200 0 0 3839
2020-06-21 20:57:44 ::1 GET /__browserLink/requestData/c852726821f74819bee26bd5bbacc222 - 4721 - ::1 Mozilla/5.0+(Windows+NT+10.0;+Win64;+x64)+AppleWebKit/537.36+(KHTML,+like+Gecko)+Chrome/83.0.4103.97+Safari/537.36 http://localhost:4721/homepage.aspx 200 0 0 11
2020-06-21 20:57:52 ::1 POST /homepage.aspx - 4721 - ::1 Mozilla/5.0+(Windows+NT+10.0;+Win64;+x64)+AppleWebKit/537.36+(KHTML,+like+Gecko)+Chrome/83.0.4103.97+Safari/537.36 http://localhost:4721/homepage.aspx 302 0 0 157
2020-06-21 20:57:52 ::1 GET /usersingup.aspx - 4721 - ::1 Mozilla/5.0+(Windows+NT+10.0;+Win64;+x64)+AppleWebKit/537.36+(KHTML,+like+Gecko)+Chrome/83.0.4103.97+Safari/537.36 http://localhost:4721/homepage.aspx 200 0 0 142
2020-06-21 20:57:53 ::1 GET /__browserLink/requestData/6594105827814992b8290d3272fe1a43 - 4721 - ::1 Mozilla/5.0+(Windows+NT+10.0;+Win64;+x64)+AppleWebKit/537.36+(KHTML,+like+Gecko)+Chrome/83.0.4103.97+Safari/537.36 http://localhost:4721/usersingup.aspx 200 0 0 5
2020-06-21 20:58:26 ::1 POST /usersingup.aspx - 4721 - ::1 Mozilla/5.0+(Windows+NT+10.0;+Win64;+x64)+AppleWebKit/537.36+(KHTML,+like+Gecko)+Chrome/83.0.4103.97+Safari/537.36 http://localhost:4721/usersingup.aspx 200 0 0 906
2020-06-21 20:58:34 ::1 GET /__browserLink/requestData/0e3b63935c5849fba6ac308a6638a1b1 - 4721 - ::1 Mozilla/5.0+(Windows+NT+10.0;+Win64;+x64)+AppleWebKit/537.36+(KHTML,+like+Gecko)+Chrome/83.0.4103.97+Safari/537.36 http://localhost:4721/usersingup.aspx 200 0 0 5
2020-06-21 20:59:12 ::1 POST /usersingup.aspx - 4721 - ::1 Mozilla/5.0+(Windows+NT+10.0;+Win64;+x64)+AppleWebKit/537.36+(KHTML,+like+Gecko)+Chrome/83.0.4103.97+Safari/537.36 http://localhost:4721/usersingup.aspx 200 0 0 158
2020-06-21 20:59:15 ::1 GET /__browserLink/requestData/cbba679b2f5940e889a8d5e8383472ec - 4721 - ::1 Mozilla/5.0+(Windows+NT+10.0;+Win64;+x64)+AppleWebKit/537.36+(KHTML,+like+Gecko)+Chrome/83.0.4103.97+Safari/537.36 http://localhost:4721/usersingup.aspx 200 0 0 5
2020-06-21 20:59:17 ::1 POST /usersingup.aspx - 4721 - ::1 Mozilla/5.0+(Windows+NT+10.0;+Win64;+x64)+AppleWebKit/537.36+(KHTML,+like+Gecko)+Chrome/83.0.4103.97+Safari/537.36 http://localhost:4721/usersingup.aspx 200 0 0 53
2020-06-21 20:59:19 ::1 GET /__browserLink/requestData/874a7072434642a8af3aed45029d1f79 - 4721 - ::1 Mozilla/5.0+(Windows+NT+10.0;+Win64;+x64)+AppleWebKit/537.36+(KHTML,+like+Gecko)+Chrome/83.0.4103.97+Safari/537.36 http://localhost:4721/usersingup.aspx 200 0 0 7
2020-06-21 21:04:20 ::1 GET /50d414877e194cffbba7f9ab10b30842/arterySignalR/ping requestUrl=http%3A%2F%2Flocalhost%3A4721%2Fusersingup.aspx&browserName=Chrome&_=1592773460167 4721 - ::1 Mozilla/5.0+(Windows+NT+10.0;+Win64;+x64)+AppleWebKit/537.36+(KHTML,+like+Gecko)+Chrome/83.0.4103.97+Safari/537.36 http://localhost:4721/usersingup.aspx 404 0 2 383
2020-06-21 21:09:20 ::1 GET /50d414877e194cffbba7f9ab10b30842/arterySignalR/ping requestUrl=http%3A%2F%2Flocalhost%3A4721%2Fusersingup.aspx&browserName=Chrome&_=1592773760160 4721 - ::1 Mozilla/5.0+(Windows+NT+10.0;+Win64;+x64)+AppleWebKit/537.36+(KHTML,+like+Gecko)+Chrome/83.0.4103.97+Safari/537.36 http://localhost:4721/usersingup.aspx 404 0 2 85
2020-06-21 21:14:20 ::1 GET /50d414877e194cffbba7f9ab10b30842/arterySignalR/ping requestUrl=http%3A%2F%2Flocalhost%3A4721%2Fusersingup.aspx&browserName=Chrome&_=1592774060166 4721 - ::1 Mozilla/5.0+(Windows+NT+10.0;+Win64;+x64)+AppleWebKit/537.36+(KHTML,+like+Gecko)+Chrome/83.0.4103.97+Safari/537.36 http://localhost:4721/usersingup.aspx 404 0 2 49
2020-06-21 21:19:20 ::1 GET /50d414877e194cffbba7f9ab10b30842/arterySignalR/ping requestUrl=http%3A%2F%2Flocalhost%3A4721%2Fusersingup.aspx&browserName=Chrome&_=1592774360159 4721 - ::1 Mozilla/5.0+(Windows+NT+10.0;+Win64;+x64)+AppleWebKit/537.36+(KHTML,+like+Gecko)+Chrome/83.0.4103.97+Safari/537.36 http://localhost:4721/usersingup.aspx 404 0 2 4
2020-06-21 21:24:20 ::1 GET /50d414877e194cffbba7f9ab10b30842/arterySignalR/ping requestUrl=http%3A%2F%2Flocalhost%3A4721%2Fusersingup.aspx&browserName=Chrome&_=1592774660159 4721 - ::1 Mozilla/5.0+(Windows+NT+10.0;+Win64;+x64)+AppleWebKit/537.36+(KHTML,+like+Gecko)+Chrome/83.0.4103.97+Safari/537.36 http://localhost:4721/usersingup.aspx 404 0 2 6
2020-06-21 21:29:20 ::1 GET /50d414877e194cffbba7f9ab10b30842/arterySignalR/ping requestUrl=http%3A%2F%2Flocalhost%3A4721%2Fusersingup.aspx&browserName=Chrome&_=1592774960181 4721 - ::1 Mozilla/5.0+(Windows+NT+10.0;+Win64;+x64)+AppleWebKit/537.36+(KHTML,+like+Gecko)+Chrome/83.0.4103.97+Safari/537.36 http://localhost:4721/usersingup.aspx 404 0 2 5
2020-06-21 21:34:20 ::1 GET /50d414877e194cffbba7f9ab10b30842/arterySignalR/ping requestUrl=http%3A%2F%2Flocalhost%3A4721%2Fusersingup.aspx&browserName=Chrome&_=1592775260160 4721 - ::1 Mozilla/5.0+(Windows+NT+10.0;+Win64;+x64)+AppleWebKit/537.36+(KHTML,+like+Gecko)+Chrome/83.0.4103.97+Safari/537.36 http://localhost:4721/usersingup.aspx 404 0 2 428
2020-06-21 21:39:20 ::1 GET /50d414877e194cffbba7f9ab10b30842/arterySignalR/ping requestUrl=http%3A%2F%2Flocalhost%3A4721%2Fusersingup.aspx&browserName=Chrome&_=1592775560163 4721 - ::1 Mozilla/5.0+(Windows+NT+10.0;+Win64;+x64)+AppleWebKit/537.36+(KHTML,+like+Gecko)+Chrome/83.0.4103.97+Safari/537.36 http://localhost:4721/usersingup.aspx 404 0 2 89
2020-06-21 21:44:20 ::1 GET /50d414877e194cffbba7f9ab10b30842/arterySignalR/ping requestUrl=http%3A%2F%2Flocalhost%3A4721%2Fusersingup.aspx&browserName=Chrome&_=1592775860166 4721 - ::1 Mozilla/5.0+(Windows+NT+10.0;+Win64;+x64)+AppleWebKit/537.36+(KHTML,+like+Gecko)+Chrome/83.0.4103.97+Safari/537.36 http://localhost:4721/usersingup.aspx 404 0 2 53
2020-06-21 21:49:20 ::1 GET /50d414877e194cffbba7f9ab10b30842/arterySignalR/ping requestUrl=http%3A%2F%2Flocalhost%3A4721%2Fusersingup.aspx&browserName=Chrome&_=1592776160160 4721 - ::1 Mozilla/5.0+(Windows+NT+10.0;+Win64;+x64)+AppleWebKit/537.36+(KHTML,+like+Gecko)+Chrome/83.0.4103.97+Safari/537.36 http://localhost:4721/usersingup.aspx 404 0 2 91
2020-06-21 21:54:20 ::1 GET /50d414877e194cffbba7f9ab10b30842/arterySignalR/ping requestUrl=http%3A%2F%2Flocalhost%3A4721%2Fusersingup.aspx&browserName=Chrome&_=1592776460159 4721 - ::1 Mozilla/5.0+(Windows+NT+10.0;+Win64;+x64)+AppleWebKit/537.36+(KHTML,+like+Gecko)+Chrome/83.0.4103.97+Safari/537.36 http://localhost:4721/usersingup.aspx 404 0 2 35
2020-06-21 21:59:20 ::1 GET /50d414877e194cffbba7f9ab10b30842/arterySignalR/ping requestUrl=http%3A%2F%2Flocalhost%3A4721%2Fusersingup.aspx&browserName=Chrome&_=1592776760212 4721 - ::1 Mozilla/5.0+(Windows+NT+10.0;+Win64;+x64)+AppleWebKit/537.36+(KHTML,+like+Gecko)+Chrome/83.0.4103.97+Safari/537.36 http://localhost:4721/usersingup.aspx 404 0 2 50
2020-06-21 22:03:05 ::1 POST /usersingup.aspx - 4721 - ::1 Mozilla/5.0+(Windows+NT+10.0;+Win64;+x64)+AppleWebKit/537.36+(KHTML,+like+Gecko)+Chrome/83.0.4103.97+Safari/537.36 http://localhost:4721/usersingup.aspx 500 0 0 6463
2020-06-21 22:03:33 ::1 POST /usersingup.aspx - 4721 - ::1 Mozilla/5.0+(Windows+NT+10.0;+Win64;+x64)+AppleWebKit/537.36+(KHTML,+like+Gecko)+Chrome/83.0.4103.97+Safari/537.36 http://localhost:4721/usersingup.aspx 500 0 0 978
2020-06-21 22:03:41 ::1 POST /usersingup.aspx - 4721 - ::1 Mozilla/5.0+(Windows+NT+10.0;+Win64;+x64)+AppleWebKit/537.36+(KHTML,+like+Gecko)+Chrome/83.0.4103.97+Safari/537.36 http://localhost:4721/usersingup.aspx 500 0 0 35
2020-06-21 22:04:39 ::1 GET /homepage.aspx - 4721 - ::1 Mozilla/5.0+(Windows+NT+10.0;+Win64;+x64)+AppleWebKit/537.36+(KHTML,+like+Gecko)+Chrome/83.0.4103.97+Safari/537.36 - 200 0 0 6066
2020-06-21 22:04:44 ::1 GET /__browserLink/requestData/8c113e4a7bdb4adeb6f9401efc4673ea - 4721 - ::1 Mozilla/5.0+(Windows+NT+10.0;+Win64;+x64)+AppleWebKit/537.36+(KHTML,+like+Gecko)+Chrome/83.0.4103.97+Safari/537.36 http://localhost:4721/homepage.aspx 200 0 0 162
2020-06-21 22:04:48 ::1 POST /homepage.aspx - 4721 - ::1 Mozilla/5.0+(Windows+NT+10.0;+Win64;+x64)+AppleWebKit/537.36+(KHTML,+like+Gecko)+Chrome/83.0.4103.97+Safari/537.36 http://localhost:4721/homepage.aspx 302 0 0 9
2020-06-21 22:04:50 ::1 GET /usersingup.aspx - 4721 - ::1 Mozilla/5.0+(Windows+NT+10.0;+Win64;+x64)+AppleWebKit/537.36+(KHTML,+like+Gecko)+Chrome/83.0.4103.97+Safari/537.36 http://localhost:4721/homepage.aspx 500 0 0 1776
2020-06-21 22:10:27 ::1 POST /usersingup.aspx - 4721 - ::1 Mozilla/5.0+(Windows+NT+10.0;+Win64;+x64)+AppleWebKit/537.36+(KHTML,+like+Gecko)+Chrome/83.0.4103.97+Safari/537.36 http://localhost:4721/usersingup.aspx 500 0 0 1798
2020-06-21 22:10:32 ::1 POST /usersingup.aspx - 4721 - ::1 Mozilla/5.0+(Windows+NT+10.0;+Win64;+x64)+AppleWebKit/537.36+(KHTML,+like+Gecko)+Chrome/83.0.4103.97+Safari/537.36 http://localhost:4721/usersingup.aspx 500 0 0 202
2020-06-21 22:14:30 ::1 POST /usersingup.aspx - 4721 - ::1 Mozilla/5.0+(Windows+NT+10.0;+Win64;+x64)+AppleWebKit/537.36+(KHTML,+like+Gecko)+Chrome/83.0.4103.97+Safari/537.36 http://localhost:4721/usersingup.aspx 500 0 0 1897
2020-06-21 22:18:31 ::1 POST /usersingup.aspx - 4721 - ::1 Mozilla/5.0+(Windows+NT+10.0;+Win64;+x64)+AppleWebKit/537.36+(KHTML,+like+Gecko)+Chrome/83.0.4103.97+Safari/537.36 http://localhost:4721/usersingup.aspx 500 0 0 4057
2020-06-21 22:18:53 ::1 GET /homepage.aspx - 4721 - ::1 Mozilla/5.0+(Windows+NT+10.0;+Win64;+x64)+AppleWebKit/537.36+(KHTML,+like+Gecko)+Chrome/83.0.4103.97+Safari/537.36 - 200 0 0 62
2020-06-21 22:18:58 ::1 GET /__browserLink/requestData/105fdaa195ea4e4ba77c8bdbed387c5f - 4721 - ::1 Mozilla/5.0+(Windows+NT+10.0;+Win64;+x64)+AppleWebKit/537.36+(KHTML,+like+Gecko)+Chrome/83.0.4103.97+Safari/537.36 http://localhost:4721/homepage.aspx 200 0 0 4
2020-06-21 22:18:58 ::1 POST /homepage.aspx - 4721 - ::1 Mozilla/5.0+(Windows+NT+10.0;+Win64;+x64)+AppleWebKit/537.36+(KHTML,+like+Gecko)+Chrome/83.0.4103.97+Safari/537.36 http://localhost:4721/homepage.aspx 302 0 0 11
2020-06-21 22:19:00 ::1 GET /usersingup.aspx - 4721 - ::1 Mozilla/5.0+(Windows+NT+10.0;+Win64;+x64)+AppleWebKit/537.36+(KHTML,+like+Gecko)+Chrome/83.0.4103.97+Safari/537.36 http://localhost:4721/homepage.aspx 500 0 0 1229
2020-06-21 22:20:46 ::1 GET /usersingup.aspx - 4721 - ::1 Mozilla/5.0+(Windows+NT+10.0;+Win64;+x64)+AppleWebKit/537.36+(KHTML,+like+Gecko)+Chrome/83.0.4103.97+Safari/537.36 http://localhost:4721/homepage.aspx 500 0 0 1399
2020-06-21 22:20:49 ::1 GET /usersingup.aspx - 4721 - ::1 Mozilla/5.0+(Windows+NT+10.0;+Win64;+x64)+AppleWebKit/537.36+(KHTML,+like+Gecko)+Chrome/83.0.4103.97+Safari/537.36 http://localhost:4721/homepage.aspx 500 0 0 11
2020-06-21 22:20:50 ::1 GET /usersingup.aspx - 4721 - ::1 Mozilla/5.0+(Windows+NT+10.0;+Win64;+x64)+AppleWebKit/537.36+(KHTML,+like+Gecko)+Chrome/83.0.4103.97+Safari/537.36 http://localhost:4721/homepage.aspx 500 0 0 12
2020-06-21 22:21:04 ::1 GET /homepage.aspx - 4721 - ::1 Mozilla/5.0+(Windows+NT+10.0;+Win64;+x64)+AppleWebKit/537.36+(KHTML,+like+Gecko)+Chrome/83.0.4103.97+Safari/537.36 - 200 0 0 7
2020-06-21 22:21:07 ::1 GET /__browserLink/requestData/2e2c576489b14861bce549cfcaa804f0 - 4721 - ::1 Mozilla/5.0+(Windows+NT+10.0;+Win64;+x64)+AppleWebKit/537.36+(KHTML,+like+Gecko)+Chrome/83.0.4103.97+Safari/537.36 http://localhost:4721/homepage.aspx 200 0 0 7
2020-06-21 22:21:07 ::1 POST /homepage.aspx - 4721 - ::1 Mozilla/5.0+(Windows+NT+10.0;+Win64;+x64)+AppleWebKit/537.36+(KHTML,+like+Gecko)+Chrome/83.0.4103.97+Safari/537.36 http://localhost:4721/homepage.aspx 302 0 0 12
2020-06-21 22:21:09 ::1 GET /usersingup.aspx - 4721 - ::1 Mozilla/5.0+(Windows+NT+10.0;+Win64;+x64)+AppleWebKit/537.36+(KHTML,+like+Gecko)+Chrome/83.0.4103.97+Safari/537.36 http://localhost:4721/homepage.aspx 500 0 0 1558
2020-06-21 22:23:34 ::1 GET /usersingup.aspx - 4721 - ::1 Mozilla/5.0+(Windows+NT+10.0;+Win64;+x64)+AppleWebKit/537.36+(KHTML,+like+Gecko)+Chrome/83.0.4103.97+Safari/537.36 http://localhost:4721/homepage.aspx 500 0 0 17140
2020-06-21 22:24:30 ::1 GET /usersingup.aspx - 4721 - ::1 Mozilla/5.0+(Windows+NT+10.0;+Win64;+x64)+AppleWebKit/537.36+(KHTML,+like+Gecko)+Chrome/83.0.4103.97+Safari/537.36 http://localhost:4721/homepage.aspx 500 0 0 15
2020-06-21 22:24:31 ::1 GET /usersingup.aspx - 4721 - ::1 Mozilla/5.0+(Windows+NT+10.0;+Win64;+x64)+AppleWebKit/537.36+(KHTML,+like+Gecko)+Chrome/83.0.4103.97+Safari/537.36 http://localhost:4721/homepage.aspx 500 0 0 18
2020-06-21 22:24:31 ::1 GET /usersingup.aspx - 4721 - ::1 Mozilla/5.0+(Windows+NT+10.0;+Win64;+x64)+AppleWebKit/537.36+(KHTML,+like+Gecko)+Chrome/83.0.4103.97+Safari/537.36 http://localhost:4721/homepage.aspx 500 0 0 11
2020-06-21 22:24:31 ::1 GET /usersingup.aspx - 4721 - ::1 Mozilla/5.0+(Windows+NT+10.0;+Win64;+x64)+AppleWebKit/537.36+(KHTML,+like+Gecko)+Chrome/83.0.4103.97+Safari/537.36 http://localhost:4721/homepage.aspx 500 0 0 20
2020-06-21 22:24:32 ::1 GET /usersingup.aspx - 4721 - ::1 Mozilla/5.0+(Windows+NT+10.0;+Win64;+x64)+AppleWebKit/537.36+(KHTML,+like+Gecko)+Chrome/83.0.4103.97+Safari/537.36 http://localhost:4721/homepage.aspx 500 0 0 10
2020-06-21 22:24:32 ::1 GET /usersingup.aspx - 4721 - ::1 Mozilla/5.0+(Windows+NT+10.0;+Win64;+x64)+AppleWebKit/537.36+(KHTML,+like+Gecko)+Chrome/83.0.4103.97+Safari/537.36 http://localhost:4721/homepage.aspx 500 0 0 12
2020-06-21 22:27:59 ::1 GET /usersingup.aspx - 4721 - ::1 Mozilla/5.0+(Windows+NT+10.0;+Win64;+x64)+AppleWebKit/537.36+(KHTML,+like+Gecko)+Chrome/83.0.4103.97+Safari/537.36 http://localhost:4721/homepage.aspx 500 0 0 28
2020-06-21 22:28:00 ::1 GET /usersingup.aspx - 4721 - ::1 Mozilla/5.0+(Windows+NT+10.0;+Win64;+x64)+AppleWebKit/537.36+(KHTML,+like+Gecko)+Chrome/83.0.4103.97+Safari/537.36 http://localhost:4721/homepage.aspx 500 0 0 16
2020-06-21 22:28:00 ::1 GET /usersingup.aspx - 4721 - ::1 Mozilla/5.0+(Windows+NT+10.0;+Win64;+x64)+AppleWebKit/537.36+(KHTML,+like+Gecko)+Chrome/83.0.4103.97+Safari/537.36 http://localhost:4721/homepage.aspx 500 0 0 18
2020-06-21 22:28:00 ::1 GET /usersingup.aspx - 4721 - ::1 Mozilla/5.0+(Windows+NT+10.0;+Win64;+x64)+AppleWebKit/537.36+(KHTML,+like+Gecko)+Chrome/83.0.4103.97+Safari/537.36 http://localhost:4721/homepage.aspx 500 0 0 14
2020-06-21 22:28:01 ::1 GET /usersingup.aspx - 4721 - ::1 Mozilla/5.0+(Windows+NT+10.0;+Win64;+x64)+AppleWebKit/537.36+(KHTML,+like+Gecko)+Chrome/83.0.4103.97+Safari/537.36 http://localhost:4721/homepage.aspx 500 0 0 18
2020-06-21 22:28:01 ::1 GET /usersingup.aspx - 4721 - ::1 Mozilla/5.0+(Windows+NT+10.0;+Win64;+x64)+AppleWebKit/537.36+(KHTML,+like+Gecko)+Chrome/83.0.4103.97+Safari/537.36 http://localhost:4721/homepage.aspx 500 0 0 17
2020-06-21 22:28:01 ::1 GET /usersingup.aspx - 4721 - ::1 Mozilla/5.0+(Windows+NT+10.0;+Win64;+x64)+AppleWebKit/537.36+(KHTML,+like+Gecko)+Chrome/83.0.4103.97+Safari/537.36 http://localhost:4721/homepage.aspx 500 0 0 12
2020-06-21 22:28:01 ::1 GET /usersingup.aspx - 4721 - ::1 Mozilla/5.0+(Windows+NT+10.0;+Win64;+x64)+AppleWebKit/537.36+(KHTML,+like+Gecko)+Chrome/83.0.4103.97+Safari/537.36 http://localhost:4721/homepage.aspx 500 0 0 12
2020-06-21 22:28:01 ::1 GET /usersingup.aspx - 4721 - ::1 Mozilla/5.0+(Windows+NT+10.0;+Win64;+x64)+AppleWebKit/537.36+(KHTML,+like+Gecko)+Chrome/83.0.4103.97+Safari/537.36 http://localhost:4721/homepage.aspx 500 0 0 83
2020-06-21 22:28:02 ::1 GET /usersingup.aspx - 4721 - ::1 Mozilla/5.0+(Windows+NT+10.0;+Win64;+x64)+AppleWebKit/537.36+(KHTML,+like+Gecko)+Chrome/83.0.4103.97+Safari/537.36 http://localhost:4721/homepage.aspx 500 0 0 14
2020-06-21 22:28:02 ::1 GET /usersingup.aspx - 4721 - ::1 Mozilla/5.0+(Windows+NT+10.0;+Win64;+x64)+AppleWebKit/537.36+(KHTML,+like+Gecko)+Chrome/83.0.4103.97+Safari/537.36 http://localhost:4721/homepage.aspx 500 0 0 17
2020-06-21 22:28:02 ::1 GET /usersingup.aspx - 4721 - ::1 Mozilla/5.0+(Windows+NT+10.0;+Win64;+x64)+AppleWebKit/537.36+(KHTML,+like+Gecko)+Chrome/83.0.4103.97+Safari/537.36 http://localhost:4721/homepage.aspx 500 0 0 22
2020-06-21 22:28:03 ::1 GET /usersingup.aspx - 4721 - ::1 Mozilla/5.0+(Windows+NT+10.0;+Win64;+x64)+AppleWebKit/537.36+(KHTML,+like+Gecko)+Chrome/83.0.4103.97+Safari/537.36 http://localhost:4721/homepage.aspx 500 0 0 23
2020-06-21 22:28:03 ::1 GET /usersingup.aspx - 4721 - ::1 Mozilla/5.0+(Windows+NT+10.0;+Win64;+x64)+AppleWebKit/537.36+(KHTML,+like+Gecko)+Chrome/83.0.4103.97+Safari/537.36 http://localhost:4721/homepage.aspx 500 0 0 18
2020-06-21 22:28:03 ::1 GET /usersingup.aspx - 4721 - ::1 Mozilla/5.0+(Windows+NT+10.0;+Win64;+x64)+AppleWebKit/537.36+(KHTML,+like+Gecko)+Chrome/83.0.4103.97+Safari/537.36 http://localhost:4721/homepage.aspx 500 0 0 12
2020-06-21 22:28:03 ::1 GET /usersingup.aspx - 4721 - ::1 Mozilla/5.0+(Windows+NT+10.0;+Win64;+x64)+AppleWebKit/537.36+(KHTML,+like+Gecko)+Chrome/83.0.4103.97+Safari/537.36 http://localhost:4721/homepage.aspx 500 0 0 20
2020-06-21 22:28:03 ::1 GET /usersingup.aspx - 4721 - ::1 Mozilla/5.0+(Windows+NT+10.0;+Win64;+x64)+AppleWebKit/537.36+(KHTML,+like+Gecko)+Chrome/83.0.4103.97+Safari/537.36 http://localhost:4721/homepage.aspx 500 0 0 13
2020-06-21 22:28:04 ::1 GET /usersingup.aspx - 4721 - ::1 Mozilla/5.0+(Windows+NT+10.0;+Win64;+x64)+AppleWebKit/537.36+(KHTML,+like+Gecko)+Chrome/83.0.4103.97+Safari/537.36 http://localhost:4721/homepage.aspx 500 0 0 17
2020-06-21 22:28:04 ::1 GET /usersingup.aspx - 4721 - ::1 Mozilla/5.0+(Windows+NT+10.0;+Win64;+x64)+AppleWebKit/537.36+(KHTML,+like+Gecko)+Chrome/83.0.4103.97+Safari/537.36 http://localhost:4721/homepage.aspx 500 0 0 12
2020-06-21 22:28:06 ::1 GET /usersingup.aspx - 4721 - ::1 Mozilla/5.0+(Windows+NT+10.0;+Win64;+x64)+AppleWebKit/537.36+(KHTML,+like+Gecko)+Chrome/83.0.4103.97+Safari/537.36 http://localhost:4721/homepage.aspx 500 0 0 356
2020-06-21 22:31:53 ::1 GET /usersingup.aspx - 4721 - ::1 Mozilla/5.0+(Windows+NT+10.0;+Win64;+x64)+AppleWebKit/537.36+(KHTML,+like+Gecko)+Chrome/83.0.4103.97+Safari/537.36 http://localhost:4721/homepage.aspx 200 0 0 5947
2020-06-21 22:31:55 ::1 GET /__browserLink/requestData/5e29111770464613a679139637527f0d - 4721 - ::1 Mozilla/5.0+(Windows+NT+10.0;+Win64;+x64)+AppleWebKit/537.36+(KHTML,+like+Gecko)+Chrome/83.0.4103.97+Safari/537.36 http://localhost:4721/usersingup.aspx 200 0 0 53
2020-06-21 22:36:55 ::1 GET /50d414877e194cffbba7f9ab10b30842/arterySignalR/ping requestUrl=http%3A%2F%2Flocalhost%3A4721%2Fusersingup.aspx&browserName=Chrome&_=1592779015172 4721 - ::1 Mozilla/5.0+(Windows+NT+10.0;+Win64;+x64)+AppleWebKit/537.36+(KHTML,+like+Gecko)+Chrome/83.0.4103.97+Safari/537.36 http://localhost:4721/usersingup.aspx 404 0 2 29
2020-06-21 22:41:55 ::1 GET /50d414877e194cffbba7f9ab10b30842/arterySignalR/ping requestUrl=http%3A%2F%2Flocalhost%3A4721%2Fusersingup.aspx&browserName=Chrome&_=1592779315158 4721 - ::1 Mozilla/5.0+(Windows+NT+10.0;+Win64;+x64)+AppleWebKit/537.36+(KHTML,+like+Gecko)+Chrome/83.0.4103.97+Safari/537.36 http://localhost:4721/usersingup.aspx 404 0 2 202
2020-06-21 22:46:55 ::1 GET /50d414877e194cffbba7f9ab10b30842/arterySignalR/ping requestUrl=http%3A%2F%2Flocalhost%3A4721%2Fusersingup.aspx&browserName=Chrome&_=1592779615162 4721 - ::1 Mozilla/5.0+(Windows+NT+10.0;+Win64;+x64)+AppleWebKit/537.36+(KHTML,+like+Gecko)+Chrome/83.0.4103.97+Safari/537.36 http://localhost:4721/usersingup.aspx 404 0 2 5
2020-06-21 22:51:55 ::1 GET /50d414877e194cffbba7f9ab10b30842/arterySignalR/ping requestUrl=http%3A%2F%2Flocalhost%3A4721%2Fusersingup.aspx&browserName=Chrome&_=1592779915159 4721 - ::1 Mozilla/5.0+(Windows+NT+10.0;+Win64;+x64)+AppleWebKit/537.36+(KHTML,+like+Gecko)+Chrome/83.0.4103.97+Safari/537.36 http://localhost:4721/usersingup.aspx 404 0 2 4
2020-06-21 22:56:55 ::1 GET /50d414877e194cffbba7f9ab10b30842/arterySignalR/ping requestUrl=http%3A%2F%2Flocalhost%3A4721%2Fusersingup.aspx&browserName=Chrome&_=1592780215162 4721 - ::1 Mozilla/5.0+(Windows+NT+10.0;+Win64;+x64)+AppleWebKit/537.36+(KHTML,+like+Gecko)+Chrome/83.0.4103.97+Safari/537.36 http://localhost:4721/usersingup.aspx 404 0 2 11
2020-06-21 23:01:55 ::1 GET /50d414877e194cffbba7f9ab10b30842/arterySignalR/ping requestUrl=http%3A%2F%2Flocalhost%3A4721%2Fusersingup.aspx&browserName=Chrome&_=1592780515158 4721 - ::1 Mozilla/5.0+(Windows+NT+10.0;+Win64;+x64)+AppleWebKit/537.36+(KHTML,+like+Gecko)+Chrome/83.0.4103.97+Safari/537.36 http://localhost:4721/usersingup.aspx 404 0 2 14
2020-06-21 23:06:55 ::1 GET /50d414877e194cffbba7f9ab10b30842/arterySignalR/ping requestUrl=http%3A%2F%2Flocalhost%3A4721%2Fusersingup.aspx&browserName=Chrome&_=1592780815160 4721 - ::1 Mozilla/5.0+(Windows+NT+10.0;+Win64;+x64)+AppleWebKit/537.36+(KHTML,+like+Gecko)+Chrome/83.0.4103.97+Safari/537.36 http://localhost:4721/usersingup.aspx 404 0 2 9
2020-06-21 23:11:55 ::1 GET /50d414877e194cffbba7f9ab10b30842/arterySignalR/ping requestUrl=http%3A%2F%2Flocalhost%3A4721%2Fusersingup.aspx&browserName=Chrome&_=1592781115161 4721 - ::1 Mozilla/5.0+(Windows+NT+10.0;+Win64;+x64)+AppleWebKit/537.36+(KHTML,+like+Gecko)+Chrome/83.0.4103.97+Safari/537.36 http://localhost:4721/usersingup.aspx 404 0 2 134
2020-06-21 23:16:55 ::1 GET /50d414877e194cffbba7f9ab10b30842/arterySignalR/ping requestUrl=http%3A%2F%2Flocalhost%3A4721%2Fusersingup.aspx&browserName=Chrome&_=1592781415157 4721 - ::1 Mozilla/5.0+(Windows+NT+10.0;+Win64;+x64)+AppleWebKit/537.36+(KHTML,+like+Gecko)+Chrome/83.0.4103.97+Safari/537.36 http://localhost:4721/usersingup.aspx 404 0 2 69
2020-06-21 23:21:55 ::1 GET /50d414877e194cffbba7f9ab10b30842/arterySignalR/ping requestUrl=http%3A%2F%2Flocalhost%3A4721%2Fusersingup.aspx&browserName=Chrome&_=1592781715169 4721 - ::1 Mozilla/5.0+(Windows+NT+10.0;+Win64;+x64)+AppleWebKit/537.36+(KHTML,+like+Gecko)+Chrome/83.0.4103.97+Safari/537.36 http://localhost:4721/usersingup.aspx 404 0 2 412
2020-06-21 23:26:55 ::1 GET /50d414877e194cffbba7f9ab10b30842/arterySignalR/ping requestUrl=http%3A%2F%2Flocalhost%3A4721%2Fusersingup.aspx&browserName=Chrome&_=1592782015163 4721 - ::1 Mozilla/5.0+(Windows+NT+10.0;+Win64;+x64)+AppleWebKit/537.36+(KHTML,+like+Gecko)+Chrome/83.0.4103.97+Safari/537.36 http://localhost:4721/usersingup.aspx 404 0 2 50
2020-06-21 23:31:55 ::1 GET /50d414877e194cffbba7f9ab10b30842/arterySignalR/ping requestUrl=http%3A%2F%2Flocalhost%3A4721%2Fusersingup.aspx&browserName=Chrome&_=1592782315202 4721 - ::1 Mozilla/5.0+(Windows+NT+10.0;+Win64;+x64)+AppleWebKit/537.36+(KHTML,+like+Gecko)+Chrome/83.0.4103.97+Safari/537.36 http://localhost:4721/usersingup.aspx 404 0 2 8
2020-06-21 23:36:55 ::1 GET /50d414877e194cffbba7f9ab10b30842/arterySignalR/ping requestUrl=http%3A%2F%2Flocalhost%3A4721%2Fusersingup.aspx&browserName=Chrome&_=1592782615165 4721 - ::1 Mozilla/5.0+(Windows+NT+10.0;+Win64;+x64)+AppleWebKit/537.36+(KHTML,+like+Gecko)+Chrome/83.0.4103.97+Safari/537.36 http://localhost:4721/usersingup.aspx 404 0 2 120
2020-06-21 23:41:55 ::1 GET /50d414877e194cffbba7f9ab10b30842/arterySignalR/ping requestUrl=http%3A%2F%2Flocalhost%3A4721%2Fusersingup.aspx&browserName=Chrome&_=1592782915166 4721 - ::1 Mozilla/5.0+(Windows+NT+10.0;+Win64;+x64)+AppleWebKit/537.36+(KHTML,+like+Gecko)+Chrome/83.0.4103.97+Safari/537.36 http://localhost:4721/usersingup.aspx 404 0 2 31
2020-06-21 23:46:55 ::1 GET /50d414877e194cffbba7f9ab10b30842/arterySignalR/ping requestUrl=http%3A%2F%2Flocalhost%3A4721%2Fusersingup.aspx&browserName=Chrome&_=1592783215162 4721 - ::1 Mozilla/5.0+(Windows+NT+10.0;+Win64;+x64)+AppleWebKit/537.36+(KHTML,+like+Gecko)+Chrome/83.0.4103.97+Safari/537.36 http://localhost:4721/usersingup.aspx 404 0 2 198
2020-06-21 23:51:55 ::1 GET /50d414877e194cffbba7f9ab10b30842/arterySignalR/ping requestUrl=http%3A%2F%2Flocalhost%3A4721%2Fusersingup.aspx&browserName=Chrome&_=1592783515165 4721 - ::1 Mozilla/5.0+(Windows+NT+10.0;+Win64;+x64)+AppleWebKit/537.36+(KHTML,+like+Gecko)+Chrome/83.0.4103.97+Safari/537.36 http://localhost:4721/usersingup.aspx 404 0 2 62
2020-06-21 23:56:55 ::1 GET /50d414877e194cffbba7f9ab10b30842/arterySignalR/ping requestUrl=http%3A%2F%2Flocalhost%3A4721%2Fusersingup.aspx&browserName=Chrome&_=1592783815165 4721 - ::1 Mozilla/5.0+(Windows+NT+10.0;+Win64;+x64)+AppleWebKit/537.36+(KHTML,+like+Gecko)+Chrome/83.0.4103.97+Safari/537.36 http://localhost:4721/usersingup.aspx 404 0 2 35
